[2017-08-27 12:18:15] pos_logger.DEBUG: checking QuickCommerce\Adapter\OC2\Service\Oc2OrderService [] []
[2017-08-27 12:18:15] pos_logger.DEBUG: class found [] []
[2017-08-27 15:58:51] pos_logger.DEBUG: checking QuickCommerce\Adapter\OC2\Service\Oc2ReferenceDataService [] []
[2017-08-27 15:58:51] pos_logger.DEBUG: class found [] []
[2017-08-27 15:58:51] pos_logger.DEBUG: checking QuickCommerce\Adapter\OC2\Service\Oc2SettingsService [] []
[2017-08-27 15:58:51] pos_logger.DEBUG: class found [] []
[2017-08-27 15:58:53] pos_logger.DEBUG: checking QuickCommerce\Adapter\OC2\Service\Oc2OrderService [] []
[2017-08-27 15:58:53] pos_logger.DEBUG: class found [] []
[2017-08-27 15:59:05] pos_logger.DEBUG: checking QuickCommerce\Adapter\OC2\Service\Oc2OrderService [] []
[2017-08-27 15:59:05] pos_logger.DEBUG: class found [] []
[2017-08-27 15:59:05] pos_logger.DEBUG: checking QuickCommerce\Adapter\OC2\Service\Oc2OrderService [] []
[2017-08-27 15:59:05] pos_logger.DEBUG: class found [] []
[2017-08-27 15:59:05] pos_logger.DEBUG: checking QuickCommerce\Adapter\OC2\Service\Oc2OrderService [] []
[2017-08-27 15:59:05] pos_logger.DEBUG: class found [] []
[2017-08-27 15:59:05] pos_logger.DEBUG: checking QuickCommerce\Adapter\OC2\Service\Oc2CustomerService [] []
[2017-08-27 15:59:05] pos_logger.DEBUG: checking QuickCommerce\Adapter\OC2\Service\Oc2CustomerService [] []
[2017-08-27 15:59:06] pos_logger.DEBUG: checking QuickCommerce\Adapter\OC2\Service\Oc2CustomerService [] []
[2017-08-27 15:59:06] pos_logger.DEBUG: class found [] []
[2017-08-27 15:59:06] pos_logger.DEBUG: class found [] []
[2017-08-27 15:59:06] pos_logger.DEBUG: class found [] []
[2017-08-27 15:59:06] pos_logger.DEBUG: QuickCommerce\Model\View\PosCustomerDetails Object (     [customer:protected] => QuickCommerce\Model\Core\Customer\PosCustomer Object         (             [customerId:protected] => 1             [customerGroupId:protected] => 1             [firstname:protected] => ACE             [lastname:protected] => Cashier             [email:protected] => lucaslopatka@gmail.com             [telephone:protected] => 666-666-6666             [fax:protected] =>              [password:protected] => 91c725418eae5f87b72dea4f8475b0133ddf9963             [salt:protected] => 06b0cf3bb             [newsletter:protected] =>              [addressId:protected] => 715             [status:protected] => 1             [approved:protected] => 1             [safe:protected] => 1             [token:protected] =>              [dateAdded:protected] => DateTime Object                 (                     [date] => 2017-06-21 18:31:46.000000                     [timezone_type] => 3                     [timezone] => MST                 )          )      [addresses:protected] => Array         (             [0] => QuickCommerce\Model\Core\Address\PosAddress Object                 (                     [addressId:protected] => 715                     [customerId:protected] => 1                     [firstname:protected] => ACE                     [lastname:protected] => Cashier                     [company:protected] =>                      [address1:protected] => 10055 80 Ave NW                     [address2:protected] =>                      [city:protected] => Edmonton                     [postcode:protected] => T6E 1T4                     [countryId:protected] => 38                     [zoneId:protected] => 602                 )          )  )  [] []
[2017-08-27 15:59:06] pos_logger.DEBUG: QuickCommerce\Model\View\PosCustomerDetails Object (     [customer:protected] => QuickCommerce\Model\Core\Customer\PosCustomer Object         (             [customerId:protected] => 1             [customerGroupId:protected] => 1             [firstname:protected] => ACE             [lastname:protected] => Cashier             [email:protected] => lucaslopatka@gmail.com             [telephone:protected] => 666-666-6666             [fax:protected] =>              [password:protected] => 91c725418eae5f87b72dea4f8475b0133ddf9963             [salt:protected] => 06b0cf3bb             [newsletter:protected] =>              [addressId:protected] => 715             [status:protected] => 1             [approved:protected] => 1             [safe:protected] => 1             [token:protected] =>              [dateAdded:protected] => DateTime Object                 (                     [date] => 2017-06-21 18:31:46.000000                     [timezone_type] => 3                     [timezone] => MST                 )          )      [addresses:protected] => Array         (             [0] => QuickCommerce\Model\Core\Address\PosAddress Object                 (                     [addressId:protected] => 715                     [customerId:protected] => 1                     [firstname:protected] => ACE                     [lastname:protected] => Cashier                     [company:protected] =>                      [address1:protected] => 10055 80 Ave NW                     [address2:protected] =>                      [city:protected] => Edmonton                     [postcode:protected] => T6E 1T4                     [countryId:protected] => 38                     [zoneId:protected] => 602                 )          )  )  [] []
[2017-08-27 15:59:06] pos_logger.DEBUG: QuickCommerce\Model\View\PosCustomerDetails Object (     [customer:protected] => QuickCommerce\Model\Core\Customer\PosCustomer Object         (             [customerId:protected] => 1             [customerGroupId:protected] => 1             [firstname:protected] => ACE             [lastname:protected] => Cashier             [email:protected] => lucaslopatka@gmail.com             [telephone:protected] => 666-666-6666             [fax:protected] =>              [password:protected] => 91c725418eae5f87b72dea4f8475b0133ddf9963             [salt:protected] => 06b0cf3bb             [newsletter:protected] =>              [addressId:protected] => 715             [status:protected] => 1             [approved:protected] => 1             [safe:protected] => 1             [token:protected] =>              [dateAdded:protected] => DateTime Object                 (                     [date] => 2017-06-21 18:31:46.000000                     [timezone_type] => 3                     [timezone] => MST                 )          )      [addresses:protected] => Array         (             [0] => QuickCommerce\Model\Core\Address\PosAddress Object                 (                     [addressId:protected] => 715                     [customerId:protected] => 1                     [firstname:protected] => ACE                     [lastname:protected] => Cashier                     [company:protected] =>                      [address1:protected] => 10055 80 Ave NW                     [address2:protected] =>                      [city:protected] => Edmonton                     [postcode:protected] => T6E 1T4                     [countryId:protected] => 38                     [zoneId:protected] => 602                 )          )  )  [] []
[2017-08-27 15:59:07] pos_logger.DEBUG: checking QuickCommerce\Adapter\OC2\Service\Oc2OrderService [] []
[2017-08-27 15:59:07] pos_logger.DEBUG: class found [] []
[2017-08-27 15:59:07] pos_logger.DEBUG: checking QuickCommerce\Adapter\OC2\Service\Oc2OrderService [] []
[2017-08-27 15:59:07] pos_logger.DEBUG: class found [] []
[2017-08-27 15:59:07] pos_logger.DEBUG: checking QuickCommerce\Adapter\OC2\Service\Oc2OrderService [] []
[2017-08-27 15:59:07] pos_logger.DEBUG: class found [] []
[2017-08-27 16:00:29] pos_logger.DEBUG: checking QuickCommerce\Adapter\OC2\Service\Oc2OrderService [] []
[2017-08-27 16:00:29] pos_logger.DEBUG: class found [] []
[2017-08-27 16:00:51] pos_logger.DEBUG: checking QuickCommerce\Adapter\OC2\Service\Oc2OrderService [] []
[2017-08-27 16:00:51] pos_logger.DEBUG: class found [] []
[2017-08-27 16:00:52] pos_logger.DEBUG: checking QuickCommerce\Adapter\OC2\Service\Oc2OrderService [] []
[2017-08-27 16:00:52] pos_logger.DEBUG: class found [] []
[2017-08-27 16:00:54] pos_logger.DEBUG: checking QuickCommerce\Adapter\OC2\Service\Oc2OrderService [] []
[2017-08-27 16:00:54] pos_logger.DEBUG: class found [] []
[2017-08-27 16:01:06] pos_logger.DEBUG: checking QuickCommerce\Adapter\OC2\Service\Oc2OrderService [] []
[2017-08-27 16:01:06] pos_logger.DEBUG: class found [] []
[2017-08-27 16:01:07] pos_logger.DEBUG: checking QuickCommerce\Adapter\OC2\Service\Oc2OrderService [] []
[2017-08-27 16:01:07] pos_logger.DEBUG: class found [] []
[2017-08-27 16:01:44] pos_logger.DEBUG: checking QuickCommerce\Adapter\OC2\Service\Oc2OrderService [] []
[2017-08-27 16:01:44] pos_logger.DEBUG: class found [] []
[2017-08-27 16:01:45] pos_logger.DEBUG: checking QuickCommerce\Adapter\OC2\Service\Oc2OrderService [] []
[2017-08-27 16:01:45] pos_logger.DEBUG: class found [] []
[2017-08-27 16:02:06] pos_logger.DEBUG: checking QuickCommerce\Adapter\OC2\Service\Oc2OrderService [] []
[2017-08-27 16:02:06] pos_logger.DEBUG: class found [] []
[2017-08-27 16:05:52] pos_logger.DEBUG: checking QuickCommerce\Adapter\OC2\Service\Oc2OrderService [] []
[2017-08-27 16:05:52] pos_logger.DEBUG: class found [] []
[2017-08-27 16:05:52] pos_logger.DEBUG: checking QuickCommerce\Adapter\OC2\Service\Oc2OrderService [] []
[2017-08-27 16:05:52] pos_logger.DEBUG: class found [] []
[2017-08-27 16:05:53] pos_logger.DEBUG: updating quantity with change 0 for productId  and productOptionValueIds Array ( )  [] []
[2017-08-27 16:05:53] pos_logger.DEBUG: updating quantity with change 0 for productId  and productOptionValueIds Array ( )  [] []
[2017-08-27 16:05:54] pos_logger.DEBUG: checking QuickCommerce\Adapter\OC2\Service\Oc2OrderService [] []
[2017-08-27 16:05:54] pos_logger.DEBUG: class found [] []
[2017-08-27 16:05:55] pos_logger.DEBUG: checking QuickCommerce\Adapter\OC2\Service\Oc2OrderService [] []
[2017-08-27 16:05:55] pos_logger.DEBUG: class found [] []
[2017-08-27 16:05:55] pos_logger.DEBUG: checking QuickCommerce\Adapter\OC2\Service\Oc2OrderService [] []
[2017-08-27 16:05:55] pos_logger.DEBUG: class found [] []
[2017-08-27 16:06:09] pos_logger.DEBUG: checking QuickCommerce\Adapter\OC2\Service\Oc2ReferenceDataService [] []
[2017-08-27 16:06:09] pos_logger.DEBUG: class found [] []
[2017-08-27 16:06:09] pos_logger.DEBUG: checking QuickCommerce\Adapter\OC2\Service\Oc2SettingsService [] []
[2017-08-27 16:06:09] pos_logger.DEBUG: class found [] []
[2017-08-27 16:06:10] pos_logger.DEBUG: checking QuickCommerce\Adapter\OC2\Service\Oc2OrderService [] []
[2017-08-27 16:06:10] pos_logger.DEBUG: class found [] []
[2017-08-27 16:06:11] pos_logger.DEBUG: checking QuickCommerce\Adapter\OC2\Service\Oc2OrderService [] []
[2017-08-27 16:06:11] pos_logger.DEBUG: class found [] []
[2017-08-27 16:06:11] pos_logger.DEBUG: checking QuickCommerce\Adapter\OC2\Service\Oc2OrderService [] []
[2017-08-27 16:06:11] pos_logger.DEBUG: class found [] []
[2017-08-27 16:06:12] pos_logger.DEBUG: checking QuickCommerce\Adapter\OC2\Service\Oc2OrderService [] []
[2017-08-27 16:06:12] pos_logger.DEBUG: class found [] []
[2017-08-27 16:06:13] pos_logger.DEBUG: checking QuickCommerce\Adapter\OC2\Service\Oc2OrderService [] []
[2017-08-27 16:06:13] pos_logger.DEBUG: class found [] []
[2017-08-27 16:06:13] pos_logger.DEBUG: checking QuickCommerce\Adapter\OC2\Service\Oc2OrderService [] []
[2017-08-27 16:06:13] pos_logger.DEBUG: class found [] []
[2017-08-27 16:06:13] pos_logger.DEBUG: checking QuickCommerce\Adapter\OC2\Service\Oc2OrderService [] []
[2017-08-27 16:06:13] pos_logger.DEBUG: class found [] []
[2017-08-27 16:06:18] pos_logger.DEBUG: checking QuickCommerce\Adapter\OC2\Service\Oc2ReferenceDataService [] []
[2017-08-27 16:06:18] pos_logger.DEBUG: class found [] []
[2017-08-27 16:06:19] pos_logger.DEBUG: checking QuickCommerce\Adapter\OC2\Service\Oc2SettingsService [] []
[2017-08-27 16:06:19] pos_logger.DEBUG: class found [] []
[2017-08-27 16:06:20] pos_logger.DEBUG: checking QuickCommerce\Adapter\OC2\Service\Oc2OrderService [] []
[2017-08-27 16:06:20] pos_logger.DEBUG: class found [] []
[2017-08-27 16:06:21] pos_logger.DEBUG: checking QuickCommerce\Adapter\OC2\Service\Oc2OrderService [] []
[2017-08-27 16:06:21] pos_logger.DEBUG: class found [] []
[2017-08-27 16:06:21] pos_logger.DEBUG: checking QuickCommerce\Adapter\OC2\Service\Oc2OrderService [] []
[2017-08-27 16:06:21] pos_logger.DEBUG: checking QuickCommerce\Adapter\OC2\Service\Oc2OrderService [] []
[2017-08-27 16:06:21] pos_logger.DEBUG: class found [] []
[2017-08-27 16:06:21] pos_logger.DEBUG: class found [] []
[2017-08-27 16:06:22] pos_logger.DEBUG: checking QuickCommerce\Adapter\OC2\Service\Oc2OrderService [] []
[2017-08-27 16:06:22] pos_logger.DEBUG: class found [] []
[2017-08-27 16:06:23] pos_logger.DEBUG: checking QuickCommerce\Adapter\OC2\Service\Oc2OrderService [] []
[2017-08-27 16:06:23] pos_logger.DEBUG: class found [] []
[2017-08-27 16:06:23] pos_logger.DEBUG: checking QuickCommerce\Adapter\OC2\Service\Oc2OrderService [] []
[2017-08-27 16:06:23] pos_logger.DEBUG: class found [] []
[2017-08-27 16:06:41] pos_logger.DEBUG: checking QuickCommerce\Adapter\OC2\Service\Oc2OrderService [] []
[2017-08-27 16:06:41] pos_logger.DEBUG: class found [] []
[2017-08-27 16:07:11] pos_logger.DEBUG: checking QuickCommerce\Adapter\OC2\Service\Oc2OrderService [] []
[2017-08-27 16:07:11] pos_logger.DEBUG: class found [] []
[2017-08-27 16:11:16] pos_logger.DEBUG: checking QuickCommerce\Adapter\OC2\Service\Oc2ReferenceDataService [] []
[2017-08-27 16:11:16] pos_logger.DEBUG: class found [] []
[2017-08-27 16:11:17] pos_logger.DEBUG: checking QuickCommerce\Adapter\OC2\Service\Oc2SettingsService [] []
[2017-08-27 16:11:17] pos_logger.DEBUG: class found [] []
[2017-08-27 16:11:18] pos_logger.DEBUG: checking QuickCommerce\Adapter\OC2\Service\Oc2OrderService [] []
[2017-08-27 16:11:18] pos_logger.DEBUG: class found [] []
[2017-08-27 16:11:19] pos_logger.DEBUG: checking QuickCommerce\Adapter\OC2\Service\Oc2OrderService [] []
[2017-08-27 16:11:19] pos_logger.DEBUG: class found [] []
[2017-08-27 16:11:19] pos_logger.DEBUG: checking QuickCommerce\Adapter\OC2\Service\Oc2OrderService [] []
[2017-08-27 16:11:19] pos_logger.DEBUG: class found [] []
[2017-08-27 16:11:19] pos_logger.DEBUG: checking QuickCommerce\Adapter\OC2\Service\Oc2OrderService [] []
[2017-08-27 16:11:19] pos_logger.DEBUG: class found [] []
[2017-08-27 16:11:21] pos_logger.DEBUG: checking QuickCommerce\Adapter\OC2\Service\Oc2OrderService [] []
[2017-08-27 16:11:21] pos_logger.DEBUG: class found [] []
[2017-08-27 16:11:21] pos_logger.DEBUG: checking QuickCommerce\Adapter\OC2\Service\Oc2OrderService [] []
[2017-08-27 16:11:21] pos_logger.DEBUG: class found [] []
[2017-08-27 16:11:21] pos_logger.DEBUG: checking QuickCommerce\Adapter\OC2\Service\Oc2OrderService [] []
[2017-08-27 16:11:21] pos_logger.DEBUG: class found [] []
[2017-08-27 16:12:43] pos_logger.DEBUG: checking QuickCommerce\Adapter\OC2\Service\Oc2OrderService [] []
[2017-08-27 16:12:43] pos_logger.DEBUG: class found [] []
[2017-08-27 16:12:43] pos_logger.DEBUG: checking QuickCommerce\Adapter\OC2\Service\Oc2OrderService [] []
[2017-08-27 16:12:43] pos_logger.DEBUG: class found [] []
[2017-08-27 16:12:43] pos_logger.DEBUG: checking QuickCommerce\Adapter\OC2\Service\Oc2OrderService [] []
[2017-08-27 16:12:43] pos_logger.DEBUG: class found [] []
[2017-08-27 16:12:45] pos_logger.DEBUG: checking QuickCommerce\Adapter\OC2\Service\Oc2ReferenceDataService [] []
[2017-08-27 16:12:45] pos_logger.DEBUG: class found [] []
[2017-08-27 16:12:45] pos_logger.DEBUG: checking QuickCommerce\Adapter\OC2\Service\Oc2SettingsService [] []
[2017-08-27 16:12:45] pos_logger.DEBUG: class found [] []
[2017-08-27 16:12:46] pos_logger.DEBUG: checking QuickCommerce\Adapter\OC2\Service\Oc2OrderService [] []
[2017-08-27 16:12:46] pos_logger.DEBUG: class found [] []
[2017-08-27 16:12:47] pos_logger.DEBUG: checking QuickCommerce\Adapter\OC2\Service\Oc2OrderService [] []
[2017-08-27 16:12:47] pos_logger.DEBUG: class found [] []
[2017-08-27 16:12:47] pos_logger.DEBUG: checking QuickCommerce\Adapter\OC2\Service\Oc2OrderService [] []
[2017-08-27 16:12:47] pos_logger.DEBUG: checking QuickCommerce\Adapter\OC2\Service\Oc2OrderService [] []
[2017-08-27 16:12:47] pos_logger.DEBUG: class found [] []
[2017-08-27 16:12:47] pos_logger.DEBUG: class found [] []
[2017-08-27 16:12:48] pos_logger.DEBUG: checking QuickCommerce\Adapter\OC2\Service\Oc2OrderService [] []
[2017-08-27 16:12:48] pos_logger.DEBUG: class found [] []
[2017-08-27 16:12:48] pos_logger.DEBUG: checking QuickCommerce\Adapter\OC2\Service\Oc2OrderService [] []
[2017-08-27 16:12:48] pos_logger.DEBUG: class found [] []
[2017-08-27 16:12:48] pos_logger.DEBUG: checking QuickCommerce\Adapter\OC2\Service\Oc2OrderService [] []
[2017-08-27 16:12:48] pos_logger.DEBUG: class found [] []
[2017-08-27 16:13:19] pos_logger.DEBUG: checking QuickCommerce\Adapter\OC2\Service\Oc2OrderService [] []
[2017-08-27 16:13:20] pos_logger.DEBUG: class found [] []
[2017-08-27 16:13:22] pos_logger.DEBUG: checking QuickCommerce\Adapter\OC2\Service\Oc2OrderService [] []
[2017-08-27 16:13:22] pos_logger.DEBUG: class found [] []
[2017-08-27 16:13:43] pos_logger.DEBUG: checking QuickCommerce\Adapter\OC2\Service\Oc2OrderService [] []
[2017-08-27 16:13:43] pos_logger.DEBUG: class found [] []
[2017-08-27 16:13:46] pos_logger.DEBUG: checking QuickCommerce\Adapter\OC2\Service\Oc2OrderService [] []
[2017-08-27 16:13:46] pos_logger.DEBUG: class found [] []
[2017-08-27 16:13:56] pos_logger.DEBUG: checking QuickCommerce\Adapter\OC2\Service\Oc2OrderService [] []
[2017-08-27 16:13:56] pos_logger.DEBUG: class found [] []
[2017-08-27 16:15:44] pos_logger.DEBUG: updating quantity with change 0 for productId  and productOptionValueIds Array ( )  [] []
[2017-08-27 16:15:46] pos_logger.DEBUG: checking QuickCommerce\Adapter\OC2\Service\Oc2OrderService [] []
[2017-08-27 16:15:47] pos_logger.DEBUG: class found [] []
[2017-08-27 16:16:05] pos_logger.DEBUG: checking QuickCommerce\Adapter\OC2\Service\Oc2OrderService [] []
[2017-08-27 16:16:05] pos_logger.DEBUG: class found [] []
[2017-08-27 16:18:36] pos_logger.DEBUG: checking QuickCommerce\Adapter\OC2\Service\Oc2ReferenceDataService [] []
[2017-08-27 16:18:36] pos_logger.DEBUG: class found [] []
[2017-08-27 16:18:36] pos_logger.DEBUG: checking QuickCommerce\Adapter\OC2\Service\Oc2SettingsService [] []
[2017-08-27 16:18:36] pos_logger.DEBUG: class found [] []
[2017-08-27 16:18:38] pos_logger.DEBUG: checking QuickCommerce\Adapter\OC2\Service\Oc2OrderService [] []
[2017-08-27 16:18:38] pos_logger.DEBUG: class found [] []
[2017-08-27 16:18:38] pos_logger.DEBUG: checking QuickCommerce\Adapter\OC2\Service\Oc2OrderService [] []
[2017-08-27 16:18:39] pos_logger.DEBUG: class found [] []
[2017-08-27 16:18:39] pos_logger.DEBUG: checking QuickCommerce\Adapter\OC2\Service\Oc2OrderService [] []
[2017-08-27 16:18:39] pos_logger.DEBUG: class found [] []
[2017-08-27 16:18:39] pos_logger.DEBUG: checking QuickCommerce\Adapter\OC2\Service\Oc2OrderService [] []
[2017-08-27 16:18:39] pos_logger.DEBUG: class found [] []
[2017-08-27 16:18:40] pos_logger.DEBUG: checking QuickCommerce\Adapter\OC2\Service\Oc2OrderService [] []
[2017-08-27 16:18:40] pos_logger.DEBUG: class found [] []
[2017-08-27 16:18:40] pos_logger.DEBUG: checking QuickCommerce\Adapter\OC2\Service\Oc2OrderService [] []
[2017-08-27 16:18:40] pos_logger.DEBUG: class found [] []
[2017-08-27 16:18:40] pos_logger.DEBUG: checking QuickCommerce\Adapter\OC2\Service\Oc2OrderService [] []
[2017-08-27 16:18:40] pos_logger.DEBUG: class found [] []
[2017-08-27 16:19:02] pos_logger.DEBUG: checking QuickCommerce\Adapter\OC2\Service\Oc2OrderService [] []
[2017-08-27 16:19:02] pos_logger.DEBUG: class found [] []
[2017-08-27 16:19:17] pos_logger.DEBUG: checking QuickCommerce\Adapter\OC2\Service\Oc2OrderService [] []
[2017-08-27 16:19:17] pos_logger.DEBUG: class found [] []
[2017-08-27 16:22:21] pos_logger.DEBUG: checking QuickCommerce\Adapter\OC2\Service\Oc2OrderService [] []
[2017-08-27 16:22:21] pos_logger.DEBUG: class found [] []
[2017-08-27 16:22:26] pos_logger.DEBUG: checking QuickCommerce\Adapter\OC2\Service\Oc2OrderService [] []
[2017-08-27 16:22:26] pos_logger.DEBUG: class found [] []
[2017-08-27 16:23:38] pos_logger.DEBUG: checking QuickCommerce\Adapter\OC2\Service\Oc2OrderService [] []
[2017-08-27 16:23:38] pos_logger.DEBUG: class found [] []
[2017-08-27 16:24:01] pos_logger.DEBUG: checking QuickCommerce\Adapter\OC2\Service\Oc2OrderService [] []
[2017-08-27 16:24:01] pos_logger.DEBUG: class found [] []
[2017-08-27 16:24:07] pos_logger.DEBUG: checking QuickCommerce\Adapter\OC2\Service\Oc2OrderService [] []
[2017-08-27 16:24:07] pos_logger.DEBUG: class found [] []
[2017-08-27 16:27:59] pos_logger.DEBUG: checking QuickCommerce\Adapter\OC2\Service\Oc2OrderService [] []
[2017-08-27 16:27:59] pos_logger.DEBUG: class found [] []
[2017-08-27 16:28:06] pos_logger.DEBUG: checking QuickCommerce\Adapter\OC2\Service\Oc2OrderService [] []
[2017-08-27 16:28:06] pos_logger.DEBUG: class found [] []
[2017-08-27 16:29:33] pos_logger.DEBUG: updating quantity with change 0 for productId  and productOptionValueIds Array ( )  [] []
[2017-08-27 16:29:55] pos_logger.DEBUG: checking QuickCommerce\Adapter\OC2\Service\Oc2OrderService [] []
[2017-08-27 16:29:55] pos_logger.DEBUG: class found [] []
[2017-08-27 16:30:28] pos_logger.DEBUG: checking QuickCommerce\Adapter\OC2\Service\Oc2OrderService [] []
[2017-08-27 16:30:28] pos_logger.DEBUG: class found [] []
[2017-08-27 16:35:45] pos_logger.DEBUG: checking QuickCommerce\Adapter\OC2\Service\Oc2OrderService [] []
[2017-08-27 16:35:45] pos_logger.DEBUG: class found [] []
[2017-08-27 16:35:51] pos_logger.DEBUG: checking QuickCommerce\Adapter\OC2\Service\Oc2ReferenceDataService [] []
[2017-08-27 16:35:51] pos_logger.DEBUG: class found [] []
[2017-08-27 16:35:52] pos_logger.DEBUG: checking QuickCommerce\Adapter\OC2\Service\Oc2SettingsService [] []
[2017-08-27 16:35:52] pos_logger.DEBUG: class found [] []
[2017-08-27 16:35:53] pos_logger.DEBUG: checking QuickCommerce\Adapter\OC2\Service\Oc2OrderService [] []
[2017-08-27 16:35:53] pos_logger.DEBUG: class found [] []
[2017-08-27 16:35:54] pos_logger.DEBUG: checking QuickCommerce\Adapter\OC2\Service\Oc2OrderService [] []
[2017-08-27 16:35:54] pos_logger.DEBUG: class found [] []
[2017-08-27 16:35:54] pos_logger.DEBUG: checking QuickCommerce\Adapter\OC2\Service\Oc2OrderService [] []
[2017-08-27 16:35:54] pos_logger.DEBUG: class found [] []
[2017-08-27 16:35:54] pos_logger.DEBUG: checking QuickCommerce\Adapter\OC2\Service\Oc2OrderService [] []
[2017-08-27 16:35:54] pos_logger.DEBUG: class found [] []
[2017-08-27 16:35:55] pos_logger.DEBUG: checking QuickCommerce\Adapter\OC2\Service\Oc2OrderService [] []
[2017-08-27 16:35:55] pos_logger.DEBUG: class found [] []
[2017-08-27 16:35:55] pos_logger.DEBUG: checking QuickCommerce\Adapter\OC2\Service\Oc2OrderService [] []
[2017-08-27 16:35:55] pos_logger.DEBUG: class found [] []
[2017-08-27 16:35:55] pos_logger.DEBUG: checking QuickCommerce\Adapter\OC2\Service\Oc2OrderService [] []
[2017-08-27 16:35:55] pos_logger.DEBUG: class found [] []
[2017-08-27 16:37:35] pos_logger.DEBUG: checking QuickCommerce\Adapter\OC2\Service\Oc2OrderService [] []
[2017-08-27 16:37:35] pos_logger.DEBUG: class found [] []
[2017-08-27 16:37:37] pos_logger.DEBUG: The identifier countryId is missing for a query of QuickCommerce\Model\Core\Address\PosCountry [] []
[2017-08-27 16:37:37] pos_logger.DEBUG: #0 C:\wwwroot\acecoffee\vendor\doctrine\orm\lib\Doctrine\ORM\EntityManager.php(403): Doctrine\ORM\ORMException::missingIdentifierField('QuickCommerce\\M...', 'countryId') #1 C:\wwwroot\acecoffee\vendor\quickcommerce\src\Adapter\Opencart2x\Service\Oc2OrderService.php(515): Doctrine\ORM\EntityManager->find('QuickCommerce\\M...', NULL) #2 C:\wwwroot\acecoffee\vendor\quickcommerce\src\Adapter\Opencart2x\Service\Oc2OrderService.php(115): QuickCommerce\Adapter\OC2\Service\Oc2OrderService->updateOrder(Object(Doctrine\ORM\EntityManager), '8860', Object(QuickCommerce\Model\View\PosOrderAction)) #3 C:\wwwroot\acecoffee\vendor\quickcommerce\src\API\Service\AbstractOrderService.php(55): QuickCommerce\Adapter\OC2\Service\Oc2OrderService->modifyOrder('8860', Object(QuickCommerce\Model\View\PosOrderAction)) #4 C:\wwwroot\acecoffee\vendor\quickcommerce\src\API\Application.php(221): QuickCommerce\API\Service\AbstractOrderService->patch(Array, '8860', NULL) #5 C:\wwwroot\acecoffee\upload\qcapi\index.php(138): QuickCommerce\API\Application->partialUpdate('order', Array, '8860') #6 [internal function]: Closure->{closure}(Object(Slim\Http\Request), Object(Slim\Http\Response), Array) #7 C:\wwwroot\acecoffee\vendor\slim\slim\Slim\Handlers\Strategies\RequestResponse.php(41): call_user_func(Object(Closure), Object(Slim\Http\Request), Object(Slim\Http\Response), Array) #8 C:\wwwroot\acecoffee\vendor\slim\slim\Slim\Route.php(344): Slim\Handlers\Strategies\RequestResponse->__invoke(Object(Closure), Object(Slim\Http\Request), Object(Slim\Http\Response), Array) #9 C:\wwwroot\acecoffee\vendor\slim\slim\Slim\MiddlewareAwareTrait.php(122): Slim\Route->__invoke(Object(Slim\Http\Request), Object(Slim\Http\Response)) #10 C:\wwwroot\acecoffee\vendor\slim\slim\Slim\Route.php(316): Slim\Route->callMiddlewareStack(Object(Slim\Http\Request), Object(Slim\Http\Response)) #11 C:\wwwroot\acecoffee\vendor\slim\slim\Slim\App.php(476): Slim\Route->run(Object(Slim\Http\Request), Object(Slim\Http\Response)) #12 C:\wwwroot\acecoffee\vendor\slim\slim\Slim\MiddlewareAwareTrait.php(122): Slim\App->__invoke(Object(Slim\Http\Request), Object(Slim\Http\Response)) #13 C:\wwwroot\acecoffee\vendor\slim\slim\Slim\App.php(370): Slim\App->callMiddlewareStack(Object(Slim\Http\Request), Object(Slim\Http\Response)) #14 C:\wwwroot\acecoffee\vendor\slim\slim\Slim\App.php(295): Slim\App->process(Object(Slim\Http\Request), Object(Slim\Http\Response)) #15 C:\wwwroot\acecoffee\upload\qcapi\index.php(229): Slim\App->run() #16 {main} [] []
[2017-08-27 16:37:38] pos_logger.DEBUG: checking QuickCommerce\Adapter\OC2\Service\Oc2OrderService [] []
[2017-08-27 16:37:38] pos_logger.DEBUG: class found [] []
[2017-08-27 16:37:48] pos_logger.DEBUG: checking QuickCommerce\Adapter\OC2\Service\Oc2OrderService [] []
[2017-08-27 16:37:48] pos_logger.DEBUG: class found [] []
[2017-08-27 16:37:56] pos_logger.DEBUG: updating quantity with change 0 for productId  and productOptionValueIds Array ( )  [] []
[2017-08-27 16:37:58] pos_logger.DEBUG: checking QuickCommerce\Adapter\OC2\Service\Oc2OrderService [] []
[2017-08-27 16:37:58] pos_logger.DEBUG: class found [] []
[2017-08-27 16:38:00] pos_logger.DEBUG: checking QuickCommerce\Adapter\OC2\Service\Oc2OrderService [] []
[2017-08-27 16:38:00] pos_logger.DEBUG: class found [] []
[2017-08-27 16:38:02] pos_logger.DEBUG: checking QuickCommerce\Adapter\OC2\Service\Oc2OrderService [] []
[2017-08-27 16:38:02] pos_logger.DEBUG: class found [] []
[2017-08-27 16:38:17] pos_logger.DEBUG: checking QuickCommerce\Adapter\OC2\Service\Oc2OrderService [] []
[2017-08-27 16:38:17] pos_logger.DEBUG: class found [] []
[2017-08-27 16:38:18] pos_logger.DEBUG: updating quantity with change 0 for productId  and productOptionValueIds Array ( )  [] []
[2017-08-27 16:38:24] pos_logger.DEBUG: checking QuickCommerce\Adapter\OC2\Service\Oc2OrderService [] []
[2017-08-27 16:38:24] pos_logger.DEBUG: class found [] []
[2017-08-27 16:39:57] pos_logger.DEBUG: checking QuickCommerce\Adapter\OC2\Service\Oc2OrderService [] []
[2017-08-27 16:39:57] pos_logger.DEBUG: class found [] []
[2017-08-27 16:39:57] pos_logger.DEBUG: checking QuickCommerce\Adapter\OC2\Service\Oc2OrderService [] []
[2017-08-27 16:39:57] pos_logger.DEBUG: class found [] []
[2017-08-27 16:39:58] pos_logger.DEBUG: The identifier countryId is missing for a query of QuickCommerce\Model\Core\Address\PosCountry [] []
[2017-08-27 16:39:58] pos_logger.DEBUG: #0 C:\wwwroot\acecoffee\vendor\doctrine\orm\lib\Doctrine\ORM\EntityManager.php(403): Doctrine\ORM\ORMException::missingIdentifierField('QuickCommerce\\M...', 'countryId') #1 C:\wwwroot\acecoffee\vendor\quickcommerce\src\Adapter\Opencart2x\Service\Oc2OrderService.php(515): Doctrine\ORM\EntityManager->find('QuickCommerce\\M...', NULL) #2 C:\wwwroot\acecoffee\vendor\quickcommerce\src\Adapter\Opencart2x\Service\Oc2OrderService.php(115): QuickCommerce\Adapter\OC2\Service\Oc2OrderService->updateOrder(Object(Doctrine\ORM\EntityManager), '8860', Object(QuickCommerce\Model\View\PosOrderAction)) #3 C:\wwwroot\acecoffee\vendor\quickcommerce\src\API\Service\AbstractOrderService.php(55): QuickCommerce\Adapter\OC2\Service\Oc2OrderService->modifyOrder('8860', Object(QuickCommerce\Model\View\PosOrderAction)) #4 C:\wwwroot\acecoffee\vendor\quickcommerce\src\API\Application.php(221): QuickCommerce\API\Service\AbstractOrderService->patch(Array, '8860', NULL) #5 C:\wwwroot\acecoffee\upload\qcapi\index.php(138): QuickCommerce\API\Application->partialUpdate('order', Array, '8860') #6 [internal function]: Closure->{closure}(Object(Slim\Http\Request), Object(Slim\Http\Response), Array) #7 C:\wwwroot\acecoffee\vendor\slim\slim\Slim\Handlers\Strategies\RequestResponse.php(41): call_user_func(Object(Closure), Object(Slim\Http\Request), Object(Slim\Http\Response), Array) #8 C:\wwwroot\acecoffee\vendor\slim\slim\Slim\Route.php(344): Slim\Handlers\Strategies\RequestResponse->__invoke(Object(Closure), Object(Slim\Http\Request), Object(Slim\Http\Response), Array) #9 C:\wwwroot\acecoffee\vendor\slim\slim\Slim\MiddlewareAwareTrait.php(122): Slim\Route->__invoke(Object(Slim\Http\Request), Object(Slim\Http\Response)) #10 C:\wwwroot\acecoffee\vendor\slim\slim\Slim\Route.php(316): Slim\Route->callMiddlewareStack(Object(Slim\Http\Request), Object(Slim\Http\Response)) #11 C:\wwwroot\acecoffee\vendor\slim\slim\Slim\App.php(476): Slim\Route->run(Object(Slim\Http\Request), Object(Slim\Http\Response)) #12 C:\wwwroot\acecoffee\vendor\slim\slim\Slim\MiddlewareAwareTrait.php(122): Slim\App->__invoke(Object(Slim\Http\Request), Object(Slim\Http\Response)) #13 C:\wwwroot\acecoffee\vendor\slim\slim\Slim\App.php(370): Slim\App->callMiddlewareStack(Object(Slim\Http\Request), Object(Slim\Http\Response)) #14 C:\wwwroot\acecoffee\vendor\slim\slim\Slim\App.php(295): Slim\App->process(Object(Slim\Http\Request), Object(Slim\Http\Response)) #15 C:\wwwroot\acecoffee\upload\qcapi\index.php(229): Slim\App->run() #16 {main} [] []
[2017-08-27 16:40:01] pos_logger.DEBUG: checking QuickCommerce\Adapter\OC2\Service\Oc2ReferenceDataService [] []
[2017-08-27 16:40:01] pos_logger.DEBUG: class found [] []
[2017-08-27 16:40:02] pos_logger.DEBUG: checking QuickCommerce\Adapter\OC2\Service\Oc2SettingsService [] []
[2017-08-27 16:40:02] pos_logger.DEBUG: class found [] []
[2017-08-27 16:40:03] pos_logger.DEBUG: checking QuickCommerce\Adapter\OC2\Service\Oc2OrderService [] []
[2017-08-27 16:40:03] pos_logger.DEBUG: class found [] []
[2017-08-27 16:40:04] pos_logger.DEBUG: checking QuickCommerce\Adapter\OC2\Service\Oc2OrderService [] []
[2017-08-27 16:40:04] pos_logger.DEBUG: checking QuickCommerce\Adapter\OC2\Service\Oc2OrderService [] []
[2017-08-27 16:40:04] pos_logger.DEBUG: class found [] []
[2017-08-27 16:40:04] pos_logger.DEBUG: class found [] []
[2017-08-27 16:40:04] pos_logger.DEBUG: checking QuickCommerce\Adapter\OC2\Service\Oc2OrderService [] []
[2017-08-27 16:40:04] pos_logger.DEBUG: class found [] []
[2017-08-27 16:40:06] pos_logger.DEBUG: checking QuickCommerce\Adapter\OC2\Service\Oc2OrderService [] []
[2017-08-27 16:40:06] pos_logger.DEBUG: class found [] []
[2017-08-27 16:40:06] pos_logger.DEBUG: checking QuickCommerce\Adapter\OC2\Service\Oc2OrderService [] []
[2017-08-27 16:40:06] pos_logger.DEBUG: class found [] []
[2017-08-27 16:40:06] pos_logger.DEBUG: checking QuickCommerce\Adapter\OC2\Service\Oc2OrderService [] []
[2017-08-27 16:40:06] pos_logger.DEBUG: class found [] []
[2017-08-27 16:40:31] pos_logger.DEBUG: checking QuickCommerce\Adapter\OC2\Service\Oc2OrderService [] []
[2017-08-27 16:40:31] pos_logger.DEBUG: class found [] []
[2017-08-27 16:40:46] pos_logger.DEBUG: checking QuickCommerce\Adapter\OC2\Service\Oc2OrderService [] []
[2017-08-27 16:40:46] pos_logger.DEBUG: class found [] []
[2017-08-27 16:43:03] pos_logger.DEBUG: The identifier countryId is missing for a query of QuickCommerce\Model\Core\Address\PosCountry [] []
[2017-08-27 16:43:03] pos_logger.DEBUG: #0 C:\wwwroot\acecoffee\vendor\doctrine\orm\lib\Doctrine\ORM\EntityManager.php(403): Doctrine\ORM\ORMException::missingIdentifierField('QuickCommerce\\M...', 'countryId') #1 C:\wwwroot\acecoffee\vendor\quickcommerce\src\Adapter\Opencart2x\Service\Oc2OrderService.php(515): Doctrine\ORM\EntityManager->find('QuickCommerce\\M...', NULL) #2 C:\wwwroot\acecoffee\vendor\quickcommerce\src\Adapter\Opencart2x\Service\Oc2OrderService.php(115): QuickCommerce\Adapter\OC2\Service\Oc2OrderService->updateOrder(Object(Doctrine\ORM\EntityManager), '8865', Object(QuickCommerce\Model\View\PosOrderAction)) #3 C:\wwwroot\acecoffee\vendor\quickcommerce\src\API\Service\AbstractOrderService.php(55): QuickCommerce\Adapter\OC2\Service\Oc2OrderService->modifyOrder('8865', Object(QuickCommerce\Model\View\PosOrderAction)) #4 C:\wwwroot\acecoffee\vendor\quickcommerce\src\API\Application.php(221): QuickCommerce\API\Service\AbstractOrderService->patch(Array, '8865', NULL) #5 C:\wwwroot\acecoffee\upload\qcapi\index.php(138): QuickCommerce\API\Application->partialUpdate('order', Array, '8865') #6 [internal function]: Closure->{closure}(Object(Slim\Http\Request), Object(Slim\Http\Response), Array) #7 C:\wwwroot\acecoffee\vendor\slim\slim\Slim\Handlers\Strategies\RequestResponse.php(41): call_user_func(Object(Closure), Object(Slim\Http\Request), Object(Slim\Http\Response), Array) #8 C:\wwwroot\acecoffee\vendor\slim\slim\Slim\Route.php(344): Slim\Handlers\Strategies\RequestResponse->__invoke(Object(Closure), Object(Slim\Http\Request), Object(Slim\Http\Response), Array) #9 C:\wwwroot\acecoffee\vendor\slim\slim\Slim\MiddlewareAwareTrait.php(122): Slim\Route->__invoke(Object(Slim\Http\Request), Object(Slim\Http\Response)) #10 C:\wwwroot\acecoffee\vendor\slim\slim\Slim\Route.php(316): Slim\Route->callMiddlewareStack(Object(Slim\Http\Request), Object(Slim\Http\Response)) #11 C:\wwwroot\acecoffee\vendor\slim\slim\Slim\App.php(476): Slim\Route->run(Object(Slim\Http\Request), Object(Slim\Http\Response)) #12 C:\wwwroot\acecoffee\vendor\slim\slim\Slim\MiddlewareAwareTrait.php(122): Slim\App->__invoke(Object(Slim\Http\Request), Object(Slim\Http\Response)) #13 C:\wwwroot\acecoffee\vendor\slim\slim\Slim\App.php(370): Slim\App->callMiddlewareStack(Object(Slim\Http\Request), Object(Slim\Http\Response)) #14 C:\wwwroot\acecoffee\vendor\slim\slim\Slim\App.php(295): Slim\App->process(Object(Slim\Http\Request), Object(Slim\Http\Response)) #15 C:\wwwroot\acecoffee\upload\qcapi\index.php(229): Slim\App->run() #16 {main} [] []
[2017-08-27 16:43:06] pos_logger.DEBUG: checking QuickCommerce\Adapter\OC2\Service\Oc2OrderService [] []
[2017-08-27 16:43:06] pos_logger.DEBUG: class found [] []
[2017-08-27 16:43:09] pos_logger.DEBUG: checking QuickCommerce\Adapter\OC2\Service\Oc2OrderService [] []
[2017-08-27 16:43:09] pos_logger.DEBUG: class found [] []
[2017-08-27 16:43:51] pos_logger.DEBUG: checking QuickCommerce\Adapter\OC2\Service\Oc2OrderService [] []
[2017-08-27 16:43:51] pos_logger.DEBUG: class found [] []
[2017-08-27 16:44:46] pos_logger.DEBUG: updating quantity with change 0 for productId  and productOptionValueIds Array ( )  [] []
[2017-08-27 16:45:14] pos_logger.DEBUG: checking QuickCommerce\Adapter\OC2\Service\Oc2OrderService [] []
[2017-08-27 16:45:14] pos_logger.DEBUG: class found [] []
[2017-08-27 22:51:31] pos_logger.DEBUG: checking QuickCommerce\Adapter\OC2\Service\Oc2OrderService [] []
[2017-08-27 22:51:31] pos_logger.DEBUG: class found [] []
[2017-08-27 23:40:32] pos_logger.DEBUG: checking QuickCommerce\Adapter\OC2\Service\Oc2OrderService [] []
[2017-08-27 23:40:32] pos_logger.DEBUG: class found [] []
[2017-08-27 23:40:44] pos_logger.DEBUG: The identifier countryId is missing for a query of QuickCommerce\Model\Core\Address\PosCountry [] []
[2017-08-27 23:40:49] pos_logger.DEBUG: #0 C:\wwwroot\acecoffee\vendor\doctrine\orm\lib\Doctrine\ORM\EntityManager.php(403): Doctrine\ORM\ORMException::missingIdentifierField('QuickCommerce\\M...', 'countryId') #1 C:\wwwroot\acecoffee\vendor\quickcommerce\src\Adapter\Opencart2x\Service\Oc2OrderService.php(336): Doctrine\ORM\EntityManager->find('QuickCommerce\\M...', NULL) #2 C:\wwwroot\acecoffee\vendor\quickcommerce\src\Adapter\Opencart2x\Service\Oc2OrderService.php(142): QuickCommerce\Adapter\OC2\Service\Oc2OrderService->updateOrder(Object(Doctrine\ORM\EntityManager), '8865', Object(QuickCommerce\Model\View\PosOrderAction)) #3 C:\wwwroot\acecoffee\vendor\quickcommerce\src\API\Service\AbstractOrderService.php(55): QuickCommerce\Adapter\OC2\Service\Oc2OrderService->modifyOrder('8865', Object(QuickCommerce\Model\View\PosOrderAction)) #4 C:\wwwroot\acecoffee\vendor\quickcommerce\src\API\Application.php(221): QuickCommerce\API\Service\AbstractOrderService->patch(Array, '8865', NULL) #5 C:\wwwroot\acecoffee\upload\qcapi\index.php(138): QuickCommerce\API\Application->partialUpdate('order', Array, '8865') #6 [internal function]: Closure->{closure}(Object(Slim\Http\Request), Object(Slim\Http\Response), Array) #7 C:\wwwroot\acecoffee\vendor\slim\slim\Slim\Handlers\Strategies\RequestResponse.php(41): call_user_func(Object(Closure), Object(Slim\Http\Request), Object(Slim\Http\Response), Array) #8 C:\wwwroot\acecoffee\vendor\slim\slim\Slim\Route.php(344): Slim\Handlers\Strategies\RequestResponse->__invoke(Object(Closure), Object(Slim\Http\Request), Object(Slim\Http\Response), Array) #9 C:\wwwroot\acecoffee\vendor\slim\slim\Slim\MiddlewareAwareTrait.php(122): Slim\Route->__invoke(Object(Slim\Http\Request), Object(Slim\Http\Response)) #10 C:\wwwroot\acecoffee\vendor\slim\slim\Slim\Route.php(316): Slim\Route->callMiddlewareStack(Object(Slim\Http\Request), Object(Slim\Http\Response)) #11 C:\wwwroot\acecoffee\vendor\slim\slim\Slim\App.php(476): Slim\Route->run(Object(Slim\Http\Request), Object(Slim\Http\Response)) #12 C:\wwwroot\acecoffee\vendor\slim\slim\Slim\MiddlewareAwareTrait.php(122): Slim\App->__invoke(Object(Slim\Http\Request), Object(Slim\Http\Response)) #13 C:\wwwroot\acecoffee\vendor\slim\slim\Slim\App.php(370): Slim\App->callMiddlewareStack(Object(Slim\Http\Request), Object(Slim\Http\Response)) #14 C:\wwwroot\acecoffee\vendor\slim\slim\Slim\App.php(295): Slim\App->process(Object(Slim\Http\Request), Object(Slim\Http\Response)) #15 C:\wwwroot\acecoffee\upload\qcapi\index.php(229): Slim\App->run() #16 {main} [] []
[2017-08-27 23:41:02] pos_logger.DEBUG: checking QuickCommerce\Adapter\OC2\Service\Oc2OrderService [] []
[2017-08-27 23:41:02] pos_logger.DEBUG: class found [] []
[2017-08-27 23:41:15] pos_logger.DEBUG: checking QuickCommerce\Adapter\OC2\Service\Oc2OrderService [] []
[2017-08-27 23:41:15] pos_logger.DEBUG: class found [] []
[2017-08-27 23:41:30] pos_logger.DEBUG: updating quantity with change 0 for productId  and productOptionValueIds Array ( )  [] []
[2017-08-27 23:41:39] pos_logger.DEBUG: checking QuickCommerce\Adapter\OC2\Service\Oc2OrderService [] []
[2017-08-27 23:41:39] pos_logger.DEBUG: class found [] []
[2017-08-27 23:41:49] pos_logger.DEBUG: checking QuickCommerce\Adapter\OC2\Service\Oc2OrderService [] []
[2017-08-27 23:41:49] pos_logger.DEBUG: class found [] []
[2017-08-27 23:42:06] pos_logger.DEBUG: The identifier countryId is missing for a query of QuickCommerce\Model\Core\Address\PosCountry [] []
[2017-08-27 23:42:06] pos_logger.DEBUG: #0 C:\wwwroot\acecoffee\vendor\doctrine\orm\lib\Doctrine\ORM\EntityManager.php(403): Doctrine\ORM\ORMException::missingIdentifierField('QuickCommerce\\M...', 'countryId') #1 C:\wwwroot\acecoffee\vendor\quickcommerce\src\Adapter\Opencart2x\Service\Oc2OrderService.php(336): Doctrine\ORM\EntityManager->find('QuickCommerce\\M...', NULL) #2 C:\wwwroot\acecoffee\vendor\quickcommerce\src\Adapter\Opencart2x\Service\Oc2OrderService.php(142): QuickCommerce\Adapter\OC2\Service\Oc2OrderService->updateOrder(Object(Doctrine\ORM\EntityManager), '8865', Object(QuickCommerce\Model\View\PosOrderAction)) #3 C:\wwwroot\acecoffee\vendor\quickcommerce\src\API\Service\AbstractOrderService.php(55): QuickCommerce\Adapter\OC2\Service\Oc2OrderService->modifyOrder('8865', Object(QuickCommerce\Model\View\PosOrderAction)) #4 C:\wwwroot\acecoffee\vendor\quickcommerce\src\API\Application.php(221): QuickCommerce\API\Service\AbstractOrderService->patch(Array, '8865', NULL) #5 C:\wwwroot\acecoffee\upload\qcapi\index.php(138): QuickCommerce\API\Application->partialUpdate('order', Array, '8865') #6 [internal function]: Closure->{closure}(Object(Slim\Http\Request), Object(Slim\Http\Response), Array) #7 C:\wwwroot\acecoffee\vendor\slim\slim\Slim\Handlers\Strategies\RequestResponse.php(41): call_user_func(Object(Closure), Object(Slim\Http\Request), Object(Slim\Http\Response), Array) #8 C:\wwwroot\acecoffee\vendor\slim\slim\Slim\Route.php(344): Slim\Handlers\Strategies\RequestResponse->__invoke(Object(Closure), Object(Slim\Http\Request), Object(Slim\Http\Response), Array) #9 C:\wwwroot\acecoffee\vendor\slim\slim\Slim\MiddlewareAwareTrait.php(122): Slim\Route->__invoke(Object(Slim\Http\Request), Object(Slim\Http\Response)) #10 C:\wwwroot\acecoffee\vendor\slim\slim\Slim\Route.php(316): Slim\Route->callMiddlewareStack(Object(Slim\Http\Request), Object(Slim\Http\Response)) #11 C:\wwwroot\acecoffee\vendor\slim\slim\Slim\App.php(476): Slim\Route->run(Object(Slim\Http\Request), Object(Slim\Http\Response)) #12 C:\wwwroot\acecoffee\vendor\slim\slim\Slim\MiddlewareAwareTrait.php(122): Slim\App->__invoke(Object(Slim\Http\Request), Object(Slim\Http\Response)) #13 C:\wwwroot\acecoffee\vendor\slim\slim\Slim\App.php(370): Slim\App->callMiddlewareStack(Object(Slim\Http\Request), Object(Slim\Http\Response)) #14 C:\wwwroot\acecoffee\vendor\slim\slim\Slim\App.php(295): Slim\App->process(Object(Slim\Http\Request), Object(Slim\Http\Response)) #15 C:\wwwroot\acecoffee\upload\qcapi\index.php(229): Slim\App->run() #16 {main} [] []
[2017-08-27 23:42:09] pos_logger.DEBUG: checking QuickCommerce\Adapter\OC2\Service\Oc2OrderService [] []
[2017-08-27 23:42:09] pos_logger.DEBUG: class found [] []
[2017-08-27 23:42:17] pos_logger.DEBUG: checking QuickCommerce\Adapter\OC2\Service\Oc2OrderService [] []
[2017-08-27 23:42:17] pos_logger.DEBUG: class found [] []
[2017-08-27 23:42:50] pos_logger.DEBUG: updating quantity with change 0 for productId  and productOptionValueIds Array ( )  [] []
[2017-08-27 23:42:53] pos_logger.DEBUG: checking QuickCommerce\Adapter\OC2\Service\Oc2OrderService [] []
[2017-08-27 23:42:53] pos_logger.DEBUG: class found [] []
[2017-08-27 23:43:10] pos_logger.DEBUG: updating quantity with change 0 for productId  and productOptionValueIds Array ( )  [] []
[2017-08-27 23:43:12] pos_logger.DEBUG: checking QuickCommerce\Adapter\OC2\Service\Oc2OrderService [] []
[2017-08-27 23:43:12] pos_logger.DEBUG: class found [] []
[2017-08-27 23:43:31] pos_logger.DEBUG: updating quantity with change 0 for productId  and productOptionValueIds Array ( )  [] []
[2017-08-27 23:43:46] pos_logger.DEBUG: checking QuickCommerce\Adapter\OC2\Service\Oc2OrderService [] []
[2017-08-27 23:43:46] pos_logger.DEBUG: class found [] []
[2017-08-27 23:43:57] pos_logger.DEBUG: checking QuickCommerce\Adapter\OC2\Service\Oc2OrderService [] []
[2017-08-27 23:43:57] pos_logger.DEBUG: class found [] []
[2017-08-27 23:47:50] pos_logger.DEBUG: checking QuickCommerce\Adapter\OC2\Service\Oc2OrderService [] []
[2017-08-27 23:47:50] pos_logger.DEBUG: class found [] []
[2017-08-27 23:47:50] pos_logger.DEBUG: checking QuickCommerce\Adapter\OC2\Service\Oc2OrderService [] []
[2017-08-27 23:47:50] pos_logger.DEBUG: class found [] []
[2017-08-27 23:47:50] pos_logger.DEBUG: checking QuickCommerce\Adapter\OC2\Service\Oc2OrderService [] []
[2017-08-27 23:47:50] pos_logger.DEBUG: class found [] []
[2017-08-27 23:47:50] pos_logger.DEBUG: checking QuickCommerce\Adapter\OC2\Service\Oc2OrderService [] []
[2017-08-27 23:47:50] pos_logger.DEBUG: class found [] []
[2017-08-27 23:47:53] pos_logger.DEBUG: checking QuickCommerce\Adapter\OC2\Service\Oc2OrderService [] []
[2017-08-27 23:47:53] pos_logger.DEBUG: class found [] []
[2017-08-27 23:47:59] pos_logger.DEBUG: checking QuickCommerce\Adapter\OC2\Service\Oc2ReferenceDataService [] []
[2017-08-27 23:47:59] pos_logger.DEBUG: class found [] []
[2017-08-27 23:47:59] pos_logger.DEBUG: checking QuickCommerce\Adapter\OC2\Service\Oc2SettingsService [] []
[2017-08-27 23:47:59] pos_logger.DEBUG: class found [] []
[2017-08-27 23:48:00] pos_logger.DEBUG: checking QuickCommerce\Adapter\OC2\Service\Oc2OrderService [] []
[2017-08-27 23:48:00] pos_logger.DEBUG: class found [] []
[2017-08-27 23:48:01] pos_logger.DEBUG: checking QuickCommerce\Adapter\OC2\Service\Oc2OrderService [] []
[2017-08-27 23:48:01] pos_logger.DEBUG: class found [] []
[2017-08-27 23:48:01] pos_logger.DEBUG: checking QuickCommerce\Adapter\OC2\Service\Oc2OrderService [] []
[2017-08-27 23:48:01] pos_logger.DEBUG: class found [] []
[2017-08-27 23:48:01] pos_logger.DEBUG: checking QuickCommerce\Adapter\OC2\Service\Oc2OrderService [] []
[2017-08-27 23:48:01] pos_logger.DEBUG: class found [] []
[2017-08-27 23:48:03] pos_logger.DEBUG: checking QuickCommerce\Adapter\OC2\Service\Oc2OrderService [] []
[2017-08-27 23:48:03] pos_logger.DEBUG: class found [] []
[2017-08-27 23:48:03] pos_logger.DEBUG: checking QuickCommerce\Adapter\OC2\Service\Oc2OrderService [] []
[2017-08-27 23:48:03] pos_logger.DEBUG: class found [] []
[2017-08-27 23:48:03] pos_logger.DEBUG: checking QuickCommerce\Adapter\OC2\Service\Oc2OrderService [] []
[2017-08-27 23:48:03] pos_logger.DEBUG: class found [] []
[2017-08-27 23:48:43] pos_logger.DEBUG: checking QuickCommerce\Adapter\OC2\Service\Oc2OrderService [] []
[2017-08-27 23:48:43] pos_logger.DEBUG: class found [] []
[2017-08-27 23:48:43] pos_logger.DEBUG: checking QuickCommerce\Adapter\OC2\Service\Oc2OrderService [] []
[2017-08-27 23:48:43] pos_logger.DEBUG: class found [] []
[2017-08-27 23:48:43] pos_logger.DEBUG: The identifier countryId is missing for a query of QuickCommerce\Model\Core\Address\PosCountry [] []
[2017-08-27 23:48:43] pos_logger.DEBUG: #0 C:\wwwroot\acecoffee\vendor\doctrine\orm\lib\Doctrine\ORM\EntityManager.php(403): Doctrine\ORM\ORMException::missingIdentifierField('QuickCommerce\\M...', 'countryId') #1 C:\wwwroot\acecoffee\vendor\quickcommerce\src\Adapter\Opencart2x\Service\Oc2OrderService.php(336): Doctrine\ORM\EntityManager->find('QuickCommerce\\M...', NULL) #2 C:\wwwroot\acecoffee\vendor\quickcommerce\src\Adapter\Opencart2x\Service\Oc2OrderService.php(142): QuickCommerce\Adapter\OC2\Service\Oc2OrderService->updateOrder(Object(Doctrine\ORM\EntityManager), '8868', Object(QuickCommerce\Model\View\PosOrderAction)) #3 C:\wwwroot\acecoffee\vendor\quickcommerce\src\API\Service\AbstractOrderService.php(55): QuickCommerce\Adapter\OC2\Service\Oc2OrderService->modifyOrder('8868', Object(QuickCommerce\Model\View\PosOrderAction)) #4 C:\wwwroot\acecoffee\vendor\quickcommerce\src\API\Application.php(221): QuickCommerce\API\Service\AbstractOrderService->patch(Array, '8868', NULL) #5 C:\wwwroot\acecoffee\upload\qcapi\index.php(138): QuickCommerce\API\Application->partialUpdate('order', Array, '8868') #6 [internal function]: Closure->{closure}(Object(Slim\Http\Request), Object(Slim\Http\Response), Array) #7 C:\wwwroot\acecoffee\vendor\slim\slim\Slim\Handlers\Strategies\RequestResponse.php(41): call_user_func(Object(Closure), Object(Slim\Http\Request), Object(Slim\Http\Response), Array) #8 C:\wwwroot\acecoffee\vendor\slim\slim\Slim\Route.php(344): Slim\Handlers\Strategies\RequestResponse->__invoke(Object(Closure), Object(Slim\Http\Request), Object(Slim\Http\Response), Array) #9 C:\wwwroot\acecoffee\vendor\slim\slim\Slim\MiddlewareAwareTrait.php(122): Slim\Route->__invoke(Object(Slim\Http\Request), Object(Slim\Http\Response)) #10 C:\wwwroot\acecoffee\vendor\slim\slim\Slim\Route.php(316): Slim\Route->callMiddlewareStack(Object(Slim\Http\Request), Object(Slim\Http\Response)) #11 C:\wwwroot\acecoffee\vendor\slim\slim\Slim\App.php(476): Slim\Route->run(Object(Slim\Http\Request), Object(Slim\Http\Response)) #12 C:\wwwroot\acecoffee\vendor\slim\slim\Slim\MiddlewareAwareTrait.php(122): Slim\App->__invoke(Object(Slim\Http\Request), Object(Slim\Http\Response)) #13 C:\wwwroot\acecoffee\vendor\slim\slim\Slim\App.php(370): Slim\App->callMiddlewareStack(Object(Slim\Http\Request), Object(Slim\Http\Response)) #14 C:\wwwroot\acecoffee\vendor\slim\slim\Slim\App.php(295): Slim\App->process(Object(Slim\Http\Request), Object(Slim\Http\Response)) #15 C:\wwwroot\acecoffee\upload\qcapi\index.php(229): Slim\App->run() #16 {main} [] []
[2017-08-27 23:48:45] pos_logger.DEBUG: checking QuickCommerce\Adapter\OC2\Service\Oc2ReferenceDataService [] []
[2017-08-27 23:48:45] pos_logger.DEBUG: class found [] []
[2017-08-27 23:48:45] pos_logger.DEBUG: checking QuickCommerce\Adapter\OC2\Service\Oc2SettingsService [] []
[2017-08-27 23:48:45] pos_logger.DEBUG: class found [] []
[2017-08-27 23:48:46] pos_logger.DEBUG: checking QuickCommerce\Adapter\OC2\Service\Oc2OrderService [] []
[2017-08-27 23:48:46] pos_logger.DEBUG: class found [] []
[2017-08-27 23:48:47] pos_logger.DEBUG: checking QuickCommerce\Adapter\OC2\Service\Oc2OrderService [] []
[2017-08-27 23:48:47] pos_logger.DEBUG: class found [] []
[2017-08-27 23:48:47] pos_logger.DEBUG: checking QuickCommerce\Adapter\OC2\Service\Oc2OrderService [] []
[2017-08-27 23:48:47] pos_logger.DEBUG: class found [] []
[2017-08-27 23:48:47] pos_logger.DEBUG: checking QuickCommerce\Adapter\OC2\Service\Oc2OrderService [] []
[2017-08-27 23:48:47] pos_logger.DEBUG: class found [] []
[2017-08-27 23:48:48] pos_logger.DEBUG: checking QuickCommerce\Adapter\OC2\Service\Oc2OrderService [] []
[2017-08-27 23:48:48] pos_logger.DEBUG: class found [] []
[2017-08-27 23:48:48] pos_logger.DEBUG: checking QuickCommerce\Adapter\OC2\Service\Oc2OrderService [] []
[2017-08-27 23:48:48] pos_logger.DEBUG: class found [] []
[2017-08-27 23:48:48] pos_logger.DEBUG: checking QuickCommerce\Adapter\OC2\Service\Oc2OrderService [] []
[2017-08-27 23:48:48] pos_logger.DEBUG: class found [] []
[2017-08-27 23:49:29] pos_logger.DEBUG: checking QuickCommerce\Adapter\OC2\Service\Oc2ReferenceDataService [] []
[2017-08-27 23:49:29] pos_logger.DEBUG: class found [] []
[2017-08-27 23:49:29] pos_logger.DEBUG: checking QuickCommerce\Adapter\OC2\Service\Oc2SettingsService [] []
[2017-08-27 23:49:29] pos_logger.DEBUG: class found [] []
[2017-08-27 23:49:30] pos_logger.DEBUG: checking QuickCommerce\Adapter\OC2\Service\Oc2OrderService [] []
[2017-08-27 23:49:30] pos_logger.DEBUG: class found [] []
[2017-08-27 23:49:31] pos_logger.DEBUG: checking QuickCommerce\Adapter\OC2\Service\Oc2OrderService [] []
[2017-08-27 23:49:31] pos_logger.DEBUG: class found [] []
[2017-08-27 23:49:31] pos_logger.DEBUG: checking QuickCommerce\Adapter\OC2\Service\Oc2OrderService [] []
[2017-08-27 23:49:31] pos_logger.DEBUG: class found [] []
[2017-08-27 23:49:31] pos_logger.DEBUG: checking QuickCommerce\Adapter\OC2\Service\Oc2OrderService [] []
[2017-08-27 23:49:31] pos_logger.DEBUG: class found [] []
[2017-08-27 23:49:33] pos_logger.DEBUG: checking QuickCommerce\Adapter\OC2\Service\Oc2OrderService [] []
[2017-08-27 23:49:33] pos_logger.DEBUG: class found [] []
[2017-08-27 23:49:33] pos_logger.DEBUG: checking QuickCommerce\Adapter\OC2\Service\Oc2OrderService [] []
[2017-08-27 23:49:33] pos_logger.DEBUG: class found [] []
[2017-08-27 23:49:33] pos_logger.DEBUG: checking QuickCommerce\Adapter\OC2\Service\Oc2OrderService [] []
[2017-08-27 23:49:33] pos_logger.DEBUG: class found [] []
[2017-08-27 23:49:58] pos_logger.DEBUG: checking QuickCommerce\Adapter\OC2\Service\Oc2OrderService [] []
[2017-08-27 23:49:58] pos_logger.DEBUG: class found [] []
[2017-08-27 23:50:14] pos_logger.DEBUG: checking QuickCommerce\Adapter\OC2\Service\Oc2CustomerService [] []
[2017-08-27 23:50:14] pos_logger.DEBUG: class found [] []
[2017-08-27 23:50:14] pos_logger.DEBUG: QuickCommerce\Model\View\PosCustomerDetails Object (     [customer:protected] => QuickCommerce\Model\Core\Customer\PosCustomer Object         (             [customerId:protected] => 1             [customerGroupId:protected] => 1             [firstname:protected] => ACE             [lastname:protected] => Cashier             [email:protected] => lucaslopatka@gmail.com             [telephone:protected] => 666-666-6666             [fax:protected] =>              [password:protected] => 91c725418eae5f87b72dea4f8475b0133ddf9963             [salt:protected] => 06b0cf3bb             [newsletter:protected] =>              [addressId:protected] => 715             [status:protected] => 1             [approved:protected] => 1             [safe:protected] => 1             [token:protected] =>              [dateAdded:protected] => DateTime Object                 (                     [date] => 2017-06-21 18:31:46.000000                     [timezone_type] => 3                     [timezone] => MST                 )          )      [addresses:protected] => Array         (             [0] => QuickCommerce\Model\Core\Address\PosAddress Object                 (                     [addressId:protected] => 715                     [customerId:protected] => 1                     [firstname:protected] => ACE                     [lastname:protected] => Cashier                     [company:protected] =>                      [address1:protected] => 10055 80 Ave NW                     [address2:protected] =>                      [city:protected] => Edmonton                     [postcode:protected] => T6E 1T4                     [countryId:protected] => 38                     [zoneId:protected] => 602                 )          )  )  [] []
[2017-08-27 23:50:46] pos_logger.DEBUG: checking QuickCommerce\Adapter\OC2\Service\Oc2OrderService [] []
[2017-08-27 23:50:46] pos_logger.DEBUG: class found [] []
[2017-08-27 23:50:57] pos_logger.DEBUG: checking QuickCommerce\Adapter\OC2\Service\Oc2OrderService [] []
[2017-08-27 23:50:57] pos_logger.DEBUG: class found [] []
[2017-08-27 23:50:59] pos_logger.DEBUG: checking QuickCommerce\Adapter\OC2\Service\Oc2OrderService [] []
[2017-08-27 23:50:59] pos_logger.DEBUG: class found [] []
[2017-08-27 23:51:18] pos_logger.DEBUG: checking QuickCommerce\Adapter\OC2\Service\Oc2OrderService [] []
[2017-08-27 23:51:18] pos_logger.DEBUG: class found [] []
[2017-08-27 23:51:29] pos_logger.DEBUG: checking QuickCommerce\Adapter\OC2\Service\Oc2CustomerService [] []
[2017-08-27 23:51:29] pos_logger.DEBUG: class found [] []
[2017-08-27 23:51:29] pos_logger.DEBUG: QuickCommerce\Model\View\PosCustomerDetails Object (     [customer:protected] => QuickCommerce\Model\Core\Customer\PosCustomer Object         (             [customerId:protected] => 1             [customerGroupId:protected] => 1             [firstname:protected] => ACE             [lastname:protected] => Cashier             [email:protected] => lucaslopatka@gmail.com             [telephone:protected] => 666-666-6666             [fax:protected] =>              [password:protected] => 91c725418eae5f87b72dea4f8475b0133ddf9963             [salt:protected] => 06b0cf3bb             [newsletter:protected] =>              [addressId:protected] => 715             [status:protected] => 1             [approved:protected] => 1             [safe:protected] => 1             [token:protected] =>              [dateAdded:protected] => DateTime Object                 (                     [date] => 2017-06-21 18:31:46.000000                     [timezone_type] => 3                     [timezone] => MST                 )          )      [addresses:protected] => Array         (             [0] => QuickCommerce\Model\Core\Address\PosAddress Object                 (                     [addressId:protected] => 715                     [customerId:protected] => 1                     [firstname:protected] => ACE                     [lastname:protected] => Cashier                     [company:protected] =>                      [address1:protected] => 10055 80 Ave NW                     [address2:protected] =>                      [city:protected] => Edmonton                     [postcode:protected] => T6E 1T4                     [countryId:protected] => 38                     [zoneId:protected] => 602                 )          )  )  [] []
[2017-08-27 23:52:12] pos_logger.DEBUG: checking QuickCommerce\Adapter\OC2\Service\Oc2OrderService [] []
[2017-08-27 23:52:12] pos_logger.DEBUG: class found [] []
[2017-08-27 23:53:42] pos_logger.DEBUG: checking QuickCommerce\Adapter\OC2\Service\Oc2OrderService [] []
[2017-08-27 23:53:42] pos_logger.DEBUG: class found [] []
[2017-08-27 23:53:46] pos_logger.DEBUG: checking QuickCommerce\Adapter\OC2\Service\Oc2CustomerService [] []
[2017-08-27 23:53:47] pos_logger.DEBUG: class found [] []
[2017-08-27 23:53:47] pos_logger.DEBUG: QuickCommerce\Model\View\PosCustomerDetails Object (     [customer:protected] => QuickCommerce\Model\Core\Customer\PosCustomer Object         (             [customerId:protected] => 1             [customerGroupId:protected] => 1             [firstname:protected] => ACE             [lastname:protected] => Cashier             [email:protected] => lucaslopatka@gmail.com             [telephone:protected] => 666-666-6666             [fax:protected] =>              [password:protected] => 91c725418eae5f87b72dea4f8475b0133ddf9963             [salt:protected] => 06b0cf3bb             [newsletter:protected] =>              [addressId:protected] => 715             [status:protected] => 1             [approved:protected] => 1             [safe:protected] => 1             [token:protected] =>              [dateAdded:protected] => DateTime Object                 (                     [date] => 2017-06-21 18:31:46.000000                     [timezone_type] => 3                     [timezone] => MST                 )          )      [addresses:protected] => Array         (             [0] => QuickCommerce\Model\Core\Address\PosAddress Object                 (                     [addressId:protected] => 715                     [customerId:protected] => 1                     [firstname:protected] => ACE                     [lastname:protected] => Cashier                     [company:protected] =>                      [address1:protected] => 10055 80 Ave NW                     [address2:protected] =>                      [city:protected] => Edmonton                     [postcode:protected] => T6E 1T4                     [countryId:protected] => 38                     [zoneId:protected] => 602                 )          )  )  [] []
