[2017-07-12 00:20:05] pos_logger.DEBUG: checking QuickCommerce\Adapter\OC2\Service\Oc2ReferenceDataService [] []
[2017-07-12 00:20:05] pos_logger.DEBUG: class found [] []
[2017-07-12 00:20:05] pos_logger.DEBUG: checking QuickCommerce\Adapter\OC2\Service\Oc2SettingsService [] []
[2017-07-12 00:20:05] pos_logger.DEBUG: class found [] []
[2017-07-12 00:20:05] pos_logger.DEBUG: checking QuickCommerce\Adapter\OC2\Service\Oc2OrderService [] []
[2017-07-12 00:20:05] pos_logger.DEBUG: class found [] []
[2017-07-12 02:18:39] pos_logger.DEBUG: checking QuickCommerce\Adapter\OC2\Service\Oc2ReferenceDataService [] []
[2017-07-12 02:18:39] pos_logger.DEBUG: class found [] []
[2017-07-12 02:18:39] pos_logger.DEBUG: checking QuickCommerce\Adapter\OC2\Service\Oc2SettingsService [] []
[2017-07-12 02:18:39] pos_logger.DEBUG: class found [] []
[2017-07-12 02:18:40] pos_logger.DEBUG: checking QuickCommerce\Adapter\OC2\Service\Oc2OrderService [] []
[2017-07-12 02:18:40] pos_logger.DEBUG: class found [] []
[2017-07-12 02:19:00] pos_logger.DEBUG: checking QuickCommerce\Adapter\OC2\Service\Oc2OrderService [] []
[2017-07-12 02:19:00] pos_logger.DEBUG: class found [] []
[2017-07-12 02:19:00] pos_logger.DEBUG: checking QuickCommerce\Adapter\OC2\Service\Oc2OrderService [] []
[2017-07-12 02:19:00] pos_logger.DEBUG: class found [] []
[2017-07-12 02:19:02] pos_logger.DEBUG: checking QuickCommerce\Adapter\OC2\Service\Oc2OrderService [] []
[2017-07-12 02:19:02] pos_logger.DEBUG: class found [] []
[2017-07-12 02:19:02] pos_logger.DEBUG: updating quantity with change 1 for productId  and productOptionValueIds Array ( )  [] []
[2017-07-12 02:19:03] pos_logger.DEBUG: checking QuickCommerce\Adapter\OC2\Service\Oc2OrderService [] []
[2017-07-12 02:19:03] pos_logger.DEBUG: class found [] []
[2017-07-12 04:08:29] pos_logger.DEBUG: checking QuickCommerce\Adapter\OC2\Service\Oc2ReferenceDataService [] []
[2017-07-12 04:08:29] pos_logger.DEBUG: class found [] []
[2017-07-12 04:08:29] pos_logger.DEBUG: checking QuickCommerce\Adapter\OC2\Service\Oc2SettingsService [] []
[2017-07-12 04:08:29] pos_logger.DEBUG: class found [] []
[2017-07-12 04:08:29] pos_logger.DEBUG: checking QuickCommerce\Adapter\OC2\Service\Oc2OrderService [] []
[2017-07-12 04:08:29] pos_logger.DEBUG: class found [] []
[2017-07-12 04:54:01] pos_logger.DEBUG: checking QuickCommerce\Adapter\OC2\Service\Oc2ReferenceDataService [] []
[2017-07-12 04:54:01] pos_logger.DEBUG: class found [] []
[2017-07-12 04:54:01] pos_logger.DEBUG: checking QuickCommerce\Adapter\OC2\Service\Oc2SettingsService [] []
[2017-07-12 04:54:01] pos_logger.DEBUG: class found [] []
[2017-07-12 04:54:02] pos_logger.DEBUG: checking QuickCommerce\Adapter\OC2\Service\Oc2OrderService [] []
[2017-07-12 04:54:02] pos_logger.DEBUG: class found [] []
[2017-07-12 04:54:25] pos_logger.DEBUG: checking QuickCommerce\Adapter\OC2\Service\Oc2ReferenceDataService [] []
[2017-07-12 04:54:25] pos_logger.DEBUG: class found [] []
[2017-07-12 04:54:25] pos_logger.DEBUG: checking QuickCommerce\Adapter\OC2\Service\Oc2SettingsService [] []
[2017-07-12 04:54:25] pos_logger.DEBUG: class found [] []
[2017-07-12 04:54:26] pos_logger.DEBUG: checking QuickCommerce\Adapter\OC2\Service\Oc2OrderService [] []
[2017-07-12 04:54:26] pos_logger.DEBUG: class found [] []
[2017-07-12 06:05:06] pos_logger.DEBUG: checking QuickCommerce\Adapter\OC2\Service\Oc2ReferenceDataService [] []
[2017-07-12 06:05:06] pos_logger.DEBUG: class found [] []
[2017-07-12 06:05:06] pos_logger.DEBUG: checking QuickCommerce\Adapter\OC2\Service\Oc2SettingsService [] []
[2017-07-12 06:05:06] pos_logger.DEBUG: class found [] []
[2017-07-12 06:05:07] pos_logger.DEBUG: checking QuickCommerce\Adapter\OC2\Service\Oc2OrderService [] []
[2017-07-12 06:05:07] pos_logger.DEBUG: class found [] []
[2017-07-12 06:19:57] pos_logger.DEBUG: checking QuickCommerce\Adapter\OC2\Service\Oc2ReferenceDataService [] []
[2017-07-12 06:19:57] pos_logger.DEBUG: class found [] []
[2017-07-12 06:19:57] pos_logger.DEBUG: checking QuickCommerce\Adapter\OC2\Service\Oc2SettingsService [] []
[2017-07-12 06:19:57] pos_logger.DEBUG: class found [] []
[2017-07-12 06:19:57] pos_logger.DEBUG: checking QuickCommerce\Adapter\OC2\Service\Oc2OrderService [] []
[2017-07-12 06:19:57] pos_logger.DEBUG: class found [] []
[2017-07-12 06:20:33] pos_logger.DEBUG: checking QuickCommerce\Adapter\OC2\Service\Oc2ReferenceDataService [] []
[2017-07-12 06:20:34] pos_logger.DEBUG: class found [] []
[2017-07-12 06:20:34] pos_logger.DEBUG: checking QuickCommerce\Adapter\OC2\Service\Oc2SettingsService [] []
[2017-07-12 06:20:34] pos_logger.DEBUG: class found [] []
[2017-07-12 06:20:34] pos_logger.DEBUG: checking QuickCommerce\Adapter\OC2\Service\Oc2OrderService [] []
[2017-07-12 06:20:34] pos_logger.DEBUG: class found [] []
[2017-07-12 06:20:52] pos_logger.DEBUG: checking QuickCommerce\Adapter\OC2\Service\Oc2ReferenceDataService [] []
[2017-07-12 06:20:52] pos_logger.DEBUG: class found [] []
[2017-07-12 06:20:52] pos_logger.DEBUG: checking QuickCommerce\Adapter\OC2\Service\Oc2SettingsService [] []
[2017-07-12 06:20:52] pos_logger.DEBUG: class found [] []
[2017-07-12 06:20:53] pos_logger.DEBUG: checking QuickCommerce\Adapter\OC2\Service\Oc2OrderService [] []
[2017-07-12 06:20:53] pos_logger.DEBUG: class found [] []
[2017-07-12 06:23:48] pos_logger.DEBUG: checking QuickCommerce\Adapter\OC2\Service\Oc2ReferenceDataService [] []
[2017-07-12 06:23:48] pos_logger.DEBUG: class found [] []
[2017-07-12 06:23:48] pos_logger.DEBUG: checking QuickCommerce\Adapter\OC2\Service\Oc2SettingsService [] []
[2017-07-12 06:23:48] pos_logger.DEBUG: class found [] []
[2017-07-12 06:23:48] pos_logger.DEBUG: checking QuickCommerce\Adapter\OC2\Service\Oc2OrderService [] []
[2017-07-12 06:23:48] pos_logger.DEBUG: class found [] []
[2017-07-12 06:24:55] pos_logger.DEBUG: checking QuickCommerce\Adapter\OC2\Service\Oc2ReferenceDataService [] []
[2017-07-12 06:24:55] pos_logger.DEBUG: class found [] []
[2017-07-12 06:24:55] pos_logger.DEBUG: checking QuickCommerce\Adapter\OC2\Service\Oc2SettingsService [] []
[2017-07-12 06:24:55] pos_logger.DEBUG: class found [] []
[2017-07-12 06:24:56] pos_logger.DEBUG: checking QuickCommerce\Adapter\OC2\Service\Oc2OrderService [] []
[2017-07-12 06:24:56] pos_logger.DEBUG: class found [] []
[2017-07-12 06:25:22] pos_logger.DEBUG: checking QuickCommerce\Adapter\OC2\Service\Oc2ReferenceDataService [] []
[2017-07-12 06:25:22] pos_logger.DEBUG: class found [] []
[2017-07-12 06:25:22] pos_logger.DEBUG: checking QuickCommerce\Adapter\OC2\Service\Oc2SettingsService [] []
[2017-07-12 06:25:22] pos_logger.DEBUG: class found [] []
[2017-07-12 06:25:23] pos_logger.DEBUG: checking QuickCommerce\Adapter\OC2\Service\Oc2OrderService [] []
[2017-07-12 06:25:23] pos_logger.DEBUG: class found [] []
[2017-07-12 06:25:28] pos_logger.DEBUG: checking QuickCommerce\Adapter\OC2\Service\Oc2OrderService [] []
[2017-07-12 06:25:28] pos_logger.DEBUG: class found [] []
[2017-07-12 06:25:29] pos_logger.DEBUG: checking QuickCommerce\Adapter\OC2\Service\Oc2OrderService [] []
[2017-07-12 06:25:29] pos_logger.DEBUG: class found [] []
[2017-07-12 06:25:30] pos_logger.DEBUG: checking QuickCommerce\Adapter\OC2\Service\Oc2OrderService [] []
[2017-07-12 06:25:30] pos_logger.DEBUG: class found [] []
[2017-07-12 06:25:31] pos_logger.DEBUG: checking QuickCommerce\Adapter\OC2\Service\Oc2OrderService [] []
[2017-07-12 06:25:31] pos_logger.DEBUG: class found [] []
[2017-07-12 06:26:08] pos_logger.DEBUG: checking QuickCommerce\Adapter\OC2\Service\Oc2ReferenceDataService [] []
[2017-07-12 06:26:08] pos_logger.DEBUG: class found [] []
[2017-07-12 06:26:08] pos_logger.DEBUG: checking QuickCommerce\Adapter\OC2\Service\Oc2SettingsService [] []
[2017-07-12 06:26:08] pos_logger.DEBUG: class found [] []
[2017-07-12 06:26:09] pos_logger.DEBUG: checking QuickCommerce\Adapter\OC2\Service\Oc2OrderService [] []
[2017-07-12 06:26:09] pos_logger.DEBUG: class found [] []
[2017-07-12 06:28:05] pos_logger.DEBUG: checking QuickCommerce\Adapter\OC2\Service\Oc2ReferenceDataService [] []
[2017-07-12 06:28:05] pos_logger.DEBUG: class found [] []
[2017-07-12 06:28:05] pos_logger.DEBUG: checking QuickCommerce\Adapter\OC2\Service\Oc2SettingsService [] []
[2017-07-12 06:28:05] pos_logger.DEBUG: class found [] []
[2017-07-12 06:28:10] pos_logger.DEBUG: checking QuickCommerce\Adapter\OC2\Service\Oc2OrderService [] []
[2017-07-12 06:28:10] pos_logger.DEBUG: class found [] []
[2017-07-12 06:39:22] pos_logger.DEBUG: checking QuickCommerce\Adapter\OC2\Service\Oc2ReferenceDataService [] []
[2017-07-12 06:39:22] pos_logger.DEBUG: class found [] []
[2017-07-12 06:39:22] pos_logger.DEBUG: checking QuickCommerce\Adapter\OC2\Service\Oc2SettingsService [] []
[2017-07-12 06:39:22] pos_logger.DEBUG: class found [] []
[2017-07-12 06:39:23] pos_logger.DEBUG: checking QuickCommerce\Adapter\OC2\Service\Oc2OrderService [] []
[2017-07-12 06:39:23] pos_logger.DEBUG: class found [] []
[2017-07-12 06:40:54] pos_logger.DEBUG: checking QuickCommerce\Adapter\OC2\Service\Oc2ReferenceDataService [] []
[2017-07-12 06:40:54] pos_logger.DEBUG: class found [] []
[2017-07-12 06:40:54] pos_logger.DEBUG: checking QuickCommerce\Adapter\OC2\Service\Oc2SettingsService [] []
[2017-07-12 06:40:54] pos_logger.DEBUG: class found [] []
[2017-07-12 06:40:57] pos_logger.DEBUG: checking QuickCommerce\Adapter\OC2\Service\Oc2OrderService [] []
[2017-07-12 06:40:57] pos_logger.DEBUG: class found [] []
[2017-07-12 06:46:37] pos_logger.DEBUG: checking QuickCommerce\Adapter\OC2\Service\Oc2ReferenceDataService [] []
[2017-07-12 06:46:37] pos_logger.DEBUG: class found [] []
[2017-07-12 06:46:37] pos_logger.DEBUG: checking QuickCommerce\Adapter\OC2\Service\Oc2SettingsService [] []
[2017-07-12 06:46:37] pos_logger.DEBUG: class found [] []
[2017-07-12 06:46:37] pos_logger.DEBUG: checking QuickCommerce\Adapter\OC2\Service\Oc2OrderService [] []
[2017-07-12 06:46:37] pos_logger.DEBUG: class found [] []
[2017-07-12 06:59:14] pos_logger.DEBUG: checking QuickCommerce\Adapter\OC2\Service\Oc2ReferenceDataService [] []
[2017-07-12 06:59:14] pos_logger.DEBUG: class found [] []
[2017-07-12 06:59:14] pos_logger.DEBUG: checking QuickCommerce\Adapter\OC2\Service\Oc2SettingsService [] []
[2017-07-12 06:59:14] pos_logger.DEBUG: class found [] []
[2017-07-12 06:59:14] pos_logger.DEBUG: checking QuickCommerce\Adapter\OC2\Service\Oc2OrderService [] []
[2017-07-12 06:59:14] pos_logger.DEBUG: class found [] []
[2017-07-12 07:05:51] pos_logger.DEBUG: checking QuickCommerce\Adapter\OC2\Service\Oc2ReferenceDataService [] []
[2017-07-12 07:05:51] pos_logger.DEBUG: class found [] []
[2017-07-12 07:05:51] pos_logger.DEBUG: checking QuickCommerce\Adapter\OC2\Service\Oc2SettingsService [] []
[2017-07-12 07:05:51] pos_logger.DEBUG: class found [] []
[2017-07-12 07:05:51] pos_logger.DEBUG: checking QuickCommerce\Adapter\OC2\Service\Oc2OrderService [] []
[2017-07-12 07:05:51] pos_logger.DEBUG: class found [] []
[2017-07-12 07:05:56] pos_logger.DEBUG: checking QuickCommerce\Adapter\OC2\Service\Oc2ReferenceDataService [] []
[2017-07-12 07:05:56] pos_logger.DEBUG: class found [] []
[2017-07-12 07:05:56] pos_logger.DEBUG: checking QuickCommerce\Adapter\OC2\Service\Oc2SettingsService [] []
[2017-07-12 07:05:56] pos_logger.DEBUG: class found [] []
[2017-07-12 07:05:57] pos_logger.DEBUG: checking QuickCommerce\Adapter\OC2\Service\Oc2OrderService [] []
[2017-07-12 07:05:57] pos_logger.DEBUG: class found [] []
[2017-07-12 07:06:07] pos_logger.DEBUG: checking QuickCommerce\Adapter\OC2\Service\Oc2ReferenceDataService [] []
[2017-07-12 07:06:07] pos_logger.DEBUG: class found [] []
[2017-07-12 07:06:08] pos_logger.DEBUG: checking QuickCommerce\Adapter\OC2\Service\Oc2SettingsService [] []
[2017-07-12 07:06:08] pos_logger.DEBUG: class found [] []
[2017-07-12 07:06:08] pos_logger.DEBUG: checking QuickCommerce\Adapter\OC2\Service\Oc2OrderService [] []
[2017-07-12 07:06:08] pos_logger.DEBUG: class found [] []
[2017-07-12 07:06:12] pos_logger.DEBUG: checking QuickCommerce\Adapter\OC2\Service\Oc2ReferenceDataService [] []
[2017-07-12 07:06:12] pos_logger.DEBUG: class found [] []
[2017-07-12 07:06:13] pos_logger.DEBUG: checking QuickCommerce\Adapter\OC2\Service\Oc2SettingsService [] []
[2017-07-12 07:06:13] pos_logger.DEBUG: class found [] []
[2017-07-12 07:06:13] pos_logger.DEBUG: checking QuickCommerce\Adapter\OC2\Service\Oc2OrderService [] []
[2017-07-12 07:06:13] pos_logger.DEBUG: class found [] []
[2017-07-12 07:19:46] pos_logger.DEBUG: checking QuickCommerce\Adapter\OC2\Service\Oc2ReferenceDataService [] []
[2017-07-12 07:19:46] pos_logger.DEBUG: class found [] []
[2017-07-12 07:19:46] pos_logger.DEBUG: checking QuickCommerce\Adapter\OC2\Service\Oc2SettingsService [] []
[2017-07-12 07:19:46] pos_logger.DEBUG: class found [] []
[2017-07-12 07:19:46] pos_logger.DEBUG: checking QuickCommerce\Adapter\OC2\Service\Oc2OrderService [] []
[2017-07-12 07:19:46] pos_logger.DEBUG: class found [] []
[2017-07-12 07:25:08] pos_logger.DEBUG: checking QuickCommerce\Adapter\OC2\Service\Oc2ReferenceDataService [] []
[2017-07-12 07:25:08] pos_logger.DEBUG: class found [] []
[2017-07-12 07:25:09] pos_logger.DEBUG: checking QuickCommerce\Adapter\OC2\Service\Oc2SettingsService [] []
[2017-07-12 07:25:09] pos_logger.DEBUG: class found [] []
[2017-07-12 07:25:09] pos_logger.DEBUG: checking QuickCommerce\Adapter\OC2\Service\Oc2OrderService [] []
[2017-07-12 07:25:09] pos_logger.DEBUG: class found [] []
[2017-07-12 07:26:54] pos_logger.DEBUG: checking QuickCommerce\Adapter\OC2\Service\Oc2ReferenceDataService [] []
[2017-07-12 07:26:54] pos_logger.DEBUG: class found [] []
[2017-07-12 07:26:54] pos_logger.DEBUG: checking QuickCommerce\Adapter\OC2\Service\Oc2SettingsService [] []
[2017-07-12 07:26:54] pos_logger.DEBUG: class found [] []
[2017-07-12 07:26:55] pos_logger.DEBUG: checking QuickCommerce\Adapter\OC2\Service\Oc2OrderService [] []
[2017-07-12 07:26:55] pos_logger.DEBUG: class found [] []
[2017-07-12 07:33:49] pos_logger.DEBUG: checking QuickCommerce\Adapter\OC2\Service\Oc2ReferenceDataService [] []
[2017-07-12 07:33:49] pos_logger.DEBUG: class found [] []
[2017-07-12 07:33:49] pos_logger.DEBUG: checking QuickCommerce\Adapter\OC2\Service\Oc2SettingsService [] []
[2017-07-12 07:33:49] pos_logger.DEBUG: class found [] []
[2017-07-12 07:33:49] pos_logger.DEBUG: checking QuickCommerce\Adapter\OC2\Service\Oc2OrderService [] []
[2017-07-12 07:33:49] pos_logger.DEBUG: class found [] []
[2017-07-12 07:36:44] pos_logger.DEBUG: checking QuickCommerce\Adapter\OC2\Service\Oc2ReferenceDataService [] []
[2017-07-12 07:36:44] pos_logger.DEBUG: class found [] []
[2017-07-12 07:36:44] pos_logger.DEBUG: checking QuickCommerce\Adapter\OC2\Service\Oc2SettingsService [] []
[2017-07-12 07:36:44] pos_logger.DEBUG: class found [] []
[2017-07-12 07:36:45] pos_logger.DEBUG: checking QuickCommerce\Adapter\OC2\Service\Oc2OrderService [] []
[2017-07-12 07:36:45] pos_logger.DEBUG: class found [] []
[2017-07-12 07:36:54] pos_logger.DEBUG: checking QuickCommerce\Adapter\OC2\Service\Oc2ReferenceDataService [] []
[2017-07-12 07:36:54] pos_logger.DEBUG: class found [] []
[2017-07-12 07:36:54] pos_logger.DEBUG: checking QuickCommerce\Adapter\OC2\Service\Oc2SettingsService [] []
[2017-07-12 07:36:54] pos_logger.DEBUG: class found [] []
[2017-07-12 07:36:54] pos_logger.DEBUG: checking QuickCommerce\Adapter\OC2\Service\Oc2OrderService [] []
[2017-07-12 07:36:54] pos_logger.DEBUG: class found [] []
[2017-07-12 07:37:05] pos_logger.DEBUG: checking QuickCommerce\Adapter\OC2\Service\Oc2OrderService [] []
[2017-07-12 07:37:05] pos_logger.DEBUG: class found [] []
[2017-07-12 07:37:05] pos_logger.DEBUG: checking QuickCommerce\Adapter\OC2\Service\Oc2OrderService [] []
[2017-07-12 07:37:05] pos_logger.DEBUG: class found [] []
[2017-07-12 07:37:31] pos_logger.DEBUG: checking QuickCommerce\Adapter\OC2\Service\Oc2ReferenceDataService [] []
[2017-07-12 07:37:31] pos_logger.DEBUG: class found [] []
[2017-07-12 07:37:31] pos_logger.DEBUG: checking QuickCommerce\Adapter\OC2\Service\Oc2SettingsService [] []
[2017-07-12 07:37:31] pos_logger.DEBUG: class found [] []
[2017-07-12 07:37:31] pos_logger.DEBUG: checking QuickCommerce\Adapter\OC2\Service\Oc2OrderService [] []
[2017-07-12 07:37:31] pos_logger.DEBUG: class found [] []
[2017-07-12 07:37:47] pos_logger.DEBUG: checking QuickCommerce\Adapter\OC2\Service\Oc2ReferenceDataService [] []
[2017-07-12 07:37:47] pos_logger.DEBUG: class found [] []
[2017-07-12 07:37:47] pos_logger.DEBUG: checking QuickCommerce\Adapter\OC2\Service\Oc2SettingsService [] []
[2017-07-12 07:37:47] pos_logger.DEBUG: class found [] []
[2017-07-12 07:37:48] pos_logger.DEBUG: checking QuickCommerce\Adapter\OC2\Service\Oc2OrderService [] []
[2017-07-12 07:37:48] pos_logger.DEBUG: class found [] []
[2017-07-12 07:45:23] pos_logger.DEBUG: checking QuickCommerce\Adapter\OC2\Service\Oc2ReferenceDataService [] []
[2017-07-12 07:45:23] pos_logger.DEBUG: class found [] []
[2017-07-12 07:45:23] pos_logger.DEBUG: checking QuickCommerce\Adapter\OC2\Service\Oc2SettingsService [] []
[2017-07-12 07:45:23] pos_logger.DEBUG: class found [] []
[2017-07-12 07:45:24] pos_logger.DEBUG: checking QuickCommerce\Adapter\OC2\Service\Oc2OrderService [] []
[2017-07-12 07:45:24] pos_logger.DEBUG: class found [] []
[2017-07-12 07:47:06] pos_logger.DEBUG: checking QuickCommerce\Adapter\OC2\Service\Oc2ReferenceDataService [] []
[2017-07-12 07:47:06] pos_logger.DEBUG: class found [] []
[2017-07-12 07:47:06] pos_logger.DEBUG: checking QuickCommerce\Adapter\OC2\Service\Oc2SettingsService [] []
[2017-07-12 07:47:06] pos_logger.DEBUG: class found [] []
[2017-07-12 07:47:07] pos_logger.DEBUG: checking QuickCommerce\Adapter\OC2\Service\Oc2OrderService [] []
[2017-07-12 07:47:07] pos_logger.DEBUG: class found [] []
[2017-07-12 07:48:28] pos_logger.DEBUG: checking QuickCommerce\Adapter\OC2\Service\Oc2ReferenceDataService [] []
[2017-07-12 07:48:28] pos_logger.DEBUG: class found [] []
[2017-07-12 07:48:28] pos_logger.DEBUG: checking QuickCommerce\Adapter\OC2\Service\Oc2SettingsService [] []
[2017-07-12 07:48:28] pos_logger.DEBUG: class found [] []
[2017-07-12 07:48:29] pos_logger.DEBUG: checking QuickCommerce\Adapter\OC2\Service\Oc2OrderService [] []
[2017-07-12 07:48:29] pos_logger.DEBUG: class found [] []
[2017-07-12 07:51:36] pos_logger.DEBUG: checking QuickCommerce\Adapter\OC2\Service\Oc2ReferenceDataService [] []
[2017-07-12 07:51:36] pos_logger.DEBUG: class found [] []
[2017-07-12 07:51:36] pos_logger.DEBUG: checking QuickCommerce\Adapter\OC2\Service\Oc2SettingsService [] []
[2017-07-12 07:51:36] pos_logger.DEBUG: class found [] []
[2017-07-12 07:51:37] pos_logger.DEBUG: checking QuickCommerce\Adapter\OC2\Service\Oc2OrderService [] []
[2017-07-12 07:51:37] pos_logger.DEBUG: class found [] []
[2017-07-12 07:52:14] pos_logger.DEBUG: checking QuickCommerce\Adapter\OC2\Service\Oc2ReferenceDataService [] []
[2017-07-12 07:52:14] pos_logger.DEBUG: class found [] []
[2017-07-12 07:52:14] pos_logger.DEBUG: checking QuickCommerce\Adapter\OC2\Service\Oc2SettingsService [] []
[2017-07-12 07:52:14] pos_logger.DEBUG: class found [] []
[2017-07-12 07:52:15] pos_logger.DEBUG: checking QuickCommerce\Adapter\OC2\Service\Oc2OrderService [] []
[2017-07-12 07:52:15] pos_logger.DEBUG: class found [] []
[2017-07-12 07:54:21] pos_logger.DEBUG: checking QuickCommerce\Adapter\OC2\Service\Oc2ReferenceDataService [] []
[2017-07-12 07:54:21] pos_logger.DEBUG: class found [] []
[2017-07-12 07:54:21] pos_logger.DEBUG: checking QuickCommerce\Adapter\OC2\Service\Oc2SettingsService [] []
[2017-07-12 07:54:21] pos_logger.DEBUG: class found [] []
[2017-07-12 07:54:22] pos_logger.DEBUG: checking QuickCommerce\Adapter\OC2\Service\Oc2OrderService [] []
[2017-07-12 07:54:22] pos_logger.DEBUG: class found [] []
[2017-07-12 08:41:14] pos_logger.DEBUG: checking QuickCommerce\Adapter\OC2\Service\Oc2ReferenceDataService [] []
[2017-07-12 08:41:14] pos_logger.DEBUG: class found [] []
[2017-07-12 08:41:14] pos_logger.DEBUG: checking QuickCommerce\Adapter\OC2\Service\Oc2SettingsService [] []
[2017-07-12 08:41:14] pos_logger.DEBUG: class found [] []
[2017-07-12 08:41:15] pos_logger.DEBUG: checking QuickCommerce\Adapter\OC2\Service\Oc2OrderService [] []
[2017-07-12 08:41:15] pos_logger.DEBUG: class found [] []
[2017-07-12 08:45:25] pos_logger.DEBUG: checking QuickCommerce\Adapter\OC2\Service\Oc2ReferenceDataService [] []
[2017-07-12 08:45:25] pos_logger.DEBUG: class found [] []
[2017-07-12 08:45:25] pos_logger.DEBUG: checking QuickCommerce\Adapter\OC2\Service\Oc2SettingsService [] []
[2017-07-12 08:45:25] pos_logger.DEBUG: class found [] []
[2017-07-12 08:45:25] pos_logger.DEBUG: checking QuickCommerce\Adapter\OC2\Service\Oc2OrderService [] []
[2017-07-12 08:45:25] pos_logger.DEBUG: class found [] []
[2017-07-12 08:48:34] pos_logger.DEBUG: checking QuickCommerce\Adapter\OC2\Service\Oc2ReferenceDataService [] []
[2017-07-12 08:48:34] pos_logger.DEBUG: class found [] []
[2017-07-12 08:48:35] pos_logger.DEBUG: checking QuickCommerce\Adapter\OC2\Service\Oc2SettingsService [] []
[2017-07-12 08:48:35] pos_logger.DEBUG: class found [] []
[2017-07-12 08:48:35] pos_logger.DEBUG: checking QuickCommerce\Adapter\OC2\Service\Oc2OrderService [] []
[2017-07-12 08:48:35] pos_logger.DEBUG: class found [] []
[2017-07-12 08:49:00] pos_logger.DEBUG: checking QuickCommerce\Adapter\OC2\Service\Oc2ReferenceDataService [] []
[2017-07-12 08:49:00] pos_logger.DEBUG: class found [] []
[2017-07-12 08:49:00] pos_logger.DEBUG: checking QuickCommerce\Adapter\OC2\Service\Oc2SettingsService [] []
[2017-07-12 08:49:00] pos_logger.DEBUG: class found [] []
[2017-07-12 08:49:01] pos_logger.DEBUG: checking QuickCommerce\Adapter\OC2\Service\Oc2OrderService [] []
[2017-07-12 08:49:01] pos_logger.DEBUG: class found [] []
[2017-07-12 15:41:00] pos_logger.DEBUG: checking QuickCommerce\Adapter\OC2\Service\Oc2ReferenceDataService [] []
[2017-07-12 15:41:00] pos_logger.DEBUG: class found [] []
[2017-07-12 15:41:00] pos_logger.DEBUG: checking QuickCommerce\Adapter\OC2\Service\Oc2SettingsService [] []
[2017-07-12 15:41:00] pos_logger.DEBUG: class found [] []
[2017-07-12 17:02:46] pos_logger.DEBUG: checking QuickCommerce\Adapter\OC2\Service\Oc2ReferenceDataService [] []
[2017-07-12 17:02:46] pos_logger.DEBUG: class found [] []
[2017-07-12 17:02:46] pos_logger.DEBUG: checking QuickCommerce\Adapter\OC2\Service\Oc2SettingsService [] []
[2017-07-12 17:02:46] pos_logger.DEBUG: class found [] []
[2017-07-12 17:02:46] pos_logger.DEBUG: checking QuickCommerce\Adapter\OC2\Service\Oc2OrderService [] []
[2017-07-12 17:02:46] pos_logger.DEBUG: class found [] []
[2017-07-12 17:02:54] pos_logger.DEBUG: checking QuickCommerce\Adapter\OC2\Service\Oc2ReferenceDataService [] []
[2017-07-12 17:02:54] pos_logger.DEBUG: class found [] []
[2017-07-12 17:02:54] pos_logger.DEBUG: checking QuickCommerce\Adapter\OC2\Service\Oc2SettingsService [] []
[2017-07-12 17:02:54] pos_logger.DEBUG: class found [] []
[2017-07-12 17:02:55] pos_logger.DEBUG: checking QuickCommerce\Adapter\OC2\Service\Oc2OrderService [] []
[2017-07-12 17:02:55] pos_logger.DEBUG: class found [] []
[2017-07-12 17:10:58] pos_logger.DEBUG: checking QuickCommerce\Adapter\OC2\Service\Oc2ReferenceDataService [] []
[2017-07-12 17:10:58] pos_logger.DEBUG: class found [] []
[2017-07-12 17:10:58] pos_logger.DEBUG: checking QuickCommerce\Adapter\OC2\Service\Oc2SettingsService [] []
[2017-07-12 17:10:58] pos_logger.DEBUG: class found [] []
[2017-07-12 17:10:59] pos_logger.DEBUG: checking QuickCommerce\Adapter\OC2\Service\Oc2OrderService [] []
[2017-07-12 17:10:59] pos_logger.DEBUG: class found [] []
[2017-07-12 17:14:40] pos_logger.DEBUG: checking QuickCommerce\Adapter\OC2\Service\Oc2ReferenceDataService [] []
[2017-07-12 17:14:40] pos_logger.DEBUG: class found [] []
[2017-07-12 17:14:40] pos_logger.DEBUG: checking QuickCommerce\Adapter\OC2\Service\Oc2SettingsService [] []
[2017-07-12 17:14:40] pos_logger.DEBUG: class found [] []
[2017-07-12 17:14:41] pos_logger.DEBUG: checking QuickCommerce\Adapter\OC2\Service\Oc2OrderService [] []
[2017-07-12 17:14:41] pos_logger.DEBUG: class found [] []
[2017-07-12 17:19:34] pos_logger.DEBUG: checking QuickCommerce\Adapter\OC2\Service\Oc2ReferenceDataService [] []
[2017-07-12 17:19:34] pos_logger.DEBUG: class found [] []
[2017-07-12 17:19:34] pos_logger.DEBUG: checking QuickCommerce\Adapter\OC2\Service\Oc2SettingsService [] []
[2017-07-12 17:19:34] pos_logger.DEBUG: class found [] []
[2017-07-12 17:19:35] pos_logger.DEBUG: checking QuickCommerce\Adapter\OC2\Service\Oc2OrderService [] []
[2017-07-12 17:19:35] pos_logger.DEBUG: class found [] []
[2017-07-12 17:25:55] pos_logger.DEBUG: checking QuickCommerce\Adapter\OC2\Service\Oc2ReferenceDataService [] []
[2017-07-12 17:25:55] pos_logger.DEBUG: class found [] []
[2017-07-12 17:25:55] pos_logger.DEBUG: checking QuickCommerce\Adapter\OC2\Service\Oc2SettingsService [] []
[2017-07-12 17:25:55] pos_logger.DEBUG: class found [] []
[2017-07-12 17:25:56] pos_logger.DEBUG: checking QuickCommerce\Adapter\OC2\Service\Oc2OrderService [] []
[2017-07-12 17:25:56] pos_logger.DEBUG: class found [] []
[2017-07-12 17:31:17] pos_logger.DEBUG: checking QuickCommerce\Adapter\OC2\Service\Oc2ReferenceDataService [] []
[2017-07-12 17:31:17] pos_logger.DEBUG: class found [] []
[2017-07-12 17:31:17] pos_logger.DEBUG: checking QuickCommerce\Adapter\OC2\Service\Oc2SettingsService [] []
[2017-07-12 17:31:17] pos_logger.DEBUG: class found [] []
[2017-07-12 17:31:18] pos_logger.DEBUG: checking QuickCommerce\Adapter\OC2\Service\Oc2OrderService [] []
[2017-07-12 17:31:18] pos_logger.DEBUG: class found [] []
[2017-07-12 17:43:17] pos_logger.DEBUG: checking QuickCommerce\Adapter\OC2\Service\Oc2ReferenceDataService [] []
[2017-07-12 17:43:17] pos_logger.DEBUG: class found [] []
[2017-07-12 17:43:17] pos_logger.DEBUG: checking QuickCommerce\Adapter\OC2\Service\Oc2SettingsService [] []
[2017-07-12 17:43:17] pos_logger.DEBUG: class found [] []
[2017-07-12 17:43:18] pos_logger.DEBUG: checking QuickCommerce\Adapter\OC2\Service\Oc2OrderService [] []
[2017-07-12 17:43:18] pos_logger.DEBUG: class found [] []
[2017-07-12 17:58:24] pos_logger.DEBUG: checking QuickCommerce\Adapter\OC2\Service\Oc2ReferenceDataService [] []
[2017-07-12 17:58:24] pos_logger.DEBUG: class found [] []
[2017-07-12 17:58:24] pos_logger.DEBUG: checking QuickCommerce\Adapter\OC2\Service\Oc2SettingsService [] []
[2017-07-12 17:58:24] pos_logger.DEBUG: class found [] []
[2017-07-12 17:58:24] pos_logger.DEBUG: checking QuickCommerce\Adapter\OC2\Service\Oc2OrderService [] []
[2017-07-12 17:58:24] pos_logger.DEBUG: class found [] []
[2017-07-12 17:58:29] pos_logger.DEBUG: checking QuickCommerce\Adapter\OC2\Service\Oc2ReferenceDataService [] []
[2017-07-12 17:58:29] pos_logger.DEBUG: class found [] []
[2017-07-12 17:58:29] pos_logger.DEBUG: checking QuickCommerce\Adapter\OC2\Service\Oc2SettingsService [] []
[2017-07-12 17:58:29] pos_logger.DEBUG: class found [] []
[2017-07-12 17:58:29] pos_logger.DEBUG: checking QuickCommerce\Adapter\OC2\Service\Oc2OrderService [] []
[2017-07-12 17:58:29] pos_logger.DEBUG: class found [] []
[2017-07-12 17:59:16] pos_logger.DEBUG: checking QuickCommerce\Adapter\OC2\Service\Oc2ReferenceDataService [] []
[2017-07-12 17:59:16] pos_logger.DEBUG: class found [] []
[2017-07-12 17:59:16] pos_logger.DEBUG: checking QuickCommerce\Adapter\OC2\Service\Oc2SettingsService [] []
[2017-07-12 17:59:16] pos_logger.DEBUG: class found [] []
[2017-07-12 17:59:16] pos_logger.DEBUG: checking QuickCommerce\Adapter\OC2\Service\Oc2OrderService [] []
[2017-07-12 17:59:16] pos_logger.DEBUG: class found [] []
[2017-07-12 17:59:23] pos_logger.DEBUG: checking QuickCommerce\Adapter\OC2\Service\Oc2ReferenceDataService [] []
[2017-07-12 17:59:23] pos_logger.DEBUG: class found [] []
[2017-07-12 17:59:23] pos_logger.DEBUG: checking QuickCommerce\Adapter\OC2\Service\Oc2SettingsService [] []
[2017-07-12 17:59:23] pos_logger.DEBUG: class found [] []
[2017-07-12 17:59:24] pos_logger.DEBUG: checking QuickCommerce\Adapter\OC2\Service\Oc2OrderService [] []
[2017-07-12 17:59:24] pos_logger.DEBUG: class found [] []
[2017-07-12 18:02:38] pos_logger.DEBUG: checking QuickCommerce\Adapter\OC2\Service\Oc2ReferenceDataService [] []
[2017-07-12 18:02:38] pos_logger.DEBUG: class found [] []
[2017-07-12 18:02:38] pos_logger.DEBUG: checking QuickCommerce\Adapter\OC2\Service\Oc2SettingsService [] []
[2017-07-12 18:02:38] pos_logger.DEBUG: class found [] []
[2017-07-12 18:02:39] pos_logger.DEBUG: checking QuickCommerce\Adapter\OC2\Service\Oc2OrderService [] []
[2017-07-12 18:02:39] pos_logger.DEBUG: class found [] []
[2017-07-12 18:30:39] pos_logger.DEBUG: checking QuickCommerce\Adapter\OC2\Service\Oc2ReferenceDataService [] []
[2017-07-12 18:30:39] pos_logger.DEBUG: class found [] []
[2017-07-12 18:30:39] pos_logger.DEBUG: checking QuickCommerce\Adapter\OC2\Service\Oc2SettingsService [] []
[2017-07-12 18:30:39] pos_logger.DEBUG: class found [] []
[2017-07-12 18:30:40] pos_logger.DEBUG: checking QuickCommerce\Adapter\OC2\Service\Oc2OrderService [] []
[2017-07-12 18:30:40] pos_logger.DEBUG: class found [] []
[2017-07-12 18:30:48] pos_logger.DEBUG: checking QuickCommerce\Adapter\OC2\Service\Oc2ReferenceDataService [] []
[2017-07-12 18:30:48] pos_logger.DEBUG: class found [] []
[2017-07-12 18:30:48] pos_logger.DEBUG: checking QuickCommerce\Adapter\OC2\Service\Oc2SettingsService [] []
[2017-07-12 18:30:48] pos_logger.DEBUG: class found [] []
[2017-07-12 18:30:48] pos_logger.DEBUG: checking QuickCommerce\Adapter\OC2\Service\Oc2ReferenceDataService [] []
[2017-07-12 18:30:48] pos_logger.DEBUG: class found [] []
[2017-07-12 18:30:48] pos_logger.DEBUG: checking QuickCommerce\Adapter\OC2\Service\Oc2SettingsService [] []
[2017-07-12 18:30:48] pos_logger.DEBUG: class found [] []
[2017-07-12 18:30:49] pos_logger.DEBUG: checking QuickCommerce\Adapter\OC2\Service\Oc2OrderService [] []
[2017-07-12 18:30:49] pos_logger.DEBUG: class found [] []
[2017-07-12 18:30:49] pos_logger.DEBUG: checking QuickCommerce\Adapter\OC2\Service\Oc2OrderService [] []
[2017-07-12 18:30:49] pos_logger.DEBUG: class found [] []
[2017-07-12 18:44:47] pos_logger.DEBUG: checking QuickCommerce\Adapter\OC2\Service\Oc2ReferenceDataService [] []
[2017-07-12 18:44:47] pos_logger.DEBUG: class found [] []
[2017-07-12 18:44:47] pos_logger.DEBUG: checking QuickCommerce\Adapter\OC2\Service\Oc2SettingsService [] []
[2017-07-12 18:44:47] pos_logger.DEBUG: class found [] []
[2017-07-12 18:44:48] pos_logger.DEBUG: checking QuickCommerce\Adapter\OC2\Service\Oc2OrderService [] []
[2017-07-12 18:44:48] pos_logger.DEBUG: class found [] []
[2017-07-12 18:49:10] pos_logger.DEBUG: checking QuickCommerce\Adapter\OC2\Service\Oc2ReferenceDataService [] []
[2017-07-12 18:49:10] pos_logger.DEBUG: class found [] []
[2017-07-12 18:49:10] pos_logger.DEBUG: checking QuickCommerce\Adapter\OC2\Service\Oc2SettingsService [] []
[2017-07-12 18:49:10] pos_logger.DEBUG: class found [] []
[2017-07-12 18:49:11] pos_logger.DEBUG: checking QuickCommerce\Adapter\OC2\Service\Oc2OrderService [] []
[2017-07-12 18:49:11] pos_logger.DEBUG: class found [] []
[2017-07-12 19:19:40] pos_logger.DEBUG: checking QuickCommerce\Adapter\OC2\Service\Oc2ReferenceDataService [] []
[2017-07-12 19:19:40] pos_logger.DEBUG: class found [] []
[2017-07-12 19:19:40] pos_logger.DEBUG: checking QuickCommerce\Adapter\OC2\Service\Oc2SettingsService [] []
[2017-07-12 19:19:40] pos_logger.DEBUG: class found [] []
[2017-07-12 19:19:43] pos_logger.DEBUG: checking QuickCommerce\Adapter\OC2\Service\Oc2OrderService [] []
[2017-07-12 19:19:43] pos_logger.DEBUG: class found [] []
[2017-07-12 19:24:13] pos_logger.DEBUG: checking QuickCommerce\Adapter\OC2\Service\Oc2ReferenceDataService [] []
[2017-07-12 19:24:13] pos_logger.DEBUG: class found [] []
[2017-07-12 19:24:13] pos_logger.DEBUG: checking QuickCommerce\Adapter\OC2\Service\Oc2SettingsService [] []
[2017-07-12 19:24:13] pos_logger.DEBUG: class found [] []
[2017-07-12 19:24:13] pos_logger.DEBUG: checking QuickCommerce\Adapter\OC2\Service\Oc2OrderService [] []
[2017-07-12 19:24:13] pos_logger.DEBUG: class found [] []
[2017-07-12 19:36:09] pos_logger.DEBUG: checking QuickCommerce\Adapter\OC2\Service\Oc2ReferenceDataService [] []
[2017-07-12 19:36:09] pos_logger.DEBUG: class found [] []
[2017-07-12 19:36:09] pos_logger.DEBUG: checking QuickCommerce\Adapter\OC2\Service\Oc2SettingsService [] []
[2017-07-12 19:36:09] pos_logger.DEBUG: class found [] []
[2017-07-12 19:36:10] pos_logger.DEBUG: checking QuickCommerce\Adapter\OC2\Service\Oc2ReferenceDataService [] []
[2017-07-12 19:36:10] pos_logger.DEBUG: class found [] []
[2017-07-12 19:36:10] pos_logger.DEBUG: checking QuickCommerce\Adapter\OC2\Service\Oc2SettingsService [] []
[2017-07-12 19:36:10] pos_logger.DEBUG: class found [] []
[2017-07-12 19:36:10] pos_logger.DEBUG: checking QuickCommerce\Adapter\OC2\Service\Oc2OrderService [] []
[2017-07-12 19:36:10] pos_logger.DEBUG: class found [] []
[2017-07-12 19:36:14] pos_logger.DEBUG: checking QuickCommerce\Adapter\OC2\Service\Oc2ReferenceDataService [] []
[2017-07-12 19:36:14] pos_logger.DEBUG: class found [] []
[2017-07-12 19:36:14] pos_logger.DEBUG: checking QuickCommerce\Adapter\OC2\Service\Oc2SettingsService [] []
[2017-07-12 19:36:14] pos_logger.DEBUG: class found [] []
[2017-07-12 19:36:14] pos_logger.DEBUG: checking QuickCommerce\Adapter\OC2\Service\Oc2OrderService [] []
[2017-07-12 19:36:14] pos_logger.DEBUG: class found [] []
[2017-07-12 19:36:15] pos_logger.DEBUG: checking QuickCommerce\Adapter\OC2\Service\Oc2OrderService [] []
[2017-07-12 19:36:15] pos_logger.DEBUG: class found [] []
[2017-07-12 19:53:46] pos_logger.DEBUG: checking QuickCommerce\Adapter\OC2\Service\Oc2ReferenceDataService [] []
[2017-07-12 19:53:46] pos_logger.DEBUG: class found [] []
[2017-07-12 19:53:46] pos_logger.DEBUG: checking QuickCommerce\Adapter\OC2\Service\Oc2SettingsService [] []
[2017-07-12 19:53:46] pos_logger.DEBUG: class found [] []
[2017-07-12 19:53:47] pos_logger.DEBUG: checking QuickCommerce\Adapter\OC2\Service\Oc2OrderService [] []
[2017-07-12 19:53:47] pos_logger.DEBUG: class found [] []
[2017-07-12 19:54:16] pos_logger.DEBUG: checking QuickCommerce\Adapter\OC2\Service\Oc2ReferenceDataService [] []
[2017-07-12 19:54:16] pos_logger.DEBUG: class found [] []
[2017-07-12 19:54:16] pos_logger.DEBUG: checking QuickCommerce\Adapter\OC2\Service\Oc2SettingsService [] []
[2017-07-12 19:54:16] pos_logger.DEBUG: class found [] []
[2017-07-12 19:54:16] pos_logger.DEBUG: checking QuickCommerce\Adapter\OC2\Service\Oc2OrderService [] []
[2017-07-12 19:54:16] pos_logger.DEBUG: class found [] []
[2017-07-12 19:54:22] pos_logger.DEBUG: checking QuickCommerce\Adapter\OC2\Service\Oc2ReferenceDataService [] []
[2017-07-12 19:54:22] pos_logger.DEBUG: class found [] []
[2017-07-12 19:54:22] pos_logger.DEBUG: checking QuickCommerce\Adapter\OC2\Service\Oc2SettingsService [] []
[2017-07-12 19:54:22] pos_logger.DEBUG: class found [] []
[2017-07-12 19:54:23] pos_logger.DEBUG: checking QuickCommerce\Adapter\OC2\Service\Oc2OrderService [] []
[2017-07-12 19:54:23] pos_logger.DEBUG: class found [] []
[2017-07-12 19:57:20] pos_logger.DEBUG: checking QuickCommerce\Adapter\OC2\Service\Oc2ReferenceDataService [] []
[2017-07-12 19:57:20] pos_logger.DEBUG: class found [] []
[2017-07-12 19:57:21] pos_logger.DEBUG: checking QuickCommerce\Adapter\OC2\Service\Oc2SettingsService [] []
[2017-07-12 19:57:21] pos_logger.DEBUG: class found [] []
[2017-07-12 19:57:21] pos_logger.DEBUG: checking QuickCommerce\Adapter\OC2\Service\Oc2OrderService [] []
[2017-07-12 19:57:21] pos_logger.DEBUG: class found [] []
[2017-07-12 19:57:26] pos_logger.DEBUG: checking QuickCommerce\Adapter\OC2\Service\Oc2ReferenceDataService [] []
[2017-07-12 19:57:26] pos_logger.DEBUG: class found [] []
[2017-07-12 19:57:26] pos_logger.DEBUG: checking QuickCommerce\Adapter\OC2\Service\Oc2SettingsService [] []
[2017-07-12 19:57:26] pos_logger.DEBUG: class found [] []
[2017-07-12 19:57:27] pos_logger.DEBUG: checking QuickCommerce\Adapter\OC2\Service\Oc2OrderService [] []
[2017-07-12 19:57:27] pos_logger.DEBUG: class found [] []
[2017-07-12 20:21:26] pos_logger.DEBUG: checking QuickCommerce\Adapter\OC2\Service\Oc2ReferenceDataService [] []
[2017-07-12 20:21:26] pos_logger.DEBUG: class found [] []
[2017-07-12 20:21:26] pos_logger.DEBUG: checking QuickCommerce\Adapter\OC2\Service\Oc2SettingsService [] []
[2017-07-12 20:21:26] pos_logger.DEBUG: class found [] []
[2017-07-12 20:21:26] pos_logger.DEBUG: checking QuickCommerce\Adapter\OC2\Service\Oc2OrderService [] []
[2017-07-12 20:21:26] pos_logger.DEBUG: class found [] []
[2017-07-12 20:25:24] pos_logger.DEBUG: checking QuickCommerce\Adapter\OC2\Service\Oc2ReferenceDataService [] []
[2017-07-12 20:25:24] pos_logger.DEBUG: class found [] []
[2017-07-12 20:25:24] pos_logger.DEBUG: checking QuickCommerce\Adapter\OC2\Service\Oc2SettingsService [] []
[2017-07-12 20:25:24] pos_logger.DEBUG: class found [] []
[2017-07-12 20:25:24] pos_logger.DEBUG: checking QuickCommerce\Adapter\OC2\Service\Oc2OrderService [] []
[2017-07-12 20:25:24] pos_logger.DEBUG: class found [] []
[2017-07-12 20:38:15] pos_logger.DEBUG: checking QuickCommerce\Adapter\OC2\Service\Oc2ReferenceDataService [] []
[2017-07-12 20:38:15] pos_logger.DEBUG: class found [] []
[2017-07-12 20:38:15] pos_logger.DEBUG: checking QuickCommerce\Adapter\OC2\Service\Oc2SettingsService [] []
[2017-07-12 20:38:15] pos_logger.DEBUG: class found [] []
[2017-07-12 20:38:15] pos_logger.DEBUG: checking QuickCommerce\Adapter\OC2\Service\Oc2OrderService [] []
[2017-07-12 20:38:15] pos_logger.DEBUG: class found [] []
[2017-07-12 20:40:30] pos_logger.DEBUG: checking QuickCommerce\Adapter\OC2\Service\Oc2ReferenceDataService [] []
[2017-07-12 20:40:30] pos_logger.DEBUG: class found [] []
[2017-07-12 20:40:30] pos_logger.DEBUG: checking QuickCommerce\Adapter\OC2\Service\Oc2SettingsService [] []
[2017-07-12 20:40:30] pos_logger.DEBUG: class found [] []
[2017-07-12 20:40:30] pos_logger.DEBUG: checking QuickCommerce\Adapter\OC2\Service\Oc2OrderService [] []
[2017-07-12 20:40:30] pos_logger.DEBUG: class found [] []
[2017-07-12 20:55:18] pos_logger.DEBUG: checking QuickCommerce\Adapter\OC2\Service\Oc2ReferenceDataService [] []
[2017-07-12 20:55:18] pos_logger.DEBUG: class found [] []
[2017-07-12 20:55:18] pos_logger.DEBUG: checking QuickCommerce\Adapter\OC2\Service\Oc2SettingsService [] []
[2017-07-12 20:55:18] pos_logger.DEBUG: class found [] []
[2017-07-12 20:55:19] pos_logger.DEBUG: checking QuickCommerce\Adapter\OC2\Service\Oc2OrderService [] []
[2017-07-12 20:55:19] pos_logger.DEBUG: class found [] []
[2017-07-12 21:00:08] pos_logger.DEBUG: checking QuickCommerce\Adapter\OC2\Service\Oc2ReferenceDataService [] []
[2017-07-12 21:00:08] pos_logger.DEBUG: class found [] []
[2017-07-12 21:00:08] pos_logger.DEBUG: checking QuickCommerce\Adapter\OC2\Service\Oc2SettingsService [] []
[2017-07-12 21:00:08] pos_logger.DEBUG: class found [] []
[2017-07-12 21:00:09] pos_logger.DEBUG: checking QuickCommerce\Adapter\OC2\Service\Oc2OrderService [] []
[2017-07-12 21:00:09] pos_logger.DEBUG: class found [] []
[2017-07-12 21:10:29] pos_logger.DEBUG: checking QuickCommerce\Adapter\OC2\Service\Oc2ReferenceDataService [] []
[2017-07-12 21:10:29] pos_logger.DEBUG: class found [] []
[2017-07-12 21:10:30] pos_logger.DEBUG: checking QuickCommerce\Adapter\OC2\Service\Oc2SettingsService [] []
[2017-07-12 21:10:30] pos_logger.DEBUG: class found [] []
[2017-07-12 21:10:30] pos_logger.DEBUG: checking QuickCommerce\Adapter\OC2\Service\Oc2OrderService [] []
[2017-07-12 21:10:30] pos_logger.DEBUG: class found [] []
[2017-07-12 21:11:41] pos_logger.DEBUG: checking QuickCommerce\Adapter\OC2\Service\Oc2ReferenceDataService [] []
[2017-07-12 21:11:41] pos_logger.DEBUG: class found [] []
[2017-07-12 21:11:41] pos_logger.DEBUG: checking QuickCommerce\Adapter\OC2\Service\Oc2SettingsService [] []
[2017-07-12 21:11:41] pos_logger.DEBUG: class found [] []
[2017-07-12 21:11:42] pos_logger.DEBUG: checking QuickCommerce\Adapter\OC2\Service\Oc2OrderService [] []
[2017-07-12 21:11:42] pos_logger.DEBUG: class found [] []
[2017-07-12 21:24:30] pos_logger.DEBUG: checking QuickCommerce\Adapter\OC2\Service\Oc2ReferenceDataService [] []
[2017-07-12 21:24:30] pos_logger.DEBUG: class found [] []
[2017-07-12 21:24:30] pos_logger.DEBUG: checking QuickCommerce\Adapter\OC2\Service\Oc2SettingsService [] []
[2017-07-12 21:24:30] pos_logger.DEBUG: class found [] []
[2017-07-12 21:24:30] pos_logger.DEBUG: checking QuickCommerce\Adapter\OC2\Service\Oc2OrderService [] []
[2017-07-12 21:24:30] pos_logger.DEBUG: class found [] []
[2017-07-12 21:31:35] pos_logger.DEBUG: checking QuickCommerce\Adapter\OC2\Service\Oc2ReferenceDataService [] []
[2017-07-12 21:31:35] pos_logger.DEBUG: class found [] []
[2017-07-12 21:31:35] pos_logger.DEBUG: checking QuickCommerce\Adapter\OC2\Service\Oc2SettingsService [] []
[2017-07-12 21:31:35] pos_logger.DEBUG: class found [] []
[2017-07-12 21:31:36] pos_logger.DEBUG: checking QuickCommerce\Adapter\OC2\Service\Oc2OrderService [] []
[2017-07-12 21:31:36] pos_logger.DEBUG: class found [] []
[2017-07-12 21:32:08] pos_logger.DEBUG: checking QuickCommerce\Adapter\OC2\Service\Oc2ReferenceDataService [] []
[2017-07-12 21:32:08] pos_logger.DEBUG: class found [] []
[2017-07-12 21:32:08] pos_logger.DEBUG: checking QuickCommerce\Adapter\OC2\Service\Oc2SettingsService [] []
[2017-07-12 21:32:08] pos_logger.DEBUG: class found [] []
[2017-07-12 21:32:09] pos_logger.DEBUG: checking QuickCommerce\Adapter\OC2\Service\Oc2OrderService [] []
[2017-07-12 21:32:09] pos_logger.DEBUG: class found [] []
[2017-07-12 21:35:34] pos_logger.DEBUG: checking QuickCommerce\Adapter\OC2\Service\Oc2ReferenceDataService [] []
[2017-07-12 21:35:34] pos_logger.DEBUG: class found [] []
[2017-07-12 21:35:35] pos_logger.DEBUG: checking QuickCommerce\Adapter\OC2\Service\Oc2SettingsService [] []
[2017-07-12 21:35:35] pos_logger.DEBUG: class found [] []
[2017-07-12 21:35:35] pos_logger.DEBUG: checking QuickCommerce\Adapter\OC2\Service\Oc2OrderService [] []
[2017-07-12 21:35:35] pos_logger.DEBUG: class found [] []
[2017-07-12 22:22:29] pos_logger.DEBUG: checking QuickCommerce\Adapter\OC2\Service\Oc2ReferenceDataService [] []
[2017-07-12 22:22:29] pos_logger.DEBUG: class found [] []
[2017-07-12 22:22:29] pos_logger.DEBUG: checking QuickCommerce\Adapter\OC2\Service\Oc2SettingsService [] []
[2017-07-12 22:22:29] pos_logger.DEBUG: class found [] []
[2017-07-12 22:22:29] pos_logger.DEBUG: checking QuickCommerce\Adapter\OC2\Service\Oc2OrderService [] []
[2017-07-12 22:22:29] pos_logger.DEBUG: class found [] []
[2017-07-12 22:22:40] pos_logger.DEBUG: checking QuickCommerce\Adapter\OC2\Service\Oc2ReferenceDataService [] []
[2017-07-12 22:22:40] pos_logger.DEBUG: class found [] []
[2017-07-12 22:22:40] pos_logger.DEBUG: checking QuickCommerce\Adapter\OC2\Service\Oc2SettingsService [] []
[2017-07-12 22:22:40] pos_logger.DEBUG: class found [] []
[2017-07-12 22:22:41] pos_logger.DEBUG: checking QuickCommerce\Adapter\OC2\Service\Oc2OrderService [] []
[2017-07-12 22:22:41] pos_logger.DEBUG: class found [] []
[2017-07-12 22:23:19] pos_logger.DEBUG: checking QuickCommerce\Adapter\OC2\Service\Oc2ReferenceDataService [] []
[2017-07-12 22:23:19] pos_logger.DEBUG: class found [] []
[2017-07-12 22:23:19] pos_logger.DEBUG: checking QuickCommerce\Adapter\OC2\Service\Oc2SettingsService [] []
[2017-07-12 22:23:19] pos_logger.DEBUG: class found [] []
[2017-07-12 22:23:20] pos_logger.DEBUG: checking QuickCommerce\Adapter\OC2\Service\Oc2OrderService [] []
[2017-07-12 22:23:20] pos_logger.DEBUG: class found [] []
[2017-07-12 22:23:42] pos_logger.DEBUG: checking QuickCommerce\Adapter\OC2\Service\Oc2ReferenceDataService [] []
[2017-07-12 22:23:42] pos_logger.DEBUG: class found [] []
[2017-07-12 22:23:43] pos_logger.DEBUG: checking QuickCommerce\Adapter\OC2\Service\Oc2SettingsService [] []
[2017-07-12 22:23:43] pos_logger.DEBUG: class found [] []
[2017-07-12 22:23:43] pos_logger.DEBUG: checking QuickCommerce\Adapter\OC2\Service\Oc2OrderService [] []
[2017-07-12 22:23:43] pos_logger.DEBUG: class found [] []
[2017-07-12 22:23:58] pos_logger.DEBUG: checking QuickCommerce\Adapter\OC2\Service\Oc2ReferenceDataService [] []
[2017-07-12 22:23:58] pos_logger.DEBUG: class found [] []
[2017-07-12 22:23:58] pos_logger.DEBUG: checking QuickCommerce\Adapter\OC2\Service\Oc2SettingsService [] []
[2017-07-12 22:23:58] pos_logger.DEBUG: class found [] []
[2017-07-12 22:23:58] pos_logger.DEBUG: checking QuickCommerce\Adapter\OC2\Service\Oc2OrderService [] []
[2017-07-12 22:23:58] pos_logger.DEBUG: class found [] []
[2017-07-12 22:24:06] pos_logger.DEBUG: checking QuickCommerce\Adapter\OC2\Service\Oc2ReferenceDataService [] []
[2017-07-12 22:24:06] pos_logger.DEBUG: class found [] []
[2017-07-12 22:24:06] pos_logger.DEBUG: checking QuickCommerce\Adapter\OC2\Service\Oc2SettingsService [] []
[2017-07-12 22:24:06] pos_logger.DEBUG: class found [] []
[2017-07-12 22:24:07] pos_logger.DEBUG: checking QuickCommerce\Adapter\OC2\Service\Oc2OrderService [] []
[2017-07-12 22:24:07] pos_logger.DEBUG: class found [] []
[2017-07-12 22:24:12] pos_logger.DEBUG: checking QuickCommerce\Adapter\OC2\Service\Oc2ReferenceDataService [] []
[2017-07-12 22:24:12] pos_logger.DEBUG: class found [] []
[2017-07-12 22:24:12] pos_logger.DEBUG: checking QuickCommerce\Adapter\OC2\Service\Oc2SettingsService [] []
[2017-07-12 22:24:12] pos_logger.DEBUG: class found [] []
[2017-07-12 22:24:13] pos_logger.DEBUG: checking QuickCommerce\Adapter\OC2\Service\Oc2OrderService [] []
[2017-07-12 22:24:13] pos_logger.DEBUG: class found [] []
[2017-07-12 22:24:14] pos_logger.DEBUG: checking QuickCommerce\Adapter\OC2\Service\Oc2ReferenceDataService [] []
[2017-07-12 22:24:14] pos_logger.DEBUG: class found [] []
[2017-07-12 22:24:14] pos_logger.DEBUG: checking QuickCommerce\Adapter\OC2\Service\Oc2SettingsService [] []
[2017-07-12 22:24:14] pos_logger.DEBUG: class found [] []
[2017-07-12 22:24:14] pos_logger.DEBUG: checking QuickCommerce\Adapter\OC2\Service\Oc2OrderService [] []
[2017-07-12 22:24:14] pos_logger.DEBUG: class found [] []
[2017-07-12 22:24:25] pos_logger.DEBUG: checking QuickCommerce\Adapter\OC2\Service\Oc2ReferenceDataService [] []
[2017-07-12 22:24:25] pos_logger.DEBUG: class found [] []
[2017-07-12 22:24:25] pos_logger.DEBUG: checking QuickCommerce\Adapter\OC2\Service\Oc2SettingsService [] []
[2017-07-12 22:24:25] pos_logger.DEBUG: class found [] []
[2017-07-12 22:24:25] pos_logger.DEBUG: checking QuickCommerce\Adapter\OC2\Service\Oc2OrderService [] []
[2017-07-12 22:24:25] pos_logger.DEBUG: class found [] []
[2017-07-12 22:24:59] pos_logger.DEBUG: checking QuickCommerce\Adapter\OC2\Service\Oc2ReferenceDataService [] []
[2017-07-12 22:24:59] pos_logger.DEBUG: class found [] []
[2017-07-12 22:24:59] pos_logger.DEBUG: checking QuickCommerce\Adapter\OC2\Service\Oc2SettingsService [] []
[2017-07-12 22:24:59] pos_logger.DEBUG: class found [] []
[2017-07-12 22:25:00] pos_logger.DEBUG: checking QuickCommerce\Adapter\OC2\Service\Oc2OrderService [] []
[2017-07-12 22:25:00] pos_logger.DEBUG: class found [] []
[2017-07-12 22:25:24] pos_logger.DEBUG: checking QuickCommerce\Adapter\OC2\Service\Oc2ReferenceDataService [] []
[2017-07-12 22:25:24] pos_logger.DEBUG: class found [] []
[2017-07-12 22:25:24] pos_logger.DEBUG: checking QuickCommerce\Adapter\OC2\Service\Oc2SettingsService [] []
[2017-07-12 22:25:24] pos_logger.DEBUG: class found [] []
[2017-07-12 22:25:24] pos_logger.DEBUG: checking QuickCommerce\Adapter\OC2\Service\Oc2OrderService [] []
[2017-07-12 22:25:24] pos_logger.DEBUG: class found [] []
[2017-07-12 22:25:45] pos_logger.DEBUG: checking QuickCommerce\Adapter\OC2\Service\Oc2ReferenceDataService [] []
[2017-07-12 22:25:45] pos_logger.DEBUG: class found [] []
[2017-07-12 22:25:45] pos_logger.DEBUG: checking QuickCommerce\Adapter\OC2\Service\Oc2SettingsService [] []
[2017-07-12 22:25:45] pos_logger.DEBUG: class found [] []
[2017-07-12 22:25:45] pos_logger.DEBUG: checking QuickCommerce\Adapter\OC2\Service\Oc2OrderService [] []
[2017-07-12 22:25:46] pos_logger.DEBUG: class found [] []
[2017-07-12 22:27:13] pos_logger.DEBUG: checking QuickCommerce\Adapter\OC2\Service\Oc2ReferenceDataService [] []
[2017-07-12 22:27:13] pos_logger.DEBUG: class found [] []
[2017-07-12 22:27:13] pos_logger.DEBUG: checking QuickCommerce\Adapter\OC2\Service\Oc2SettingsService [] []
[2017-07-12 22:27:13] pos_logger.DEBUG: class found [] []
[2017-07-12 22:27:13] pos_logger.DEBUG: checking QuickCommerce\Adapter\OC2\Service\Oc2OrderService [] []
[2017-07-12 22:27:13] pos_logger.DEBUG: class found [] []
[2017-07-12 22:27:41] pos_logger.DEBUG: checking QuickCommerce\Adapter\OC2\Service\Oc2ReferenceDataService [] []
[2017-07-12 22:27:41] pos_logger.DEBUG: class found [] []
[2017-07-12 22:27:41] pos_logger.DEBUG: checking QuickCommerce\Adapter\OC2\Service\Oc2SettingsService [] []
[2017-07-12 22:27:41] pos_logger.DEBUG: class found [] []
[2017-07-12 22:27:42] pos_logger.DEBUG: checking QuickCommerce\Adapter\OC2\Service\Oc2OrderService [] []
[2017-07-12 22:27:42] pos_logger.DEBUG: class found [] []
[2017-07-12 22:28:47] pos_logger.DEBUG: checking QuickCommerce\Adapter\OC2\Service\Oc2ReferenceDataService [] []
[2017-07-12 22:28:47] pos_logger.DEBUG: class found [] []
[2017-07-12 22:28:47] pos_logger.DEBUG: checking QuickCommerce\Adapter\OC2\Service\Oc2SettingsService [] []
[2017-07-12 22:28:47] pos_logger.DEBUG: class found [] []
[2017-07-12 22:28:47] pos_logger.DEBUG: checking QuickCommerce\Adapter\OC2\Service\Oc2OrderService [] []
[2017-07-12 22:28:48] pos_logger.DEBUG: class found [] []
[2017-07-12 22:31:36] pos_logger.DEBUG: checking QuickCommerce\Adapter\OC2\Service\Oc2ReferenceDataService [] []
[2017-07-12 22:31:36] pos_logger.DEBUG: class found [] []
[2017-07-12 22:31:36] pos_logger.DEBUG: checking QuickCommerce\Adapter\OC2\Service\Oc2SettingsService [] []
[2017-07-12 22:31:36] pos_logger.DEBUG: class found [] []
[2017-07-12 22:31:36] pos_logger.DEBUG: checking QuickCommerce\Adapter\OC2\Service\Oc2OrderService [] []
[2017-07-12 22:31:36] pos_logger.DEBUG: class found [] []
[2017-07-12 22:35:57] pos_logger.DEBUG: checking QuickCommerce\Adapter\OC2\Service\Oc2ReferenceDataService [] []
[2017-07-12 22:35:57] pos_logger.DEBUG: class found [] []
[2017-07-12 22:35:57] pos_logger.DEBUG: checking QuickCommerce\Adapter\OC2\Service\Oc2SettingsService [] []
[2017-07-12 22:35:57] pos_logger.DEBUG: class found [] []
[2017-07-12 22:35:58] pos_logger.DEBUG: checking QuickCommerce\Adapter\OC2\Service\Oc2OrderService [] []
[2017-07-12 22:35:58] pos_logger.DEBUG: class found [] []
[2017-07-12 22:36:17] pos_logger.DEBUG: checking QuickCommerce\Adapter\OC2\Service\Oc2ReferenceDataService [] []
[2017-07-12 22:36:17] pos_logger.DEBUG: class found [] []
[2017-07-12 22:36:17] pos_logger.DEBUG: checking QuickCommerce\Adapter\OC2\Service\Oc2SettingsService [] []
[2017-07-12 22:36:17] pos_logger.DEBUG: class found [] []
[2017-07-12 22:36:17] pos_logger.DEBUG: checking QuickCommerce\Adapter\OC2\Service\Oc2OrderService [] []
[2017-07-12 22:36:17] pos_logger.DEBUG: class found [] []
[2017-07-12 22:44:55] pos_logger.DEBUG: checking QuickCommerce\Adapter\OC2\Service\Oc2ReferenceDataService [] []
[2017-07-12 22:44:55] pos_logger.DEBUG: class found [] []
[2017-07-12 22:44:55] pos_logger.DEBUG: checking QuickCommerce\Adapter\OC2\Service\Oc2SettingsService [] []
[2017-07-12 22:44:55] pos_logger.DEBUG: class found [] []
[2017-07-12 22:44:55] pos_logger.DEBUG: checking QuickCommerce\Adapter\OC2\Service\Oc2OrderService [] []
[2017-07-12 22:44:55] pos_logger.DEBUG: class found [] []
[2017-07-12 22:53:50] pos_logger.DEBUG: checking QuickCommerce\Adapter\OC2\Service\Oc2ReferenceDataService [] []
[2017-07-12 22:53:50] pos_logger.DEBUG: class found [] []
[2017-07-12 22:53:50] pos_logger.DEBUG: checking QuickCommerce\Adapter\OC2\Service\Oc2SettingsService [] []
[2017-07-12 22:53:50] pos_logger.DEBUG: class found [] []
[2017-07-12 22:53:51] pos_logger.DEBUG: checking QuickCommerce\Adapter\OC2\Service\Oc2OrderService [] []
[2017-07-12 22:53:51] pos_logger.DEBUG: class found [] []
[2017-07-12 22:57:51] pos_logger.DEBUG: checking QuickCommerce\Adapter\OC2\Service\Oc2ReferenceDataService [] []
[2017-07-12 22:57:51] pos_logger.DEBUG: class found [] []
[2017-07-12 22:57:51] pos_logger.DEBUG: checking QuickCommerce\Adapter\OC2\Service\Oc2SettingsService [] []
[2017-07-12 22:57:51] pos_logger.DEBUG: class found [] []
[2017-07-12 22:57:52] pos_logger.DEBUG: checking QuickCommerce\Adapter\OC2\Service\Oc2OrderService [] []
[2017-07-12 22:57:52] pos_logger.DEBUG: class found [] []
[2017-07-12 22:59:34] pos_logger.DEBUG: checking QuickCommerce\Adapter\OC2\Service\Oc2ReferenceDataService [] []
[2017-07-12 22:59:34] pos_logger.DEBUG: class found [] []
[2017-07-12 22:59:34] pos_logger.DEBUG: checking QuickCommerce\Adapter\OC2\Service\Oc2SettingsService [] []
[2017-07-12 22:59:34] pos_logger.DEBUG: class found [] []
[2017-07-12 22:59:34] pos_logger.DEBUG: checking QuickCommerce\Adapter\OC2\Service\Oc2OrderService [] []
[2017-07-12 22:59:34] pos_logger.DEBUG: class found [] []
[2017-07-12 22:59:41] pos_logger.DEBUG: checking QuickCommerce\Adapter\OC2\Service\Oc2ReferenceDataService [] []
[2017-07-12 22:59:41] pos_logger.DEBUG: class found [] []
[2017-07-12 22:59:41] pos_logger.DEBUG: checking QuickCommerce\Adapter\OC2\Service\Oc2SettingsService [] []
[2017-07-12 22:59:41] pos_logger.DEBUG: class found [] []
[2017-07-12 22:59:42] pos_logger.DEBUG: checking QuickCommerce\Adapter\OC2\Service\Oc2OrderService [] []
[2017-07-12 22:59:42] pos_logger.DEBUG: class found [] []
[2017-07-12 23:00:00] pos_logger.DEBUG: checking QuickCommerce\Adapter\OC2\Service\Oc2ReferenceDataService [] []
[2017-07-12 23:00:00] pos_logger.DEBUG: class found [] []
[2017-07-12 23:00:00] pos_logger.DEBUG: checking QuickCommerce\Adapter\OC2\Service\Oc2SettingsService [] []
[2017-07-12 23:00:00] pos_logger.DEBUG: class found [] []
[2017-07-12 23:00:01] pos_logger.DEBUG: checking QuickCommerce\Adapter\OC2\Service\Oc2OrderService [] []
[2017-07-12 23:00:01] pos_logger.DEBUG: class found [] []
[2017-07-12 23:00:06] pos_logger.DEBUG: checking QuickCommerce\Adapter\OC2\Service\Oc2ReferenceDataService [] []
[2017-07-12 23:00:06] pos_logger.DEBUG: class found [] []
[2017-07-12 23:00:06] pos_logger.DEBUG: checking QuickCommerce\Adapter\OC2\Service\Oc2SettingsService [] []
[2017-07-12 23:00:06] pos_logger.DEBUG: class found [] []
[2017-07-12 23:00:07] pos_logger.DEBUG: checking QuickCommerce\Adapter\OC2\Service\Oc2OrderService [] []
[2017-07-12 23:00:07] pos_logger.DEBUG: class found [] []
[2017-07-12 23:04:00] pos_logger.DEBUG: checking QuickCommerce\Adapter\OC2\Service\Oc2ReferenceDataService [] []
[2017-07-12 23:04:00] pos_logger.DEBUG: class found [] []
[2017-07-12 23:04:00] pos_logger.DEBUG: checking QuickCommerce\Adapter\OC2\Service\Oc2SettingsService [] []
[2017-07-12 23:04:00] pos_logger.DEBUG: class found [] []
[2017-07-12 23:04:01] pos_logger.DEBUG: checking QuickCommerce\Adapter\OC2\Service\Oc2OrderService [] []
[2017-07-12 23:04:01] pos_logger.DEBUG: class found [] []
[2017-07-12 23:04:06] pos_logger.DEBUG: checking QuickCommerce\Adapter\OC2\Service\Oc2ReferenceDataService [] []
[2017-07-12 23:04:06] pos_logger.DEBUG: class found [] []
[2017-07-12 23:04:06] pos_logger.DEBUG: checking QuickCommerce\Adapter\OC2\Service\Oc2SettingsService [] []
[2017-07-12 23:04:06] pos_logger.DEBUG: class found [] []
[2017-07-12 23:04:07] pos_logger.DEBUG: checking QuickCommerce\Adapter\OC2\Service\Oc2OrderService [] []
[2017-07-12 23:04:07] pos_logger.DEBUG: class found [] []
[2017-07-12 23:16:07] pos_logger.DEBUG: checking QuickCommerce\Adapter\OC2\Service\Oc2ReferenceDataService [] []
[2017-07-12 23:16:07] pos_logger.DEBUG: class found [] []
[2017-07-12 23:16:07] pos_logger.DEBUG: checking QuickCommerce\Adapter\OC2\Service\Oc2SettingsService [] []
[2017-07-12 23:16:07] pos_logger.DEBUG: class found [] []
[2017-07-12 23:16:08] pos_logger.DEBUG: checking QuickCommerce\Adapter\OC2\Service\Oc2OrderService [] []
[2017-07-12 23:16:08] pos_logger.DEBUG: class found [] []
[2017-07-12 23:16:22] pos_logger.DEBUG: checking QuickCommerce\Adapter\OC2\Service\Oc2ReferenceDataService [] []
[2017-07-12 23:16:22] pos_logger.DEBUG: class found [] []
[2017-07-12 23:16:22] pos_logger.DEBUG: checking QuickCommerce\Adapter\OC2\Service\Oc2SettingsService [] []
[2017-07-12 23:16:22] pos_logger.DEBUG: class found [] []
[2017-07-12 23:16:23] pos_logger.DEBUG: checking QuickCommerce\Adapter\OC2\Service\Oc2OrderService [] []
[2017-07-12 23:16:23] pos_logger.DEBUG: class found [] []
[2017-07-12 23:16:35] pos_logger.DEBUG: checking QuickCommerce\Adapter\OC2\Service\Oc2ReferenceDataService [] []
[2017-07-12 23:16:35] pos_logger.DEBUG: class found [] []
[2017-07-12 23:16:36] pos_logger.DEBUG: checking QuickCommerce\Adapter\OC2\Service\Oc2SettingsService [] []
[2017-07-12 23:16:36] pos_logger.DEBUG: class found [] []
[2017-07-12 23:16:36] pos_logger.DEBUG: checking QuickCommerce\Adapter\OC2\Service\Oc2OrderService [] []
[2017-07-12 23:16:36] pos_logger.DEBUG: class found [] []
[2017-07-12 23:17:28] pos_logger.DEBUG: checking QuickCommerce\Adapter\OC2\Service\Oc2ReferenceDataService [] []
[2017-07-12 23:17:28] pos_logger.DEBUG: class found [] []
[2017-07-12 23:17:28] pos_logger.DEBUG: checking QuickCommerce\Adapter\OC2\Service\Oc2SettingsService [] []
[2017-07-12 23:17:28] pos_logger.DEBUG: class found [] []
[2017-07-12 23:17:28] pos_logger.DEBUG: checking QuickCommerce\Adapter\OC2\Service\Oc2OrderService [] []
[2017-07-12 23:17:28] pos_logger.DEBUG: class found [] []
[2017-07-12 23:17:35] pos_logger.DEBUG: checking QuickCommerce\Adapter\OC2\Service\Oc2ReferenceDataService [] []
[2017-07-12 23:17:35] pos_logger.DEBUG: class found [] []
[2017-07-12 23:17:35] pos_logger.DEBUG: checking QuickCommerce\Adapter\OC2\Service\Oc2SettingsService [] []
[2017-07-12 23:17:35] pos_logger.DEBUG: class found [] []
[2017-07-12 23:17:36] pos_logger.DEBUG: checking QuickCommerce\Adapter\OC2\Service\Oc2OrderService [] []
[2017-07-12 23:17:36] pos_logger.DEBUG: class found [] []
[2017-07-12 23:17:49] pos_logger.DEBUG: checking QuickCommerce\Adapter\OC2\Service\Oc2ReferenceDataService [] []
[2017-07-12 23:17:49] pos_logger.DEBUG: class found [] []
[2017-07-12 23:17:49] pos_logger.DEBUG: checking QuickCommerce\Adapter\OC2\Service\Oc2SettingsService [] []
[2017-07-12 23:17:49] pos_logger.DEBUG: class found [] []
[2017-07-12 23:17:49] pos_logger.DEBUG: checking QuickCommerce\Adapter\OC2\Service\Oc2OrderService [] []
[2017-07-12 23:17:49] pos_logger.DEBUG: class found [] []
[2017-07-12 23:19:46] pos_logger.DEBUG: checking QuickCommerce\Adapter\OC2\Service\Oc2ReferenceDataService [] []
[2017-07-12 23:19:46] pos_logger.DEBUG: class found [] []
[2017-07-12 23:19:47] pos_logger.DEBUG: checking QuickCommerce\Adapter\OC2\Service\Oc2SettingsService [] []
[2017-07-12 23:19:47] pos_logger.DEBUG: class found [] []
[2017-07-12 23:19:47] pos_logger.DEBUG: checking QuickCommerce\Adapter\OC2\Service\Oc2OrderService [] []
[2017-07-12 23:19:47] pos_logger.DEBUG: class found [] []
[2017-07-12 23:19:53] pos_logger.DEBUG: checking QuickCommerce\Adapter\OC2\Service\Oc2ReferenceDataService [] []
[2017-07-12 23:19:53] pos_logger.DEBUG: class found [] []
[2017-07-12 23:19:53] pos_logger.DEBUG: checking QuickCommerce\Adapter\OC2\Service\Oc2SettingsService [] []
[2017-07-12 23:19:53] pos_logger.DEBUG: class found [] []
[2017-07-12 23:19:53] pos_logger.DEBUG: checking QuickCommerce\Adapter\OC2\Service\Oc2OrderService [] []
[2017-07-12 23:19:53] pos_logger.DEBUG: class found [] []
[2017-07-12 23:20:10] pos_logger.DEBUG: checking QuickCommerce\Adapter\OC2\Service\Oc2ReferenceDataService [] []
[2017-07-12 23:20:10] pos_logger.DEBUG: class found [] []
[2017-07-12 23:20:10] pos_logger.DEBUG: checking QuickCommerce\Adapter\OC2\Service\Oc2SettingsService [] []
[2017-07-12 23:20:10] pos_logger.DEBUG: class found [] []
[2017-07-12 23:20:11] pos_logger.DEBUG: checking QuickCommerce\Adapter\OC2\Service\Oc2OrderService [] []
[2017-07-12 23:20:11] pos_logger.DEBUG: class found [] []
[2017-07-12 23:20:26] pos_logger.DEBUG: checking QuickCommerce\Adapter\OC2\Service\Oc2ReferenceDataService [] []
[2017-07-12 23:20:26] pos_logger.DEBUG: class found [] []
[2017-07-12 23:20:26] pos_logger.DEBUG: checking QuickCommerce\Adapter\OC2\Service\Oc2SettingsService [] []
[2017-07-12 23:20:26] pos_logger.DEBUG: class found [] []
[2017-07-12 23:20:27] pos_logger.DEBUG: checking QuickCommerce\Adapter\OC2\Service\Oc2OrderService [] []
[2017-07-12 23:20:27] pos_logger.DEBUG: class found [] []
[2017-07-12 23:20:43] pos_logger.DEBUG: checking QuickCommerce\Adapter\OC2\Service\Oc2ReferenceDataService [] []
[2017-07-12 23:20:43] pos_logger.DEBUG: class found [] []
[2017-07-12 23:20:43] pos_logger.DEBUG: checking QuickCommerce\Adapter\OC2\Service\Oc2SettingsService [] []
[2017-07-12 23:20:43] pos_logger.DEBUG: class found [] []
[2017-07-12 23:20:43] pos_logger.DEBUG: checking QuickCommerce\Adapter\OC2\Service\Oc2OrderService [] []
[2017-07-12 23:20:43] pos_logger.DEBUG: class found [] []
[2017-07-12 23:20:54] pos_logger.DEBUG: checking QuickCommerce\Adapter\OC2\Service\Oc2ReferenceDataService [] []
[2017-07-12 23:20:54] pos_logger.DEBUG: class found [] []
[2017-07-12 23:20:54] pos_logger.DEBUG: checking QuickCommerce\Adapter\OC2\Service\Oc2SettingsService [] []
[2017-07-12 23:20:54] pos_logger.DEBUG: class found [] []
[2017-07-12 23:20:55] pos_logger.DEBUG: checking QuickCommerce\Adapter\OC2\Service\Oc2OrderService [] []
[2017-07-12 23:20:55] pos_logger.DEBUG: class found [] []
[2017-07-12 23:21:54] pos_logger.DEBUG: checking QuickCommerce\Adapter\OC2\Service\Oc2ReferenceDataService [] []
[2017-07-12 23:21:54] pos_logger.DEBUG: class found [] []
[2017-07-12 23:21:54] pos_logger.DEBUG: checking QuickCommerce\Adapter\OC2\Service\Oc2SettingsService [] []
[2017-07-12 23:21:54] pos_logger.DEBUG: class found [] []
[2017-07-12 23:21:55] pos_logger.DEBUG: checking QuickCommerce\Adapter\OC2\Service\Oc2OrderService [] []
[2017-07-12 23:21:55] pos_logger.DEBUG: class found [] []
[2017-07-12 23:21:57] pos_logger.DEBUG: checking QuickCommerce\Adapter\OC2\Service\Oc2ReferenceDataService [] []
[2017-07-12 23:21:57] pos_logger.DEBUG: class found [] []
[2017-07-12 23:21:57] pos_logger.DEBUG: checking QuickCommerce\Adapter\OC2\Service\Oc2SettingsService [] []
[2017-07-12 23:21:57] pos_logger.DEBUG: class found [] []
[2017-07-12 23:21:57] pos_logger.DEBUG: checking QuickCommerce\Adapter\OC2\Service\Oc2OrderService [] []
[2017-07-12 23:21:57] pos_logger.DEBUG: class found [] []
[2017-07-12 23:22:08] pos_logger.DEBUG: checking QuickCommerce\Adapter\OC2\Service\Oc2ReferenceDataService [] []
[2017-07-12 23:22:08] pos_logger.DEBUG: class found [] []
[2017-07-12 23:22:08] pos_logger.DEBUG: checking QuickCommerce\Adapter\OC2\Service\Oc2SettingsService [] []
[2017-07-12 23:22:08] pos_logger.DEBUG: class found [] []
[2017-07-12 23:22:09] pos_logger.DEBUG: checking QuickCommerce\Adapter\OC2\Service\Oc2OrderService [] []
[2017-07-12 23:22:09] pos_logger.DEBUG: class found [] []
[2017-07-12 23:22:54] pos_logger.DEBUG: checking QuickCommerce\Adapter\OC2\Service\Oc2ReferenceDataService [] []
[2017-07-12 23:22:54] pos_logger.DEBUG: class found [] []
[2017-07-12 23:22:54] pos_logger.DEBUG: checking QuickCommerce\Adapter\OC2\Service\Oc2SettingsService [] []
[2017-07-12 23:22:54] pos_logger.DEBUG: class found [] []
[2017-07-12 23:22:54] pos_logger.DEBUG: checking QuickCommerce\Adapter\OC2\Service\Oc2OrderService [] []
[2017-07-12 23:22:54] pos_logger.DEBUG: class found [] []
[2017-07-12 23:22:56] pos_logger.DEBUG: checking QuickCommerce\Adapter\OC2\Service\Oc2ReferenceDataService [] []
[2017-07-12 23:22:56] pos_logger.DEBUG: class found [] []
[2017-07-12 23:22:56] pos_logger.DEBUG: checking QuickCommerce\Adapter\OC2\Service\Oc2SettingsService [] []
[2017-07-12 23:22:56] pos_logger.DEBUG: class found [] []
[2017-07-12 23:22:57] pos_logger.DEBUG: checking QuickCommerce\Adapter\OC2\Service\Oc2OrderService [] []
[2017-07-12 23:22:57] pos_logger.DEBUG: class found [] []
[2017-07-12 23:22:59] pos_logger.DEBUG: checking QuickCommerce\Adapter\OC2\Service\Oc2ReferenceDataService [] []
[2017-07-12 23:22:59] pos_logger.DEBUG: class found [] []
[2017-07-12 23:22:59] pos_logger.DEBUG: checking QuickCommerce\Adapter\OC2\Service\Oc2SettingsService [] []
[2017-07-12 23:22:59] pos_logger.DEBUG: class found [] []
[2017-07-12 23:23:00] pos_logger.DEBUG: checking QuickCommerce\Adapter\OC2\Service\Oc2OrderService [] []
[2017-07-12 23:23:00] pos_logger.DEBUG: class found [] []
[2017-07-12 23:23:01] pos_logger.DEBUG: checking QuickCommerce\Adapter\OC2\Service\Oc2ReferenceDataService [] []
[2017-07-12 23:23:01] pos_logger.DEBUG: class found [] []
[2017-07-12 23:23:01] pos_logger.DEBUG: checking QuickCommerce\Adapter\OC2\Service\Oc2SettingsService [] []
[2017-07-12 23:23:01] pos_logger.DEBUG: class found [] []
[2017-07-12 23:23:02] pos_logger.DEBUG: checking QuickCommerce\Adapter\OC2\Service\Oc2OrderService [] []
[2017-07-12 23:23:02] pos_logger.DEBUG: class found [] []
[2017-07-12 23:23:15] pos_logger.DEBUG: checking QuickCommerce\Adapter\OC2\Service\Oc2ReferenceDataService [] []
[2017-07-12 23:23:15] pos_logger.DEBUG: class found [] []
[2017-07-12 23:23:15] pos_logger.DEBUG: checking QuickCommerce\Adapter\OC2\Service\Oc2SettingsService [] []
[2017-07-12 23:23:15] pos_logger.DEBUG: class found [] []
[2017-07-12 23:23:16] pos_logger.DEBUG: checking QuickCommerce\Adapter\OC2\Service\Oc2OrderService [] []
[2017-07-12 23:23:16] pos_logger.DEBUG: class found [] []
