[2017-07-06 01:14:33] pos_logger.DEBUG: checking QuickCommerce\Adapter\OC2\Service\Oc2ReferenceDataService [] []
[2017-07-06 01:14:33] pos_logger.DEBUG: class found [] []
[2017-07-06 01:14:33] pos_logger.DEBUG: checking QuickCommerce\Adapter\OC2\Service\Oc2SettingsService [] []
[2017-07-06 01:14:33] pos_logger.DEBUG: class found [] []
[2017-07-06 01:14:34] pos_logger.DEBUG: checking QuickCommerce\Adapter\OC2\Service\Oc2OrderService [] []
[2017-07-06 01:14:34] pos_logger.DEBUG: class found [] []
[2017-07-06 01:37:52] pos_logger.DEBUG: checking QuickCommerce\Adapter\OC2\Service\Oc2ReferenceDataService [] []
[2017-07-06 01:37:52] pos_logger.DEBUG: class found [] []
[2017-07-06 01:37:52] pos_logger.DEBUG: checking QuickCommerce\Adapter\OC2\Service\Oc2SettingsService [] []
[2017-07-06 01:37:52] pos_logger.DEBUG: class found [] []
[2017-07-06 01:37:53] pos_logger.DEBUG: checking QuickCommerce\Adapter\OC2\Service\Oc2OrderService [] []
[2017-07-06 01:37:53] pos_logger.DEBUG: class found [] []
[2017-07-06 01:39:34] pos_logger.DEBUG: checking QuickCommerce\Adapter\OC2\Service\Oc2ReferenceDataService [] []
[2017-07-06 01:39:34] pos_logger.DEBUG: class found [] []
[2017-07-06 01:39:35] pos_logger.DEBUG: checking QuickCommerce\Adapter\OC2\Service\Oc2SettingsService [] []
[2017-07-06 01:39:35] pos_logger.DEBUG: class found [] []
[2017-07-06 01:39:36] pos_logger.DEBUG: checking QuickCommerce\Adapter\OC2\Service\Oc2OrderService [] []
[2017-07-06 01:39:36] pos_logger.DEBUG: class found [] []
[2017-07-06 02:00:41] pos_logger.DEBUG: checking QuickCommerce\Adapter\OC2\Service\Oc2ReferenceDataService [] []
[2017-07-06 02:00:41] pos_logger.DEBUG: class found [] []
[2017-07-06 02:00:41] pos_logger.DEBUG: checking QuickCommerce\Adapter\OC2\Service\Oc2SettingsService [] []
[2017-07-06 02:00:41] pos_logger.DEBUG: class found [] []
[2017-07-06 02:00:43] pos_logger.DEBUG: checking QuickCommerce\Adapter\OC2\Service\Oc2OrderService [] []
[2017-07-06 02:00:43] pos_logger.DEBUG: class found [] []
[2017-07-06 02:01:55] pos_logger.DEBUG: checking QuickCommerce\Adapter\OC2\Service\Oc2ReferenceDataService [] []
[2017-07-06 02:01:55] pos_logger.DEBUG: class found [] []
[2017-07-06 02:01:56] pos_logger.DEBUG: checking QuickCommerce\Adapter\OC2\Service\Oc2SettingsService [] []
[2017-07-06 02:01:56] pos_logger.DEBUG: class found [] []
[2017-07-06 02:01:56] pos_logger.DEBUG: checking QuickCommerce\Adapter\OC2\Service\Oc2OrderService [] []
[2017-07-06 02:01:56] pos_logger.DEBUG: class found [] []
[2017-07-06 02:02:39] pos_logger.DEBUG: checking QuickCommerce\Adapter\OC2\Service\Oc2ReferenceDataService [] []
[2017-07-06 02:02:39] pos_logger.DEBUG: class found [] []
[2017-07-06 02:02:39] pos_logger.DEBUG: checking QuickCommerce\Adapter\OC2\Service\Oc2SettingsService [] []
[2017-07-06 02:02:39] pos_logger.DEBUG: class found [] []
[2017-07-06 02:02:39] pos_logger.DEBUG: checking QuickCommerce\Adapter\OC2\Service\Oc2OrderService [] []
[2017-07-06 02:02:39] pos_logger.DEBUG: class found [] []
[2017-07-06 02:04:08] pos_logger.DEBUG: checking QuickCommerce\Adapter\OC2\Service\Oc2ReferenceDataService [] []
[2017-07-06 02:04:08] pos_logger.DEBUG: class found [] []
[2017-07-06 02:04:08] pos_logger.DEBUG: checking QuickCommerce\Adapter\OC2\Service\Oc2SettingsService [] []
[2017-07-06 02:04:08] pos_logger.DEBUG: class found [] []
[2017-07-06 02:04:09] pos_logger.DEBUG: checking QuickCommerce\Adapter\OC2\Service\Oc2OrderService [] []
[2017-07-06 02:04:09] pos_logger.DEBUG: class found [] []
[2017-07-06 02:07:56] pos_logger.DEBUG: checking QuickCommerce\Adapter\OC2\Service\Oc2ReferenceDataService [] []
[2017-07-06 02:07:56] pos_logger.DEBUG: class found [] []
[2017-07-06 02:07:56] pos_logger.DEBUG: checking QuickCommerce\Adapter\OC2\Service\Oc2SettingsService [] []
[2017-07-06 02:07:56] pos_logger.DEBUG: class found [] []
[2017-07-06 02:07:57] pos_logger.DEBUG: checking QuickCommerce\Adapter\OC2\Service\Oc2OrderService [] []
[2017-07-06 02:07:57] pos_logger.DEBUG: class found [] []
[2017-07-06 02:11:19] pos_logger.DEBUG: checking QuickCommerce\Adapter\OC2\Service\Oc2ReferenceDataService [] []
[2017-07-06 02:11:19] pos_logger.DEBUG: class found [] []
[2017-07-06 02:11:19] pos_logger.DEBUG: checking QuickCommerce\Adapter\OC2\Service\Oc2SettingsService [] []
[2017-07-06 02:11:19] pos_logger.DEBUG: class found [] []
[2017-07-06 02:11:20] pos_logger.DEBUG: checking QuickCommerce\Adapter\OC2\Service\Oc2OrderService [] []
[2017-07-06 02:11:20] pos_logger.DEBUG: class found [] []
[2017-07-06 02:17:07] pos_logger.DEBUG: checking QuickCommerce\Adapter\OC2\Service\Oc2ReferenceDataService [] []
[2017-07-06 02:17:07] pos_logger.DEBUG: class found [] []
[2017-07-06 02:17:08] pos_logger.DEBUG: checking QuickCommerce\Adapter\OC2\Service\Oc2SettingsService [] []
[2017-07-06 02:17:08] pos_logger.DEBUG: class found [] []
[2017-07-06 02:17:08] pos_logger.DEBUG: checking QuickCommerce\Adapter\OC2\Service\Oc2OrderService [] []
[2017-07-06 02:17:08] pos_logger.DEBUG: class found [] []
[2017-07-06 03:13:05] pos_logger.DEBUG: checking QuickCommerce\Adapter\OC2\Service\Oc2ReferenceDataService [] []
[2017-07-06 03:13:05] pos_logger.DEBUG: class found [] []
[2017-07-06 03:13:05] pos_logger.DEBUG: checking QuickCommerce\Adapter\OC2\Service\Oc2SettingsService [] []
[2017-07-06 03:13:05] pos_logger.DEBUG: class found [] []
[2017-07-06 03:13:06] pos_logger.DEBUG: checking QuickCommerce\Adapter\OC2\Service\Oc2OrderService [] []
[2017-07-06 03:13:06] pos_logger.DEBUG: class found [] []
[2017-07-06 03:23:35] pos_logger.DEBUG: checking QuickCommerce\Adapter\OC2\Service\Oc2ReferenceDataService [] []
[2017-07-06 03:23:35] pos_logger.DEBUG: class found [] []
[2017-07-06 03:23:35] pos_logger.DEBUG: checking QuickCommerce\Adapter\OC2\Service\Oc2SettingsService [] []
[2017-07-06 03:23:35] pos_logger.DEBUG: class found [] []
[2017-07-06 03:23:36] pos_logger.DEBUG: checking QuickCommerce\Adapter\OC2\Service\Oc2OrderService [] []
[2017-07-06 03:23:36] pos_logger.DEBUG: class found [] []
[2017-07-06 03:29:08] pos_logger.DEBUG: checking QuickCommerce\Adapter\OC2\Service\Oc2ReferenceDataService [] []
[2017-07-06 03:29:08] pos_logger.DEBUG: class found [] []
[2017-07-06 03:29:08] pos_logger.DEBUG: checking QuickCommerce\Adapter\OC2\Service\Oc2SettingsService [] []
[2017-07-06 03:29:08] pos_logger.DEBUG: class found [] []
[2017-07-06 03:29:09] pos_logger.DEBUG: checking QuickCommerce\Adapter\OC2\Service\Oc2OrderService [] []
[2017-07-06 03:29:09] pos_logger.DEBUG: class found [] []
[2017-07-06 03:44:36] pos_logger.DEBUG: checking QuickCommerce\Adapter\OC2\Service\Oc2ReferenceDataService [] []
[2017-07-06 03:44:36] pos_logger.DEBUG: class found [] []
[2017-07-06 03:44:36] pos_logger.DEBUG: checking QuickCommerce\Adapter\OC2\Service\Oc2SettingsService [] []
[2017-07-06 03:44:36] pos_logger.DEBUG: class found [] []
[2017-07-06 03:44:36] pos_logger.DEBUG: checking QuickCommerce\Adapter\OC2\Service\Oc2OrderService [] []
[2017-07-06 03:44:36] pos_logger.DEBUG: class found [] []
[2017-07-06 04:17:22] pos_logger.DEBUG: checking QuickCommerce\Adapter\OC2\Service\Oc2ReferenceDataService [] []
[2017-07-06 04:17:22] pos_logger.DEBUG: class found [] []
[2017-07-06 04:17:22] pos_logger.DEBUG: checking QuickCommerce\Adapter\OC2\Service\Oc2SettingsService [] []
[2017-07-06 04:17:22] pos_logger.DEBUG: class found [] []
[2017-07-06 04:17:23] pos_logger.DEBUG: checking QuickCommerce\Adapter\OC2\Service\Oc2OrderService [] []
[2017-07-06 04:17:23] pos_logger.DEBUG: class found [] []
[2017-07-06 04:43:21] pos_logger.DEBUG: checking QuickCommerce\Adapter\OC2\Service\Oc2ReferenceDataService [] []
[2017-07-06 04:43:21] pos_logger.DEBUG: class found [] []
[2017-07-06 04:43:21] pos_logger.DEBUG: checking QuickCommerce\Adapter\OC2\Service\Oc2SettingsService [] []
[2017-07-06 04:43:21] pos_logger.DEBUG: class found [] []
[2017-07-06 04:43:22] pos_logger.DEBUG: checking QuickCommerce\Adapter\OC2\Service\Oc2OrderService [] []
[2017-07-06 04:43:22] pos_logger.DEBUG: class found [] []
[2017-07-06 04:46:10] pos_logger.DEBUG: checking QuickCommerce\Adapter\OC2\Service\Oc2OrderService [] []
[2017-07-06 04:46:10] pos_logger.DEBUG: class found [] []
[2017-07-06 04:46:10] pos_logger.DEBUG: An exception occurred while executing 'INSERT INTO oc2_order_product (order_id, product_id, name, model, quantity, price, total, tax, reward) VALUES (?, ?, ?, ?, ?, ?, ?, ?, ?)' with params ["2162", null, "Coffee", null, 1, "0.0000", "0.0000", "0.0000", 0]:  Column 'product_id' cannot be null [] []
[2017-07-06 04:46:10] pos_logger.DEBUG: #0 /home/acecoffee/quickcommerce/vendor/doctrine/dbal/lib/Doctrine/DBAL/DBALException.php(128): Doctrine\DBAL\Driver\AbstractMySQLDriver->convertException('An exception oc...', Object(Doctrine\DBAL\Driver\Mysqli\MysqliException)) #1 /home/acecoffee/quickcommerce/vendor/doctrine/dbal/lib/Doctrine/DBAL/Statement.php(177): Doctrine\DBAL\DBALException::driverExceptionDuringQuery(Object(Doctrine\DBAL\Driver\Mysqli\Driver), Object(Doctrine\DBAL\Driver\Mysqli\MysqliException), 'INSERT INTO oc2...', Array) #2 /home/acecoffee/quickcommerce/vendor/doctrine/orm/lib/Doctrine/ORM/Persisters/Entity/BasicEntityPersister.php(281): Doctrine\DBAL\Statement->execute() #3 /home/acecoffee/quickcommerce/vendor/doctrine/orm/lib/Doctrine/ORM/UnitOfWork.php(1014): Doctrine\ORM\Persisters\Entity\BasicEntityPersister->executeInserts() #4 /home/acecoffee/quickcommerce/vendor/doctrine/orm/lib/Doctrine/ORM/UnitOfWork.php(378): Doctrine\ORM\UnitOfWork->executeInserts(Object(Doctrine\ORM\Mapping\ClassMetadata)) #5 /home/acecoffee/quickcommerce/vendor/doctrine/orm/lib/Doctrine/ORM/EntityManager.php(356): Doctrine\ORM\UnitOfWork->commit(NULL) #6 /home/acecoffee/quickcommerce/vendor/quickcommerce/src/Adapter/Opencart2x/Service/Oc2OrderService.php(393): Doctrine\ORM\EntityManager->flush() #7 /home/acecoffee/quickcommerce/vendor/quickcommerce/src/Adapter/Opencart2x/Service/Oc2OrderService.php(457): QuickCommerce\Adapter\OC2\Service\Oc2OrderService->addProduct(Object(Doctrine\ORM\EntityManager), '2162', Object(QuickCommerce\Model\View\PosOrderAction)) #8 /home/acecoffee/quickcommerce/vendor/quickcommerce/src/Adapter/Opencart2x/Service/Oc2OrderService.php(115): QuickCommerce\Adapter\OC2\Service\Oc2OrderService->updateOrder(Object(Doctrine\ORM\EntityManager), '2162', Object(QuickCommerce\Model\View\PosOrderAction)) #9 /home/acecoffee/quickcommerce/vendor/quickcommerce/src/API/Service/AbstractOrderService.php(55): QuickCommerce\Adapter\OC2\Service\Oc2OrderService->modifyOrder('2162', Object(QuickCommerce\Model\View\PosOrderAction)) #10 /home/acecoffee/quickcommerce/vendor/quickcommerce/src/API/Application.php(221): QuickCommerce\API\Service\AbstractOrderService->patch(Array, '2162', NULL) #11 /home/acecoffee/quickcommerce/upload/qcapi/index.php(123): QuickCommerce\API\Application->partialUpdate('order', Array, '2162') #12 [internal function]: Closure->{closure}(Object(Slim\Http\Request), Object(Slim\Http\Response), Array) #13 /home/acecoffee/quickcommerce/vendor/slim/slim/Slim/Handlers/Strategies/RequestResponse.php(41): call_user_func(Object(Closure), Object(Slim\Http\Request), Object(Slim\Http\Response), Array) #14 /home/acecoffee/quickcommerce/vendor/slim/slim/Slim/Route.php(344): Slim\Handlers\Strategies\RequestResponse->__invoke(Object(Closure), Object(Slim\Http\Request), Object(Slim\Http\Response), Array) #15 /home/acecoffee/quickcommerce/vendor/slim/slim/Slim/MiddlewareAwareTrait.php(122): Slim\Route->__invoke(Object(Slim\Http\Request), Object(Slim\Http\Response)) #16 /home/acecoffee/quickcommerce/vendor/slim/slim/Slim/Route.php(316): Slim\Route->callMiddlewareStack(Object(Slim\Http\Request), Object(Slim\Http\Response)) #17 /home/acecoffee/quickcommerce/vendor/slim/slim/Slim/App.php(476): Slim\Route->run(Object(Slim\Http\Request), Object(Slim\Http\Response)) #18 /home/acecoffee/quickcommerce/vendor/slim/slim/Slim/MiddlewareAwareTrait.php(122): Slim\App->__invoke(Object(Slim\Http\Request), Object(Slim\Http\Response)) #19 /home/acecoffee/quickcommerce/vendor/slim/slim/Slim/App.php(370): Slim\App->callMiddlewareStack(Object(Slim\Http\Request), Object(Slim\Http\Response)) #20 /home/acecoffee/quickcommerce/vendor/slim/slim/Slim/App.php(295): Slim\App->process(Object(Slim\Http\Request), Object(Slim\Http\Response)) #21 /home/acecoffee/quickcommerce/upload/qcapi/index.php(214): Slim\App->run() #22 {main} [] []
[2017-07-06 04:46:10] pos_logger.DEBUG: checking QuickCommerce\Adapter\OC2\Service\Oc2OrderService [] []
[2017-07-06 04:46:10] pos_logger.DEBUG: class found [] []
[2017-07-06 04:46:13] pos_logger.DEBUG: checking QuickCommerce\Adapter\OC2\Service\Oc2OrderService [] []
[2017-07-06 04:46:13] pos_logger.DEBUG: class found [] []
[2017-07-06 04:46:14] pos_logger.DEBUG: checking QuickCommerce\Adapter\OC2\Service\Oc2OrderService [] []
[2017-07-06 04:46:14] pos_logger.DEBUG: class found [] []
[2017-07-06 04:52:22] pos_logger.DEBUG: checking QuickCommerce\Adapter\OC2\Service\Oc2ReferenceDataService [] []
[2017-07-06 04:52:22] pos_logger.DEBUG: class found [] []
[2017-07-06 04:52:22] pos_logger.DEBUG: checking QuickCommerce\Adapter\OC2\Service\Oc2SettingsService [] []
[2017-07-06 04:52:22] pos_logger.DEBUG: class found [] []
[2017-07-06 04:52:23] pos_logger.DEBUG: checking QuickCommerce\Adapter\OC2\Service\Oc2OrderService [] []
[2017-07-06 04:52:23] pos_logger.DEBUG: class found [] []
[2017-07-06 14:51:19] pos_logger.DEBUG: checking QuickCommerce\Adapter\OC2\Service\Oc2ReferenceDataService [] []
[2017-07-06 14:51:19] pos_logger.DEBUG: class found [] []
[2017-07-06 14:51:20] pos_logger.DEBUG: checking QuickCommerce\Adapter\OC2\Service\Oc2SettingsService [] []
[2017-07-06 14:51:20] pos_logger.DEBUG: class found [] []
[2017-07-06 14:51:20] pos_logger.DEBUG: checking QuickCommerce\Adapter\OC2\Service\Oc2OrderService [] []
[2017-07-06 14:51:20] pos_logger.DEBUG: class found [] []
[2017-07-06 15:02:12] pos_logger.DEBUG: checking QuickCommerce\Adapter\OC2\Service\Oc2ReferenceDataService [] []
[2017-07-06 15:02:12] pos_logger.DEBUG: class found [] []
[2017-07-06 15:02:12] pos_logger.DEBUG: checking QuickCommerce\Adapter\OC2\Service\Oc2SettingsService [] []
[2017-07-06 15:02:12] pos_logger.DEBUG: class found [] []
[2017-07-06 15:02:13] pos_logger.DEBUG: checking QuickCommerce\Adapter\OC2\Service\Oc2OrderService [] []
[2017-07-06 15:02:13] pos_logger.DEBUG: class found [] []
[2017-07-06 15:04:23] pos_logger.DEBUG: checking QuickCommerce\Adapter\OC2\Service\Oc2ReferenceDataService [] []
[2017-07-06 15:04:23] pos_logger.DEBUG: class found [] []
[2017-07-06 15:04:23] pos_logger.DEBUG: checking QuickCommerce\Adapter\OC2\Service\Oc2SettingsService [] []
[2017-07-06 15:04:23] pos_logger.DEBUG: class found [] []
[2017-07-06 15:04:24] pos_logger.DEBUG: checking QuickCommerce\Adapter\OC2\Service\Oc2OrderService [] []
[2017-07-06 15:04:24] pos_logger.DEBUG: class found [] []
[2017-07-06 15:06:24] pos_logger.DEBUG: checking QuickCommerce\Adapter\OC2\Service\Oc2ReferenceDataService [] []
[2017-07-06 15:06:24] pos_logger.DEBUG: class found [] []
[2017-07-06 15:06:24] pos_logger.DEBUG: checking QuickCommerce\Adapter\OC2\Service\Oc2SettingsService [] []
[2017-07-06 15:06:24] pos_logger.DEBUG: class found [] []
[2017-07-06 15:06:25] pos_logger.DEBUG: checking QuickCommerce\Adapter\OC2\Service\Oc2OrderService [] []
[2017-07-06 15:06:25] pos_logger.DEBUG: class found [] []
[2017-07-06 15:08:22] pos_logger.DEBUG: checking QuickCommerce\Adapter\OC2\Service\Oc2OrderService [] []
[2017-07-06 15:08:22] pos_logger.DEBUG: class found [] []
[2017-07-06 15:08:23] pos_logger.DEBUG: checking QuickCommerce\Adapter\OC2\Service\Oc2OrderService [] []
[2017-07-06 15:08:23] pos_logger.DEBUG: class found [] []
[2017-07-06 15:09:08] pos_logger.DEBUG: checking QuickCommerce\Adapter\OC2\Service\Oc2OrderService [] []
[2017-07-06 15:09:08] pos_logger.DEBUG: class found [] []
[2017-07-06 15:09:08] pos_logger.DEBUG: checking QuickCommerce\Adapter\OC2\Service\Oc2OrderService [] []
[2017-07-06 15:09:08] pos_logger.DEBUG: class found [] []
[2017-07-06 15:09:08] pos_logger.DEBUG: An order cannot be created using give data QuickCommerce\Model\View\PosOrderAction Object (     [action:protected] =>      [orderProductId:protected] =>      [orderProduct:protected] =>      [productId:protected] =>      [orderOptions:protected] => Array         (         )      [orderTaxRates:protected] => Array         (         )      [defaultSettings:protected] => Array         (         )      [quantityBefore:protected] =>      [quantityAfter:protected] =>      [shipping:protected] =>  )  [] []
[2017-07-06 15:09:08] pos_logger.DEBUG: #0 /home/acecoffee/quickcommerce/vendor/quickcommerce/src/Adapter/Opencart2x/Service/Oc2OrderService.php(154): QuickCommerce\API\Exception\APIException::orderCannotBeCreated(Object(QuickCommerce\Model\View\PosOrderAction)) #1 /home/acecoffee/quickcommerce/vendor/quickcommerce/src/Adapter/Opencart2x/Service/Oc2OrderService.php(113): QuickCommerce\Adapter\OC2\Service\Oc2OrderService->createOrder(Object(Doctrine\ORM\EntityManager), Object(QuickCommerce\Model\View\PosOrderAction)) #2 /home/acecoffee/quickcommerce/vendor/quickcommerce/src/API/Service/AbstractOrderService.php(55): QuickCommerce\Adapter\OC2\Service\Oc2OrderService->modifyOrder('0', Object(QuickCommerce\Model\View\PosOrderAction)) #3 /home/acecoffee/quickcommerce/vendor/quickcommerce/src/API/Application.php(221): QuickCommerce\API\Service\AbstractOrderService->patch(Array, '0', NULL) #4 /home/acecoffee/quickcommerce/upload/qcapi/index.php(123): QuickCommerce\API\Application->partialUpdate('order', Array, '0') #5 [internal function]: Closure->{closure}(Object(Slim\Http\Request), Object(Slim\Http\Response), Array) #6 /home/acecoffee/quickcommerce/vendor/slim/slim/Slim/Handlers/Strategies/RequestResponse.php(41): call_user_func(Object(Closure), Object(Slim\Http\Request), Object(Slim\Http\Response), Array) #7 /home/acecoffee/quickcommerce/vendor/slim/slim/Slim/Route.php(344): Slim\Handlers\Strategies\RequestResponse->__invoke(Object(Closure), Object(Slim\Http\Request), Object(Slim\Http\Response), Array) #8 /home/acecoffee/quickcommerce/vendor/slim/slim/Slim/MiddlewareAwareTrait.php(122): Slim\Route->__invoke(Object(Slim\Http\Request), Object(Slim\Http\Response)) #9 /home/acecoffee/quickcommerce/vendor/slim/slim/Slim/Route.php(316): Slim\Route->callMiddlewareStack(Object(Slim\Http\Request), Object(Slim\Http\Response)) #10 /home/acecoffee/quickcommerce/vendor/slim/slim/Slim/App.php(476): Slim\Route->run(Object(Slim\Http\Request), Object(Slim\Http\Response)) #11 /home/acecoffee/quickcommerce/vendor/slim/slim/Slim/MiddlewareAwareTrait.php(122): Slim\App->__invoke(Object(Slim\Http\Request), Object(Slim\Http\Response)) #12 /home/acecoffee/quickcommerce/vendor/slim/slim/Slim/App.php(370): Slim\App->callMiddlewareStack(Object(Slim\Http\Request), Object(Slim\Http\Response)) #13 /home/acecoffee/quickcommerce/vendor/slim/slim/Slim/App.php(295): Slim\App->process(Object(Slim\Http\Request), Object(Slim\Http\Response)) #14 /home/acecoffee/quickcommerce/upload/qcapi/index.php(214): Slim\App->run() #15 {main} [] []
[2017-07-06 15:09:09] pos_logger.DEBUG: checking QuickCommerce\Adapter\OC2\Service\Oc2OrderService [] []
[2017-07-06 15:09:09] pos_logger.DEBUG: class found [] []
[2017-07-06 15:12:23] pos_logger.DEBUG: checking QuickCommerce\Adapter\OC2\Service\Oc2ReferenceDataService [] []
[2017-07-06 15:12:23] pos_logger.DEBUG: class found [] []
[2017-07-06 15:12:23] pos_logger.DEBUG: checking QuickCommerce\Adapter\OC2\Service\Oc2SettingsService [] []
[2017-07-06 15:12:23] pos_logger.DEBUG: class found [] []
[2017-07-06 15:12:24] pos_logger.DEBUG: checking QuickCommerce\Adapter\OC2\Service\Oc2OrderService [] []
[2017-07-06 15:12:24] pos_logger.DEBUG: class found [] []
[2017-07-06 15:34:17] pos_logger.DEBUG: checking QuickCommerce\Adapter\OC2\Service\Oc2ReferenceDataService [] []
[2017-07-06 15:34:17] pos_logger.DEBUG: class found [] []
[2017-07-06 15:34:17] pos_logger.DEBUG: checking QuickCommerce\Adapter\OC2\Service\Oc2SettingsService [] []
[2017-07-06 15:34:17] pos_logger.DEBUG: class found [] []
[2017-07-06 15:34:17] pos_logger.DEBUG: checking QuickCommerce\Adapter\OC2\Service\Oc2OrderService [] []
[2017-07-06 15:34:17] pos_logger.DEBUG: class found [] []
[2017-07-06 15:40:24] pos_logger.DEBUG: checking QuickCommerce\Adapter\OC2\Service\Oc2ReferenceDataService [] []
[2017-07-06 15:40:24] pos_logger.DEBUG: class found [] []
[2017-07-06 15:40:24] pos_logger.DEBUG: checking QuickCommerce\Adapter\OC2\Service\Oc2SettingsService [] []
[2017-07-06 15:40:24] pos_logger.DEBUG: class found [] []
[2017-07-06 15:40:26] pos_logger.DEBUG: checking QuickCommerce\Adapter\OC2\Service\Oc2ReferenceDataService [] []
[2017-07-06 15:40:26] pos_logger.DEBUG: class found [] []
[2017-07-06 15:40:26] pos_logger.DEBUG: checking QuickCommerce\Adapter\OC2\Service\Oc2SettingsService [] []
[2017-07-06 15:40:26] pos_logger.DEBUG: class found [] []
[2017-07-06 15:40:26] pos_logger.DEBUG: checking QuickCommerce\Adapter\OC2\Service\Oc2OrderService [] []
[2017-07-06 15:40:26] pos_logger.DEBUG: class found [] []
[2017-07-06 15:41:54] pos_logger.DEBUG: checking QuickCommerce\Adapter\OC2\Service\Oc2ReferenceDataService [] []
[2017-07-06 15:41:54] pos_logger.DEBUG: class found [] []
[2017-07-06 15:41:54] pos_logger.DEBUG: checking QuickCommerce\Adapter\OC2\Service\Oc2SettingsService [] []
[2017-07-06 15:41:54] pos_logger.DEBUG: class found [] []
[2017-07-06 15:41:55] pos_logger.DEBUG: checking QuickCommerce\Adapter\OC2\Service\Oc2OrderService [] []
[2017-07-06 15:41:55] pos_logger.DEBUG: class found [] []
[2017-07-06 15:45:14] pos_logger.DEBUG: checking QuickCommerce\Adapter\OC2\Service\Oc2ReferenceDataService [] []
[2017-07-06 15:45:14] pos_logger.DEBUG: class found [] []
[2017-07-06 15:45:14] pos_logger.DEBUG: checking QuickCommerce\Adapter\OC2\Service\Oc2SettingsService [] []
[2017-07-06 15:45:14] pos_logger.DEBUG: class found [] []
[2017-07-06 15:45:15] pos_logger.DEBUG: checking QuickCommerce\Adapter\OC2\Service\Oc2OrderService [] []
[2017-07-06 15:45:15] pos_logger.DEBUG: class found [] []
[2017-07-06 15:46:52] pos_logger.DEBUG: checking QuickCommerce\Adapter\OC2\Service\Oc2ReferenceDataService [] []
[2017-07-06 15:46:52] pos_logger.DEBUG: class found [] []
[2017-07-06 15:46:52] pos_logger.DEBUG: checking QuickCommerce\Adapter\OC2\Service\Oc2SettingsService [] []
[2017-07-06 15:46:52] pos_logger.DEBUG: class found [] []
[2017-07-06 15:46:53] pos_logger.DEBUG: checking QuickCommerce\Adapter\OC2\Service\Oc2OrderService [] []
[2017-07-06 15:46:53] pos_logger.DEBUG: class found [] []
[2017-07-06 15:48:40] pos_logger.DEBUG: checking QuickCommerce\Adapter\OC2\Service\Oc2ReferenceDataService [] []
[2017-07-06 15:48:40] pos_logger.DEBUG: class found [] []
[2017-07-06 15:48:40] pos_logger.DEBUG: checking QuickCommerce\Adapter\OC2\Service\Oc2SettingsService [] []
[2017-07-06 15:48:40] pos_logger.DEBUG: class found [] []
[2017-07-06 15:48:41] pos_logger.DEBUG: checking QuickCommerce\Adapter\OC2\Service\Oc2OrderService [] []
[2017-07-06 15:48:41] pos_logger.DEBUG: class found [] []
[2017-07-06 15:50:00] pos_logger.DEBUG: checking QuickCommerce\Adapter\OC2\Service\Oc2ReferenceDataService [] []
[2017-07-06 15:50:00] pos_logger.DEBUG: class found [] []
[2017-07-06 15:50:00] pos_logger.DEBUG: checking QuickCommerce\Adapter\OC2\Service\Oc2SettingsService [] []
[2017-07-06 15:50:00] pos_logger.DEBUG: class found [] []
[2017-07-06 15:50:22] pos_logger.DEBUG: checking QuickCommerce\Adapter\OC2\Service\Oc2OrderService [] []
[2017-07-06 15:50:22] pos_logger.DEBUG: class found [] []
[2017-07-06 15:52:44] pos_logger.DEBUG: checking QuickCommerce\Adapter\OC2\Service\Oc2ReferenceDataService [] []
[2017-07-06 15:52:44] pos_logger.DEBUG: class found [] []
[2017-07-06 15:52:44] pos_logger.DEBUG: checking QuickCommerce\Adapter\OC2\Service\Oc2SettingsService [] []
[2017-07-06 15:52:44] pos_logger.DEBUG: class found [] []
[2017-07-06 15:52:50] pos_logger.DEBUG: checking QuickCommerce\Adapter\OC2\Service\Oc2OrderService [] []
[2017-07-06 15:52:50] pos_logger.DEBUG: class found [] []
[2017-07-06 15:54:58] pos_logger.DEBUG: checking QuickCommerce\Adapter\OC2\Service\Oc2ReferenceDataService [] []
[2017-07-06 15:54:58] pos_logger.DEBUG: class found [] []
[2017-07-06 15:54:58] pos_logger.DEBUG: checking QuickCommerce\Adapter\OC2\Service\Oc2SettingsService [] []
[2017-07-06 15:54:58] pos_logger.DEBUG: class found [] []
[2017-07-06 15:54:59] pos_logger.DEBUG: checking QuickCommerce\Adapter\OC2\Service\Oc2OrderService [] []
[2017-07-06 15:54:59] pos_logger.DEBUG: class found [] []
[2017-07-06 15:59:37] pos_logger.DEBUG: checking QuickCommerce\Adapter\OC2\Service\Oc2ReferenceDataService [] []
[2017-07-06 15:59:37] pos_logger.DEBUG: class found [] []
[2017-07-06 15:59:37] pos_logger.DEBUG: checking QuickCommerce\Adapter\OC2\Service\Oc2SettingsService [] []
[2017-07-06 15:59:37] pos_logger.DEBUG: class found [] []
[2017-07-06 15:59:38] pos_logger.DEBUG: checking QuickCommerce\Adapter\OC2\Service\Oc2OrderService [] []
[2017-07-06 15:59:38] pos_logger.DEBUG: class found [] []
[2017-07-06 16:00:24] pos_logger.DEBUG: checking QuickCommerce\Adapter\OC2\Service\Oc2ReferenceDataService [] []
[2017-07-06 16:00:24] pos_logger.DEBUG: class found [] []
[2017-07-06 16:00:24] pos_logger.DEBUG: checking QuickCommerce\Adapter\OC2\Service\Oc2SettingsService [] []
[2017-07-06 16:00:24] pos_logger.DEBUG: class found [] []
[2017-07-06 16:00:25] pos_logger.DEBUG: checking QuickCommerce\Adapter\OC2\Service\Oc2OrderService [] []
[2017-07-06 16:00:25] pos_logger.DEBUG: class found [] []
[2017-07-06 16:11:55] pos_logger.DEBUG: checking QuickCommerce\Adapter\OC2\Service\Oc2ReferenceDataService [] []
[2017-07-06 16:11:55] pos_logger.DEBUG: class found [] []
[2017-07-06 16:11:55] pos_logger.DEBUG: checking QuickCommerce\Adapter\OC2\Service\Oc2SettingsService [] []
[2017-07-06 16:11:55] pos_logger.DEBUG: class found [] []
[2017-07-06 16:11:56] pos_logger.DEBUG: checking QuickCommerce\Adapter\OC2\Service\Oc2OrderService [] []
[2017-07-06 16:11:56] pos_logger.DEBUG: class found [] []
[2017-07-06 18:20:31] pos_logger.DEBUG: checking QuickCommerce\Adapter\OC2\Service\Oc2OrderService [] []
[2017-07-06 18:20:31] pos_logger.DEBUG: class found [] []
[2017-07-06 18:20:31] pos_logger.DEBUG: updating quantity with change 1 for productId  and productOptionValueIds Array ( )  [] []
[2017-07-06 18:20:31] pos_logger.DEBUG: checking QuickCommerce\Adapter\OC2\Service\Oc2OrderService [] []
[2017-07-06 18:20:31] pos_logger.DEBUG: class found [] []
[2017-07-06 18:20:33] pos_logger.DEBUG: checking QuickCommerce\Adapter\OC2\Service\Oc2OrderService [] []
[2017-07-06 18:20:33] pos_logger.DEBUG: class found [] []
[2017-07-06 18:20:33] pos_logger.DEBUG: updating quantity with change 1 for productId  and productOptionValueIds Array ( )  [] []
[2017-07-06 18:20:33] pos_logger.DEBUG: checking QuickCommerce\Adapter\OC2\Service\Oc2OrderService [] []
[2017-07-06 18:20:33] pos_logger.DEBUG: class found [] []
[2017-07-06 18:20:37] pos_logger.DEBUG: checking QuickCommerce\Adapter\OC2\Service\Oc2OrderService [] []
[2017-07-06 18:20:37] pos_logger.DEBUG: class found [] []
[2017-07-06 18:20:37] pos_logger.DEBUG: updating quantity with change 0 for productId  and productOptionValueIds Array ( )  [] []
[2017-07-06 18:20:37] pos_logger.DEBUG: checking QuickCommerce\Adapter\OC2\Service\Oc2OrderService [] []
[2017-07-06 18:20:37] pos_logger.DEBUG: class found [] []
