[2017-08-12 02:13:24] pos_logger.DEBUG: checking QuickCommerce\Adapter\OC2\Service\Oc2ReferenceDataService [] []
[2017-08-12 02:13:24] pos_logger.DEBUG: class found [] []
[2017-08-12 02:13:24] pos_logger.DEBUG: checking QuickCommerce\Adapter\OC2\Service\Oc2SettingsService [] []
[2017-08-12 02:13:24] pos_logger.DEBUG: class found [] []
[2017-08-12 02:13:25] pos_logger.DEBUG: checking QuickCommerce\Adapter\OC2\Service\Oc2OrderService [] []
[2017-08-12 02:13:25] pos_logger.DEBUG: class found [] []
[2017-08-12 02:15:19] pos_logger.DEBUG: checking QuickCommerce\Adapter\OC2\Service\Oc2ReferenceDataService [] []
[2017-08-12 02:15:19] pos_logger.DEBUG: class found [] []
[2017-08-12 02:15:19] pos_logger.DEBUG: checking QuickCommerce\Adapter\OC2\Service\Oc2SettingsService [] []
[2017-08-12 02:15:19] pos_logger.DEBUG: class found [] []
[2017-08-12 02:15:20] pos_logger.DEBUG: checking QuickCommerce\Adapter\OC2\Service\Oc2OrderService [] []
[2017-08-12 02:15:20] pos_logger.DEBUG: class found [] []
[2017-08-12 02:17:54] pos_logger.DEBUG: checking QuickCommerce\Adapter\OC2\Service\Oc2ReferenceDataService [] []
[2017-08-12 02:17:54] pos_logger.DEBUG: class found [] []
[2017-08-12 02:17:55] pos_logger.DEBUG: checking QuickCommerce\Adapter\OC2\Service\Oc2SettingsService [] []
[2017-08-12 02:17:55] pos_logger.DEBUG: class found [] []
[2017-08-12 02:17:56] pos_logger.DEBUG: checking QuickCommerce\Adapter\OC2\Service\Oc2OrderService [] []
[2017-08-12 02:17:56] pos_logger.DEBUG: class found [] []
[2017-08-12 02:20:20] pos_logger.DEBUG: checking QuickCommerce\Adapter\OC2\Service\Oc2ReferenceDataService [] []
[2017-08-12 02:20:20] pos_logger.DEBUG: class found [] []
[2017-08-12 02:20:20] pos_logger.DEBUG: checking QuickCommerce\Adapter\OC2\Service\Oc2SettingsService [] []
[2017-08-12 02:20:20] pos_logger.DEBUG: class found [] []
[2017-08-12 02:21:30] pos_logger.DEBUG: checking QuickCommerce\Adapter\OC2\Service\Oc2ReferenceDataService [] []
[2017-08-12 02:21:30] pos_logger.DEBUG: class found [] []
[2017-08-12 02:21:30] pos_logger.DEBUG: checking QuickCommerce\Adapter\OC2\Service\Oc2SettingsService [] []
[2017-08-12 02:21:30] pos_logger.DEBUG: class found [] []
[2017-08-12 02:22:11] pos_logger.DEBUG: checking QuickCommerce\Adapter\OC2\Service\Oc2ReferenceDataService [] []
[2017-08-12 02:22:11] pos_logger.DEBUG: class found [] []
[2017-08-12 02:22:11] pos_logger.DEBUG: checking QuickCommerce\Adapter\OC2\Service\Oc2SettingsService [] []
[2017-08-12 02:22:11] pos_logger.DEBUG: class found [] []
[2017-08-12 02:26:57] pos_logger.DEBUG: checking QuickCommerce\Adapter\OC2\Service\Oc2ReferenceDataService [] []
[2017-08-12 02:26:57] pos_logger.DEBUG: class found [] []
[2017-08-12 02:26:57] pos_logger.DEBUG: checking QuickCommerce\Adapter\OC2\Service\Oc2SettingsService [] []
[2017-08-12 02:26:57] pos_logger.DEBUG: class found [] []
[2017-08-12 02:26:58] pos_logger.DEBUG: checking QuickCommerce\Adapter\OC2\Service\Oc2OrderService [] []
[2017-08-12 02:26:58] pos_logger.DEBUG: class found [] []
[2017-08-12 02:29:46] pos_logger.DEBUG: checking QuickCommerce\Adapter\OC2\Service\Oc2ReferenceDataService [] []
[2017-08-12 02:29:46] pos_logger.DEBUG: class found [] []
[2017-08-12 02:29:46] pos_logger.DEBUG: checking QuickCommerce\Adapter\OC2\Service\Oc2SettingsService [] []
[2017-08-12 02:29:46] pos_logger.DEBUG: class found [] []
[2017-08-12 02:29:50] pos_logger.DEBUG: checking QuickCommerce\Adapter\OC2\Service\Oc2ReferenceDataService [] []
[2017-08-12 02:29:50] pos_logger.DEBUG: class found [] []
[2017-08-12 02:29:51] pos_logger.DEBUG: checking QuickCommerce\Adapter\OC2\Service\Oc2SettingsService [] []
[2017-08-12 02:29:51] pos_logger.DEBUG: class found [] []
[2017-08-12 02:29:52] pos_logger.DEBUG: checking QuickCommerce\Adapter\OC2\Service\Oc2OrderService [] []
[2017-08-12 02:29:52] pos_logger.DEBUG: class found [] []
[2017-08-12 02:30:10] pos_logger.DEBUG: checking QuickCommerce\Adapter\OC2\Service\Oc2ReferenceDataService [] []
[2017-08-12 02:30:10] pos_logger.DEBUG: class found [] []
[2017-08-12 02:30:10] pos_logger.DEBUG: checking QuickCommerce\Adapter\OC2\Service\Oc2SettingsService [] []
[2017-08-12 02:30:10] pos_logger.DEBUG: class found [] []
[2017-08-12 02:30:12] pos_logger.DEBUG: checking QuickCommerce\Adapter\OC2\Service\Oc2OrderService [] []
[2017-08-12 02:30:12] pos_logger.DEBUG: class found [] []
[2017-08-12 02:30:58] pos_logger.DEBUG: checking QuickCommerce\Adapter\OC2\Service\Oc2ReferenceDataService [] []
[2017-08-12 02:30:58] pos_logger.DEBUG: class found [] []
[2017-08-12 02:30:58] pos_logger.DEBUG: checking QuickCommerce\Adapter\OC2\Service\Oc2SettingsService [] []
[2017-08-12 02:30:58] pos_logger.DEBUG: class found [] []
[2017-08-12 02:33:12] pos_logger.DEBUG: checking QuickCommerce\Adapter\OC2\Service\Oc2ReferenceDataService [] []
[2017-08-12 02:33:12] pos_logger.DEBUG: class found [] []
[2017-08-12 02:33:12] pos_logger.DEBUG: checking QuickCommerce\Adapter\OC2\Service\Oc2SettingsService [] []
[2017-08-12 02:33:12] pos_logger.DEBUG: class found [] []
[2017-08-12 02:33:19] pos_logger.DEBUG: checking QuickCommerce\Adapter\OC2\Service\Oc2ReferenceDataService [] []
[2017-08-12 02:33:19] pos_logger.DEBUG: class found [] []
[2017-08-12 02:33:19] pos_logger.DEBUG: checking QuickCommerce\Adapter\OC2\Service\Oc2SettingsService [] []
[2017-08-12 02:33:19] pos_logger.DEBUG: class found [] []
[2017-08-12 02:33:20] pos_logger.DEBUG: checking QuickCommerce\Adapter\OC2\Service\Oc2OrderService [] []
[2017-08-12 02:33:20] pos_logger.DEBUG: class found [] []
[2017-08-12 02:34:21] pos_logger.DEBUG: checking QuickCommerce\Adapter\OC2\Service\Oc2ReferenceDataService [] []
[2017-08-12 02:34:21] pos_logger.DEBUG: class found [] []
[2017-08-12 02:34:21] pos_logger.DEBUG: checking QuickCommerce\Adapter\OC2\Service\Oc2SettingsService [] []
[2017-08-12 02:34:21] pos_logger.DEBUG: class found [] []
[2017-08-12 02:34:22] pos_logger.DEBUG: checking QuickCommerce\Adapter\OC2\Service\Oc2OrderService [] []
[2017-08-12 02:34:22] pos_logger.DEBUG: class found [] []
[2017-08-12 02:35:54] pos_logger.DEBUG: checking QuickCommerce\Adapter\OC2\Service\Oc2ReferenceDataService [] []
[2017-08-12 02:35:54] pos_logger.DEBUG: class found [] []
[2017-08-12 02:35:54] pos_logger.DEBUG: checking QuickCommerce\Adapter\OC2\Service\Oc2SettingsService [] []
[2017-08-12 02:35:54] pos_logger.DEBUG: class found [] []
[2017-08-12 02:35:55] pos_logger.DEBUG: checking QuickCommerce\Adapter\OC2\Service\Oc2OrderService [] []
[2017-08-12 02:35:55] pos_logger.DEBUG: class found [] []
[2017-08-12 02:36:35] pos_logger.DEBUG: checking QuickCommerce\Adapter\OC2\Service\Oc2ReferenceDataService [] []
[2017-08-12 02:36:35] pos_logger.DEBUG: class found [] []
[2017-08-12 02:36:36] pos_logger.DEBUG: checking QuickCommerce\Adapter\OC2\Service\Oc2SettingsService [] []
[2017-08-12 02:36:36] pos_logger.DEBUG: class found [] []
[2017-08-12 02:36:37] pos_logger.DEBUG: checking QuickCommerce\Adapter\OC2\Service\Oc2OrderService [] []
[2017-08-12 02:36:37] pos_logger.DEBUG: class found [] []
[2017-08-12 02:38:48] pos_logger.DEBUG: checking QuickCommerce\Adapter\OC2\Service\Oc2ReferenceDataService [] []
[2017-08-12 02:38:48] pos_logger.DEBUG: class found [] []
[2017-08-12 02:38:49] pos_logger.DEBUG: checking QuickCommerce\Adapter\OC2\Service\Oc2SettingsService [] []
[2017-08-12 02:38:49] pos_logger.DEBUG: class found [] []
[2017-08-12 02:38:50] pos_logger.DEBUG: checking QuickCommerce\Adapter\OC2\Service\Oc2OrderService [] []
[2017-08-12 02:38:50] pos_logger.DEBUG: class found [] []
[2017-08-12 02:49:42] pos_logger.DEBUG: checking QuickCommerce\Adapter\OC2\Service\Oc2ReferenceDataService [] []
[2017-08-12 02:49:42] pos_logger.DEBUG: class found [] []
[2017-08-12 02:49:43] pos_logger.DEBUG: checking QuickCommerce\Adapter\OC2\Service\Oc2SettingsService [] []
[2017-08-12 02:49:43] pos_logger.DEBUG: class found [] []
[2017-08-12 02:49:44] pos_logger.DEBUG: checking QuickCommerce\Adapter\OC2\Service\Oc2OrderService [] []
[2017-08-12 02:49:44] pos_logger.DEBUG: class found [] []
[2017-08-12 02:53:10] pos_logger.DEBUG: checking QuickCommerce\Adapter\OC2\Service\Oc2ReferenceDataService [] []
[2017-08-12 02:53:10] pos_logger.DEBUG: class found [] []
[2017-08-12 02:53:11] pos_logger.DEBUG: checking QuickCommerce\Adapter\OC2\Service\Oc2SettingsService [] []
[2017-08-12 02:53:11] pos_logger.DEBUG: class found [] []
[2017-08-12 02:53:12] pos_logger.DEBUG: checking QuickCommerce\Adapter\OC2\Service\Oc2OrderService [] []
[2017-08-12 02:53:12] pos_logger.DEBUG: class found [] []
[2017-08-12 02:54:43] pos_logger.DEBUG: checking QuickCommerce\Adapter\OC2\Service\Oc2ReferenceDataService [] []
[2017-08-12 02:54:43] pos_logger.DEBUG: class found [] []
[2017-08-12 02:54:43] pos_logger.DEBUG: checking QuickCommerce\Adapter\OC2\Service\Oc2SettingsService [] []
[2017-08-12 02:54:43] pos_logger.DEBUG: class found [] []
[2017-08-12 02:54:44] pos_logger.DEBUG: checking QuickCommerce\Adapter\OC2\Service\Oc2OrderService [] []
[2017-08-12 02:54:44] pos_logger.DEBUG: class found [] []
[2017-08-12 02:54:59] pos_logger.DEBUG: checking QuickCommerce\Adapter\OC2\Service\Oc2ReferenceDataService [] []
[2017-08-12 02:54:59] pos_logger.DEBUG: class found [] []
[2017-08-12 02:54:59] pos_logger.DEBUG: checking QuickCommerce\Adapter\OC2\Service\Oc2SettingsService [] []
[2017-08-12 02:54:59] pos_logger.DEBUG: class found [] []
[2017-08-12 02:55:00] pos_logger.DEBUG: checking QuickCommerce\Adapter\OC2\Service\Oc2OrderService [] []
[2017-08-12 02:55:00] pos_logger.DEBUG: class found [] []
[2017-08-12 02:55:35] pos_logger.DEBUG: checking QuickCommerce\Adapter\OC2\Service\Oc2ReferenceDataService [] []
[2017-08-12 02:55:35] pos_logger.DEBUG: class found [] []
[2017-08-12 02:55:35] pos_logger.DEBUG: checking QuickCommerce\Adapter\OC2\Service\Oc2SettingsService [] []
[2017-08-12 02:55:35] pos_logger.DEBUG: class found [] []
[2017-08-12 02:55:36] pos_logger.DEBUG: checking QuickCommerce\Adapter\OC2\Service\Oc2OrderService [] []
[2017-08-12 02:55:36] pos_logger.DEBUG: class found [] []
[2017-08-12 02:57:12] pos_logger.DEBUG: checking QuickCommerce\Adapter\OC2\Service\Oc2ReferenceDataService [] []
[2017-08-12 02:57:12] pos_logger.DEBUG: class found [] []
[2017-08-12 02:57:12] pos_logger.DEBUG: checking QuickCommerce\Adapter\OC2\Service\Oc2SettingsService [] []
[2017-08-12 02:57:12] pos_logger.DEBUG: class found [] []
[2017-08-12 02:57:13] pos_logger.DEBUG: checking QuickCommerce\Adapter\OC2\Service\Oc2OrderService [] []
[2017-08-12 02:57:13] pos_logger.DEBUG: class found [] []
[2017-08-12 16:12:54] pos_logger.DEBUG: checking QuickCommerce\Adapter\OC2\Service\Oc2ReferenceDataService [] []
[2017-08-12 16:12:54] pos_logger.DEBUG: class found [] []
[2017-08-12 16:12:55] pos_logger.DEBUG: checking QuickCommerce\Adapter\OC2\Service\Oc2SettingsService [] []
[2017-08-12 16:12:55] pos_logger.DEBUG: class found [] []
[2017-08-12 16:12:55] pos_logger.DEBUG: checking QuickCommerce\Adapter\OC2\Service\Oc2OrderService [] []
[2017-08-12 16:12:55] pos_logger.DEBUG: class found [] []
[2017-08-12 20:23:42] pos_logger.DEBUG: checking QuickCommerce\Adapter\OC2\Service\Oc2OrderService [] []
[2017-08-12 20:23:42] pos_logger.DEBUG: class found [] []
[2017-08-12 20:23:42] pos_logger.DEBUG: checking QuickCommerce\Adapter\OC2\Service\Oc2OrderService [] []
[2017-08-12 20:23:42] pos_logger.DEBUG: class found [] []
[2017-08-12 20:51:06] pos_logger.DEBUG: checking QuickCommerce\Adapter\OC2\Service\Oc2ReferenceDataService [] []
[2017-08-12 20:51:06] pos_logger.DEBUG: class found [] []
[2017-08-12 20:51:11] pos_logger.DEBUG: checking QuickCommerce\Adapter\OC2\Service\Oc2SettingsService [] []
[2017-08-12 20:51:11] pos_logger.DEBUG: class found [] []
[2017-08-12 20:51:13] pos_logger.DEBUG: checking QuickCommerce\Adapter\OC2\Service\Oc2OrderService [] []
[2017-08-12 20:51:13] pos_logger.DEBUG: class found [] []
[2017-08-12 20:51:13] pos_logger.DEBUG: An exception occurred while executing 'INSERT INTO oc2_order (invoice_no, invoice_prefix, store_id, store_name, store_url, customer_id, customer_group_id, firstname, lastname, email, telephone, fax, payment_firstname, payment_lastname, payment_company, payment_address_1, payment_address_2, payment_city, payment_postcode, payment_country, payment_country_id, payment_zone, payment_zone_id, payment_address_format, payment_custom_field, payment_method, payment_code, shipping_firstname, shipping_lastname, shipping_company, shipping_address_1, shipping_address_2, shipping_city, shipping_postcode, shipping_country, shipping_country_id, shipping_zone, shipping_zone_id, shipping_address_format, shipping_custom_field, shipping_method, shipping_code, comment, total, order_status_id, affiliate_id, commission, marketing_id, tracking, language_id, currency_id, currency_code, currency_value, accept_language, date_added, date_modified) VALUES (?, ?, ?, ?, ?, ?, ?, ?, ?, ?, ?, ?, ?, ?, ?, ?, ?, ?, ?, ?, ?, ?, ?, ?, ?, ?, ?, ?, ?, ?, ?, ?, ?, ?, ?, ?, ?, ?, ?, ?, ?, ?, ?, ?, ?, ?, ?, ?, ?, ?, ?, ?, ?, ?, ?, ?)' with params ["0", "pos", 0, "", "http:\/\/acecoffeeroasters\/", 0, 1, "In-Store", "Customer", "instore.customer@dummy.com", "1600", "", "In-store", "Customer", "", "customer address", "", "customer city", "1600", "Canada", 38, "Alberta", 602, "", "", "In Store", "in_store", "In-Store", "Customer", "", "customer address", "", "customer city", "1600", "Canada", 38, "Alberta", 602, "", "", "instore", "instore.instore", "", "0.0000", 1, 0, 0, 0, "", 1, 2, "USD", "1.00000000", "", "2017-08-12 20:51:13", "2017-08-12 20:51:13"]:  Field 'custom_field' doesn't have a default value [] []
[2017-08-12 20:51:13] pos_logger.DEBUG: #0 C:\wwwroot\acecoffee\vendor\doctrine\dbal\lib\Doctrine\DBAL\DBALException.php(128): Doctrine\DBAL\Driver\AbstractMySQLDriver->convertException('An exception oc...', Object(Doctrine\DBAL\Driver\Mysqli\MysqliException)) #1 C:\wwwroot\acecoffee\vendor\doctrine\dbal\lib\Doctrine\DBAL\Statement.php(178): Doctrine\DBAL\DBALException::driverExceptionDuringQuery(Object(Doctrine\DBAL\Driver\Mysqli\Driver), Object(Doctrine\DBAL\Driver\Mysqli\MysqliException), 'INSERT INTO oc2...', Array) #2 C:\wwwroot\acecoffee\vendor\doctrine\orm\lib\Doctrine\ORM\Persisters\Entity\BasicEntityPersister.php(281): Doctrine\DBAL\Statement->execute() #3 C:\wwwroot\acecoffee\vendor\doctrine\orm\lib\Doctrine\ORM\UnitOfWork.php(1014): Doctrine\ORM\Persisters\Entity\BasicEntityPersister->executeInserts() #4 C:\wwwroot\acecoffee\vendor\doctrine\orm\lib\Doctrine\ORM\UnitOfWork.php(378): Doctrine\ORM\UnitOfWork->executeInserts(Object(Doctrine\ORM\Mapping\ClassMetadata)) #5 C:\wwwroot\acecoffee\vendor\doctrine\orm\lib\Doctrine\ORM\EntityManager.php(356): Doctrine\ORM\UnitOfWork->commit(NULL) #6 C:\wwwroot\acecoffee\vendor\quickcommerce\src\Adapter\Opencart2x\Service\Oc2OrderService.php(258): Doctrine\ORM\EntityManager->flush() #7 C:\wwwroot\acecoffee\vendor\quickcommerce\src\Adapter\Opencart2x\Service\Oc2OrderService.php(158): QuickCommerce\Adapter\OC2\Service\Oc2OrderService->newOrder(Object(Doctrine\ORM\EntityManager), Array) #8 C:\wwwroot\acecoffee\vendor\quickcommerce\src\Adapter\Opencart2x\Service\Oc2OrderService.php(113): QuickCommerce\Adapter\OC2\Service\Oc2OrderService->createOrder(Object(Doctrine\ORM\EntityManager), Object(QuickCommerce\Model\View\PosOrderAction)) #9 C:\wwwroot\acecoffee\vendor\quickcommerce\src\API\Service\AbstractOrderService.php(55): QuickCommerce\Adapter\OC2\Service\Oc2OrderService->modifyOrder('0', Object(QuickCommerce\Model\View\PosOrderAction)) #10 C:\wwwroot\acecoffee\vendor\quickcommerce\src\API\Application.php(221): QuickCommerce\API\Service\AbstractOrderService->patch(Array, '0', NULL) #11 C:\wwwroot\acecoffee\upload\qcapi\index.php(138): QuickCommerce\API\Application->partialUpdate('order', Array, '0') #12 [internal function]: Closure->{closure}(Object(Slim\Http\Request), Object(Slim\Http\Response), Array) #13 C:\wwwroot\acecoffee\vendor\slim\slim\Slim\Handlers\Strategies\RequestResponse.php(41): call_user_func(Object(Closure), Object(Slim\Http\Request), Object(Slim\Http\Response), Array) #14 C:\wwwroot\acecoffee\vendor\slim\slim\Slim\Route.php(344): Slim\Handlers\Strategies\RequestResponse->__invoke(Object(Closure), Object(Slim\Http\Request), Object(Slim\Http\Response), Array) #15 C:\wwwroot\acecoffee\vendor\slim\slim\Slim\MiddlewareAwareTrait.php(122): Slim\Route->__invoke(Object(Slim\Http\Request), Object(Slim\Http\Response)) #16 C:\wwwroot\acecoffee\vendor\slim\slim\Slim\Route.php(316): Slim\Route->callMiddlewareStack(Object(Slim\Http\Request), Object(Slim\Http\Response)) #17 C:\wwwroot\acecoffee\vendor\slim\slim\Slim\App.php(476): Slim\Route->run(Object(Slim\Http\Request), Object(Slim\Http\Response)) #18 C:\wwwroot\acecoffee\vendor\slim\slim\Slim\MiddlewareAwareTrait.php(122): Slim\App->__invoke(Object(Slim\Http\Request), Object(Slim\Http\Response)) #19 C:\wwwroot\acecoffee\vendor\slim\slim\Slim\App.php(370): Slim\App->callMiddlewareStack(Object(Slim\Http\Request), Object(Slim\Http\Response)) #20 C:\wwwroot\acecoffee\vendor\slim\slim\Slim\App.php(295): Slim\App->process(Object(Slim\Http\Request), Object(Slim\Http\Response)) #21 C:\wwwroot\acecoffee\upload\qcapi\index.php(229): Slim\App->run() #22 {main} [] []
[2017-08-12 23:22:58] pos_logger.DEBUG: checking QuickCommerce\Adapter\OC2\Service\Oc2ReferenceDataService [] []
[2017-08-12 23:22:58] pos_logger.DEBUG: class found [] []
[2017-08-12 23:22:58] pos_logger.DEBUG: checking QuickCommerce\Adapter\OC2\Service\Oc2SettingsService [] []
[2017-08-12 23:22:58] pos_logger.DEBUG: class found [] []
[2017-08-12 23:22:59] pos_logger.DEBUG: checking QuickCommerce\Adapter\OC2\Service\Oc2OrderService [] []
[2017-08-12 23:22:59] pos_logger.DEBUG: class found [] []
[2017-08-12 23:22:59] pos_logger.DEBUG: An exception occurred while executing 'INSERT INTO oc2_order (invoice_no, invoice_prefix, store_id, store_name, store_url, customer_id, customer_group_id, firstname, lastname, email, telephone, fax, payment_firstname, payment_lastname, payment_company, payment_address_1, payment_address_2, payment_city, payment_postcode, payment_country, payment_country_id, payment_zone, payment_zone_id, payment_address_format, payment_custom_field, payment_method, payment_code, shipping_firstname, shipping_lastname, shipping_company, shipping_address_1, shipping_address_2, shipping_city, shipping_postcode, shipping_country, shipping_country_id, shipping_zone, shipping_zone_id, shipping_address_format, shipping_custom_field, shipping_method, shipping_code, comment, total, order_status_id, affiliate_id, commission, marketing_id, tracking, language_id, currency_id, currency_code, currency_value, accept_language, date_added, date_modified) VALUES (?, ?, ?, ?, ?, ?, ?, ?, ?, ?, ?, ?, ?, ?, ?, ?, ?, ?, ?, ?, ?, ?, ?, ?, ?, ?, ?, ?, ?, ?, ?, ?, ?, ?, ?, ?, ?, ?, ?, ?, ?, ?, ?, ?, ?, ?, ?, ?, ?, ?, ?, ?, ?, ?, ?, ?)' with params ["0", "pos", 0, "", "http:\/\/acecoffeeroasters\/", 0, 1, "In-Store", "Customer", "instore.customer@dummy.com", "1600", "", "In-store", "Customer", "", "customer address", "", "customer city", "1600", "Canada", 38, "Alberta", 602, "", "", "In Store", "in_store", "In-Store", "Customer", "", "customer address", "", "customer city", "1600", "Canada", 38, "Alberta", 602, "", "", "instore", "instore.instore", "", "0.0000", 1, 0, 0, 0, "", 1, 2, "USD", "1.00000000", "", "2017-08-12 23:22:59", "2017-08-12 23:22:59"]:  Field 'custom_field' doesn't have a default value [] []
[2017-08-12 23:22:59] pos_logger.DEBUG: #0 C:\wwwroot\acecoffee\vendor\doctrine\dbal\lib\Doctrine\DBAL\DBALException.php(128): Doctrine\DBAL\Driver\AbstractMySQLDriver->convertException('An exception oc...', Object(Doctrine\DBAL\Driver\Mysqli\MysqliException)) #1 C:\wwwroot\acecoffee\vendor\doctrine\dbal\lib\Doctrine\DBAL\Statement.php(178): Doctrine\DBAL\DBALException::driverExceptionDuringQuery(Object(Doctrine\DBAL\Driver\Mysqli\Driver), Object(Doctrine\DBAL\Driver\Mysqli\MysqliException), 'INSERT INTO oc2...', Array) #2 C:\wwwroot\acecoffee\vendor\doctrine\orm\lib\Doctrine\ORM\Persisters\Entity\BasicEntityPersister.php(281): Doctrine\DBAL\Statement->execute() #3 C:\wwwroot\acecoffee\vendor\doctrine\orm\lib\Doctrine\ORM\UnitOfWork.php(1014): Doctrine\ORM\Persisters\Entity\BasicEntityPersister->executeInserts() #4 C:\wwwroot\acecoffee\vendor\doctrine\orm\lib\Doctrine\ORM\UnitOfWork.php(378): Doctrine\ORM\UnitOfWork->executeInserts(Object(Doctrine\ORM\Mapping\ClassMetadata)) #5 C:\wwwroot\acecoffee\vendor\doctrine\orm\lib\Doctrine\ORM\EntityManager.php(356): Doctrine\ORM\UnitOfWork->commit(NULL) #6 C:\wwwroot\acecoffee\vendor\quickcommerce\src\Adapter\Opencart2x\Service\Oc2OrderService.php(258): Doctrine\ORM\EntityManager->flush() #7 C:\wwwroot\acecoffee\vendor\quickcommerce\src\Adapter\Opencart2x\Service\Oc2OrderService.php(158): QuickCommerce\Adapter\OC2\Service\Oc2OrderService->newOrder(Object(Doctrine\ORM\EntityManager), Array) #8 C:\wwwroot\acecoffee\vendor\quickcommerce\src\Adapter\Opencart2x\Service\Oc2OrderService.php(113): QuickCommerce\Adapter\OC2\Service\Oc2OrderService->createOrder(Object(Doctrine\ORM\EntityManager), Object(QuickCommerce\Model\View\PosOrderAction)) #9 C:\wwwroot\acecoffee\vendor\quickcommerce\src\API\Service\AbstractOrderService.php(55): QuickCommerce\Adapter\OC2\Service\Oc2OrderService->modifyOrder('0', Object(QuickCommerce\Model\View\PosOrderAction)) #10 C:\wwwroot\acecoffee\vendor\quickcommerce\src\API\Application.php(221): QuickCommerce\API\Service\AbstractOrderService->patch(Array, '0', NULL) #11 C:\wwwroot\acecoffee\upload\qcapi\index.php(138): QuickCommerce\API\Application->partialUpdate('order', Array, '0') #12 [internal function]: Closure->{closure}(Object(Slim\Http\Request), Object(Slim\Http\Response), Array) #13 C:\wwwroot\acecoffee\vendor\slim\slim\Slim\Handlers\Strategies\RequestResponse.php(41): call_user_func(Object(Closure), Object(Slim\Http\Request), Object(Slim\Http\Response), Array) #14 C:\wwwroot\acecoffee\vendor\slim\slim\Slim\Route.php(344): Slim\Handlers\Strategies\RequestResponse->__invoke(Object(Closure), Object(Slim\Http\Request), Object(Slim\Http\Response), Array) #15 C:\wwwroot\acecoffee\vendor\slim\slim\Slim\MiddlewareAwareTrait.php(122): Slim\Route->__invoke(Object(Slim\Http\Request), Object(Slim\Http\Response)) #16 C:\wwwroot\acecoffee\vendor\slim\slim\Slim\Route.php(316): Slim\Route->callMiddlewareStack(Object(Slim\Http\Request), Object(Slim\Http\Response)) #17 C:\wwwroot\acecoffee\vendor\slim\slim\Slim\App.php(476): Slim\Route->run(Object(Slim\Http\Request), Object(Slim\Http\Response)) #18 C:\wwwroot\acecoffee\vendor\slim\slim\Slim\MiddlewareAwareTrait.php(122): Slim\App->__invoke(Object(Slim\Http\Request), Object(Slim\Http\Response)) #19 C:\wwwroot\acecoffee\vendor\slim\slim\Slim\App.php(370): Slim\App->callMiddlewareStack(Object(Slim\Http\Request), Object(Slim\Http\Response)) #20 C:\wwwroot\acecoffee\vendor\slim\slim\Slim\App.php(295): Slim\App->process(Object(Slim\Http\Request), Object(Slim\Http\Response)) #21 C:\wwwroot\acecoffee\upload\qcapi\index.php(229): Slim\App->run() #22 {main} [] []
[2017-08-12 23:23:56] pos_logger.DEBUG: checking QuickCommerce\Adapter\OC2\Service\Oc2ReferenceDataService [] []
[2017-08-12 23:23:56] pos_logger.DEBUG: class found [] []
[2017-08-12 23:23:56] pos_logger.DEBUG: checking QuickCommerce\Adapter\OC2\Service\Oc2SettingsService [] []
[2017-08-12 23:23:56] pos_logger.DEBUG: class found [] []
[2017-08-12 23:23:57] pos_logger.DEBUG: checking QuickCommerce\Adapter\OC2\Service\Oc2OrderService [] []
[2017-08-12 23:23:57] pos_logger.DEBUG: class found [] []
[2017-08-12 23:23:57] pos_logger.DEBUG: An exception occurred while executing 'INSERT INTO oc2_order (invoice_no, invoice_prefix, store_id, store_name, store_url, customer_id, customer_group_id, firstname, lastname, email, telephone, fax, payment_firstname, payment_lastname, payment_company, payment_address_1, payment_address_2, payment_city, payment_postcode, payment_country, payment_country_id, payment_zone, payment_zone_id, payment_address_format, payment_custom_field, payment_method, payment_code, shipping_firstname, shipping_lastname, shipping_company, shipping_address_1, shipping_address_2, shipping_city, shipping_postcode, shipping_country, shipping_country_id, shipping_zone, shipping_zone_id, shipping_address_format, shipping_custom_field, shipping_method, shipping_code, comment, total, order_status_id, affiliate_id, commission, marketing_id, tracking, language_id, currency_id, currency_code, currency_value, accept_language, date_added, date_modified) VALUES (?, ?, ?, ?, ?, ?, ?, ?, ?, ?, ?, ?, ?, ?, ?, ?, ?, ?, ?, ?, ?, ?, ?, ?, ?, ?, ?, ?, ?, ?, ?, ?, ?, ?, ?, ?, ?, ?, ?, ?, ?, ?, ?, ?, ?, ?, ?, ?, ?, ?, ?, ?, ?, ?, ?, ?)' with params ["0", "pos", 0, "", "http:\/\/acecoffeeroasters\/", 0, 1, "In-Store", "Customer", "instore.customer@dummy.com", "1600", "", "In-store", "Customer", "", "customer address", "", "customer city", "1600", "Canada", 38, "Alberta", 602, "", "", "In Store", "in_store", "In-Store", "Customer", "", "customer address", "", "customer city", "1600", "Canada", 38, "Alberta", 602, "", "", "instore", "instore.instore", "", "0.0000", 1, 0, 0, 0, "", 1, 2, "USD", "1.00000000", "", "2017-08-12 23:23:57", "2017-08-12 23:23:57"]:  Field 'custom_field' doesn't have a default value [] []
[2017-08-12 23:23:57] pos_logger.DEBUG: #0 C:\wwwroot\acecoffee\vendor\doctrine\dbal\lib\Doctrine\DBAL\DBALException.php(128): Doctrine\DBAL\Driver\AbstractMySQLDriver->convertException('An exception oc...', Object(Doctrine\DBAL\Driver\Mysqli\MysqliException)) #1 C:\wwwroot\acecoffee\vendor\doctrine\dbal\lib\Doctrine\DBAL\Statement.php(178): Doctrine\DBAL\DBALException::driverExceptionDuringQuery(Object(Doctrine\DBAL\Driver\Mysqli\Driver), Object(Doctrine\DBAL\Driver\Mysqli\MysqliException), 'INSERT INTO oc2...', Array) #2 C:\wwwroot\acecoffee\vendor\doctrine\orm\lib\Doctrine\ORM\Persisters\Entity\BasicEntityPersister.php(281): Doctrine\DBAL\Statement->execute() #3 C:\wwwroot\acecoffee\vendor\doctrine\orm\lib\Doctrine\ORM\UnitOfWork.php(1014): Doctrine\ORM\Persisters\Entity\BasicEntityPersister->executeInserts() #4 C:\wwwroot\acecoffee\vendor\doctrine\orm\lib\Doctrine\ORM\UnitOfWork.php(378): Doctrine\ORM\UnitOfWork->executeInserts(Object(Doctrine\ORM\Mapping\ClassMetadata)) #5 C:\wwwroot\acecoffee\vendor\doctrine\orm\lib\Doctrine\ORM\EntityManager.php(356): Doctrine\ORM\UnitOfWork->commit(NULL) #6 C:\wwwroot\acecoffee\vendor\quickcommerce\src\Adapter\Opencart2x\Service\Oc2OrderService.php(258): Doctrine\ORM\EntityManager->flush() #7 C:\wwwroot\acecoffee\vendor\quickcommerce\src\Adapter\Opencart2x\Service\Oc2OrderService.php(158): QuickCommerce\Adapter\OC2\Service\Oc2OrderService->newOrder(Object(Doctrine\ORM\EntityManager), Array) #8 C:\wwwroot\acecoffee\vendor\quickcommerce\src\Adapter\Opencart2x\Service\Oc2OrderService.php(113): QuickCommerce\Adapter\OC2\Service\Oc2OrderService->createOrder(Object(Doctrine\ORM\EntityManager), Object(QuickCommerce\Model\View\PosOrderAction)) #9 C:\wwwroot\acecoffee\vendor\quickcommerce\src\API\Service\AbstractOrderService.php(55): QuickCommerce\Adapter\OC2\Service\Oc2OrderService->modifyOrder('0', Object(QuickCommerce\Model\View\PosOrderAction)) #10 C:\wwwroot\acecoffee\vendor\quickcommerce\src\API\Application.php(221): QuickCommerce\API\Service\AbstractOrderService->patch(Array, '0', NULL) #11 C:\wwwroot\acecoffee\upload\qcapi\index.php(138): QuickCommerce\API\Application->partialUpdate('order', Array, '0') #12 [internal function]: Closure->{closure}(Object(Slim\Http\Request), Object(Slim\Http\Response), Array) #13 C:\wwwroot\acecoffee\vendor\slim\slim\Slim\Handlers\Strategies\RequestResponse.php(41): call_user_func(Object(Closure), Object(Slim\Http\Request), Object(Slim\Http\Response), Array) #14 C:\wwwroot\acecoffee\vendor\slim\slim\Slim\Route.php(344): Slim\Handlers\Strategies\RequestResponse->__invoke(Object(Closure), Object(Slim\Http\Request), Object(Slim\Http\Response), Array) #15 C:\wwwroot\acecoffee\vendor\slim\slim\Slim\MiddlewareAwareTrait.php(122): Slim\Route->__invoke(Object(Slim\Http\Request), Object(Slim\Http\Response)) #16 C:\wwwroot\acecoffee\vendor\slim\slim\Slim\Route.php(316): Slim\Route->callMiddlewareStack(Object(Slim\Http\Request), Object(Slim\Http\Response)) #17 C:\wwwroot\acecoffee\vendor\slim\slim\Slim\App.php(476): Slim\Route->run(Object(Slim\Http\Request), Object(Slim\Http\Response)) #18 C:\wwwroot\acecoffee\vendor\slim\slim\Slim\MiddlewareAwareTrait.php(122): Slim\App->__invoke(Object(Slim\Http\Request), Object(Slim\Http\Response)) #19 C:\wwwroot\acecoffee\vendor\slim\slim\Slim\App.php(370): Slim\App->callMiddlewareStack(Object(Slim\Http\Request), Object(Slim\Http\Response)) #20 C:\wwwroot\acecoffee\vendor\slim\slim\Slim\App.php(295): Slim\App->process(Object(Slim\Http\Request), Object(Slim\Http\Response)) #21 C:\wwwroot\acecoffee\upload\qcapi\index.php(229): Slim\App->run() #22 {main} [] []
