[2017-06-28 00:01:45] pos_logger.DEBUG: checking QuickCommerce\Adapter\OC2\Service\Oc2ReferenceDataService [] []
[2017-06-28 00:01:45] pos_logger.DEBUG: class found [] []
[2017-06-28 00:01:45] pos_logger.DEBUG: checking QuickCommerce\Adapter\OC2\Service\Oc2SettingsService [] []
[2017-06-28 00:01:45] pos_logger.DEBUG: class found [] []
[2017-06-28 00:01:46] pos_logger.DEBUG: checking QuickCommerce\Adapter\OC2\Service\Oc2OrderService [] []
[2017-06-28 00:01:46] pos_logger.DEBUG: class found [] []
[2017-06-28 00:02:56] pos_logger.DEBUG: checking QuickCommerce\Adapter\OC2\Service\Oc2ReferenceDataService [] []
[2017-06-28 00:02:56] pos_logger.DEBUG: class found [] []
[2017-06-28 00:02:56] pos_logger.DEBUG: checking QuickCommerce\Adapter\OC2\Service\Oc2SettingsService [] []
[2017-06-28 00:02:56] pos_logger.DEBUG: class found [] []
[2017-06-28 00:02:56] pos_logger.DEBUG: checking QuickCommerce\Adapter\OC2\Service\Oc2OrderService [] []
[2017-06-28 00:02:56] pos_logger.DEBUG: class found [] []
[2017-06-28 00:10:42] pos_logger.DEBUG: checking QuickCommerce\Adapter\OC2\Service\Oc2ReferenceDataService [] []
[2017-06-28 00:10:42] pos_logger.DEBUG: class found [] []
[2017-06-28 00:10:42] pos_logger.DEBUG: checking QuickCommerce\Adapter\OC2\Service\Oc2SettingsService [] []
[2017-06-28 00:10:42] pos_logger.DEBUG: class found [] []
[2017-06-28 00:10:43] pos_logger.DEBUG: checking QuickCommerce\Adapter\OC2\Service\Oc2OrderService [] []
[2017-06-28 00:10:43] pos_logger.DEBUG: class found [] []
[2017-06-28 00:23:07] pos_logger.DEBUG: checking QuickCommerce\Adapter\OC2\Service\Oc2ReferenceDataService [] []
[2017-06-28 00:23:07] pos_logger.DEBUG: class found [] []
[2017-06-28 00:23:07] pos_logger.DEBUG: checking QuickCommerce\Adapter\OC2\Service\Oc2SettingsService [] []
[2017-06-28 00:23:07] pos_logger.DEBUG: class found [] []
[2017-06-28 00:23:08] pos_logger.DEBUG: checking QuickCommerce\Adapter\OC2\Service\Oc2OrderService [] []
[2017-06-28 00:23:08] pos_logger.DEBUG: class found [] []
[2017-06-28 00:23:14] pos_logger.DEBUG: checking QuickCommerce\Adapter\OC2\Service\Oc2ReferenceDataService [] []
[2017-06-28 00:23:14] pos_logger.DEBUG: class found [] []
[2017-06-28 00:23:14] pos_logger.DEBUG: checking QuickCommerce\Adapter\OC2\Service\Oc2SettingsService [] []
[2017-06-28 00:23:14] pos_logger.DEBUG: class found [] []
[2017-06-28 00:23:15] pos_logger.DEBUG: checking QuickCommerce\Adapter\OC2\Service\Oc2OrderService [] []
[2017-06-28 00:23:15] pos_logger.DEBUG: class found [] []
[2017-06-28 01:14:42] pos_logger.DEBUG: checking QuickCommerce\Adapter\OC2\Service\Oc2ReferenceDataService [] []
[2017-06-28 01:14:42] pos_logger.DEBUG: class found [] []
[2017-06-28 01:14:42] pos_logger.DEBUG: checking QuickCommerce\Adapter\OC2\Service\Oc2SettingsService [] []
[2017-06-28 01:14:42] pos_logger.DEBUG: class found [] []
[2017-06-28 01:14:43] pos_logger.DEBUG: checking QuickCommerce\Adapter\OC2\Service\Oc2OrderService [] []
[2017-06-28 01:14:43] pos_logger.DEBUG: class found [] []
[2017-06-28 01:14:58] pos_logger.DEBUG: checking QuickCommerce\Adapter\OC2\Service\Oc2ReferenceDataService [] []
[2017-06-28 01:14:58] pos_logger.DEBUG: class found [] []
[2017-06-28 01:14:58] pos_logger.DEBUG: checking QuickCommerce\Adapter\OC2\Service\Oc2SettingsService [] []
[2017-06-28 01:14:58] pos_logger.DEBUG: class found [] []
[2017-06-28 01:14:59] pos_logger.DEBUG: checking QuickCommerce\Adapter\OC2\Service\Oc2OrderService [] []
[2017-06-28 01:14:59] pos_logger.DEBUG: class found [] []
[2017-06-28 01:15:13] pos_logger.DEBUG: checking QuickCommerce\Adapter\OC2\Service\Oc2ReferenceDataService [] []
[2017-06-28 01:15:13] pos_logger.DEBUG: class found [] []
[2017-06-28 01:15:13] pos_logger.DEBUG: checking QuickCommerce\Adapter\OC2\Service\Oc2SettingsService [] []
[2017-06-28 01:15:13] pos_logger.DEBUG: class found [] []
[2017-06-28 01:15:14] pos_logger.DEBUG: checking QuickCommerce\Adapter\OC2\Service\Oc2OrderService [] []
[2017-06-28 01:15:14] pos_logger.DEBUG: class found [] []
[2017-06-28 01:15:47] pos_logger.DEBUG: checking QuickCommerce\Adapter\OC2\Service\Oc2OrderService [] []
[2017-06-28 01:15:47] pos_logger.DEBUG: class found [] []
[2017-06-28 01:15:47] pos_logger.DEBUG: checking QuickCommerce\Adapter\OC2\Service\Oc2OrderService [] []
[2017-06-28 01:15:47] pos_logger.DEBUG: class found [] []
[2017-06-28 01:15:48] pos_logger.DEBUG: checking QuickCommerce\Adapter\OC2\Service\Oc2OrderService [] []
[2017-06-28 01:15:48] pos_logger.DEBUG: class found [] []
[2017-06-28 01:15:48] pos_logger.DEBUG: updating quantity with change 1 for productId  and productOptionValueIds Array ( )  [] []
[2017-06-28 01:15:48] pos_logger.DEBUG: checking QuickCommerce\Adapter\OC2\Service\Oc2OrderService [] []
[2017-06-28 01:15:48] pos_logger.DEBUG: class found [] []
[2017-06-28 01:15:51] pos_logger.DEBUG: checking QuickCommerce\Adapter\OC2\Service\Oc2OrderService [] []
[2017-06-28 01:15:51] pos_logger.DEBUG: class found [] []
[2017-06-28 01:15:51] pos_logger.DEBUG: updating quantity with change 1 for productId  and productOptionValueIds Array ( )  [] []
[2017-06-28 01:15:51] pos_logger.DEBUG: checking QuickCommerce\Adapter\OC2\Service\Oc2OrderService [] []
[2017-06-28 01:15:51] pos_logger.DEBUG: class found [] []
[2017-06-28 01:21:43] pos_logger.DEBUG: checking QuickCommerce\Adapter\OC2\Service\Oc2ReferenceDataService [] []
[2017-06-28 01:21:43] pos_logger.DEBUG: class found [] []
[2017-06-28 01:21:43] pos_logger.DEBUG: checking QuickCommerce\Adapter\OC2\Service\Oc2SettingsService [] []
[2017-06-28 01:21:43] pos_logger.DEBUG: class found [] []
[2017-06-28 01:21:44] pos_logger.DEBUG: checking QuickCommerce\Adapter\OC2\Service\Oc2OrderService [] []
[2017-06-28 01:21:44] pos_logger.DEBUG: class found [] []
[2017-06-28 01:28:01] pos_logger.DEBUG: checking QuickCommerce\Adapter\OC2\Service\Oc2ReferenceDataService [] []
[2017-06-28 01:28:01] pos_logger.DEBUG: class found [] []
[2017-06-28 01:28:01] pos_logger.DEBUG: checking QuickCommerce\Adapter\OC2\Service\Oc2SettingsService [] []
[2017-06-28 01:28:01] pos_logger.DEBUG: class found [] []
[2017-06-28 01:28:01] pos_logger.DEBUG: checking QuickCommerce\Adapter\OC2\Service\Oc2OrderService [] []
[2017-06-28 01:28:01] pos_logger.DEBUG: class found [] []
[2017-06-28 01:28:13] pos_logger.DEBUG: checking QuickCommerce\Adapter\OC2\Service\Oc2ReferenceDataService [] []
[2017-06-28 01:28:13] pos_logger.DEBUG: class found [] []
[2017-06-28 01:28:13] pos_logger.DEBUG: checking QuickCommerce\Adapter\OC2\Service\Oc2SettingsService [] []
[2017-06-28 01:28:13] pos_logger.DEBUG: class found [] []
[2017-06-28 01:28:13] pos_logger.DEBUG: checking QuickCommerce\Adapter\OC2\Service\Oc2OrderService [] []
[2017-06-28 01:28:13] pos_logger.DEBUG: class found [] []
[2017-06-28 01:28:23] pos_logger.DEBUG: checking QuickCommerce\Adapter\OC2\Service\Oc2ReferenceDataService [] []
[2017-06-28 01:28:23] pos_logger.DEBUG: class found [] []
[2017-06-28 01:28:23] pos_logger.DEBUG: checking QuickCommerce\Adapter\OC2\Service\Oc2SettingsService [] []
[2017-06-28 01:28:23] pos_logger.DEBUG: class found [] []
[2017-06-28 01:28:24] pos_logger.DEBUG: checking QuickCommerce\Adapter\OC2\Service\Oc2OrderService [] []
[2017-06-28 01:28:24] pos_logger.DEBUG: class found [] []
[2017-06-28 03:30:08] pos_logger.DEBUG: checking QuickCommerce\Adapter\OC2\Service\Oc2ReferenceDataService [] []
[2017-06-28 03:30:08] pos_logger.DEBUG: class found [] []
[2017-06-28 03:30:08] pos_logger.DEBUG: checking QuickCommerce\Adapter\OC2\Service\Oc2SettingsService [] []
[2017-06-28 03:30:08] pos_logger.DEBUG: class found [] []
[2017-06-28 03:30:09] pos_logger.DEBUG: checking QuickCommerce\Adapter\OC2\Service\Oc2OrderService [] []
[2017-06-28 03:30:09] pos_logger.DEBUG: class found [] []
[2017-06-28 03:30:37] pos_logger.DEBUG: checking QuickCommerce\Adapter\OC2\Service\Oc2ReferenceDataService [] []
[2017-06-28 03:30:37] pos_logger.DEBUG: class found [] []
[2017-06-28 03:30:37] pos_logger.DEBUG: checking QuickCommerce\Adapter\OC2\Service\Oc2SettingsService [] []
[2017-06-28 03:30:37] pos_logger.DEBUG: class found [] []
[2017-06-28 03:30:38] pos_logger.DEBUG: checking QuickCommerce\Adapter\OC2\Service\Oc2OrderService [] []
[2017-06-28 03:30:38] pos_logger.DEBUG: class found [] []
[2017-06-28 03:55:41] pos_logger.DEBUG: checking QuickCommerce\Adapter\OC2\Service\Oc2ReferenceDataService [] []
[2017-06-28 03:55:41] pos_logger.DEBUG: class found [] []
[2017-06-28 03:55:41] pos_logger.DEBUG: checking QuickCommerce\Adapter\OC2\Service\Oc2SettingsService [] []
[2017-06-28 03:55:41] pos_logger.DEBUG: class found [] []
[2017-06-28 03:55:42] pos_logger.DEBUG: checking QuickCommerce\Adapter\OC2\Service\Oc2OrderService [] []
[2017-06-28 03:55:42] pos_logger.DEBUG: class found [] []
[2017-06-28 03:56:05] pos_logger.DEBUG: checking QuickCommerce\Adapter\OC2\Service\Oc2ReferenceDataService [] []
[2017-06-28 03:56:05] pos_logger.DEBUG: class found [] []
[2017-06-28 03:56:05] pos_logger.DEBUG: checking QuickCommerce\Adapter\OC2\Service\Oc2SettingsService [] []
[2017-06-28 03:56:05] pos_logger.DEBUG: class found [] []
[2017-06-28 03:56:06] pos_logger.DEBUG: checking QuickCommerce\Adapter\OC2\Service\Oc2OrderService [] []
[2017-06-28 03:56:06] pos_logger.DEBUG: class found [] []
[2017-06-28 03:57:37] pos_logger.DEBUG: checking QuickCommerce\Adapter\OC2\Service\Oc2ReferenceDataService [] []
[2017-06-28 03:57:37] pos_logger.DEBUG: class found [] []
[2017-06-28 03:57:37] pos_logger.DEBUG: checking QuickCommerce\Adapter\OC2\Service\Oc2SettingsService [] []
[2017-06-28 03:57:37] pos_logger.DEBUG: class found [] []
[2017-06-28 03:57:38] pos_logger.DEBUG: checking QuickCommerce\Adapter\OC2\Service\Oc2OrderService [] []
[2017-06-28 03:57:38] pos_logger.DEBUG: class found [] []
[2017-06-28 03:58:36] pos_logger.DEBUG: checking QuickCommerce\Adapter\OC2\Service\Oc2ReferenceDataService [] []
[2017-06-28 03:58:36] pos_logger.DEBUG: class found [] []
[2017-06-28 03:58:36] pos_logger.DEBUG: checking QuickCommerce\Adapter\OC2\Service\Oc2SettingsService [] []
[2017-06-28 03:58:36] pos_logger.DEBUG: class found [] []
[2017-06-28 03:58:36] pos_logger.DEBUG: checking QuickCommerce\Adapter\OC2\Service\Oc2OrderService [] []
[2017-06-28 03:58:36] pos_logger.DEBUG: class found [] []
[2017-06-28 03:58:52] pos_logger.DEBUG: checking QuickCommerce\Adapter\OC2\Service\Oc2ReferenceDataService [] []
[2017-06-28 03:58:52] pos_logger.DEBUG: class found [] []
[2017-06-28 03:58:52] pos_logger.DEBUG: checking QuickCommerce\Adapter\OC2\Service\Oc2SettingsService [] []
[2017-06-28 03:58:52] pos_logger.DEBUG: class found [] []
[2017-06-28 03:58:53] pos_logger.DEBUG: checking QuickCommerce\Adapter\OC2\Service\Oc2OrderService [] []
[2017-06-28 03:58:53] pos_logger.DEBUG: class found [] []
[2017-06-28 03:58:55] pos_logger.DEBUG: checking QuickCommerce\Adapter\OC2\Service\Oc2ReferenceDataService [] []
[2017-06-28 03:58:55] pos_logger.DEBUG: class found [] []
[2017-06-28 03:58:55] pos_logger.DEBUG: checking QuickCommerce\Adapter\OC2\Service\Oc2SettingsService [] []
[2017-06-28 03:58:55] pos_logger.DEBUG: class found [] []
[2017-06-28 03:58:56] pos_logger.DEBUG: checking QuickCommerce\Adapter\OC2\Service\Oc2OrderService [] []
[2017-06-28 03:58:56] pos_logger.DEBUG: class found [] []
[2017-06-28 04:01:11] pos_logger.DEBUG: checking QuickCommerce\Adapter\OC2\Service\Oc2ReferenceDataService [] []
[2017-06-28 04:01:11] pos_logger.DEBUG: class found [] []
[2017-06-28 04:01:11] pos_logger.DEBUG: checking QuickCommerce\Adapter\OC2\Service\Oc2SettingsService [] []
[2017-06-28 04:01:11] pos_logger.DEBUG: class found [] []
[2017-06-28 04:01:11] pos_logger.DEBUG: checking QuickCommerce\Adapter\OC2\Service\Oc2OrderService [] []
[2017-06-28 04:01:11] pos_logger.DEBUG: class found [] []
[2017-06-28 04:02:30] pos_logger.DEBUG: checking QuickCommerce\Adapter\OC2\Service\Oc2ReferenceDataService [] []
[2017-06-28 04:02:30] pos_logger.DEBUG: class found [] []
[2017-06-28 04:02:30] pos_logger.DEBUG: checking QuickCommerce\Adapter\OC2\Service\Oc2SettingsService [] []
[2017-06-28 04:02:30] pos_logger.DEBUG: class found [] []
[2017-06-28 04:02:31] pos_logger.DEBUG: checking QuickCommerce\Adapter\OC2\Service\Oc2OrderService [] []
[2017-06-28 04:02:31] pos_logger.DEBUG: class found [] []
[2017-06-28 06:42:02] pos_logger.DEBUG: checking QuickCommerce\Adapter\OC2\Service\Oc2ReferenceDataService [] []
[2017-06-28 06:42:02] pos_logger.DEBUG: class found [] []
[2017-06-28 06:42:03] pos_logger.DEBUG: checking QuickCommerce\Adapter\OC2\Service\Oc2SettingsService [] []
[2017-06-28 06:42:03] pos_logger.DEBUG: class found [] []
[2017-06-28 11:15:15] pos_logger.DEBUG: checking QuickCommerce\Adapter\OC2\Service\Oc2ReferenceDataService [] []
[2017-06-28 11:15:15] pos_logger.DEBUG: class found [] []
[2017-06-28 11:15:16] pos_logger.DEBUG: checking QuickCommerce\Adapter\OC2\Service\Oc2SettingsService [] []
[2017-06-28 11:15:16] pos_logger.DEBUG: class found [] []
[2017-06-28 11:15:17] pos_logger.DEBUG: checking QuickCommerce\Adapter\OC2\Service\Oc2OrderService [] []
[2017-06-28 11:15:17] pos_logger.DEBUG: class found [] []
[2017-06-28 12:25:20] pos_logger.DEBUG: checking QuickCommerce\Adapter\OC2\Service\Oc2ReferenceDataService [] []
[2017-06-28 12:25:20] pos_logger.DEBUG: class found [] []
[2017-06-28 12:25:20] pos_logger.DEBUG: checking QuickCommerce\Adapter\OC2\Service\Oc2SettingsService [] []
[2017-06-28 12:25:20] pos_logger.DEBUG: class found [] []
[2017-06-28 12:25:21] pos_logger.DEBUG: checking QuickCommerce\Adapter\OC2\Service\Oc2OrderService [] []
[2017-06-28 12:25:21] pos_logger.DEBUG: class found [] []
[2017-06-28 13:31:57] pos_logger.DEBUG: checking QuickCommerce\Adapter\OC2\Service\Oc2ReferenceDataService [] []
[2017-06-28 13:31:57] pos_logger.DEBUG: class found [] []
[2017-06-28 13:31:57] pos_logger.DEBUG: checking QuickCommerce\Adapter\OC2\Service\Oc2SettingsService [] []
[2017-06-28 13:31:57] pos_logger.DEBUG: class found [] []
[2017-06-28 13:31:58] pos_logger.DEBUG: checking QuickCommerce\Adapter\OC2\Service\Oc2OrderService [] []
[2017-06-28 13:31:58] pos_logger.DEBUG: class found [] []
[2017-06-28 13:46:13] pos_logger.DEBUG: checking QuickCommerce\Adapter\OC2\Service\Oc2ReferenceDataService [] []
[2017-06-28 13:46:13] pos_logger.DEBUG: class found [] []
[2017-06-28 13:46:13] pos_logger.DEBUG: checking QuickCommerce\Adapter\OC2\Service\Oc2SettingsService [] []
[2017-06-28 13:46:13] pos_logger.DEBUG: class found [] []
[2017-06-28 13:46:15] pos_logger.DEBUG: checking QuickCommerce\Adapter\OC2\Service\Oc2OrderService [] []
[2017-06-28 13:46:15] pos_logger.DEBUG: class found [] []
[2017-06-28 14:21:01] pos_logger.DEBUG: checking QuickCommerce\Adapter\OC2\Service\Oc2ReferenceDataService [] []
[2017-06-28 14:21:01] pos_logger.DEBUG: class found [] []
[2017-06-28 14:21:01] pos_logger.DEBUG: checking QuickCommerce\Adapter\OC2\Service\Oc2SettingsService [] []
[2017-06-28 14:21:01] pos_logger.DEBUG: class found [] []
[2017-06-28 14:21:02] pos_logger.DEBUG: checking QuickCommerce\Adapter\OC2\Service\Oc2OrderService [] []
[2017-06-28 14:21:02] pos_logger.DEBUG: class found [] []
[2017-06-28 14:37:22] pos_logger.DEBUG: checking QuickCommerce\Adapter\OC2\Service\Oc2ReferenceDataService [] []
[2017-06-28 14:37:22] pos_logger.DEBUG: class found [] []
[2017-06-28 14:37:22] pos_logger.DEBUG: checking QuickCommerce\Adapter\OC2\Service\Oc2SettingsService [] []
[2017-06-28 14:37:22] pos_logger.DEBUG: class found [] []
[2017-06-28 14:37:23] pos_logger.DEBUG: checking QuickCommerce\Adapter\OC2\Service\Oc2OrderService [] []
[2017-06-28 14:37:23] pos_logger.DEBUG: class found [] []
[2017-06-28 14:38:34] pos_logger.DEBUG: checking QuickCommerce\Adapter\OC2\Service\Oc2OrderService [] []
[2017-06-28 14:38:34] pos_logger.DEBUG: class found [] []
[2017-06-28 14:38:34] pos_logger.DEBUG: checking QuickCommerce\Adapter\OC2\Service\Oc2OrderService [] []
[2017-06-28 14:38:34] pos_logger.DEBUG: class found [] []
[2017-06-28 14:38:42] pos_logger.DEBUG: checking QuickCommerce\Adapter\OC2\Service\Oc2OrderService [] []
[2017-06-28 14:38:42] pos_logger.DEBUG: class found [] []
[2017-06-28 14:38:42] pos_logger.DEBUG: checking QuickCommerce\Adapter\OC2\Service\Oc2OrderService [] []
[2017-06-28 14:38:42] pos_logger.DEBUG: class found [] []
[2017-06-28 14:38:42] pos_logger.DEBUG: An order cannot be created using give data QuickCommerce\Model\View\PosOrderAction Object (     [action:protected] =>      [orderProductId:protected] =>      [orderProduct:protected] =>      [productId:protected] =>      [orderOptions:protected] => Array         (         )      [orderTaxRates:protected] => Array         (         )      [defaultSettings:protected] => Array         (         )      [quantityBefore:protected] =>      [quantityAfter:protected] =>      [shipping:protected] =>  )  [] []
[2017-06-28 14:38:42] pos_logger.DEBUG: #0 /home/acecoffee/quickcommerce/vendor/quickcommerce/src/Adapter/Opencart2x/Service/Oc2OrderService.php(154): QuickCommerce\API\Exception\APIException::orderCannotBeCreated(Object(QuickCommerce\Model\View\PosOrderAction)) #1 /home/acecoffee/quickcommerce/vendor/quickcommerce/src/Adapter/Opencart2x/Service/Oc2OrderService.php(113): QuickCommerce\Adapter\OC2\Service\Oc2OrderService->createOrder(Object(Doctrine\ORM\EntityManager), Object(QuickCommerce\Model\View\PosOrderAction)) #2 /home/acecoffee/quickcommerce/vendor/quickcommerce/src/API/Service/AbstractOrderService.php(55): QuickCommerce\Adapter\OC2\Service\Oc2OrderService->modifyOrder('0', Object(QuickCommerce\Model\View\PosOrderAction)) #3 /home/acecoffee/quickcommerce/vendor/quickcommerce/src/API/Application.php(221): QuickCommerce\API\Service\AbstractOrderService->patch(Array, '0', NULL) #4 /home/acecoffee/quickcommerce/upload/qcapi/index.php(123): QuickCommerce\API\Application->partialUpdate('order', Array, '0') #5 [internal function]: Closure->{closure}(Object(Slim\Http\Request), Object(Slim\Http\Response), Array) #6 /home/acecoffee/quickcommerce/vendor/slim/slim/Slim/Handlers/Strategies/RequestResponse.php(41): call_user_func(Object(Closure), Object(Slim\Http\Request), Object(Slim\Http\Response), Array) #7 /home/acecoffee/quickcommerce/vendor/slim/slim/Slim/Route.php(344): Slim\Handlers\Strategies\RequestResponse->__invoke(Object(Closure), Object(Slim\Http\Request), Object(Slim\Http\Response), Array) #8 /home/acecoffee/quickcommerce/vendor/slim/slim/Slim/MiddlewareAwareTrait.php(122): Slim\Route->__invoke(Object(Slim\Http\Request), Object(Slim\Http\Response)) #9 /home/acecoffee/quickcommerce/vendor/slim/slim/Slim/Route.php(316): Slim\Route->callMiddlewareStack(Object(Slim\Http\Request), Object(Slim\Http\Response)) #10 /home/acecoffee/quickcommerce/vendor/slim/slim/Slim/App.php(476): Slim\Route->run(Object(Slim\Http\Request), Object(Slim\Http\Response)) #11 /home/acecoffee/quickcommerce/vendor/slim/slim/Slim/MiddlewareAwareTrait.php(122): Slim\App->__invoke(Object(Slim\Http\Request), Object(Slim\Http\Response)) #12 /home/acecoffee/quickcommerce/vendor/slim/slim/Slim/App.php(370): Slim\App->callMiddlewareStack(Object(Slim\Http\Request), Object(Slim\Http\Response)) #13 /home/acecoffee/quickcommerce/vendor/slim/slim/Slim/App.php(295): Slim\App->process(Object(Slim\Http\Request), Object(Slim\Http\Response)) #14 /home/acecoffee/quickcommerce/upload/qcapi/index.php(214): Slim\App->run() #15 {main} [] []
[2017-06-28 14:38:43] pos_logger.DEBUG: checking QuickCommerce\Adapter\OC2\Service\Oc2OrderService [] []
[2017-06-28 14:38:43] pos_logger.DEBUG: class found [] []
[2017-06-28 14:40:29] pos_logger.DEBUG: checking QuickCommerce\Adapter\OC2\Service\Oc2ReferenceDataService [] []
[2017-06-28 14:40:29] pos_logger.DEBUG: class found [] []
[2017-06-28 14:40:29] pos_logger.DEBUG: checking QuickCommerce\Adapter\OC2\Service\Oc2SettingsService [] []
[2017-06-28 14:40:29] pos_logger.DEBUG: class found [] []
[2017-06-28 14:57:48] pos_logger.DEBUG: checking QuickCommerce\Adapter\OC2\Service\Oc2ReferenceDataService [] []
[2017-06-28 14:57:48] pos_logger.DEBUG: class found [] []
[2017-06-28 14:57:48] pos_logger.DEBUG: checking QuickCommerce\Adapter\OC2\Service\Oc2SettingsService [] []
[2017-06-28 14:57:48] pos_logger.DEBUG: class found [] []
[2017-06-28 14:57:49] pos_logger.DEBUG: checking QuickCommerce\Adapter\OC2\Service\Oc2OrderService [] []
[2017-06-28 14:57:49] pos_logger.DEBUG: class found [] []
[2017-06-28 14:58:06] pos_logger.DEBUG: checking QuickCommerce\Adapter\OC2\Service\Oc2ReferenceDataService [] []
[2017-06-28 14:58:06] pos_logger.DEBUG: class found [] []
[2017-06-28 14:58:06] pos_logger.DEBUG: checking QuickCommerce\Adapter\OC2\Service\Oc2SettingsService [] []
[2017-06-28 14:58:06] pos_logger.DEBUG: class found [] []
[2017-06-28 14:58:07] pos_logger.DEBUG: checking QuickCommerce\Adapter\OC2\Service\Oc2OrderService [] []
[2017-06-28 14:58:08] pos_logger.DEBUG: class found [] []
[2017-06-28 15:23:44] pos_logger.DEBUG: checking QuickCommerce\Adapter\OC2\Service\Oc2ReferenceDataService [] []
[2017-06-28 15:23:44] pos_logger.DEBUG: class found [] []
[2017-06-28 15:23:44] pos_logger.DEBUG: checking QuickCommerce\Adapter\OC2\Service\Oc2SettingsService [] []
[2017-06-28 15:23:44] pos_logger.DEBUG: class found [] []
[2017-06-28 15:23:45] pos_logger.DEBUG: checking QuickCommerce\Adapter\OC2\Service\Oc2OrderService [] []
[2017-06-28 15:23:45] pos_logger.DEBUG: class found [] []
[2017-06-28 15:25:46] pos_logger.DEBUG: checking QuickCommerce\Adapter\OC2\Service\Oc2ReferenceDataService [] []
[2017-06-28 15:25:46] pos_logger.DEBUG: class found [] []
[2017-06-28 15:25:46] pos_logger.DEBUG: checking QuickCommerce\Adapter\OC2\Service\Oc2SettingsService [] []
[2017-06-28 15:25:46] pos_logger.DEBUG: class found [] []
[2017-06-28 15:25:46] pos_logger.DEBUG: checking QuickCommerce\Adapter\OC2\Service\Oc2OrderService [] []
[2017-06-28 15:25:46] pos_logger.DEBUG: class found [] []
[2017-06-28 15:26:03] pos_logger.DEBUG: checking QuickCommerce\Adapter\OC2\Service\Oc2ReferenceDataService [] []
[2017-06-28 15:26:03] pos_logger.DEBUG: class found [] []
[2017-06-28 15:26:03] pos_logger.DEBUG: checking QuickCommerce\Adapter\OC2\Service\Oc2SettingsService [] []
[2017-06-28 15:26:03] pos_logger.DEBUG: class found [] []
[2017-06-28 15:26:03] pos_logger.DEBUG: checking QuickCommerce\Adapter\OC2\Service\Oc2OrderService [] []
[2017-06-28 15:26:03] pos_logger.DEBUG: class found [] []
[2017-06-28 15:46:21] pos_logger.DEBUG: checking QuickCommerce\Adapter\OC2\Service\Oc2ReferenceDataService [] []
[2017-06-28 15:46:21] pos_logger.DEBUG: class found [] []
[2017-06-28 15:46:21] pos_logger.DEBUG: checking QuickCommerce\Adapter\OC2\Service\Oc2SettingsService [] []
[2017-06-28 15:46:21] pos_logger.DEBUG: class found [] []
[2017-06-28 15:46:21] pos_logger.DEBUG: checking QuickCommerce\Adapter\OC2\Service\Oc2OrderService [] []
[2017-06-28 15:46:21] pos_logger.DEBUG: class found [] []
[2017-06-28 15:46:34] pos_logger.DEBUG: checking QuickCommerce\Adapter\OC2\Service\Oc2ReferenceDataService [] []
[2017-06-28 15:46:34] pos_logger.DEBUG: class found [] []
[2017-06-28 15:46:34] pos_logger.DEBUG: checking QuickCommerce\Adapter\OC2\Service\Oc2SettingsService [] []
[2017-06-28 15:46:34] pos_logger.DEBUG: class found [] []
[2017-06-28 15:46:35] pos_logger.DEBUG: checking QuickCommerce\Adapter\OC2\Service\Oc2OrderService [] []
[2017-06-28 15:46:35] pos_logger.DEBUG: class found [] []
[2017-06-28 15:47:12] pos_logger.DEBUG: checking QuickCommerce\Adapter\OC2\Service\Oc2ReferenceDataService [] []
[2017-06-28 15:47:12] pos_logger.DEBUG: class found [] []
[2017-06-28 15:47:13] pos_logger.DEBUG: checking QuickCommerce\Adapter\OC2\Service\Oc2SettingsService [] []
[2017-06-28 15:47:13] pos_logger.DEBUG: class found [] []
[2017-06-28 15:47:13] pos_logger.DEBUG: checking QuickCommerce\Adapter\OC2\Service\Oc2OrderService [] []
[2017-06-28 15:47:13] pos_logger.DEBUG: class found [] []
[2017-06-28 15:47:26] pos_logger.DEBUG: checking QuickCommerce\Adapter\OC2\Service\Oc2ReferenceDataService [] []
[2017-06-28 15:47:26] pos_logger.DEBUG: class found [] []
[2017-06-28 15:47:26] pos_logger.DEBUG: checking QuickCommerce\Adapter\OC2\Service\Oc2SettingsService [] []
[2017-06-28 15:47:26] pos_logger.DEBUG: class found [] []
[2017-06-28 15:47:27] pos_logger.DEBUG: checking QuickCommerce\Adapter\OC2\Service\Oc2OrderService [] []
[2017-06-28 15:47:27] pos_logger.DEBUG: class found [] []
[2017-06-28 15:52:05] pos_logger.DEBUG: checking QuickCommerce\Adapter\OC2\Service\Oc2ReferenceDataService [] []
[2017-06-28 15:52:05] pos_logger.DEBUG: class found [] []
[2017-06-28 15:52:05] pos_logger.DEBUG: checking QuickCommerce\Adapter\OC2\Service\Oc2SettingsService [] []
[2017-06-28 15:52:05] pos_logger.DEBUG: class found [] []
[2017-06-28 15:52:06] pos_logger.DEBUG: checking QuickCommerce\Adapter\OC2\Service\Oc2OrderService [] []
[2017-06-28 15:52:06] pos_logger.DEBUG: class found [] []
[2017-06-28 15:53:29] pos_logger.DEBUG: checking QuickCommerce\Adapter\OC2\Service\Oc2ReferenceDataService [] []
[2017-06-28 15:53:29] pos_logger.DEBUG: class found [] []
[2017-06-28 15:53:29] pos_logger.DEBUG: checking QuickCommerce\Adapter\OC2\Service\Oc2SettingsService [] []
[2017-06-28 15:53:29] pos_logger.DEBUG: class found [] []
[2017-06-28 15:53:29] pos_logger.DEBUG: checking QuickCommerce\Adapter\OC2\Service\Oc2OrderService [] []
[2017-06-28 15:53:29] pos_logger.DEBUG: class found [] []
[2017-06-28 16:12:45] pos_logger.DEBUG: checking QuickCommerce\Adapter\OC2\Service\Oc2ReferenceDataService [] []
[2017-06-28 16:12:45] pos_logger.DEBUG: class found [] []
[2017-06-28 16:12:45] pos_logger.DEBUG: checking QuickCommerce\Adapter\OC2\Service\Oc2SettingsService [] []
[2017-06-28 16:12:45] pos_logger.DEBUG: class found [] []
[2017-06-28 16:12:45] pos_logger.DEBUG: checking QuickCommerce\Adapter\OC2\Service\Oc2OrderService [] []
[2017-06-28 16:12:45] pos_logger.DEBUG: class found [] []
[2017-06-28 16:20:38] pos_logger.DEBUG: checking QuickCommerce\Adapter\OC2\Service\Oc2ReferenceDataService [] []
[2017-06-28 16:20:38] pos_logger.DEBUG: class found [] []
[2017-06-28 16:20:38] pos_logger.DEBUG: checking QuickCommerce\Adapter\OC2\Service\Oc2SettingsService [] []
[2017-06-28 16:20:38] pos_logger.DEBUG: class found [] []
[2017-06-28 16:20:40] pos_logger.DEBUG: checking QuickCommerce\Adapter\OC2\Service\Oc2OrderService [] []
[2017-06-28 16:20:40] pos_logger.DEBUG: class found [] []
[2017-06-28 16:20:59] pos_logger.DEBUG: checking QuickCommerce\Adapter\OC2\Service\Oc2ReferenceDataService [] []
[2017-06-28 16:20:59] pos_logger.DEBUG: class found [] []
[2017-06-28 16:20:59] pos_logger.DEBUG: checking QuickCommerce\Adapter\OC2\Service\Oc2SettingsService [] []
[2017-06-28 16:20:59] pos_logger.DEBUG: class found [] []
[2017-06-28 16:21:01] pos_logger.DEBUG: checking QuickCommerce\Adapter\OC2\Service\Oc2OrderService [] []
[2017-06-28 16:21:01] pos_logger.DEBUG: class found [] []
[2017-06-28 16:22:04] pos_logger.DEBUG: checking QuickCommerce\Adapter\OC2\Service\Oc2ReferenceDataService [] []
[2017-06-28 16:22:04] pos_logger.DEBUG: class found [] []
[2017-06-28 16:22:04] pos_logger.DEBUG: checking QuickCommerce\Adapter\OC2\Service\Oc2SettingsService [] []
[2017-06-28 16:22:04] pos_logger.DEBUG: class found [] []
[2017-06-28 16:22:07] pos_logger.DEBUG: checking QuickCommerce\Adapter\OC2\Service\Oc2OrderService [] []
[2017-06-28 16:22:07] pos_logger.DEBUG: class found [] []
[2017-06-28 17:24:35] pos_logger.DEBUG: checking QuickCommerce\Adapter\OC2\Service\Oc2ReferenceDataService [] []
[2017-06-28 17:24:35] pos_logger.DEBUG: class found [] []
[2017-06-28 17:24:35] pos_logger.DEBUG: checking QuickCommerce\Adapter\OC2\Service\Oc2SettingsService [] []
[2017-06-28 17:24:35] pos_logger.DEBUG: class found [] []
[2017-06-28 17:24:36] pos_logger.DEBUG: checking QuickCommerce\Adapter\OC2\Service\Oc2OrderService [] []
[2017-06-28 17:24:36] pos_logger.DEBUG: class found [] []
[2017-06-28 17:38:48] pos_logger.DEBUG: checking QuickCommerce\Adapter\OC2\Service\Oc2ReferenceDataService [] []
[2017-06-28 17:38:48] pos_logger.DEBUG: class found [] []
[2017-06-28 17:38:48] pos_logger.DEBUG: checking QuickCommerce\Adapter\OC2\Service\Oc2SettingsService [] []
[2017-06-28 17:38:48] pos_logger.DEBUG: class found [] []
[2017-06-28 17:38:50] pos_logger.DEBUG: checking QuickCommerce\Adapter\OC2\Service\Oc2OrderService [] []
[2017-06-28 17:38:50] pos_logger.DEBUG: class found [] []
[2017-06-28 17:39:36] pos_logger.DEBUG: checking QuickCommerce\Adapter\OC2\Service\Oc2ReferenceDataService [] []
[2017-06-28 17:39:36] pos_logger.DEBUG: class found [] []
[2017-06-28 17:39:36] pos_logger.DEBUG: checking QuickCommerce\Adapter\OC2\Service\Oc2SettingsService [] []
[2017-06-28 17:39:36] pos_logger.DEBUG: class found [] []
[2017-06-28 17:39:39] pos_logger.DEBUG: checking QuickCommerce\Adapter\OC2\Service\Oc2OrderService [] []
[2017-06-28 17:39:39] pos_logger.DEBUG: class found [] []
[2017-06-28 17:41:16] pos_logger.DEBUG: checking QuickCommerce\Adapter\OC2\Service\Oc2ReferenceDataService [] []
[2017-06-28 17:41:16] pos_logger.DEBUG: class found [] []
[2017-06-28 17:41:16] pos_logger.DEBUG: checking QuickCommerce\Adapter\OC2\Service\Oc2SettingsService [] []
[2017-06-28 17:41:16] pos_logger.DEBUG: class found [] []
[2017-06-28 17:41:18] pos_logger.DEBUG: checking QuickCommerce\Adapter\OC2\Service\Oc2OrderService [] []
[2017-06-28 17:41:18] pos_logger.DEBUG: class found [] []
[2017-06-28 18:19:09] pos_logger.DEBUG: checking QuickCommerce\Adapter\OC2\Service\Oc2ReferenceDataService [] []
[2017-06-28 18:19:09] pos_logger.DEBUG: class found [] []
[2017-06-28 18:19:09] pos_logger.DEBUG: checking QuickCommerce\Adapter\OC2\Service\Oc2SettingsService [] []
[2017-06-28 18:19:09] pos_logger.DEBUG: class found [] []
[2017-06-28 18:19:10] pos_logger.DEBUG: checking QuickCommerce\Adapter\OC2\Service\Oc2OrderService [] []
[2017-06-28 18:19:10] pos_logger.DEBUG: class found [] []
[2017-06-28 18:19:30] pos_logger.DEBUG: checking QuickCommerce\Adapter\OC2\Service\Oc2ReferenceDataService [] []
[2017-06-28 18:19:30] pos_logger.DEBUG: class found [] []
[2017-06-28 18:19:30] pos_logger.DEBUG: checking QuickCommerce\Adapter\OC2\Service\Oc2SettingsService [] []
[2017-06-28 18:19:30] pos_logger.DEBUG: class found [] []
[2017-06-28 18:19:31] pos_logger.DEBUG: checking QuickCommerce\Adapter\OC2\Service\Oc2OrderService [] []
[2017-06-28 18:19:31] pos_logger.DEBUG: class found [] []
[2017-06-28 18:30:30] pos_logger.DEBUG: checking QuickCommerce\Adapter\OC2\Service\Oc2ReferenceDataService [] []
[2017-06-28 18:30:30] pos_logger.DEBUG: class found [] []
[2017-06-28 18:30:30] pos_logger.DEBUG: checking QuickCommerce\Adapter\OC2\Service\Oc2SettingsService [] []
[2017-06-28 18:30:30] pos_logger.DEBUG: class found [] []
[2017-06-28 18:30:32] pos_logger.DEBUG: checking QuickCommerce\Adapter\OC2\Service\Oc2OrderService [] []
[2017-06-28 18:30:32] pos_logger.DEBUG: class found [] []
[2017-06-28 18:51:12] pos_logger.DEBUG: checking QuickCommerce\Adapter\OC2\Service\Oc2ReferenceDataService [] []
[2017-06-28 18:51:12] pos_logger.DEBUG: class found [] []
[2017-06-28 18:51:13] pos_logger.DEBUG: checking QuickCommerce\Adapter\OC2\Service\Oc2SettingsService [] []
[2017-06-28 18:51:13] pos_logger.DEBUG: class found [] []
[2017-06-28 18:51:13] pos_logger.DEBUG: checking QuickCommerce\Adapter\OC2\Service\Oc2OrderService [] []
[2017-06-28 18:51:13] pos_logger.DEBUG: class found [] []
[2017-06-28 19:00:37] pos_logger.DEBUG: checking QuickCommerce\Adapter\OC2\Service\Oc2ReferenceDataService [] []
[2017-06-28 19:00:37] pos_logger.DEBUG: class found [] []
[2017-06-28 19:00:37] pos_logger.DEBUG: checking QuickCommerce\Adapter\OC2\Service\Oc2SettingsService [] []
[2017-06-28 19:00:37] pos_logger.DEBUG: class found [] []
[2017-06-28 19:00:50] pos_logger.DEBUG: checking QuickCommerce\Adapter\OC2\Service\Oc2ReferenceDataService [] []
[2017-06-28 19:00:50] pos_logger.DEBUG: class found [] []
[2017-06-28 19:00:50] pos_logger.DEBUG: checking QuickCommerce\Adapter\OC2\Service\Oc2SettingsService [] []
[2017-06-28 19:00:50] pos_logger.DEBUG: class found [] []
[2017-06-28 19:00:51] pos_logger.DEBUG: checking QuickCommerce\Adapter\OC2\Service\Oc2OrderService [] []
[2017-06-28 19:00:51] pos_logger.DEBUG: class found [] []
[2017-06-28 19:02:05] pos_logger.DEBUG: checking QuickCommerce\Adapter\OC2\Service\Oc2OrderService [] []
[2017-06-28 19:02:05] pos_logger.DEBUG: class found [] []
[2017-06-28 19:02:21] pos_logger.DEBUG: checking QuickCommerce\Adapter\OC2\Service\Oc2OrderService [] []
[2017-06-28 19:02:21] pos_logger.DEBUG: class found [] []
[2017-06-28 19:02:21] pos_logger.DEBUG: checking QuickCommerce\Adapter\OC2\Service\Oc2OrderService [] []
[2017-06-28 19:02:21] pos_logger.DEBUG: class found [] []
[2017-06-28 19:02:24] pos_logger.DEBUG: checking QuickCommerce\Adapter\OC2\Service\Oc2OrderService [] []
[2017-06-28 19:02:24] pos_logger.DEBUG: class found [] []
[2017-06-28 19:02:24] pos_logger.DEBUG: checking QuickCommerce\Adapter\OC2\Service\Oc2OrderService [] []
[2017-06-28 19:02:24] pos_logger.DEBUG: class found [] []
[2017-06-28 19:02:25] pos_logger.DEBUG: checking QuickCommerce\Adapter\OC2\Service\Oc2OrderService [] []
[2017-06-28 19:02:25] pos_logger.DEBUG: class found [] []
[2017-06-28 19:02:25] pos_logger.DEBUG: updating quantity with change 1 for productId  and productOptionValueIds Array ( )  [] []
[2017-06-28 19:02:26] pos_logger.DEBUG: checking QuickCommerce\Adapter\OC2\Service\Oc2OrderService [] []
[2017-06-28 19:02:26] pos_logger.DEBUG: class found [] []
[2017-06-28 19:02:28] pos_logger.DEBUG: checking QuickCommerce\Adapter\OC2\Service\Oc2OrderService [] []
[2017-06-28 19:02:28] pos_logger.DEBUG: class found [] []
[2017-06-28 19:02:28] pos_logger.DEBUG: checking QuickCommerce\Adapter\OC2\Service\Oc2OrderService [] []
[2017-06-28 19:02:28] pos_logger.DEBUG: class found [] []
[2017-06-28 19:02:28] pos_logger.DEBUG: updating quantity with change 1 for productId  and productOptionValueIds Array ( )  [] []
[2017-06-28 19:02:28] pos_logger.DEBUG: checking QuickCommerce\Adapter\OC2\Service\Oc2OrderService [] []
[2017-06-28 19:02:28] pos_logger.DEBUG: class found [] []
[2017-06-28 19:02:28] pos_logger.DEBUG: checking QuickCommerce\Adapter\OC2\Service\Oc2OrderService [] []
[2017-06-28 19:02:28] pos_logger.DEBUG: class found [] []
[2017-06-28 19:02:31] pos_logger.DEBUG: checking QuickCommerce\Adapter\OC2\Service\Oc2OrderService [] []
[2017-06-28 19:02:31] pos_logger.DEBUG: class found [] []
[2017-06-28 19:02:32] pos_logger.DEBUG: updating quantity with change 1 for productId  and productOptionValueIds Array ( )  [] []
[2017-06-28 19:02:32] pos_logger.DEBUG: checking QuickCommerce\Adapter\OC2\Service\Oc2OrderService [] []
[2017-06-28 19:02:32] pos_logger.DEBUG: class found [] []
[2017-06-28 19:02:43] pos_logger.DEBUG: checking QuickCommerce\Adapter\OC2\Service\Oc2OrderService [] []
[2017-06-28 19:02:43] pos_logger.DEBUG: class found [] []
[2017-06-28 19:02:43] pos_logger.DEBUG: checking QuickCommerce\Adapter\OC2\Service\Oc2OrderService [] []
[2017-06-28 19:02:43] pos_logger.DEBUG: class found [] []
[2017-06-28 19:02:45] pos_logger.DEBUG: checking QuickCommerce\Adapter\OC2\Service\Oc2ReferenceDataService [] []
[2017-06-28 19:02:45] pos_logger.DEBUG: class found [] []
[2017-06-28 19:02:45] pos_logger.DEBUG: checking QuickCommerce\Adapter\OC2\Service\Oc2SettingsService [] []
[2017-06-28 19:02:45] pos_logger.DEBUG: class found [] []
[2017-06-28 19:02:45] pos_logger.DEBUG: checking QuickCommerce\Adapter\OC2\Service\Oc2OrderService [] []
[2017-06-28 19:02:45] pos_logger.DEBUG: class found [] []
[2017-06-28 19:07:42] pos_logger.DEBUG: checking QuickCommerce\Adapter\OC2\Service\Oc2ReferenceDataService [] []
[2017-06-28 19:07:42] pos_logger.DEBUG: class found [] []
[2017-06-28 19:07:42] pos_logger.DEBUG: checking QuickCommerce\Adapter\OC2\Service\Oc2SettingsService [] []
[2017-06-28 19:07:42] pos_logger.DEBUG: class found [] []
[2017-06-28 19:07:43] pos_logger.DEBUG: checking QuickCommerce\Adapter\OC2\Service\Oc2OrderService [] []
[2017-06-28 19:07:43] pos_logger.DEBUG: class found [] []
[2017-06-28 19:08:08] pos_logger.DEBUG: checking QuickCommerce\Adapter\OC2\Service\Oc2ReferenceDataService [] []
[2017-06-28 19:08:08] pos_logger.DEBUG: class found [] []
[2017-06-28 19:08:08] pos_logger.DEBUG: checking QuickCommerce\Adapter\OC2\Service\Oc2SettingsService [] []
[2017-06-28 19:08:08] pos_logger.DEBUG: class found [] []
[2017-06-28 19:08:08] pos_logger.DEBUG: checking QuickCommerce\Adapter\OC2\Service\Oc2OrderService [] []
[2017-06-28 19:08:08] pos_logger.DEBUG: class found [] []
[2017-06-28 19:35:19] pos_logger.DEBUG: checking QuickCommerce\Adapter\OC2\Service\Oc2ReferenceDataService [] []
[2017-06-28 19:35:19] pos_logger.DEBUG: class found [] []
[2017-06-28 19:35:20] pos_logger.DEBUG: checking QuickCommerce\Adapter\OC2\Service\Oc2SettingsService [] []
[2017-06-28 19:35:20] pos_logger.DEBUG: class found [] []
[2017-06-28 19:35:20] pos_logger.DEBUG: checking QuickCommerce\Adapter\OC2\Service\Oc2OrderService [] []
[2017-06-28 19:35:20] pos_logger.DEBUG: class found [] []
[2017-06-28 19:35:29] pos_logger.DEBUG: checking QuickCommerce\Adapter\OC2\Service\Oc2OrderService [] []
[2017-06-28 19:35:29] pos_logger.DEBUG: class found [] []
[2017-06-28 19:35:45] pos_logger.DEBUG: checking QuickCommerce\Adapter\OC2\Service\Oc2OrderService [] []
[2017-06-28 19:35:45] pos_logger.DEBUG: class found [] []
[2017-06-28 19:46:50] pos_logger.DEBUG: checking QuickCommerce\Adapter\OC2\Service\Oc2ReferenceDataService [] []
[2017-06-28 19:46:50] pos_logger.DEBUG: class found [] []
[2017-06-28 19:46:50] pos_logger.DEBUG: checking QuickCommerce\Adapter\OC2\Service\Oc2SettingsService [] []
[2017-06-28 19:46:50] pos_logger.DEBUG: class found [] []
[2017-06-28 19:46:51] pos_logger.DEBUG: checking QuickCommerce\Adapter\OC2\Service\Oc2OrderService [] []
[2017-06-28 19:46:51] pos_logger.DEBUG: class found [] []
[2017-06-28 19:47:13] pos_logger.DEBUG: checking QuickCommerce\Adapter\OC2\Service\Oc2OrderService [] []
[2017-06-28 19:47:13] pos_logger.DEBUG: class found [] []
[2017-06-28 19:47:14] pos_logger.DEBUG: checking QuickCommerce\Adapter\OC2\Service\Oc2OrderService [] []
[2017-06-28 19:47:14] pos_logger.DEBUG: class found [] []
[2017-06-28 19:47:16] pos_logger.DEBUG: checking QuickCommerce\Adapter\OC2\Service\Oc2OrderService [] []
[2017-06-28 19:47:16] pos_logger.DEBUG: class found [] []
[2017-06-28 19:47:16] pos_logger.DEBUG: updating quantity with change 1 for productId  and productOptionValueIds Array ( )  [] []
[2017-06-28 19:47:17] pos_logger.DEBUG: checking QuickCommerce\Adapter\OC2\Service\Oc2OrderService [] []
[2017-06-28 19:47:17] pos_logger.DEBUG: class found [] []
[2017-06-28 19:47:22] pos_logger.DEBUG: checking QuickCommerce\Adapter\OC2\Service\Oc2ReferenceDataService [] []
[2017-06-28 19:47:22] pos_logger.DEBUG: class found [] []
[2017-06-28 19:47:22] pos_logger.DEBUG: checking QuickCommerce\Adapter\OC2\Service\Oc2SettingsService [] []
[2017-06-28 19:47:22] pos_logger.DEBUG: class found [] []
[2017-06-28 19:47:24] pos_logger.DEBUG: checking QuickCommerce\Adapter\OC2\Service\Oc2ReferenceDataService [] []
[2017-06-28 19:47:24] pos_logger.DEBUG: class found [] []
[2017-06-28 19:47:24] pos_logger.DEBUG: checking QuickCommerce\Adapter\OC2\Service\Oc2SettingsService [] []
[2017-06-28 19:47:24] pos_logger.DEBUG: class found [] []
[2017-06-28 19:47:25] pos_logger.DEBUG: checking QuickCommerce\Adapter\OC2\Service\Oc2OrderService [] []
[2017-06-28 19:47:25] pos_logger.DEBUG: class found [] []
[2017-06-28 19:47:28] pos_logger.DEBUG: checking QuickCommerce\Adapter\OC2\Service\Oc2ReferenceDataService [] []
[2017-06-28 19:47:28] pos_logger.DEBUG: class found [] []
[2017-06-28 19:47:28] pos_logger.DEBUG: checking QuickCommerce\Adapter\OC2\Service\Oc2SettingsService [] []
[2017-06-28 19:47:28] pos_logger.DEBUG: class found [] []
[2017-06-28 19:47:29] pos_logger.DEBUG: checking QuickCommerce\Adapter\OC2\Service\Oc2OrderService [] []
[2017-06-28 19:47:29] pos_logger.DEBUG: class found [] []
[2017-06-28 19:47:39] pos_logger.DEBUG: checking QuickCommerce\Adapter\OC2\Service\Oc2ReferenceDataService [] []
[2017-06-28 19:47:39] pos_logger.DEBUG: class found [] []
[2017-06-28 19:47:39] pos_logger.DEBUG: checking QuickCommerce\Adapter\OC2\Service\Oc2SettingsService [] []
[2017-06-28 19:47:39] pos_logger.DEBUG: class found [] []
[2017-06-28 19:47:40] pos_logger.DEBUG: checking QuickCommerce\Adapter\OC2\Service\Oc2OrderService [] []
[2017-06-28 19:47:40] pos_logger.DEBUG: class found [] []
[2017-06-28 19:48:13] pos_logger.DEBUG: checking QuickCommerce\Adapter\OC2\Service\Oc2ReferenceDataService [] []
[2017-06-28 19:48:13] pos_logger.DEBUG: class found [] []
[2017-06-28 19:48:13] pos_logger.DEBUG: checking QuickCommerce\Adapter\OC2\Service\Oc2SettingsService [] []
[2017-06-28 19:48:13] pos_logger.DEBUG: class found [] []
[2017-06-28 19:48:13] pos_logger.DEBUG: checking QuickCommerce\Adapter\OC2\Service\Oc2OrderService [] []
[2017-06-28 19:48:13] pos_logger.DEBUG: class found [] []
[2017-06-28 19:48:22] pos_logger.DEBUG: checking QuickCommerce\Adapter\OC2\Service\Oc2ReferenceDataService [] []
[2017-06-28 19:48:22] pos_logger.DEBUG: class found [] []
[2017-06-28 19:48:22] pos_logger.DEBUG: checking QuickCommerce\Adapter\OC2\Service\Oc2SettingsService [] []
[2017-06-28 19:48:22] pos_logger.DEBUG: class found [] []
[2017-06-28 19:48:23] pos_logger.DEBUG: checking QuickCommerce\Adapter\OC2\Service\Oc2OrderService [] []
[2017-06-28 19:48:23] pos_logger.DEBUG: class found [] []
[2017-06-28 19:58:08] pos_logger.DEBUG: checking QuickCommerce\Adapter\OC2\Service\Oc2ReferenceDataService [] []
[2017-06-28 19:58:08] pos_logger.DEBUG: class found [] []
[2017-06-28 19:58:08] pos_logger.DEBUG: checking QuickCommerce\Adapter\OC2\Service\Oc2SettingsService [] []
[2017-06-28 19:58:08] pos_logger.DEBUG: class found [] []
[2017-06-28 19:58:08] pos_logger.DEBUG: checking QuickCommerce\Adapter\OC2\Service\Oc2OrderService [] []
[2017-06-28 19:58:08] pos_logger.DEBUG: class found [] []
[2017-06-28 19:58:16] pos_logger.DEBUG: checking QuickCommerce\Adapter\OC2\Service\Oc2ReferenceDataService [] []
[2017-06-28 19:58:16] pos_logger.DEBUG: class found [] []
[2017-06-28 19:58:16] pos_logger.DEBUG: checking QuickCommerce\Adapter\OC2\Service\Oc2SettingsService [] []
[2017-06-28 19:58:16] pos_logger.DEBUG: class found [] []
[2017-06-28 19:58:16] pos_logger.DEBUG: checking QuickCommerce\Adapter\OC2\Service\Oc2OrderService [] []
[2017-06-28 19:58:16] pos_logger.DEBUG: class found [] []
[2017-06-28 19:58:25] pos_logger.DEBUG: checking QuickCommerce\Adapter\OC2\Service\Oc2ReferenceDataService [] []
[2017-06-28 19:58:25] pos_logger.DEBUG: class found [] []
[2017-06-28 19:58:25] pos_logger.DEBUG: checking QuickCommerce\Adapter\OC2\Service\Oc2SettingsService [] []
[2017-06-28 19:58:25] pos_logger.DEBUG: class found [] []
[2017-06-28 19:58:25] pos_logger.DEBUG: checking QuickCommerce\Adapter\OC2\Service\Oc2OrderService [] []
[2017-06-28 19:58:25] pos_logger.DEBUG: class found [] []
[2017-06-28 20:17:12] pos_logger.DEBUG: checking QuickCommerce\Adapter\OC2\Service\Oc2ReferenceDataService [] []
[2017-06-28 20:17:12] pos_logger.DEBUG: class found [] []
[2017-06-28 20:17:12] pos_logger.DEBUG: checking QuickCommerce\Adapter\OC2\Service\Oc2SettingsService [] []
[2017-06-28 20:17:12] pos_logger.DEBUG: class found [] []
[2017-06-28 20:17:13] pos_logger.DEBUG: checking QuickCommerce\Adapter\OC2\Service\Oc2OrderService [] []
[2017-06-28 20:17:13] pos_logger.DEBUG: class found [] []
[2017-06-28 20:38:22] pos_logger.DEBUG: checking QuickCommerce\Adapter\OC2\Service\Oc2ReferenceDataService [] []
[2017-06-28 20:38:22] pos_logger.DEBUG: class found [] []
[2017-06-28 20:38:22] pos_logger.DEBUG: checking QuickCommerce\Adapter\OC2\Service\Oc2SettingsService [] []
[2017-06-28 20:38:22] pos_logger.DEBUG: class found [] []
[2017-06-28 20:38:22] pos_logger.DEBUG: checking QuickCommerce\Adapter\OC2\Service\Oc2OrderService [] []
[2017-06-28 20:38:22] pos_logger.DEBUG: class found [] []
[2017-06-28 21:35:54] pos_logger.DEBUG: checking QuickCommerce\Adapter\OC2\Service\Oc2ReferenceDataService [] []
[2017-06-28 21:35:54] pos_logger.DEBUG: class found [] []
[2017-06-28 21:35:54] pos_logger.DEBUG: checking QuickCommerce\Adapter\OC2\Service\Oc2SettingsService [] []
[2017-06-28 21:35:54] pos_logger.DEBUG: class found [] []
[2017-06-28 21:35:54] pos_logger.DEBUG: checking QuickCommerce\Adapter\OC2\Service\Oc2OrderService [] []
[2017-06-28 21:35:54] pos_logger.DEBUG: class found [] []
[2017-06-28 21:44:08] pos_logger.DEBUG: checking QuickCommerce\Adapter\OC2\Service\Oc2ReferenceDataService [] []
[2017-06-28 21:44:08] pos_logger.DEBUG: class found [] []
[2017-06-28 21:44:08] pos_logger.DEBUG: checking QuickCommerce\Adapter\OC2\Service\Oc2SettingsService [] []
[2017-06-28 21:44:08] pos_logger.DEBUG: class found [] []
[2017-06-28 21:44:08] pos_logger.DEBUG: checking QuickCommerce\Adapter\OC2\Service\Oc2OrderService [] []
[2017-06-28 21:44:08] pos_logger.DEBUG: class found [] []
[2017-06-28 21:44:48] pos_logger.DEBUG: checking QuickCommerce\Adapter\OC2\Service\Oc2ReferenceDataService [] []
[2017-06-28 21:44:48] pos_logger.DEBUG: class found [] []
[2017-06-28 21:44:48] pos_logger.DEBUG: checking QuickCommerce\Adapter\OC2\Service\Oc2SettingsService [] []
[2017-06-28 21:44:48] pos_logger.DEBUG: class found [] []
[2017-06-28 21:44:48] pos_logger.DEBUG: checking QuickCommerce\Adapter\OC2\Service\Oc2OrderService [] []
[2017-06-28 21:44:48] pos_logger.DEBUG: class found [] []
[2017-06-28 21:46:00] pos_logger.DEBUG: checking QuickCommerce\Adapter\OC2\Service\Oc2ReferenceDataService [] []
[2017-06-28 21:46:00] pos_logger.DEBUG: class found [] []
[2017-06-28 21:46:00] pos_logger.DEBUG: checking QuickCommerce\Adapter\OC2\Service\Oc2SettingsService [] []
[2017-06-28 21:46:00] pos_logger.DEBUG: class found [] []
[2017-06-28 21:46:01] pos_logger.DEBUG: checking QuickCommerce\Adapter\OC2\Service\Oc2OrderService [] []
[2017-06-28 21:46:01] pos_logger.DEBUG: class found [] []
[2017-06-28 21:59:21] pos_logger.DEBUG: checking QuickCommerce\Adapter\OC2\Service\Oc2ReferenceDataService [] []
[2017-06-28 21:59:21] pos_logger.DEBUG: class found [] []
[2017-06-28 21:59:21] pos_logger.DEBUG: checking QuickCommerce\Adapter\OC2\Service\Oc2SettingsService [] []
[2017-06-28 21:59:21] pos_logger.DEBUG: class found [] []
[2017-06-28 22:09:54] pos_logger.DEBUG: checking QuickCommerce\Adapter\OC2\Service\Oc2ReferenceDataService [] []
[2017-06-28 22:09:54] pos_logger.DEBUG: class found [] []
[2017-06-28 22:09:54] pos_logger.DEBUG: checking QuickCommerce\Adapter\OC2\Service\Oc2SettingsService [] []
[2017-06-28 22:09:54] pos_logger.DEBUG: class found [] []
[2017-06-28 22:09:55] pos_logger.DEBUG: checking QuickCommerce\Adapter\OC2\Service\Oc2OrderService [] []
[2017-06-28 22:09:55] pos_logger.DEBUG: class found [] []
[2017-06-28 22:10:05] pos_logger.DEBUG: checking QuickCommerce\Adapter\OC2\Service\Oc2OrderService [] []
[2017-06-28 22:10:05] pos_logger.DEBUG: class found [] []
[2017-06-28 22:12:04] pos_logger.DEBUG: checking QuickCommerce\Adapter\OC2\Service\Oc2ReferenceDataService [] []
[2017-06-28 22:12:04] pos_logger.DEBUG: class found [] []
[2017-06-28 22:12:04] pos_logger.DEBUG: checking QuickCommerce\Adapter\OC2\Service\Oc2SettingsService [] []
[2017-06-28 22:12:04] pos_logger.DEBUG: class found [] []
[2017-06-28 22:12:04] pos_logger.DEBUG: checking QuickCommerce\Adapter\OC2\Service\Oc2OrderService [] []
[2017-06-28 22:12:04] pos_logger.DEBUG: class found [] []
[2017-06-28 22:12:25] pos_logger.DEBUG: checking QuickCommerce\Adapter\OC2\Service\Oc2ReferenceDataService [] []
[2017-06-28 22:12:25] pos_logger.DEBUG: class found [] []
[2017-06-28 22:12:25] pos_logger.DEBUG: checking QuickCommerce\Adapter\OC2\Service\Oc2SettingsService [] []
[2017-06-28 22:12:25] pos_logger.DEBUG: class found [] []
[2017-06-28 22:12:25] pos_logger.DEBUG: checking QuickCommerce\Adapter\OC2\Service\Oc2OrderService [] []
[2017-06-28 22:12:25] pos_logger.DEBUG: class found [] []
[2017-06-28 22:18:13] pos_logger.DEBUG: checking QuickCommerce\Adapter\OC2\Service\Oc2ReferenceDataService [] []
[2017-06-28 22:18:13] pos_logger.DEBUG: class found [] []
[2017-06-28 22:18:13] pos_logger.DEBUG: checking QuickCommerce\Adapter\OC2\Service\Oc2SettingsService [] []
[2017-06-28 22:18:13] pos_logger.DEBUG: class found [] []
[2017-06-28 22:18:14] pos_logger.DEBUG: checking QuickCommerce\Adapter\OC2\Service\Oc2OrderService [] []
[2017-06-28 22:18:14] pos_logger.DEBUG: class found [] []
[2017-06-28 22:18:37] pos_logger.DEBUG: checking QuickCommerce\Adapter\OC2\Service\Oc2ReferenceDataService [] []
[2017-06-28 22:18:37] pos_logger.DEBUG: class found [] []
[2017-06-28 22:18:37] pos_logger.DEBUG: checking QuickCommerce\Adapter\OC2\Service\Oc2SettingsService [] []
[2017-06-28 22:18:37] pos_logger.DEBUG: class found [] []
[2017-06-28 22:18:38] pos_logger.DEBUG: checking QuickCommerce\Adapter\OC2\Service\Oc2OrderService [] []
[2017-06-28 22:18:38] pos_logger.DEBUG: class found [] []
[2017-06-28 22:21:32] pos_logger.DEBUG: checking QuickCommerce\Adapter\OC2\Service\Oc2ReferenceDataService [] []
[2017-06-28 22:21:32] pos_logger.DEBUG: class found [] []
[2017-06-28 22:21:32] pos_logger.DEBUG: checking QuickCommerce\Adapter\OC2\Service\Oc2SettingsService [] []
[2017-06-28 22:21:32] pos_logger.DEBUG: class found [] []
[2017-06-28 22:21:33] pos_logger.DEBUG: checking QuickCommerce\Adapter\OC2\Service\Oc2OrderService [] []
[2017-06-28 22:21:33] pos_logger.DEBUG: class found [] []
[2017-06-28 22:21:36] pos_logger.DEBUG: checking QuickCommerce\Adapter\OC2\Service\Oc2ReferenceDataService [] []
[2017-06-28 22:21:36] pos_logger.DEBUG: class found [] []
[2017-06-28 22:21:36] pos_logger.DEBUG: checking QuickCommerce\Adapter\OC2\Service\Oc2SettingsService [] []
[2017-06-28 22:21:36] pos_logger.DEBUG: class found [] []
[2017-06-28 22:21:36] pos_logger.DEBUG: checking QuickCommerce\Adapter\OC2\Service\Oc2OrderService [] []
[2017-06-28 22:21:36] pos_logger.DEBUG: class found [] []
[2017-06-28 22:22:10] pos_logger.DEBUG: checking QuickCommerce\Adapter\OC2\Service\Oc2ReferenceDataService [] []
[2017-06-28 22:22:10] pos_logger.DEBUG: class found [] []
[2017-06-28 22:22:10] pos_logger.DEBUG: checking QuickCommerce\Adapter\OC2\Service\Oc2SettingsService [] []
[2017-06-28 22:22:10] pos_logger.DEBUG: class found [] []
[2017-06-28 22:22:11] pos_logger.DEBUG: checking QuickCommerce\Adapter\OC2\Service\Oc2OrderService [] []
[2017-06-28 22:22:11] pos_logger.DEBUG: class found [] []
[2017-06-28 22:22:15] pos_logger.DEBUG: checking QuickCommerce\Adapter\OC2\Service\Oc2ReferenceDataService [] []
[2017-06-28 22:22:15] pos_logger.DEBUG: class found [] []
[2017-06-28 22:22:15] pos_logger.DEBUG: checking QuickCommerce\Adapter\OC2\Service\Oc2SettingsService [] []
[2017-06-28 22:22:15] pos_logger.DEBUG: class found [] []
[2017-06-28 22:22:16] pos_logger.DEBUG: checking QuickCommerce\Adapter\OC2\Service\Oc2OrderService [] []
[2017-06-28 22:22:16] pos_logger.DEBUG: class found [] []
[2017-06-28 22:22:18] pos_logger.DEBUG: checking QuickCommerce\Adapter\OC2\Service\Oc2ReferenceDataService [] []
[2017-06-28 22:22:18] pos_logger.DEBUG: class found [] []
[2017-06-28 22:22:19] pos_logger.DEBUG: checking QuickCommerce\Adapter\OC2\Service\Oc2SettingsService [] []
[2017-06-28 22:22:19] pos_logger.DEBUG: class found [] []
[2017-06-28 22:22:19] pos_logger.DEBUG: checking QuickCommerce\Adapter\OC2\Service\Oc2OrderService [] []
[2017-06-28 22:22:19] pos_logger.DEBUG: class found [] []
[2017-06-28 22:22:37] pos_logger.DEBUG: checking QuickCommerce\Adapter\OC2\Service\Oc2ReferenceDataService [] []
[2017-06-28 22:22:37] pos_logger.DEBUG: class found [] []
[2017-06-28 22:22:37] pos_logger.DEBUG: checking QuickCommerce\Adapter\OC2\Service\Oc2SettingsService [] []
[2017-06-28 22:22:37] pos_logger.DEBUG: class found [] []
[2017-06-28 22:22:37] pos_logger.DEBUG: checking QuickCommerce\Adapter\OC2\Service\Oc2OrderService [] []
[2017-06-28 22:22:37] pos_logger.DEBUG: class found [] []
[2017-06-28 22:22:39] pos_logger.DEBUG: checking QuickCommerce\Adapter\OC2\Service\Oc2ReferenceDataService [] []
[2017-06-28 22:22:39] pos_logger.DEBUG: class found [] []
[2017-06-28 22:22:39] pos_logger.DEBUG: checking QuickCommerce\Adapter\OC2\Service\Oc2SettingsService [] []
[2017-06-28 22:22:39] pos_logger.DEBUG: class found [] []
[2017-06-28 22:22:40] pos_logger.DEBUG: checking QuickCommerce\Adapter\OC2\Service\Oc2OrderService [] []
[2017-06-28 22:22:40] pos_logger.DEBUG: class found [] []
[2017-06-28 22:22:41] pos_logger.DEBUG: checking QuickCommerce\Adapter\OC2\Service\Oc2ReferenceDataService [] []
[2017-06-28 22:22:41] pos_logger.DEBUG: class found [] []
[2017-06-28 22:22:41] pos_logger.DEBUG: checking QuickCommerce\Adapter\OC2\Service\Oc2SettingsService [] []
[2017-06-28 22:22:41] pos_logger.DEBUG: class found [] []
[2017-06-28 22:22:41] pos_logger.DEBUG: checking QuickCommerce\Adapter\OC2\Service\Oc2OrderService [] []
[2017-06-28 22:22:41] pos_logger.DEBUG: class found [] []
[2017-06-28 22:22:48] pos_logger.DEBUG: checking QuickCommerce\Adapter\OC2\Service\Oc2ReferenceDataService [] []
[2017-06-28 22:22:48] pos_logger.DEBUG: class found [] []
[2017-06-28 22:22:48] pos_logger.DEBUG: checking QuickCommerce\Adapter\OC2\Service\Oc2SettingsService [] []
[2017-06-28 22:22:48] pos_logger.DEBUG: class found [] []
[2017-06-28 22:22:48] pos_logger.DEBUG: checking QuickCommerce\Adapter\OC2\Service\Oc2OrderService [] []
[2017-06-28 22:22:48] pos_logger.DEBUG: class found [] []
[2017-06-28 22:23:13] pos_logger.DEBUG: checking QuickCommerce\Adapter\OC2\Service\Oc2ReferenceDataService [] []
[2017-06-28 22:23:13] pos_logger.DEBUG: class found [] []
[2017-06-28 22:23:13] pos_logger.DEBUG: checking QuickCommerce\Adapter\OC2\Service\Oc2SettingsService [] []
[2017-06-28 22:23:13] pos_logger.DEBUG: class found [] []
[2017-06-28 22:23:13] pos_logger.DEBUG: checking QuickCommerce\Adapter\OC2\Service\Oc2OrderService [] []
[2017-06-28 22:23:13] pos_logger.DEBUG: class found [] []
[2017-06-28 22:24:55] pos_logger.DEBUG: checking QuickCommerce\Adapter\OC2\Service\Oc2ReferenceDataService [] []
[2017-06-28 22:24:55] pos_logger.DEBUG: class found [] []
[2017-06-28 22:24:55] pos_logger.DEBUG: checking QuickCommerce\Adapter\OC2\Service\Oc2SettingsService [] []
[2017-06-28 22:24:55] pos_logger.DEBUG: class found [] []
[2017-06-28 22:24:55] pos_logger.DEBUG: checking QuickCommerce\Adapter\OC2\Service\Oc2OrderService [] []
[2017-06-28 22:24:55] pos_logger.DEBUG: class found [] []
[2017-06-28 22:27:30] pos_logger.DEBUG: checking QuickCommerce\Adapter\OC2\Service\Oc2ReferenceDataService [] []
[2017-06-28 22:27:30] pos_logger.DEBUG: class found [] []
[2017-06-28 22:27:30] pos_logger.DEBUG: checking QuickCommerce\Adapter\OC2\Service\Oc2SettingsService [] []
[2017-06-28 22:27:30] pos_logger.DEBUG: class found [] []
[2017-06-28 22:27:31] pos_logger.DEBUG: checking QuickCommerce\Adapter\OC2\Service\Oc2OrderService [] []
[2017-06-28 22:27:31] pos_logger.DEBUG: class found [] []
[2017-06-28 22:27:40] pos_logger.DEBUG: checking QuickCommerce\Adapter\OC2\Service\Oc2ReferenceDataService [] []
[2017-06-28 22:27:40] pos_logger.DEBUG: class found [] []
[2017-06-28 22:27:41] pos_logger.DEBUG: checking QuickCommerce\Adapter\OC2\Service\Oc2SettingsService [] []
[2017-06-28 22:27:41] pos_logger.DEBUG: class found [] []
[2017-06-28 22:27:41] pos_logger.DEBUG: checking QuickCommerce\Adapter\OC2\Service\Oc2OrderService [] []
[2017-06-28 22:27:41] pos_logger.DEBUG: class found [] []
[2017-06-28 22:27:59] pos_logger.DEBUG: checking QuickCommerce\Adapter\OC2\Service\Oc2ReferenceDataService [] []
[2017-06-28 22:27:59] pos_logger.DEBUG: class found [] []
[2017-06-28 22:27:59] pos_logger.DEBUG: checking QuickCommerce\Adapter\OC2\Service\Oc2SettingsService [] []
[2017-06-28 22:27:59] pos_logger.DEBUG: class found [] []
[2017-06-28 22:27:59] pos_logger.DEBUG: checking QuickCommerce\Adapter\OC2\Service\Oc2OrderService [] []
[2017-06-28 22:27:59] pos_logger.DEBUG: class found [] []
[2017-06-28 22:38:51] pos_logger.DEBUG: checking QuickCommerce\Adapter\OC2\Service\Oc2ReferenceDataService [] []
[2017-06-28 22:38:51] pos_logger.DEBUG: class found [] []
[2017-06-28 22:38:51] pos_logger.DEBUG: checking QuickCommerce\Adapter\OC2\Service\Oc2SettingsService [] []
[2017-06-28 22:38:51] pos_logger.DEBUG: class found [] []
[2017-06-28 22:38:52] pos_logger.DEBUG: checking QuickCommerce\Adapter\OC2\Service\Oc2OrderService [] []
[2017-06-28 22:38:52] pos_logger.DEBUG: class found [] []
[2017-06-28 22:42:59] pos_logger.DEBUG: checking QuickCommerce\Adapter\OC2\Service\Oc2ReferenceDataService [] []
[2017-06-28 22:42:59] pos_logger.DEBUG: class found [] []
[2017-06-28 22:42:59] pos_logger.DEBUG: checking QuickCommerce\Adapter\OC2\Service\Oc2SettingsService [] []
[2017-06-28 22:42:59] pos_logger.DEBUG: class found [] []
[2017-06-28 22:42:59] pos_logger.DEBUG: checking QuickCommerce\Adapter\OC2\Service\Oc2OrderService [] []
[2017-06-28 22:42:59] pos_logger.DEBUG: class found [] []
[2017-06-28 22:43:11] pos_logger.DEBUG: checking QuickCommerce\Adapter\OC2\Service\Oc2ReferenceDataService [] []
[2017-06-28 22:43:11] pos_logger.DEBUG: class found [] []
[2017-06-28 22:43:11] pos_logger.DEBUG: checking QuickCommerce\Adapter\OC2\Service\Oc2SettingsService [] []
[2017-06-28 22:43:11] pos_logger.DEBUG: class found [] []
[2017-06-28 22:43:12] pos_logger.DEBUG: checking QuickCommerce\Adapter\OC2\Service\Oc2OrderService [] []
[2017-06-28 22:43:12] pos_logger.DEBUG: class found [] []
[2017-06-28 22:46:13] pos_logger.DEBUG: checking QuickCommerce\Adapter\OC2\Service\Oc2ReferenceDataService [] []
[2017-06-28 22:46:13] pos_logger.DEBUG: class found [] []
[2017-06-28 22:46:13] pos_logger.DEBUG: checking QuickCommerce\Adapter\OC2\Service\Oc2SettingsService [] []
[2017-06-28 22:46:13] pos_logger.DEBUG: class found [] []
[2017-06-28 22:46:14] pos_logger.DEBUG: checking QuickCommerce\Adapter\OC2\Service\Oc2OrderService [] []
[2017-06-28 22:46:14] pos_logger.DEBUG: class found [] []
[2017-06-28 22:46:53] pos_logger.DEBUG: checking QuickCommerce\Adapter\OC2\Service\Oc2ReferenceDataService [] []
[2017-06-28 22:46:53] pos_logger.DEBUG: class found [] []
[2017-06-28 22:46:53] pos_logger.DEBUG: checking QuickCommerce\Adapter\OC2\Service\Oc2SettingsService [] []
[2017-06-28 22:46:53] pos_logger.DEBUG: class found [] []
[2017-06-28 22:46:54] pos_logger.DEBUG: checking QuickCommerce\Adapter\OC2\Service\Oc2OrderService [] []
[2017-06-28 22:46:54] pos_logger.DEBUG: class found [] []
[2017-06-28 22:48:28] pos_logger.DEBUG: checking QuickCommerce\Adapter\OC2\Service\Oc2OrderService [] []
[2017-06-28 22:48:28] pos_logger.DEBUG: class found [] []
[2017-06-28 22:48:28] pos_logger.DEBUG: checking QuickCommerce\Adapter\OC2\Service\Oc2OrderService [] []
[2017-06-28 22:48:28] pos_logger.DEBUG: class found [] []
[2017-06-28 22:48:29] pos_logger.DEBUG: checking QuickCommerce\Adapter\OC2\Service\Oc2OrderService [] []
[2017-06-28 22:48:29] pos_logger.DEBUG: class found [] []
[2017-06-28 22:48:29] pos_logger.DEBUG: updating quantity with change 1 for productId  and productOptionValueIds Array ( )  [] []
[2017-06-28 22:48:30] pos_logger.DEBUG: checking QuickCommerce\Adapter\OC2\Service\Oc2OrderService [] []
[2017-06-28 22:48:30] pos_logger.DEBUG: class found [] []
[2017-06-28 22:48:32] pos_logger.DEBUG: checking QuickCommerce\Adapter\OC2\Service\Oc2OrderService [] []
[2017-06-28 22:48:32] pos_logger.DEBUG: class found [] []
[2017-06-28 22:48:32] pos_logger.DEBUG: checking QuickCommerce\Adapter\OC2\Service\Oc2OrderService [] []
[2017-06-28 22:48:32] pos_logger.DEBUG: class found [] []
[2017-06-28 22:48:48] pos_logger.DEBUG: checking QuickCommerce\Adapter\OC2\Service\Oc2OrderService [] []
[2017-06-28 22:48:48] pos_logger.DEBUG: class found [] []
[2017-06-28 22:48:48] pos_logger.DEBUG: checking QuickCommerce\Adapter\OC2\Service\Oc2OrderService [] []
[2017-06-28 22:48:48] pos_logger.DEBUG: class found [] []
[2017-06-28 22:48:48] pos_logger.DEBUG: An order cannot be created using give data QuickCommerce\Model\View\PosOrderAction Object (     [action:protected] =>      [orderProductId:protected] =>      [orderProduct:protected] =>      [productId:protected] =>      [orderOptions:protected] => Array         (         )      [orderTaxRates:protected] => Array         (         )      [defaultSettings:protected] => Array         (         )      [quantityBefore:protected] =>      [quantityAfter:protected] =>      [shipping:protected] =>  )  [] []
[2017-06-28 22:48:48] pos_logger.DEBUG: #0 /home/acecoffee/quickcommerce/vendor/quickcommerce/src/Adapter/Opencart2x/Service/Oc2OrderService.php(154): QuickCommerce\API\Exception\APIException::orderCannotBeCreated(Object(QuickCommerce\Model\View\PosOrderAction)) #1 /home/acecoffee/quickcommerce/vendor/quickcommerce/src/Adapter/Opencart2x/Service/Oc2OrderService.php(113): QuickCommerce\Adapter\OC2\Service\Oc2OrderService->createOrder(Object(Doctrine\ORM\EntityManager), Object(QuickCommerce\Model\View\PosOrderAction)) #2 /home/acecoffee/quickcommerce/vendor/quickcommerce/src/API/Service/AbstractOrderService.php(55): QuickCommerce\Adapter\OC2\Service\Oc2OrderService->modifyOrder('0', Object(QuickCommerce\Model\View\PosOrderAction)) #3 /home/acecoffee/quickcommerce/vendor/quickcommerce/src/API/Application.php(221): QuickCommerce\API\Service\AbstractOrderService->patch(Array, '0', NULL) #4 /home/acecoffee/quickcommerce/upload/qcapi/index.php(123): QuickCommerce\API\Application->partialUpdate('order', Array, '0') #5 [internal function]: Closure->{closure}(Object(Slim\Http\Request), Object(Slim\Http\Response), Array) #6 /home/acecoffee/quickcommerce/vendor/slim/slim/Slim/Handlers/Strategies/RequestResponse.php(41): call_user_func(Object(Closure), Object(Slim\Http\Request), Object(Slim\Http\Response), Array) #7 /home/acecoffee/quickcommerce/vendor/slim/slim/Slim/Route.php(344): Slim\Handlers\Strategies\RequestResponse->__invoke(Object(Closure), Object(Slim\Http\Request), Object(Slim\Http\Response), Array) #8 /home/acecoffee/quickcommerce/vendor/slim/slim/Slim/MiddlewareAwareTrait.php(122): Slim\Route->__invoke(Object(Slim\Http\Request), Object(Slim\Http\Response)) #9 /home/acecoffee/quickcommerce/vendor/slim/slim/Slim/Route.php(316): Slim\Route->callMiddlewareStack(Object(Slim\Http\Request), Object(Slim\Http\Response)) #10 /home/acecoffee/quickcommerce/vendor/slim/slim/Slim/App.php(476): Slim\Route->run(Object(Slim\Http\Request), Object(Slim\Http\Response)) #11 /home/acecoffee/quickcommerce/vendor/slim/slim/Slim/MiddlewareAwareTrait.php(122): Slim\App->__invoke(Object(Slim\Http\Request), Object(Slim\Http\Response)) #12 /home/acecoffee/quickcommerce/vendor/slim/slim/Slim/App.php(370): Slim\App->callMiddlewareStack(Object(Slim\Http\Request), Object(Slim\Http\Response)) #13 /home/acecoffee/quickcommerce/vendor/slim/slim/Slim/App.php(295): Slim\App->process(Object(Slim\Http\Request), Object(Slim\Http\Response)) #14 /home/acecoffee/quickcommerce/upload/qcapi/index.php(214): Slim\App->run() #15 {main} [] []
[2017-06-28 22:55:22] pos_logger.DEBUG: checking QuickCommerce\Adapter\OC2\Service\Oc2OrderService [] []
[2017-06-28 22:55:22] pos_logger.DEBUG: class found [] []
[2017-06-28 23:00:00] pos_logger.DEBUG: checking QuickCommerce\Adapter\OC2\Service\Oc2ReferenceDataService [] []
[2017-06-28 23:00:00] pos_logger.DEBUG: class found [] []
[2017-06-28 23:00:00] pos_logger.DEBUG: checking QuickCommerce\Adapter\OC2\Service\Oc2SettingsService [] []
[2017-06-28 23:00:00] pos_logger.DEBUG: class found [] []
[2017-06-28 23:00:01] pos_logger.DEBUG: checking QuickCommerce\Adapter\OC2\Service\Oc2OrderService [] []
[2017-06-28 23:00:01] pos_logger.DEBUG: class found [] []
[2017-06-28 23:26:05] pos_logger.DEBUG: checking QuickCommerce\Adapter\OC2\Service\Oc2ReferenceDataService [] []
[2017-06-28 23:26:05] pos_logger.DEBUG: class found [] []
[2017-06-28 23:26:05] pos_logger.DEBUG: checking QuickCommerce\Adapter\OC2\Service\Oc2SettingsService [] []
[2017-06-28 23:26:05] pos_logger.DEBUG: class found [] []
[2017-06-28 23:26:06] pos_logger.DEBUG: checking QuickCommerce\Adapter\OC2\Service\Oc2OrderService [] []
[2017-06-28 23:26:06] pos_logger.DEBUG: class found [] []
[2017-06-28 23:27:18] pos_logger.DEBUG: checking QuickCommerce\Adapter\OC2\Service\Oc2ReferenceDataService [] []
[2017-06-28 23:27:18] pos_logger.DEBUG: class found [] []
[2017-06-28 23:27:18] pos_logger.DEBUG: checking QuickCommerce\Adapter\OC2\Service\Oc2SettingsService [] []
[2017-06-28 23:27:18] pos_logger.DEBUG: class found [] []
[2017-06-28 23:27:19] pos_logger.DEBUG: checking QuickCommerce\Adapter\OC2\Service\Oc2OrderService [] []
[2017-06-28 23:27:19] pos_logger.DEBUG: class found [] []
[2017-06-28 23:32:04] pos_logger.DEBUG: checking QuickCommerce\Adapter\OC2\Service\Oc2ReferenceDataService [] []
[2017-06-28 23:32:04] pos_logger.DEBUG: class found [] []
[2017-06-28 23:32:04] pos_logger.DEBUG: checking QuickCommerce\Adapter\OC2\Service\Oc2SettingsService [] []
[2017-06-28 23:32:04] pos_logger.DEBUG: class found [] []
[2017-06-28 23:32:05] pos_logger.DEBUG: checking QuickCommerce\Adapter\OC2\Service\Oc2OrderService [] []
[2017-06-28 23:32:05] pos_logger.DEBUG: class found [] []
[2017-06-28 23:40:50] pos_logger.DEBUG: checking QuickCommerce\Adapter\OC2\Service\Oc2OrderService [] []
[2017-06-28 23:40:50] pos_logger.DEBUG: class found [] []
[2017-06-28 23:40:51] pos_logger.DEBUG: An exception occurred while executing 'INSERT INTO oc2_order_product (order_id, product_id, name, model, quantity, price, total, tax, reward) VALUES (?, ?, ?, ?, ?, ?, ?, ?, ?)' with params ["938", null, "ACE Coffee", null, 1, "0.0000", "0.0000", "0.0000", 0]:  Column 'product_id' cannot be null [] []
[2017-06-28 23:40:51] pos_logger.DEBUG: #0 /home/acecoffee/quickcommerce/vendor/doctrine/dbal/lib/Doctrine/DBAL/DBALException.php(128): Doctrine\DBAL\Driver\AbstractMySQLDriver->convertException('An exception oc...', Object(Doctrine\DBAL\Driver\Mysqli\MysqliException)) #1 /home/acecoffee/quickcommerce/vendor/doctrine/dbal/lib/Doctrine/DBAL/Statement.php(177): Doctrine\DBAL\DBALException::driverExceptionDuringQuery(Object(Doctrine\DBAL\Driver\Mysqli\Driver), Object(Doctrine\DBAL\Driver\Mysqli\MysqliException), 'INSERT INTO oc2...', Array) #2 /home/acecoffee/quickcommerce/vendor/doctrine/orm/lib/Doctrine/ORM/Persisters/Entity/BasicEntityPersister.php(281): Doctrine\DBAL\Statement->execute() #3 /home/acecoffee/quickcommerce/vendor/doctrine/orm/lib/Doctrine/ORM/UnitOfWork.php(1014): Doctrine\ORM\Persisters\Entity\BasicEntityPersister->executeInserts() #4 /home/acecoffee/quickcommerce/vendor/doctrine/orm/lib/Doctrine/ORM/UnitOfWork.php(378): Doctrine\ORM\UnitOfWork->executeInserts(Object(Doctrine\ORM\Mapping\ClassMetadata)) #5 /home/acecoffee/quickcommerce/vendor/doctrine/orm/lib/Doctrine/ORM/EntityManager.php(356): Doctrine\ORM\UnitOfWork->commit(NULL) #6 /home/acecoffee/quickcommerce/vendor/quickcommerce/src/Adapter/Opencart2x/Service/Oc2OrderService.php(393): Doctrine\ORM\EntityManager->flush() #7 /home/acecoffee/quickcommerce/vendor/quickcommerce/src/Adapter/Opencart2x/Service/Oc2OrderService.php(457): QuickCommerce\Adapter\OC2\Service\Oc2OrderService->addProduct(Object(Doctrine\ORM\EntityManager), '938', Object(QuickCommerce\Model\View\PosOrderAction)) #8 /home/acecoffee/quickcommerce/vendor/quickcommerce/src/Adapter/Opencart2x/Service/Oc2OrderService.php(115): QuickCommerce\Adapter\OC2\Service\Oc2OrderService->updateOrder(Object(Doctrine\ORM\EntityManager), '938', Object(QuickCommerce\Model\View\PosOrderAction)) #9 /home/acecoffee/quickcommerce/vendor/quickcommerce/src/API/Service/AbstractOrderService.php(55): QuickCommerce\Adapter\OC2\Service\Oc2OrderService->modifyOrder('938', Object(QuickCommerce\Model\View\PosOrderAction)) #10 /home/acecoffee/quickcommerce/vendor/quickcommerce/src/API/Application.php(221): QuickCommerce\API\Service\AbstractOrderService->patch(Array, '938', NULL) #11 /home/acecoffee/quickcommerce/upload/qcapi/index.php(123): QuickCommerce\API\Application->partialUpdate('order', Array, '938') #12 [internal function]: Closure->{closure}(Object(Slim\Http\Request), Object(Slim\Http\Response), Array) #13 /home/acecoffee/quickcommerce/vendor/slim/slim/Slim/Handlers/Strategies/RequestResponse.php(41): call_user_func(Object(Closure), Object(Slim\Http\Request), Object(Slim\Http\Response), Array) #14 /home/acecoffee/quickcommerce/vendor/slim/slim/Slim/Route.php(344): Slim\Handlers\Strategies\RequestResponse->__invoke(Object(Closure), Object(Slim\Http\Request), Object(Slim\Http\Response), Array) #15 /home/acecoffee/quickcommerce/vendor/slim/slim/Slim/MiddlewareAwareTrait.php(122): Slim\Route->__invoke(Object(Slim\Http\Request), Object(Slim\Http\Response)) #16 /home/acecoffee/quickcommerce/vendor/slim/slim/Slim/Route.php(316): Slim\Route->callMiddlewareStack(Object(Slim\Http\Request), Object(Slim\Http\Response)) #17 /home/acecoffee/quickcommerce/vendor/slim/slim/Slim/App.php(476): Slim\Route->run(Object(Slim\Http\Request), Object(Slim\Http\Response)) #18 /home/acecoffee/quickcommerce/vendor/slim/slim/Slim/MiddlewareAwareTrait.php(122): Slim\App->__invoke(Object(Slim\Http\Request), Object(Slim\Http\Response)) #19 /home/acecoffee/quickcommerce/vendor/slim/slim/Slim/App.php(370): Slim\App->callMiddlewareStack(Object(Slim\Http\Request), Object(Slim\Http\Response)) #20 /home/acecoffee/quickcommerce/vendor/slim/slim/Slim/App.php(295): Slim\App->process(Object(Slim\Http\Request), Object(Slim\Http\Response)) #21 /home/acecoffee/quickcommerce/upload/qcapi/index.php(214): Slim\App->run() #22 {main} [] []
[2017-06-28 23:40:51] pos_logger.DEBUG: checking QuickCommerce\Adapter\OC2\Service\Oc2OrderService [] []
[2017-06-28 23:40:51] pos_logger.DEBUG: class found [] []
[2017-06-28 23:40:54] pos_logger.DEBUG: checking QuickCommerce\Adapter\OC2\Service\Oc2OrderService [] []
[2017-06-28 23:40:54] pos_logger.DEBUG: class found [] []
[2017-06-28 23:40:54] pos_logger.DEBUG: updating quantity with change 0 for productId  and productOptionValueIds Array ( )  [] []
[2017-06-28 23:40:54] pos_logger.DEBUG: checking QuickCommerce\Adapter\OC2\Service\Oc2OrderService [] []
[2017-06-28 23:40:54] pos_logger.DEBUG: class found [] []
[2017-06-28 23:40:58] pos_logger.DEBUG: checking QuickCommerce\Adapter\OC2\Service\Oc2OrderService [] []
[2017-06-28 23:40:58] pos_logger.DEBUG: class found [] []
[2017-06-28 23:40:58] pos_logger.DEBUG: An exception occurred while executing 'INSERT INTO oc2_order_product (order_id, product_id, name, model, quantity, price, total, tax, reward) VALUES (?, ?, ?, ?, ?, ?, ?, ?, ?)' with params ["938", null, "ACE Coffee", null, 1, "0.0000", "0.0000", "0.0000", 0]:  Column 'product_id' cannot be null [] []
[2017-06-28 23:40:58] pos_logger.DEBUG: #0 /home/acecoffee/quickcommerce/vendor/doctrine/dbal/lib/Doctrine/DBAL/DBALException.php(128): Doctrine\DBAL\Driver\AbstractMySQLDriver->convertException('An exception oc...', Object(Doctrine\DBAL\Driver\Mysqli\MysqliException)) #1 /home/acecoffee/quickcommerce/vendor/doctrine/dbal/lib/Doctrine/DBAL/Statement.php(177): Doctrine\DBAL\DBALException::driverExceptionDuringQuery(Object(Doctrine\DBAL\Driver\Mysqli\Driver), Object(Doctrine\DBAL\Driver\Mysqli\MysqliException), 'INSERT INTO oc2...', Array) #2 /home/acecoffee/quickcommerce/vendor/doctrine/orm/lib/Doctrine/ORM/Persisters/Entity/BasicEntityPersister.php(281): Doctrine\DBAL\Statement->execute() #3 /home/acecoffee/quickcommerce/vendor/doctrine/orm/lib/Doctrine/ORM/UnitOfWork.php(1014): Doctrine\ORM\Persisters\Entity\BasicEntityPersister->executeInserts() #4 /home/acecoffee/quickcommerce/vendor/doctrine/orm/lib/Doctrine/ORM/UnitOfWork.php(378): Doctrine\ORM\UnitOfWork->executeInserts(Object(Doctrine\ORM\Mapping\ClassMetadata)) #5 /home/acecoffee/quickcommerce/vendor/doctrine/orm/lib/Doctrine/ORM/EntityManager.php(356): Doctrine\ORM\UnitOfWork->commit(NULL) #6 /home/acecoffee/quickcommerce/vendor/quickcommerce/src/Adapter/Opencart2x/Service/Oc2OrderService.php(393): Doctrine\ORM\EntityManager->flush() #7 /home/acecoffee/quickcommerce/vendor/quickcommerce/src/Adapter/Opencart2x/Service/Oc2OrderService.php(457): QuickCommerce\Adapter\OC2\Service\Oc2OrderService->addProduct(Object(Doctrine\ORM\EntityManager), '938', Object(QuickCommerce\Model\View\PosOrderAction)) #8 /home/acecoffee/quickcommerce/vendor/quickcommerce/src/Adapter/Opencart2x/Service/Oc2OrderService.php(115): QuickCommerce\Adapter\OC2\Service\Oc2OrderService->updateOrder(Object(Doctrine\ORM\EntityManager), '938', Object(QuickCommerce\Model\View\PosOrderAction)) #9 /home/acecoffee/quickcommerce/vendor/quickcommerce/src/API/Service/AbstractOrderService.php(55): QuickCommerce\Adapter\OC2\Service\Oc2OrderService->modifyOrder('938', Object(QuickCommerce\Model\View\PosOrderAction)) #10 /home/acecoffee/quickcommerce/vendor/quickcommerce/src/API/Application.php(221): QuickCommerce\API\Service\AbstractOrderService->patch(Array, '938', NULL) #11 /home/acecoffee/quickcommerce/upload/qcapi/index.php(123): QuickCommerce\API\Application->partialUpdate('order', Array, '938') #12 [internal function]: Closure->{closure}(Object(Slim\Http\Request), Object(Slim\Http\Response), Array) #13 /home/acecoffee/quickcommerce/vendor/slim/slim/Slim/Handlers/Strategies/RequestResponse.php(41): call_user_func(Object(Closure), Object(Slim\Http\Request), Object(Slim\Http\Response), Array) #14 /home/acecoffee/quickcommerce/vendor/slim/slim/Slim/Route.php(344): Slim\Handlers\Strategies\RequestResponse->__invoke(Object(Closure), Object(Slim\Http\Request), Object(Slim\Http\Response), Array) #15 /home/acecoffee/quickcommerce/vendor/slim/slim/Slim/MiddlewareAwareTrait.php(122): Slim\Route->__invoke(Object(Slim\Http\Request), Object(Slim\Http\Response)) #16 /home/acecoffee/quickcommerce/vendor/slim/slim/Slim/Route.php(316): Slim\Route->callMiddlewareStack(Object(Slim\Http\Request), Object(Slim\Http\Response)) #17 /home/acecoffee/quickcommerce/vendor/slim/slim/Slim/App.php(476): Slim\Route->run(Object(Slim\Http\Request), Object(Slim\Http\Response)) #18 /home/acecoffee/quickcommerce/vendor/slim/slim/Slim/MiddlewareAwareTrait.php(122): Slim\App->__invoke(Object(Slim\Http\Request), Object(Slim\Http\Response)) #19 /home/acecoffee/quickcommerce/vendor/slim/slim/Slim/App.php(370): Slim\App->callMiddlewareStack(Object(Slim\Http\Request), Object(Slim\Http\Response)) #20 /home/acecoffee/quickcommerce/vendor/slim/slim/Slim/App.php(295): Slim\App->process(Object(Slim\Http\Request), Object(Slim\Http\Response)) #21 /home/acecoffee/quickcommerce/upload/qcapi/index.php(214): Slim\App->run() #22 {main} [] []
[2017-06-28 23:40:58] pos_logger.DEBUG: checking QuickCommerce\Adapter\OC2\Service\Oc2OrderService [] []
[2017-06-28 23:40:58] pos_logger.DEBUG: class found [] []
[2017-06-28 23:41:00] pos_logger.DEBUG: checking QuickCommerce\Adapter\OC2\Service\Oc2OrderService [] []
[2017-06-28 23:41:00] pos_logger.DEBUG: class found [] []
[2017-06-28 23:41:01] pos_logger.DEBUG: checking QuickCommerce\Adapter\OC2\Service\Oc2OrderService [] []
[2017-06-28 23:41:01] pos_logger.DEBUG: class found [] []
[2017-06-28 23:41:05] pos_logger.DEBUG: checking QuickCommerce\Adapter\OC2\Service\Oc2OrderService [] []
[2017-06-28 23:41:05] pos_logger.DEBUG: class found [] []
[2017-06-28 23:41:06] pos_logger.DEBUG: checking QuickCommerce\Adapter\OC2\Service\Oc2OrderService [] []
[2017-06-28 23:41:06] pos_logger.DEBUG: class found [] []
[2017-06-28 23:41:14] pos_logger.DEBUG: checking QuickCommerce\Adapter\OC2\Service\Oc2OrderService [] []
[2017-06-28 23:41:14] pos_logger.DEBUG: class found [] []
[2017-06-28 23:41:15] pos_logger.DEBUG: checking QuickCommerce\Adapter\OC2\Service\Oc2OrderService [] []
[2017-06-28 23:41:15] pos_logger.DEBUG: class found [] []
[2017-06-28 23:41:15] pos_logger.DEBUG: checking QuickCommerce\Adapter\OC2\Service\Oc2OrderService [] []
[2017-06-28 23:41:15] pos_logger.DEBUG: class found [] []
[2017-06-28 23:41:15] pos_logger.DEBUG: updating quantity with change 1 for productId  and productOptionValueIds Array ( )  [] []
[2017-06-28 23:41:16] pos_logger.DEBUG: checking QuickCommerce\Adapter\OC2\Service\Oc2OrderService [] []
[2017-06-28 23:41:16] pos_logger.DEBUG: class found [] []
[2017-06-28 23:41:17] pos_logger.DEBUG: checking QuickCommerce\Adapter\OC2\Service\Oc2OrderService [] []
[2017-06-28 23:41:17] pos_logger.DEBUG: class found [] []
[2017-06-28 23:41:17] pos_logger.DEBUG: updating quantity with change 1 for productId  and productOptionValueIds Array ( )  [] []
[2017-06-28 23:41:18] pos_logger.DEBUG: checking QuickCommerce\Adapter\OC2\Service\Oc2OrderService [] []
[2017-06-28 23:41:18] pos_logger.DEBUG: class found [] []
[2017-06-28 23:41:20] pos_logger.DEBUG: checking QuickCommerce\Adapter\OC2\Service\Oc2OrderService [] []
[2017-06-28 23:41:20] pos_logger.DEBUG: class found [] []
[2017-06-28 23:41:21] pos_logger.DEBUG: checking QuickCommerce\Adapter\OC2\Service\Oc2OrderService [] []
[2017-06-28 23:41:21] pos_logger.DEBUG: class found [] []
[2017-06-28 23:41:42] pos_logger.DEBUG: checking QuickCommerce\Adapter\OC2\Service\Oc2OrderService [] []
[2017-06-28 23:41:42] pos_logger.DEBUG: class found [] []
[2017-06-28 23:41:42] pos_logger.DEBUG: updating quantity with change 0 for productId  and productOptionValueIds Array ( )  [] []
[2017-06-28 23:41:42] pos_logger.DEBUG: checking QuickCommerce\Adapter\OC2\Service\Oc2OrderService [] []
[2017-06-28 23:41:42] pos_logger.DEBUG: class found [] []
[2017-06-28 23:41:44] pos_logger.DEBUG: checking QuickCommerce\Adapter\OC2\Service\Oc2OrderService [] []
[2017-06-28 23:41:44] pos_logger.DEBUG: class found [] []
[2017-06-28 23:41:44] pos_logger.DEBUG: checking QuickCommerce\Adapter\OC2\Service\Oc2OrderService [] []
[2017-06-28 23:41:44] pos_logger.DEBUG: class found [] []
[2017-06-28 23:41:50] pos_logger.DEBUG: checking QuickCommerce\Adapter\OC2\Service\Oc2OrderService [] []
[2017-06-28 23:41:50] pos_logger.DEBUG: class found [] []
[2017-06-28 23:41:50] pos_logger.DEBUG: updating quantity with change 1 for productId  and productOptionValueIds Array ( )  [] []
[2017-06-28 23:41:51] pos_logger.DEBUG: checking QuickCommerce\Adapter\OC2\Service\Oc2OrderService [] []
[2017-06-28 23:41:51] pos_logger.DEBUG: class found [] []
[2017-06-28 23:42:51] pos_logger.DEBUG: checking QuickCommerce\Adapter\OC2\Service\Oc2OrderService [] []
[2017-06-28 23:42:51] pos_logger.DEBUG: class found [] []
[2017-06-28 23:42:52] pos_logger.DEBUG: checking QuickCommerce\Adapter\OC2\Service\Oc2OrderService [] []
[2017-06-28 23:42:52] pos_logger.DEBUG: class found [] []
[2017-06-28 23:42:52] pos_logger.DEBUG: An order cannot be created using give data QuickCommerce\Model\View\PosOrderAction Object (     [action:protected] =>      [orderProductId:protected] =>      [orderProduct:protected] =>      [productId:protected] =>      [orderOptions:protected] => Array         (         )      [orderTaxRates:protected] => Array         (         )      [defaultSettings:protected] => Array         (         )      [quantityBefore:protected] =>      [quantityAfter:protected] =>      [shipping:protected] =>  )  [] []
[2017-06-28 23:42:52] pos_logger.DEBUG: #0 /home/acecoffee/quickcommerce/vendor/quickcommerce/src/Adapter/Opencart2x/Service/Oc2OrderService.php(154): QuickCommerce\API\Exception\APIException::orderCannotBeCreated(Object(QuickCommerce\Model\View\PosOrderAction)) #1 /home/acecoffee/quickcommerce/vendor/quickcommerce/src/Adapter/Opencart2x/Service/Oc2OrderService.php(113): QuickCommerce\Adapter\OC2\Service\Oc2OrderService->createOrder(Object(Doctrine\ORM\EntityManager), Object(QuickCommerce\Model\View\PosOrderAction)) #2 /home/acecoffee/quickcommerce/vendor/quickcommerce/src/API/Service/AbstractOrderService.php(55): QuickCommerce\Adapter\OC2\Service\Oc2OrderService->modifyOrder('0', Object(QuickCommerce\Model\View\PosOrderAction)) #3 /home/acecoffee/quickcommerce/vendor/quickcommerce/src/API/Application.php(221): QuickCommerce\API\Service\AbstractOrderService->patch(Array, '0', NULL) #4 /home/acecoffee/quickcommerce/upload/qcapi/index.php(123): QuickCommerce\API\Application->partialUpdate('order', Array, '0') #5 [internal function]: Closure->{closure}(Object(Slim\Http\Request), Object(Slim\Http\Response), Array) #6 /home/acecoffee/quickcommerce/vendor/slim/slim/Slim/Handlers/Strategies/RequestResponse.php(41): call_user_func(Object(Closure), Object(Slim\Http\Request), Object(Slim\Http\Response), Array) #7 /home/acecoffee/quickcommerce/vendor/slim/slim/Slim/Route.php(344): Slim\Handlers\Strategies\RequestResponse->__invoke(Object(Closure), Object(Slim\Http\Request), Object(Slim\Http\Response), Array) #8 /home/acecoffee/quickcommerce/vendor/slim/slim/Slim/MiddlewareAwareTrait.php(122): Slim\Route->__invoke(Object(Slim\Http\Request), Object(Slim\Http\Response)) #9 /home/acecoffee/quickcommerce/vendor/slim/slim/Slim/Route.php(316): Slim\Route->callMiddlewareStack(Object(Slim\Http\Request), Object(Slim\Http\Response)) #10 /home/acecoffee/quickcommerce/vendor/slim/slim/Slim/App.php(476): Slim\Route->run(Object(Slim\Http\Request), Object(Slim\Http\Response)) #11 /home/acecoffee/quickcommerce/vendor/slim/slim/Slim/MiddlewareAwareTrait.php(122): Slim\App->__invoke(Object(Slim\Http\Request), Object(Slim\Http\Response)) #12 /home/acecoffee/quickcommerce/vendor/slim/slim/Slim/App.php(370): Slim\App->callMiddlewareStack(Object(Slim\Http\Request), Object(Slim\Http\Response)) #13 /home/acecoffee/quickcommerce/vendor/slim/slim/Slim/App.php(295): Slim\App->process(Object(Slim\Http\Request), Object(Slim\Http\Response)) #14 /home/acecoffee/quickcommerce/upload/qcapi/index.php(214): Slim\App->run() #15 {main} [] []
[2017-06-28 23:43:17] pos_logger.DEBUG: checking QuickCommerce\Adapter\OC2\Service\Oc2OrderService [] []
[2017-06-28 23:43:17] pos_logger.DEBUG: class found [] []
[2017-06-28 23:43:33] pos_logger.DEBUG: checking QuickCommerce\Adapter\OC2\Service\Oc2OrderService [] []
[2017-06-28 23:43:33] pos_logger.DEBUG: class found [] []
[2017-06-28 23:43:34] pos_logger.DEBUG: checking QuickCommerce\Adapter\OC2\Service\Oc2OrderService [] []
[2017-06-28 23:43:34] pos_logger.DEBUG: class found [] []
[2017-06-28 23:43:37] pos_logger.DEBUG: checking QuickCommerce\Adapter\OC2\Service\Oc2OrderService [] []
[2017-06-28 23:43:37] pos_logger.DEBUG: class found [] []
[2017-06-28 23:43:37] pos_logger.DEBUG: updating quantity with change 0 for productId  and productOptionValueIds Array ( )  [] []
[2017-06-28 23:43:37] pos_logger.DEBUG: checking QuickCommerce\Adapter\OC2\Service\Oc2OrderService [] []
[2017-06-28 23:43:37] pos_logger.DEBUG: class found [] []
[2017-06-28 23:43:41] pos_logger.DEBUG: checking QuickCommerce\Adapter\OC2\Service\Oc2OrderService [] []
[2017-06-28 23:43:41] pos_logger.DEBUG: class found [] []
[2017-06-28 23:43:41] pos_logger.DEBUG: checking QuickCommerce\Adapter\OC2\Service\Oc2OrderService [] []
[2017-06-28 23:43:41] pos_logger.DEBUG: class found [] []
[2017-06-28 23:43:52] pos_logger.DEBUG: checking QuickCommerce\Adapter\OC2\Service\Oc2OrderService [] []
[2017-06-28 23:43:52] pos_logger.DEBUG: class found [] []
[2017-06-28 23:43:52] pos_logger.DEBUG: checking QuickCommerce\Adapter\OC2\Service\Oc2OrderService [] []
[2017-06-28 23:43:52] pos_logger.DEBUG: class found [] []
[2017-06-28 23:43:52] pos_logger.DEBUG: An order cannot be created using give data QuickCommerce\Model\View\PosOrderAction Object (     [action:protected] =>      [orderProductId:protected] =>      [orderProduct:protected] =>      [productId:protected] =>      [orderOptions:protected] => Array         (         )      [orderTaxRates:protected] => Array         (         )      [defaultSettings:protected] => Array         (         )      [quantityBefore:protected] =>      [quantityAfter:protected] =>      [shipping:protected] =>  )  [] []
[2017-06-28 23:43:52] pos_logger.DEBUG: #0 /home/acecoffee/quickcommerce/vendor/quickcommerce/src/Adapter/Opencart2x/Service/Oc2OrderService.php(154): QuickCommerce\API\Exception\APIException::orderCannotBeCreated(Object(QuickCommerce\Model\View\PosOrderAction)) #1 /home/acecoffee/quickcommerce/vendor/quickcommerce/src/Adapter/Opencart2x/Service/Oc2OrderService.php(113): QuickCommerce\Adapter\OC2\Service\Oc2OrderService->createOrder(Object(Doctrine\ORM\EntityManager), Object(QuickCommerce\Model\View\PosOrderAction)) #2 /home/acecoffee/quickcommerce/vendor/quickcommerce/src/API/Service/AbstractOrderService.php(55): QuickCommerce\Adapter\OC2\Service\Oc2OrderService->modifyOrder('0', Object(QuickCommerce\Model\View\PosOrderAction)) #3 /home/acecoffee/quickcommerce/vendor/quickcommerce/src/API/Application.php(221): QuickCommerce\API\Service\AbstractOrderService->patch(Array, '0', NULL) #4 /home/acecoffee/quickcommerce/upload/qcapi/index.php(123): QuickCommerce\API\Application->partialUpdate('order', Array, '0') #5 [internal function]: Closure->{closure}(Object(Slim\Http\Request), Object(Slim\Http\Response), Array) #6 /home/acecoffee/quickcommerce/vendor/slim/slim/Slim/Handlers/Strategies/RequestResponse.php(41): call_user_func(Object(Closure), Object(Slim\Http\Request), Object(Slim\Http\Response), Array) #7 /home/acecoffee/quickcommerce/vendor/slim/slim/Slim/Route.php(344): Slim\Handlers\Strategies\RequestResponse->__invoke(Object(Closure), Object(Slim\Http\Request), Object(Slim\Http\Response), Array) #8 /home/acecoffee/quickcommerce/vendor/slim/slim/Slim/MiddlewareAwareTrait.php(122): Slim\Route->__invoke(Object(Slim\Http\Request), Object(Slim\Http\Response)) #9 /home/acecoffee/quickcommerce/vendor/slim/slim/Slim/Route.php(316): Slim\Route->callMiddlewareStack(Object(Slim\Http\Request), Object(Slim\Http\Response)) #10 /home/acecoffee/quickcommerce/vendor/slim/slim/Slim/App.php(476): Slim\Route->run(Object(Slim\Http\Request), Object(Slim\Http\Response)) #11 /home/acecoffee/quickcommerce/vendor/slim/slim/Slim/MiddlewareAwareTrait.php(122): Slim\App->__invoke(Object(Slim\Http\Request), Object(Slim\Http\Response)) #12 /home/acecoffee/quickcommerce/vendor/slim/slim/Slim/App.php(370): Slim\App->callMiddlewareStack(Object(Slim\Http\Request), Object(Slim\Http\Response)) #13 /home/acecoffee/quickcommerce/vendor/slim/slim/Slim/App.php(295): Slim\App->process(Object(Slim\Http\Request), Object(Slim\Http\Response)) #14 /home/acecoffee/quickcommerce/upload/qcapi/index.php(214): Slim\App->run() #15 {main} [] []
[2017-06-28 23:43:55] pos_logger.DEBUG: checking QuickCommerce\Adapter\OC2\Service\Oc2OrderService [] []
[2017-06-28 23:43:55] pos_logger.DEBUG: class found [] []
[2017-06-28 23:43:55] pos_logger.DEBUG: checking QuickCommerce\Adapter\OC2\Service\Oc2OrderService [] []
[2017-06-28 23:43:55] pos_logger.DEBUG: class found [] []
[2017-06-28 23:43:55] pos_logger.DEBUG: An order cannot be created using give data QuickCommerce\Model\View\PosOrderAction Object (     [action:protected] =>      [orderProductId:protected] =>      [orderProduct:protected] =>      [productId:protected] =>      [orderOptions:protected] => Array         (         )      [orderTaxRates:protected] => Array         (         )      [defaultSettings:protected] => Array         (         )      [quantityBefore:protected] =>      [quantityAfter:protected] =>      [shipping:protected] =>  )  [] []
[2017-06-28 23:43:55] pos_logger.DEBUG: #0 /home/acecoffee/quickcommerce/vendor/quickcommerce/src/Adapter/Opencart2x/Service/Oc2OrderService.php(154): QuickCommerce\API\Exception\APIException::orderCannotBeCreated(Object(QuickCommerce\Model\View\PosOrderAction)) #1 /home/acecoffee/quickcommerce/vendor/quickcommerce/src/Adapter/Opencart2x/Service/Oc2OrderService.php(113): QuickCommerce\Adapter\OC2\Service\Oc2OrderService->createOrder(Object(Doctrine\ORM\EntityManager), Object(QuickCommerce\Model\View\PosOrderAction)) #2 /home/acecoffee/quickcommerce/vendor/quickcommerce/src/API/Service/AbstractOrderService.php(55): QuickCommerce\Adapter\OC2\Service\Oc2OrderService->modifyOrder('0', Object(QuickCommerce\Model\View\PosOrderAction)) #3 /home/acecoffee/quickcommerce/vendor/quickcommerce/src/API/Application.php(221): QuickCommerce\API\Service\AbstractOrderService->patch(Array, '0', NULL) #4 /home/acecoffee/quickcommerce/upload/qcapi/index.php(123): QuickCommerce\API\Application->partialUpdate('order', Array, '0') #5 [internal function]: Closure->{closure}(Object(Slim\Http\Request), Object(Slim\Http\Response), Array) #6 /home/acecoffee/quickcommerce/vendor/slim/slim/Slim/Handlers/Strategies/RequestResponse.php(41): call_user_func(Object(Closure), Object(Slim\Http\Request), Object(Slim\Http\Response), Array) #7 /home/acecoffee/quickcommerce/vendor/slim/slim/Slim/Route.php(344): Slim\Handlers\Strategies\RequestResponse->__invoke(Object(Closure), Object(Slim\Http\Request), Object(Slim\Http\Response), Array) #8 /home/acecoffee/quickcommerce/vendor/slim/slim/Slim/MiddlewareAwareTrait.php(122): Slim\Route->__invoke(Object(Slim\Http\Request), Object(Slim\Http\Response)) #9 /home/acecoffee/quickcommerce/vendor/slim/slim/Slim/Route.php(316): Slim\Route->callMiddlewareStack(Object(Slim\Http\Request), Object(Slim\Http\Response)) #10 /home/acecoffee/quickcommerce/vendor/slim/slim/Slim/App.php(476): Slim\Route->run(Object(Slim\Http\Request), Object(Slim\Http\Response)) #11 /home/acecoffee/quickcommerce/vendor/slim/slim/Slim/MiddlewareAwareTrait.php(122): Slim\App->__invoke(Object(Slim\Http\Request), Object(Slim\Http\Response)) #12 /home/acecoffee/quickcommerce/vendor/slim/slim/Slim/App.php(370): Slim\App->callMiddlewareStack(Object(Slim\Http\Request), Object(Slim\Http\Response)) #13 /home/acecoffee/quickcommerce/vendor/slim/slim/Slim/App.php(295): Slim\App->process(Object(Slim\Http\Request), Object(Slim\Http\Response)) #14 /home/acecoffee/quickcommerce/upload/qcapi/index.php(214): Slim\App->run() #15 {main} [] []
[2017-06-28 23:43:58] pos_logger.DEBUG: checking QuickCommerce\Adapter\OC2\Service\Oc2OrderService [] []
[2017-06-28 23:43:58] pos_logger.DEBUG: class found [] []
[2017-06-28 23:46:55] pos_logger.DEBUG: checking QuickCommerce\Adapter\OC2\Service\Oc2ReferenceDataService [] []
[2017-06-28 23:46:55] pos_logger.DEBUG: class found [] []
[2017-06-28 23:46:55] pos_logger.DEBUG: checking QuickCommerce\Adapter\OC2\Service\Oc2SettingsService [] []
[2017-06-28 23:46:55] pos_logger.DEBUG: class found [] []
[2017-06-28 23:46:58] pos_logger.DEBUG: checking QuickCommerce\Adapter\OC2\Service\Oc2OrderService [] []
[2017-06-28 23:46:58] pos_logger.DEBUG: class found [] []
[2017-06-28 23:47:36] pos_logger.DEBUG: checking QuickCommerce\Adapter\OC2\Service\Oc2ReferenceDataService [] []
[2017-06-28 23:47:36] pos_logger.DEBUG: class found [] []
[2017-06-28 23:47:36] pos_logger.DEBUG: checking QuickCommerce\Adapter\OC2\Service\Oc2SettingsService [] []
[2017-06-28 23:47:36] pos_logger.DEBUG: class found [] []
[2017-06-28 23:47:37] pos_logger.DEBUG: checking QuickCommerce\Adapter\OC2\Service\Oc2OrderService [] []
[2017-06-28 23:47:37] pos_logger.DEBUG: class found [] []
[2017-06-28 23:47:43] pos_logger.DEBUG: checking QuickCommerce\Adapter\OC2\Service\Oc2ReferenceDataService [] []
[2017-06-28 23:47:43] pos_logger.DEBUG: class found [] []
[2017-06-28 23:47:43] pos_logger.DEBUG: checking QuickCommerce\Adapter\OC2\Service\Oc2SettingsService [] []
[2017-06-28 23:47:43] pos_logger.DEBUG: class found [] []
[2017-06-28 23:47:44] pos_logger.DEBUG: checking QuickCommerce\Adapter\OC2\Service\Oc2OrderService [] []
[2017-06-28 23:47:44] pos_logger.DEBUG: class found [] []
[2017-06-28 23:47:51] pos_logger.DEBUG: checking QuickCommerce\Adapter\OC2\Service\Oc2ReferenceDataService [] []
[2017-06-28 23:47:51] pos_logger.DEBUG: class found [] []
[2017-06-28 23:47:51] pos_logger.DEBUG: checking QuickCommerce\Adapter\OC2\Service\Oc2SettingsService [] []
[2017-06-28 23:47:52] pos_logger.DEBUG: class found [] []
[2017-06-28 23:47:53] pos_logger.DEBUG: checking QuickCommerce\Adapter\OC2\Service\Oc2OrderService [] []
[2017-06-28 23:47:53] pos_logger.DEBUG: class found [] []
