[2017-09-08 09:45:16] pos_logger.DEBUG: checking QuickCommerce\Adapter\OC2\Service\Oc2ReferenceDataService [] []
[2017-09-08 09:45:17] pos_logger.DEBUG: class found [] []
[2017-09-08 09:45:20] pos_logger.DEBUG: checking QuickCommerce\Adapter\OC2\Service\Oc2SettingsService [] []
[2017-09-08 09:45:20] pos_logger.DEBUG: class found [] []
[2017-09-08 09:45:21] pos_logger.DEBUG: checking QuickCommerce\Adapter\OC2\Service\Oc2OrderService [] []
[2017-09-08 09:45:21] pos_logger.DEBUG: class found [] []
[2017-09-08 09:45:42] pos_logger.DEBUG: checking QuickCommerce\Adapter\OC2\Service\Oc2OrderService [] []
[2017-09-08 09:45:42] pos_logger.DEBUG: checking QuickCommerce\Adapter\OC2\Service\Oc2OrderService [] []
[2017-09-08 09:45:42] pos_logger.DEBUG: checking QuickCommerce\Adapter\OC2\Service\Oc2OrderService [] []
[2017-09-08 09:45:42] pos_logger.DEBUG: class found [] []
[2017-09-08 09:45:42] pos_logger.DEBUG: class found [] []
[2017-09-08 09:45:42] pos_logger.DEBUG: checking QuickCommerce\Adapter\OC2\Service\Oc2CustomerService [] []
[2017-09-08 09:45:42] pos_logger.DEBUG: checking QuickCommerce\Adapter\OC2\Service\Oc2CustomerService [] []
[2017-09-08 09:45:42] pos_logger.DEBUG: checking QuickCommerce\Adapter\OC2\Service\Oc2CustomerService [] []
[2017-09-08 09:45:42] pos_logger.DEBUG: class found [] []
[2017-09-08 09:45:42] pos_logger.DEBUG: class found [] []
[2017-09-08 09:45:42] pos_logger.DEBUG: QuickCommerce\Model\View\PosCustomerDetails Object (     [customer:protected] => QuickCommerce\Model\Core\Customer\PosCustomer Object         (             [customerId:protected] => 1             [customerGroupId:protected] => 1             [firstname:protected] => ACE             [lastname:protected] => Cashier             [email:protected] => lucaslopatka@gmail.com             [telephone:protected] => 666-666-6666             [fax:protected] =>              [password:protected] => 91c725418eae5f87b72dea4f8475b0133ddf9963             [salt:protected] => 06b0cf3bb             [newsletter:protected] =>              [addressId:protected] => 715             [status:protected] => 1             [approved:protected] => 1             [safe:protected] => 1             [token:protected] =>              [dateAdded:protected] => DateTime Object                 (                     [date] => 2017-06-21 18:31:46.000000                     [timezone_type] => 3                     [timezone] => MST                 )          )      [addresses:protected] => Array         (             [0] => QuickCommerce\Model\Core\Address\PosAddress Object                 (                     [addressId:protected] => 715                     [customerId:protected] => 1                     [firstname:protected] => ACE                     [lastname:protected] => Cashier                     [company:protected] =>                      [address1:protected] => 10055 80 Ave NW                     [address2:protected] =>                      [city:protected] => Edmonton                     [postcode:protected] => T6E 1T4                     [countryId:protected] => 38                     [zoneId:protected] => 602                 )          )  )  [] []
[2017-09-08 09:45:42] pos_logger.DEBUG: QuickCommerce\Model\View\PosCustomerDetails Object (     [customer:protected] => QuickCommerce\Model\Core\Customer\PosCustomer Object         (             [customerId:protected] => 1             [customerGroupId:protected] => 1             [firstname:protected] => ACE             [lastname:protected] => Cashier             [email:protected] => lucaslopatka@gmail.com             [telephone:protected] => 666-666-6666             [fax:protected] =>              [password:protected] => 91c725418eae5f87b72dea4f8475b0133ddf9963             [salt:protected] => 06b0cf3bb             [newsletter:protected] =>              [addressId:protected] => 715             [status:protected] => 1             [approved:protected] => 1             [safe:protected] => 1             [token:protected] =>              [dateAdded:protected] => DateTime Object                 (                     [date] => 2017-06-21 18:31:46.000000                     [timezone_type] => 3                     [timezone] => MST                 )          )      [addresses:protected] => Array         (             [0] => QuickCommerce\Model\Core\Address\PosAddress Object                 (                     [addressId:protected] => 715                     [customerId:protected] => 1                     [firstname:protected] => ACE                     [lastname:protected] => Cashier                     [company:protected] =>                      [address1:protected] => 10055 80 Ave NW                     [address2:protected] =>                      [city:protected] => Edmonton                     [postcode:protected] => T6E 1T4                     [countryId:protected] => 38                     [zoneId:protected] => 602                 )          )  )  [] []
[2017-09-08 09:45:42] pos_logger.DEBUG: QuickCommerce\Model\View\PosCustomerDetails Object (     [customer:protected] => QuickCommerce\Model\Core\Customer\PosCustomer Object         (             [customerId:protected] => 1             [customerGroupId:protected] => 1             [firstname:protected] => ACE             [lastname:protected] => Cashier             [email:protected] => lucaslopatka@gmail.com             [telephone:protected] => 666-666-6666             [fax:protected] =>              [password:protected] => 91c725418eae5f87b72dea4f8475b0133ddf9963             [salt:protected] => 06b0cf3bb             [newsletter:protected] =>              [addressId:protected] => 715             [status:protected] => 1             [approved:protected] => 1             [safe:protected] => 1             [token:protected] =>              [dateAdded:protected] => DateTime Object                 (                     [date] => 2017-06-21 18:31:46.000000                     [timezone_type] => 3                     [timezone] => MST                 )          )      [addresses:protected] => Array         (             [0] => QuickCommerce\Model\Core\Address\PosAddress Object                 (                     [addressId:protected] => 715                     [customerId:protected] => 1                     [firstname:protected] => ACE                     [lastname:protected] => Cashier                     [company:protected] =>                      [address1:protected] => 10055 80 Ave NW                     [address2:protected] =>                      [city:protected] => Edmonton                     [postcode:protected] => T6E 1T4                     [countryId:protected] => 38                     [zoneId:protected] => 602                 )          )  )  [] []
[2017-09-08 09:45:43] pos_logger.DEBUG: checking QuickCommerce\Adapter\OC2\Service\Oc2OrderService [] []
[2017-09-08 09:45:43] pos_logger.DEBUG: class found [] []
[2017-09-08 09:45:43] pos_logger.DEBUG: checking QuickCommerce\Adapter\OC2\Service\Oc2OrderService [] []
[2017-09-08 09:45:43] pos_logger.DEBUG: class found [] []
[2017-09-08 09:45:43] pos_logger.DEBUG: checking QuickCommerce\Adapter\OC2\Service\Oc2OrderService [] []
[2017-09-08 09:45:43] pos_logger.DEBUG: class found [] []
[2017-09-08 09:48:18] pos_logger.DEBUG: checking QuickCommerce\Adapter\OC2\Service\Oc2OrderService [] []
[2017-09-08 09:48:18] pos_logger.DEBUG: class found [] []
[2017-09-08 09:48:18] pos_logger.DEBUG: checking QuickCommerce\Adapter\OC2\Service\Oc2CustomerService [] []
[2017-09-08 09:48:18] pos_logger.DEBUG: class found [] []
[2017-09-08 09:48:18] pos_logger.DEBUG: QuickCommerce\Model\View\PosCustomerDetails Object (     [customer:protected] => QuickCommerce\Model\Core\Customer\PosCustomer Object         (             [customerId:protected] => 4             [customerGroupId:protected] => 1             [firstname:protected] => Jon             [lastname:protected] => Jones             [email:protected] => jonnybones@example.com             [telephone:protected] => 9898989             [fax:protected] =>              [password:protected] => c79c7abe310257af20b26f25ab10c61e2ac5f097             [salt:protected] => mRJJP4Jnf             [newsletter:protected] =>              [addressId:protected] => 717             [status:protected] => 1             [approved:protected] => 1             [safe:protected] =>              [token:protected] =>              [dateAdded:protected] => DateTime Object                 (                     [date] => 2017-08-16 17:09:16.000000                     [timezone_type] => 3                     [timezone] => MST                 )          )      [addresses:protected] => Array         (             [0] => QuickCommerce\Model\Core\Address\PosAddress Object                 (                     [addressId:protected] => 717                     [customerId:protected] => 4                     [firstname:protected] => Jon                     [lastname:protected] => Jones                     [company:protected] =>                      [address1:protected] => 234 Some Street                     [address2:protected] => Some Place Point                     [city:protected] => Edmonton                     [postcode:protected] => T5T4T4                     [countryId:protected] => 38                     [zoneId:protected] => 602                 )          )  )  [] []
[2017-09-08 09:48:19] pos_logger.DEBUG: checking QuickCommerce\Adapter\OC2\Service\Oc2OrderService [] []
[2017-09-08 09:48:19] pos_logger.DEBUG: class found [] []
[2017-09-08 09:48:32] pos_logger.DEBUG: checking QuickCommerce\Adapter\OC2\Service\Oc2CustomerService [] []
[2017-09-08 09:48:32] pos_logger.DEBUG: class found [] []
[2017-09-08 09:48:32] pos_logger.DEBUG: The identifier orderId is missing for a query of QuickCommerce\Model\Core\Checkout\PosOrder [] []
[2017-09-08 09:48:46] pos_logger.DEBUG: checking QuickCommerce\Adapter\OC2\Service\Oc2CustomerService [] []
[2017-09-08 09:48:46] pos_logger.DEBUG: class found [] []
[2017-09-08 09:48:46] pos_logger.DEBUG: The identifier orderId is missing for a query of QuickCommerce\Model\Core\Checkout\PosOrder [] []
[2017-09-08 09:49:34] pos_logger.DEBUG: checking QuickCommerce\Adapter\OC2\Service\Oc2CustomerService [] []
[2017-09-08 09:49:34] pos_logger.DEBUG: class found [] []
[2017-09-08 09:49:34] pos_logger.DEBUG: The identifier orderId is missing for a query of QuickCommerce\Model\Core\Checkout\PosOrder [] []
[2017-09-08 09:49:43] pos_logger.DEBUG: checking QuickCommerce\Adapter\OC2\Service\Oc2CustomerService [] []
[2017-09-08 09:49:43] pos_logger.DEBUG: class found [] []
[2017-09-08 09:49:43] pos_logger.DEBUG: The identifier orderId is missing for a query of QuickCommerce\Model\Core\Checkout\PosOrder [] []
[2017-09-08 09:54:52] pos_logger.DEBUG: checking QuickCommerce\Adapter\OC2\Service\Oc2CustomerService [] []
[2017-09-08 09:54:52] pos_logger.DEBUG: class found [] []
[2017-09-08 09:54:52] pos_logger.DEBUG: The identifier orderId is missing for a query of QuickCommerce\Model\Core\Checkout\PosOrder [] []
[2017-09-08 11:02:09] pos_logger.DEBUG: checking QuickCommerce\Adapter\OC2\Service\Oc2ReferenceDataService [] []
[2017-09-08 11:02:09] pos_logger.DEBUG: class found [] []
[2017-09-08 11:02:11] pos_logger.DEBUG: checking QuickCommerce\Adapter\OC2\Service\Oc2OrderService [] []
[2017-09-08 11:02:11] pos_logger.DEBUG: checking QuickCommerce\Adapter\OC2\Service\Oc2OrderService [] []
[2017-09-08 11:02:11] pos_logger.DEBUG: checking QuickCommerce\Adapter\OC2\Service\Oc2OrderService [] []
[2017-09-08 11:02:11] pos_logger.DEBUG: class found [] []
[2017-09-08 11:02:11] pos_logger.DEBUG: class found [] []
[2017-09-08 11:02:11] pos_logger.DEBUG: class found [] []
[2017-09-08 11:02:12] pos_logger.DEBUG: checking QuickCommerce\Adapter\OC2\Service\Oc2SettingsService [] []
[2017-09-08 11:02:12] pos_logger.DEBUG: class found [] []
[2017-09-08 11:02:14] pos_logger.DEBUG: checking QuickCommerce\Adapter\OC2\Service\Oc2ReferenceDataService [] []
[2017-09-08 11:02:14] pos_logger.DEBUG: class found [] []
[2017-09-08 11:02:14] pos_logger.DEBUG: checking QuickCommerce\Adapter\OC2\Service\Oc2SettingsService [] []
[2017-09-08 11:02:14] pos_logger.DEBUG: class found [] []
[2017-09-08 11:02:15] pos_logger.DEBUG: checking QuickCommerce\Adapter\OC2\Service\Oc2OrderService [] []
[2017-09-08 11:02:15] pos_logger.DEBUG: class found [] []
[2017-09-08 11:02:17] pos_logger.DEBUG: checking QuickCommerce\Adapter\OC2\Service\Oc2OrderService [] []
[2017-09-08 11:02:17] pos_logger.DEBUG: class found [] []
[2017-09-08 11:02:17] pos_logger.DEBUG: checking QuickCommerce\Adapter\OC2\Service\Oc2OrderService [] []
[2017-09-08 11:02:17] pos_logger.DEBUG: class found [] []
[2017-09-08 11:02:17] pos_logger.DEBUG: checking QuickCommerce\Adapter\OC2\Service\Oc2OrderService [] []
[2017-09-08 11:02:17] pos_logger.DEBUG: class found [] []
[2017-09-08 11:02:17] pos_logger.DEBUG: checking QuickCommerce\Adapter\OC2\Service\Oc2CustomerService [] []
[2017-09-08 11:02:17] pos_logger.DEBUG: checking QuickCommerce\Adapter\OC2\Service\Oc2CustomerService [] []
[2017-09-08 11:02:17] pos_logger.DEBUG: checking QuickCommerce\Adapter\OC2\Service\Oc2CustomerService [] []
[2017-09-08 11:02:17] pos_logger.DEBUG: class found [] []
[2017-09-08 11:02:17] pos_logger.DEBUG: class found [] []
[2017-09-08 11:02:17] pos_logger.DEBUG: class found [] []
[2017-09-08 11:02:17] pos_logger.DEBUG: QuickCommerce\Model\View\PosCustomerDetails Object (     [customer:protected] => QuickCommerce\Model\Core\Customer\PosCustomer Object         (             [customerId:protected] => 1             [customerGroupId:protected] => 1             [firstname:protected] => ACE             [lastname:protected] => Cashier             [email:protected] => lucaslopatka@gmail.com             [telephone:protected] => 666-666-6666             [fax:protected] =>              [password:protected] => 91c725418eae5f87b72dea4f8475b0133ddf9963             [salt:protected] => 06b0cf3bb             [newsletter:protected] =>              [addressId:protected] => 715             [status:protected] => 1             [approved:protected] => 1             [safe:protected] => 1             [token:protected] =>              [dateAdded:protected] => DateTime Object                 (                     [date] => 2017-06-21 18:31:46.000000                     [timezone_type] => 3                     [timezone] => MST                 )          )      [addresses:protected] => Array         (             [0] => QuickCommerce\Model\Core\Address\PosAddress Object                 (                     [addressId:protected] => 715                     [customerId:protected] => 1                     [firstname:protected] => ACE                     [lastname:protected] => Cashier                     [company:protected] =>                      [address1:protected] => 10055 80 Ave NW                     [address2:protected] =>                      [city:protected] => Edmonton                     [postcode:protected] => T6E 1T4                     [countryId:protected] => 38                     [zoneId:protected] => 602                 )          )  )  [] []
[2017-09-08 11:02:17] pos_logger.DEBUG: QuickCommerce\Model\View\PosCustomerDetails Object (     [customer:protected] => QuickCommerce\Model\Core\Customer\PosCustomer Object         (             [customerId:protected] => 1             [customerGroupId:protected] => 1             [firstname:protected] => ACE             [lastname:protected] => Cashier             [email:protected] => lucaslopatka@gmail.com             [telephone:protected] => 666-666-6666             [fax:protected] =>              [password:protected] => 91c725418eae5f87b72dea4f8475b0133ddf9963             [salt:protected] => 06b0cf3bb             [newsletter:protected] =>              [addressId:protected] => 715             [status:protected] => 1             [approved:protected] => 1             [safe:protected] => 1             [token:protected] =>              [dateAdded:protected] => DateTime Object                 (                     [date] => 2017-06-21 18:31:46.000000                     [timezone_type] => 3                     [timezone] => MST                 )          )      [addresses:protected] => Array         (             [0] => QuickCommerce\Model\Core\Address\PosAddress Object                 (                     [addressId:protected] => 715                     [customerId:protected] => 1                     [firstname:protected] => ACE                     [lastname:protected] => Cashier                     [company:protected] =>                      [address1:protected] => 10055 80 Ave NW                     [address2:protected] =>                      [city:protected] => Edmonton                     [postcode:protected] => T6E 1T4                     [countryId:protected] => 38                     [zoneId:protected] => 602                 )          )  )  [] []
[2017-09-08 11:02:17] pos_logger.DEBUG: QuickCommerce\Model\View\PosCustomerDetails Object (     [customer:protected] => QuickCommerce\Model\Core\Customer\PosCustomer Object         (             [customerId:protected] => 1             [customerGroupId:protected] => 1             [firstname:protected] => ACE             [lastname:protected] => Cashier             [email:protected] => lucaslopatka@gmail.com             [telephone:protected] => 666-666-6666             [fax:protected] =>              [password:protected] => 91c725418eae5f87b72dea4f8475b0133ddf9963             [salt:protected] => 06b0cf3bb             [newsletter:protected] =>              [addressId:protected] => 715             [status:protected] => 1             [approved:protected] => 1             [safe:protected] => 1             [token:protected] =>              [dateAdded:protected] => DateTime Object                 (                     [date] => 2017-06-21 18:31:46.000000                     [timezone_type] => 3                     [timezone] => MST                 )          )      [addresses:protected] => Array         (             [0] => QuickCommerce\Model\Core\Address\PosAddress Object                 (                     [addressId:protected] => 715                     [customerId:protected] => 1                     [firstname:protected] => ACE                     [lastname:protected] => Cashier                     [company:protected] =>                      [address1:protected] => 10055 80 Ave NW                     [address2:protected] =>                      [city:protected] => Edmonton                     [postcode:protected] => T6E 1T4                     [countryId:protected] => 38                     [zoneId:protected] => 602                 )          )  )  [] []
[2017-09-08 11:02:18] pos_logger.DEBUG: checking QuickCommerce\Adapter\OC2\Service\Oc2OrderService [] []
[2017-09-08 11:02:18] pos_logger.DEBUG: class found [] []
[2017-09-08 11:02:18] pos_logger.DEBUG: checking QuickCommerce\Adapter\OC2\Service\Oc2OrderService [] []
[2017-09-08 11:02:18] pos_logger.DEBUG: class found [] []
[2017-09-08 11:02:18] pos_logger.DEBUG: checking QuickCommerce\Adapter\OC2\Service\Oc2OrderService [] []
[2017-09-08 11:02:18] pos_logger.DEBUG: class found [] []
[2017-09-08 11:02:25] pos_logger.DEBUG: checking QuickCommerce\Adapter\OC2\Service\Oc2OrderService [] []
[2017-09-08 11:02:25] pos_logger.DEBUG: class found [] []
[2017-09-08 11:02:25] pos_logger.DEBUG: checking QuickCommerce\Adapter\OC2\Service\Oc2CustomerService [] []
[2017-09-08 11:02:25] pos_logger.DEBUG: class found [] []
[2017-09-08 11:02:25] pos_logger.DEBUG: QuickCommerce\Model\View\PosCustomerDetails Object (     [customer:protected] => QuickCommerce\Model\Core\Customer\PosCustomer Object         (             [customerId:protected] => 4             [customerGroupId:protected] => 1             [firstname:protected] => Jon             [lastname:protected] => Jones             [email:protected] => jonnybones@example.com             [telephone:protected] => 9898989             [fax:protected] =>              [password:protected] => c79c7abe310257af20b26f25ab10c61e2ac5f097             [salt:protected] => mRJJP4Jnf             [newsletter:protected] =>              [addressId:protected] => 717             [status:protected] => 1             [approved:protected] => 1             [safe:protected] =>              [token:protected] =>              [dateAdded:protected] => DateTime Object                 (                     [date] => 2017-08-16 17:09:16.000000                     [timezone_type] => 3                     [timezone] => MST                 )          )      [addresses:protected] => Array         (             [0] => QuickCommerce\Model\Core\Address\PosAddress Object                 (                     [addressId:protected] => 717                     [customerId:protected] => 4                     [firstname:protected] => Jon                     [lastname:protected] => Jones                     [company:protected] =>                      [address1:protected] => 234 Some Street                     [address2:protected] => Some Place Point                     [city:protected] => Edmonton                     [postcode:protected] => T5T4T4                     [countryId:protected] => 38                     [zoneId:protected] => 602                 )          )  )  [] []
[2017-09-08 11:02:26] pos_logger.DEBUG: checking QuickCommerce\Adapter\OC2\Service\Oc2OrderService [] []
[2017-09-08 11:02:26] pos_logger.DEBUG: class found [] []
[2017-09-08 11:03:11] pos_logger.DEBUG: checking QuickCommerce\Adapter\OC2\Service\Oc2CustomerService [] []
[2017-09-08 11:03:11] pos_logger.DEBUG: class found [] []
[2017-09-08 11:14:56] pos_logger.DEBUG: checking QuickCommerce\Adapter\OC2\Service\Oc2CustomerService [] []
[2017-09-08 11:14:56] pos_logger.DEBUG: class found [] []
[2017-09-08 11:15:21] pos_logger.DEBUG: The identifier orderId is missing for a query of QuickCommerce\Model\Core\Checkout\PosOrder [] []
[2017-09-08 11:19:53] pos_logger.DEBUG: checking QuickCommerce\Adapter\OC2\Service\Oc2CustomerService [] []
[2017-09-08 11:19:53] pos_logger.DEBUG: class found [] []
[2017-09-08 11:20:05] pos_logger.DEBUG: The identifier orderId is missing for a query of QuickCommerce\Model\Core\Checkout\PosOrder [] []
[2017-09-08 11:20:21] pos_logger.DEBUG: checking QuickCommerce\Adapter\OC2\Service\Oc2ReferenceDataService [] []
[2017-09-08 11:20:21] pos_logger.DEBUG: class found [] []
[2017-09-08 11:20:21] pos_logger.DEBUG: checking QuickCommerce\Adapter\OC2\Service\Oc2SettingsService [] []
[2017-09-08 11:20:21] pos_logger.DEBUG: class found [] []
[2017-09-08 11:20:22] pos_logger.DEBUG: checking QuickCommerce\Adapter\OC2\Service\Oc2OrderService [] []
[2017-09-08 11:20:22] pos_logger.DEBUG: class found [] []
[2017-09-08 11:20:25] pos_logger.DEBUG: checking QuickCommerce\Adapter\OC2\Service\Oc2OrderService [] []
[2017-09-08 11:20:25] pos_logger.DEBUG: class found [] []
[2017-09-08 11:20:25] pos_logger.DEBUG: checking QuickCommerce\Adapter\OC2\Service\Oc2OrderService [] []
[2017-09-08 11:20:25] pos_logger.DEBUG: class found [] []
[2017-09-08 11:20:25] pos_logger.DEBUG: checking QuickCommerce\Adapter\OC2\Service\Oc2OrderService [] []
[2017-09-08 11:20:25] pos_logger.DEBUG: class found [] []
[2017-09-08 11:20:25] pos_logger.DEBUG: checking QuickCommerce\Adapter\OC2\Service\Oc2CustomerService [] []
[2017-09-08 11:20:25] pos_logger.DEBUG: class found [] []
[2017-09-08 11:20:25] pos_logger.DEBUG: checking QuickCommerce\Adapter\OC2\Service\Oc2CustomerService [] []
[2017-09-08 11:20:25] pos_logger.DEBUG: class found [] []
[2017-09-08 11:20:25] pos_logger.DEBUG: checking QuickCommerce\Adapter\OC2\Service\Oc2CustomerService [] []
[2017-09-08 11:20:25] pos_logger.DEBUG: class found [] []
[2017-09-08 11:20:25] pos_logger.DEBUG: QuickCommerce\Model\View\PosCustomerDetails Object (     [customer:protected] => QuickCommerce\Model\Core\Customer\PosCustomer Object         (             [customerId:protected] => 1             [customerGroupId:protected] => 1             [firstname:protected] => ACE             [lastname:protected] => Cashier             [email:protected] => lucaslopatka@gmail.com             [telephone:protected] => 666-666-6666             [fax:protected] =>              [password:protected] => 91c725418eae5f87b72dea4f8475b0133ddf9963             [salt:protected] => 06b0cf3bb             [newsletter:protected] =>              [addressId:protected] => 715             [status:protected] => 1             [approved:protected] => 1             [safe:protected] => 1             [token:protected] =>              [dateAdded:protected] => DateTime Object                 (                     [date] => 2017-06-21 18:31:46.000000                     [timezone_type] => 3                     [timezone] => MST                 )          )      [addresses:protected] => Array         (             [0] => QuickCommerce\Model\Core\Address\PosAddress Object                 (                     [addressId:protected] => 715                     [customerId:protected] => 1                     [firstname:protected] => ACE                     [lastname:protected] => Cashier                     [company:protected] =>                      [address1:protected] => 10055 80 Ave NW                     [address2:protected] =>                      [city:protected] => Edmonton                     [postcode:protected] => T6E 1T4                     [countryId:protected] => 38                     [zoneId:protected] => 602                 )          )  )  [] []
[2017-09-08 11:20:25] pos_logger.DEBUG: QuickCommerce\Model\View\PosCustomerDetails Object (     [customer:protected] => QuickCommerce\Model\Core\Customer\PosCustomer Object         (             [customerId:protected] => 1             [customerGroupId:protected] => 1             [firstname:protected] => ACE             [lastname:protected] => Cashier             [email:protected] => lucaslopatka@gmail.com             [telephone:protected] => 666-666-6666             [fax:protected] =>              [password:protected] => 91c725418eae5f87b72dea4f8475b0133ddf9963             [salt:protected] => 06b0cf3bb             [newsletter:protected] =>              [addressId:protected] => 715             [status:protected] => 1             [approved:protected] => 1             [safe:protected] => 1             [token:protected] =>              [dateAdded:protected] => DateTime Object                 (                     [date] => 2017-06-21 18:31:46.000000                     [timezone_type] => 3                     [timezone] => MST                 )          )      [addresses:protected] => Array         (             [0] => QuickCommerce\Model\Core\Address\PosAddress Object                 (                     [addressId:protected] => 715                     [customerId:protected] => 1                     [firstname:protected] => ACE                     [lastname:protected] => Cashier                     [company:protected] =>                      [address1:protected] => 10055 80 Ave NW                     [address2:protected] =>                      [city:protected] => Edmonton                     [postcode:protected] => T6E 1T4                     [countryId:protected] => 38                     [zoneId:protected] => 602                 )          )  )  [] []
[2017-09-08 11:20:25] pos_logger.DEBUG: QuickCommerce\Model\View\PosCustomerDetails Object (     [customer:protected] => QuickCommerce\Model\Core\Customer\PosCustomer Object         (             [customerId:protected] => 1             [customerGroupId:protected] => 1             [firstname:protected] => ACE             [lastname:protected] => Cashier             [email:protected] => lucaslopatka@gmail.com             [telephone:protected] => 666-666-6666             [fax:protected] =>              [password:protected] => 91c725418eae5f87b72dea4f8475b0133ddf9963             [salt:protected] => 06b0cf3bb             [newsletter:protected] =>              [addressId:protected] => 715             [status:protected] => 1             [approved:protected] => 1             [safe:protected] => 1             [token:protected] =>              [dateAdded:protected] => DateTime Object                 (                     [date] => 2017-06-21 18:31:46.000000                     [timezone_type] => 3                     [timezone] => MST                 )          )      [addresses:protected] => Array         (             [0] => QuickCommerce\Model\Core\Address\PosAddress Object                 (                     [addressId:protected] => 715                     [customerId:protected] => 1                     [firstname:protected] => ACE                     [lastname:protected] => Cashier                     [company:protected] =>                      [address1:protected] => 10055 80 Ave NW                     [address2:protected] =>                      [city:protected] => Edmonton                     [postcode:protected] => T6E 1T4                     [countryId:protected] => 38                     [zoneId:protected] => 602                 )          )  )  [] []
[2017-09-08 11:20:26] pos_logger.DEBUG: checking QuickCommerce\Adapter\OC2\Service\Oc2OrderService [] []
[2017-09-08 11:20:26] pos_logger.DEBUG: class found [] []
[2017-09-08 11:20:26] pos_logger.DEBUG: checking QuickCommerce\Adapter\OC2\Service\Oc2OrderService [] []
[2017-09-08 11:20:26] pos_logger.DEBUG: class found [] []
[2017-09-08 11:20:26] pos_logger.DEBUG: checking QuickCommerce\Adapter\OC2\Service\Oc2OrderService [] []
[2017-09-08 11:20:26] pos_logger.DEBUG: class found [] []
[2017-09-08 11:20:29] pos_logger.DEBUG: checking QuickCommerce\Adapter\OC2\Service\Oc2OrderService [] []
[2017-09-08 11:20:29] pos_logger.DEBUG: class found [] []
[2017-09-08 11:20:29] pos_logger.DEBUG: checking QuickCommerce\Adapter\OC2\Service\Oc2CustomerService [] []
[2017-09-08 11:20:29] pos_logger.DEBUG: class found [] []
[2017-09-08 11:20:29] pos_logger.DEBUG: QuickCommerce\Model\View\PosCustomerDetails Object (     [customer:protected] => QuickCommerce\Model\Core\Customer\PosCustomer Object         (             [customerId:protected] => 4             [customerGroupId:protected] => 1             [firstname:protected] => Jon             [lastname:protected] => Jones             [email:protected] => jonnybones@example.com             [telephone:protected] => 9898989             [fax:protected] =>              [password:protected] => c79c7abe310257af20b26f25ab10c61e2ac5f097             [salt:protected] => mRJJP4Jnf             [newsletter:protected] =>              [addressId:protected] => 717             [status:protected] => 1             [approved:protected] => 1             [safe:protected] =>              [token:protected] =>              [dateAdded:protected] => DateTime Object                 (                     [date] => 2017-08-16 17:09:16.000000                     [timezone_type] => 3                     [timezone] => MST                 )          )      [addresses:protected] => Array         (             [0] => QuickCommerce\Model\Core\Address\PosAddress Object                 (                     [addressId:protected] => 717                     [customerId:protected] => 4                     [firstname:protected] => Jon                     [lastname:protected] => Jones                     [company:protected] =>                      [address1:protected] => 234 Some Street                     [address2:protected] => Some Place Point                     [city:protected] => Edmonton                     [postcode:protected] => T5T4T4                     [countryId:protected] => 38                     [zoneId:protected] => 602                 )          )  )  [] []
[2017-09-08 11:20:30] pos_logger.DEBUG: checking QuickCommerce\Adapter\OC2\Service\Oc2OrderService [] []
[2017-09-08 11:20:30] pos_logger.DEBUG: class found [] []
[2017-09-08 11:23:16] pos_logger.DEBUG: checking QuickCommerce\Adapter\OC2\Service\Oc2CustomerService [] []
[2017-09-08 11:23:16] pos_logger.DEBUG: class found [] []
[2017-09-08 11:23:22] pos_logger.DEBUG: The identifier orderId is missing for a query of QuickCommerce\Model\Core\Checkout\PosOrder [] []
[2017-09-08 11:24:50] pos_logger.DEBUG: checking QuickCommerce\Adapter\OC2\Service\Oc2CustomerService [] []
[2017-09-08 11:24:50] pos_logger.DEBUG: class found [] []
[2017-09-08 11:34:57] pos_logger.DEBUG: checking QuickCommerce\Adapter\OC2\Service\Oc2CustomerService [] []
[2017-09-08 11:34:57] pos_logger.DEBUG: class found [] []
[2017-09-08 11:35:43] pos_logger.DEBUG: checking QuickCommerce\Adapter\OC2\Service\Oc2CustomerService [] []
[2017-09-08 11:35:43] pos_logger.DEBUG: class found [] []
[2017-09-08 11:37:13] pos_logger.DEBUG: checking QuickCommerce\Adapter\OC2\Service\Oc2ReferenceDataService [] []
[2017-09-08 11:37:13] pos_logger.DEBUG: class found [] []
[2017-09-08 11:37:14] pos_logger.DEBUG: checking QuickCommerce\Adapter\OC2\Service\Oc2SettingsService [] []
[2017-09-08 11:37:14] pos_logger.DEBUG: class found [] []
[2017-09-08 11:37:14] pos_logger.DEBUG: checking QuickCommerce\Adapter\OC2\Service\Oc2OrderService [] []
[2017-09-08 11:37:14] pos_logger.DEBUG: class found [] []
[2017-09-08 11:37:16] pos_logger.DEBUG: checking QuickCommerce\Adapter\OC2\Service\Oc2OrderService [] []
[2017-09-08 11:37:16] pos_logger.DEBUG: class found [] []
[2017-09-08 11:37:17] pos_logger.DEBUG: checking QuickCommerce\Adapter\OC2\Service\Oc2OrderService [] []
[2017-09-08 11:37:17] pos_logger.DEBUG: class found [] []
[2017-09-08 11:37:17] pos_logger.DEBUG: checking QuickCommerce\Adapter\OC2\Service\Oc2OrderService [] []
[2017-09-08 11:37:17] pos_logger.DEBUG: class found [] []
[2017-09-08 11:37:17] pos_logger.DEBUG: checking QuickCommerce\Adapter\OC2\Service\Oc2OrderService [] []
[2017-09-08 11:37:17] pos_logger.DEBUG: class found [] []
[2017-09-08 11:37:18] pos_logger.DEBUG: checking QuickCommerce\Adapter\OC2\Service\Oc2OrderService [] []
[2017-09-08 11:37:18] pos_logger.DEBUG: class found [] []
[2017-09-08 11:37:18] pos_logger.DEBUG: checking QuickCommerce\Adapter\OC2\Service\Oc2OrderService [] []
[2017-09-08 11:37:18] pos_logger.DEBUG: class found [] []
[2017-09-08 11:37:19] pos_logger.DEBUG: checking QuickCommerce\Adapter\OC2\Service\Oc2OrderService [] []
[2017-09-08 11:37:19] pos_logger.DEBUG: class found [] []
[2017-09-08 11:37:19] pos_logger.DEBUG: checking QuickCommerce\Adapter\OC2\Service\Oc2CustomerService [] []
[2017-09-08 11:37:19] pos_logger.DEBUG: class found [] []
[2017-09-08 11:37:19] pos_logger.DEBUG: QuickCommerce\Model\View\PosCustomerDetails Object (     [customer:protected] => QuickCommerce\Model\Core\Customer\PosCustomer Object         (             [customerId:protected] => 4             [customerGroupId:protected] => 1             [firstname:protected] => Jon             [lastname:protected] => Jones             [email:protected] => jonnybones@example.com             [telephone:protected] => 9898989             [fax:protected] =>              [password:protected] => c79c7abe310257af20b26f25ab10c61e2ac5f097             [salt:protected] => mRJJP4Jnf             [newsletter:protected] =>              [addressId:protected] => 717             [status:protected] => 1             [approved:protected] => 1             [safe:protected] =>              [token:protected] =>              [dateAdded:protected] => DateTime Object                 (                     [date] => 2017-08-16 17:09:16.000000                     [timezone_type] => 3                     [timezone] => MST                 )          )      [addresses:protected] => Array         (             [0] => QuickCommerce\Model\Core\Address\PosAddress Object                 (                     [addressId:protected] => 717                     [customerId:protected] => 4                     [firstname:protected] => Jon                     [lastname:protected] => Jones                     [company:protected] =>                      [address1:protected] => 234 Some Street                     [address2:protected] => Some Place Point                     [city:protected] => Edmonton                     [postcode:protected] => T5T4T4                     [countryId:protected] => 38                     [zoneId:protected] => 602                 )          )  )  [] []
[2017-09-08 11:37:20] pos_logger.DEBUG: checking QuickCommerce\Adapter\OC2\Service\Oc2OrderService [] []
[2017-09-08 11:37:20] pos_logger.DEBUG: class found [] []
[2017-09-08 11:37:28] pos_logger.DEBUG: checking QuickCommerce\Adapter\OC2\Service\Oc2CustomerService [] []
[2017-09-08 11:37:28] pos_logger.DEBUG: class found [] []
[2017-09-08 11:37:38] pos_logger.DEBUG: checking QuickCommerce\Adapter\OC2\Service\Oc2ReferenceDataService [] []
[2017-09-08 11:37:38] pos_logger.DEBUG: class found [] []
[2017-09-08 11:37:38] pos_logger.DEBUG: checking QuickCommerce\Adapter\OC2\Service\Oc2SettingsService [] []
[2017-09-08 11:37:38] pos_logger.DEBUG: class found [] []
[2017-09-08 11:37:39] pos_logger.DEBUG: checking QuickCommerce\Adapter\OC2\Service\Oc2OrderService [] []
[2017-09-08 11:37:39] pos_logger.DEBUG: class found [] []
[2017-09-08 11:37:40] pos_logger.DEBUG: checking QuickCommerce\Adapter\OC2\Service\Oc2OrderService [] []
[2017-09-08 11:37:40] pos_logger.DEBUG: checking QuickCommerce\Adapter\OC2\Service\Oc2OrderService [] []
[2017-09-08 11:37:40] pos_logger.DEBUG: checking QuickCommerce\Adapter\OC2\Service\Oc2OrderService [] []
[2017-09-08 11:37:40] pos_logger.DEBUG: class found [] []
[2017-09-08 11:37:40] pos_logger.DEBUG: class found [] []
[2017-09-08 11:37:40] pos_logger.DEBUG: class found [] []
[2017-09-08 11:37:41] pos_logger.DEBUG: checking QuickCommerce\Adapter\OC2\Service\Oc2OrderService [] []
[2017-09-08 11:37:41] pos_logger.DEBUG: class found [] []
[2017-09-08 11:37:41] pos_logger.DEBUG: checking QuickCommerce\Adapter\OC2\Service\Oc2OrderService [] []
[2017-09-08 11:37:41] pos_logger.DEBUG: class found [] []
[2017-09-08 11:37:41] pos_logger.DEBUG: checking QuickCommerce\Adapter\OC2\Service\Oc2OrderService [] []
[2017-09-08 11:37:41] pos_logger.DEBUG: class found [] []
[2017-09-08 11:37:42] pos_logger.DEBUG: checking QuickCommerce\Adapter\OC2\Service\Oc2OrderService [] []
[2017-09-08 11:37:42] pos_logger.DEBUG: class found [] []
[2017-09-08 11:37:43] pos_logger.DEBUG: checking QuickCommerce\Adapter\OC2\Service\Oc2CustomerService [] []
[2017-09-08 11:37:43] pos_logger.DEBUG: class found [] []
[2017-09-08 11:37:43] pos_logger.DEBUG: QuickCommerce\Model\View\PosCustomerDetails Object (     [customer:protected] => QuickCommerce\Model\Core\Customer\PosCustomer Object         (             [customerId:protected] => 4             [customerGroupId:protected] => 1             [firstname:protected] => Jon             [lastname:protected] => Jones             [email:protected] => jonnybones@example.com             [telephone:protected] => 9898989             [fax:protected] =>              [password:protected] => c79c7abe310257af20b26f25ab10c61e2ac5f097             [salt:protected] => mRJJP4Jnf             [newsletter:protected] =>              [addressId:protected] => 717             [status:protected] => 1             [approved:protected] => 1             [safe:protected] =>              [token:protected] =>              [dateAdded:protected] => DateTime Object                 (                     [date] => 2017-08-16 17:09:16.000000                     [timezone_type] => 3                     [timezone] => MST                 )          )      [addresses:protected] => Array         (             [0] => QuickCommerce\Model\Core\Address\PosAddress Object                 (                     [addressId:protected] => 717                     [customerId:protected] => 4                     [firstname:protected] => Jon                     [lastname:protected] => Jones                     [company:protected] =>                      [address1:protected] => 234 Some Street                     [address2:protected] => Some Place Point                     [city:protected] => Edmonton                     [postcode:protected] => T5T4T4                     [countryId:protected] => 38                     [zoneId:protected] => 602                 )          )  )  [] []
[2017-09-08 11:37:44] pos_logger.DEBUG: checking QuickCommerce\Adapter\OC2\Service\Oc2OrderService [] []
[2017-09-08 11:37:44] pos_logger.DEBUG: class found [] []
[2017-09-08 11:38:31] pos_logger.DEBUG: checking QuickCommerce\Adapter\OC2\Service\Oc2CustomerService [] []
[2017-09-08 11:38:31] pos_logger.DEBUG: class found [] []
[2017-09-08 11:39:03] pos_logger.DEBUG: checking QuickCommerce\Adapter\OC2\Service\Oc2CustomerService [] []
[2017-09-08 11:39:03] pos_logger.DEBUG: class found [] []
