[2017-07-11 07:49:59] pos_logger.DEBUG: checking QuickCommerce\Adapter\OC2\Service\Oc2ReferenceDataService [] []
[2017-07-11 07:49:59] pos_logger.DEBUG: class found [] []
[2017-07-11 07:50:00] pos_logger.DEBUG: checking QuickCommerce\Adapter\OC2\Service\Oc2SettingsService [] []
[2017-07-11 07:50:00] pos_logger.DEBUG: class found [] []
[2017-07-11 07:50:01] pos_logger.DEBUG: checking QuickCommerce\Adapter\OC2\Service\Oc2OrderService [] []
[2017-07-11 07:50:01] pos_logger.DEBUG: class found [] []
[2017-07-11 12:57:11] pos_logger.DEBUG: checking QuickCommerce\Adapter\OC2\Service\Oc2ReferenceDataService [] []
[2017-07-11 12:57:11] pos_logger.DEBUG: class found [] []
[2017-07-11 12:57:11] pos_logger.DEBUG: checking QuickCommerce\Adapter\OC2\Service\Oc2SettingsService [] []
[2017-07-11 12:57:11] pos_logger.DEBUG: class found [] []
[2017-07-11 12:57:12] pos_logger.DEBUG: checking QuickCommerce\Adapter\OC2\Service\Oc2OrderService [] []
[2017-07-11 12:57:12] pos_logger.DEBUG: class found [] []
[2017-07-11 13:00:09] pos_logger.DEBUG: checking QuickCommerce\Adapter\OC2\Service\Oc2ReferenceDataService [] []
[2017-07-11 13:00:09] pos_logger.DEBUG: class found [] []
[2017-07-11 13:00:09] pos_logger.DEBUG: checking QuickCommerce\Adapter\OC2\Service\Oc2SettingsService [] []
[2017-07-11 13:00:09] pos_logger.DEBUG: class found [] []
[2017-07-11 13:00:10] pos_logger.DEBUG: checking QuickCommerce\Adapter\OC2\Service\Oc2OrderService [] []
[2017-07-11 13:00:10] pos_logger.DEBUG: class found [] []
[2017-07-11 13:15:09] pos_logger.DEBUG: checking QuickCommerce\Adapter\OC2\Service\Oc2ReferenceDataService [] []
[2017-07-11 13:15:09] pos_logger.DEBUG: class found [] []
[2017-07-11 13:15:09] pos_logger.DEBUG: checking QuickCommerce\Adapter\OC2\Service\Oc2SettingsService [] []
[2017-07-11 13:15:09] pos_logger.DEBUG: class found [] []
[2017-07-11 13:15:09] pos_logger.DEBUG: checking QuickCommerce\Adapter\OC2\Service\Oc2OrderService [] []
[2017-07-11 13:15:09] pos_logger.DEBUG: class found [] []
[2017-07-11 13:15:26] pos_logger.DEBUG: checking QuickCommerce\Adapter\OC2\Service\Oc2ReferenceDataService [] []
[2017-07-11 13:15:26] pos_logger.DEBUG: class found [] []
[2017-07-11 13:15:26] pos_logger.DEBUG: checking QuickCommerce\Adapter\OC2\Service\Oc2SettingsService [] []
[2017-07-11 13:15:26] pos_logger.DEBUG: class found [] []
[2017-07-11 13:15:27] pos_logger.DEBUG: checking QuickCommerce\Adapter\OC2\Service\Oc2OrderService [] []
[2017-07-11 13:15:27] pos_logger.DEBUG: class found [] []
[2017-07-11 13:15:34] pos_logger.DEBUG: checking QuickCommerce\Adapter\OC2\Service\Oc2OrderService [] []
[2017-07-11 13:15:34] pos_logger.DEBUG: class found [] []
[2017-07-11 13:15:34] pos_logger.DEBUG: An exception occurred while executing 'INSERT INTO oc2_order_product (order_id, product_id, name, model, quantity, price, total, tax, reward) VALUES (?, ?, ?, ?, ?, ?, ?, ?, ?)' with params ["2721", null, "Gifts", null, 1, "0.0000", "0.0000", "0.0000", 0]:  Column 'product_id' cannot be null [] []
[2017-07-11 13:15:34] pos_logger.DEBUG: #0 /home/acecoffee/quickcommerce/vendor/doctrine/dbal/lib/Doctrine/DBAL/DBALException.php(128): Doctrine\DBAL\Driver\AbstractMySQLDriver->convertException('An exception oc...', Object(Doctrine\DBAL\Driver\Mysqli\MysqliException)) #1 /home/acecoffee/quickcommerce/vendor/doctrine/dbal/lib/Doctrine/DBAL/Statement.php(177): Doctrine\DBAL\DBALException::driverExceptionDuringQuery(Object(Doctrine\DBAL\Driver\Mysqli\Driver), Object(Doctrine\DBAL\Driver\Mysqli\MysqliException), 'INSERT INTO oc2...', Array) #2 /home/acecoffee/quickcommerce/vendor/doctrine/orm/lib/Doctrine/ORM/Persisters/Entity/BasicEntityPersister.php(281): Doctrine\DBAL\Statement->execute() #3 /home/acecoffee/quickcommerce/vendor/doctrine/orm/lib/Doctrine/ORM/UnitOfWork.php(1014): Doctrine\ORM\Persisters\Entity\BasicEntityPersister->executeInserts() #4 /home/acecoffee/quickcommerce/vendor/doctrine/orm/lib/Doctrine/ORM/UnitOfWork.php(378): Doctrine\ORM\UnitOfWork->executeInserts(Object(Doctrine\ORM\Mapping\ClassMetadata)) #5 /home/acecoffee/quickcommerce/vendor/doctrine/orm/lib/Doctrine/ORM/EntityManager.php(356): Doctrine\ORM\UnitOfWork->commit(NULL) #6 /home/acecoffee/quickcommerce/vendor/quickcommerce/src/Adapter/Opencart2x/Service/Oc2OrderService.php(393): Doctrine\ORM\EntityManager->flush() #7 /home/acecoffee/quickcommerce/vendor/quickcommerce/src/Adapter/Opencart2x/Service/Oc2OrderService.php(457): QuickCommerce\Adapter\OC2\Service\Oc2OrderService->addProduct(Object(Doctrine\ORM\EntityManager), '2721', Object(QuickCommerce\Model\View\PosOrderAction)) #8 /home/acecoffee/quickcommerce/vendor/quickcommerce/src/Adapter/Opencart2x/Service/Oc2OrderService.php(115): QuickCommerce\Adapter\OC2\Service\Oc2OrderService->updateOrder(Object(Doctrine\ORM\EntityManager), '2721', Object(QuickCommerce\Model\View\PosOrderAction)) #9 /home/acecoffee/quickcommerce/vendor/quickcommerce/src/API/Service/AbstractOrderService.php(55): QuickCommerce\Adapter\OC2\Service\Oc2OrderService->modifyOrder('2721', Object(QuickCommerce\Model\View\PosOrderAction)) #10 /home/acecoffee/quickcommerce/vendor/quickcommerce/src/API/Application.php(221): QuickCommerce\API\Service\AbstractOrderService->patch(Array, '2721', NULL) #11 /home/acecoffee/quickcommerce/upload/qcapi/index.php(138): QuickCommerce\API\Application->partialUpdate('order', Array, '2721') #12 [internal function]: Closure->{closure}(Object(Slim\Http\Request), Object(Slim\Http\Response), Array) #13 /home/acecoffee/quickcommerce/vendor/slim/slim/Slim/Handlers/Strategies/RequestResponse.php(41): call_user_func(Object(Closure), Object(Slim\Http\Request), Object(Slim\Http\Response), Array) #14 /home/acecoffee/quickcommerce/vendor/slim/slim/Slim/Route.php(344): Slim\Handlers\Strategies\RequestResponse->__invoke(Object(Closure), Object(Slim\Http\Request), Object(Slim\Http\Response), Array) #15 /home/acecoffee/quickcommerce/vendor/slim/slim/Slim/MiddlewareAwareTrait.php(122): Slim\Route->__invoke(Object(Slim\Http\Request), Object(Slim\Http\Response)) #16 /home/acecoffee/quickcommerce/vendor/slim/slim/Slim/Route.php(316): Slim\Route->callMiddlewareStack(Object(Slim\Http\Request), Object(Slim\Http\Response)) #17 /home/acecoffee/quickcommerce/vendor/slim/slim/Slim/App.php(476): Slim\Route->run(Object(Slim\Http\Request), Object(Slim\Http\Response)) #18 /home/acecoffee/quickcommerce/vendor/slim/slim/Slim/MiddlewareAwareTrait.php(122): Slim\App->__invoke(Object(Slim\Http\Request), Object(Slim\Http\Response)) #19 /home/acecoffee/quickcommerce/vendor/slim/slim/Slim/App.php(370): Slim\App->callMiddlewareStack(Object(Slim\Http\Request), Object(Slim\Http\Response)) #20 /home/acecoffee/quickcommerce/vendor/slim/slim/Slim/App.php(295): Slim\App->process(Object(Slim\Http\Request), Object(Slim\Http\Response)) #21 /home/acecoffee/quickcommerce/upload/qcapi/index.php(229): Slim\App->run() #22 {main} [] []
[2017-07-11 13:15:34] pos_logger.DEBUG: checking QuickCommerce\Adapter\OC2\Service\Oc2OrderService [] []
[2017-07-11 13:15:34] pos_logger.DEBUG: class found [] []
[2017-07-11 13:18:38] pos_logger.DEBUG: checking QuickCommerce\Adapter\OC2\Service\Oc2ReferenceDataService [] []
[2017-07-11 13:18:38] pos_logger.DEBUG: class found [] []
[2017-07-11 13:18:38] pos_logger.DEBUG: checking QuickCommerce\Adapter\OC2\Service\Oc2SettingsService [] []
[2017-07-11 13:18:38] pos_logger.DEBUG: class found [] []
[2017-07-11 13:18:38] pos_logger.DEBUG: checking QuickCommerce\Adapter\OC2\Service\Oc2OrderService [] []
[2017-07-11 13:18:38] pos_logger.DEBUG: class found [] []
[2017-07-11 13:25:26] pos_logger.DEBUG: checking QuickCommerce\Adapter\OC2\Service\Oc2ReferenceDataService [] []
[2017-07-11 13:25:26] pos_logger.DEBUG: class found [] []
[2017-07-11 13:25:26] pos_logger.DEBUG: checking QuickCommerce\Adapter\OC2\Service\Oc2SettingsService [] []
[2017-07-11 13:25:26] pos_logger.DEBUG: class found [] []
[2017-07-11 13:36:51] pos_logger.DEBUG: checking QuickCommerce\Adapter\OC2\Service\Oc2ReferenceDataService [] []
[2017-07-11 13:36:51] pos_logger.DEBUG: class found [] []
[2017-07-11 13:36:51] pos_logger.DEBUG: checking QuickCommerce\Adapter\OC2\Service\Oc2SettingsService [] []
[2017-07-11 13:36:51] pos_logger.DEBUG: class found [] []
[2017-07-11 13:36:52] pos_logger.DEBUG: checking QuickCommerce\Adapter\OC2\Service\Oc2OrderService [] []
[2017-07-11 13:36:52] pos_logger.DEBUG: class found [] []
[2017-07-11 14:54:02] pos_logger.DEBUG: checking QuickCommerce\Adapter\OC2\Service\Oc2ReferenceDataService [] []
[2017-07-11 14:54:02] pos_logger.DEBUG: class found [] []
[2017-07-11 14:54:02] pos_logger.DEBUG: checking QuickCommerce\Adapter\OC2\Service\Oc2SettingsService [] []
[2017-07-11 14:54:02] pos_logger.DEBUG: class found [] []
[2017-07-11 14:54:03] pos_logger.DEBUG: checking QuickCommerce\Adapter\OC2\Service\Oc2OrderService [] []
[2017-07-11 14:54:03] pos_logger.DEBUG: checking QuickCommerce\Adapter\OC2\Service\Oc2OrderService [] []
[2017-07-11 14:54:03] pos_logger.DEBUG: class found [] []
[2017-07-11 14:54:03] pos_logger.DEBUG: class found [] []
[2017-07-11 19:45:16] pos_logger.DEBUG: checking QuickCommerce\Adapter\OC2\Service\Oc2ReferenceDataService [] []
[2017-07-11 19:45:16] pos_logger.DEBUG: class found [] []
[2017-07-11 19:45:17] pos_logger.DEBUG: checking QuickCommerce\Adapter\OC2\Service\Oc2SettingsService [] []
[2017-07-11 19:45:17] pos_logger.DEBUG: class found [] []
[2017-07-11 19:45:18] pos_logger.DEBUG: checking QuickCommerce\Adapter\OC2\Service\Oc2OrderService [] []
[2017-07-11 19:45:18] pos_logger.DEBUG: class found [] []
[2017-07-11 19:50:45] pos_logger.DEBUG: checking QuickCommerce\Adapter\OC2\Service\Oc2ReferenceDataService [] []
[2017-07-11 19:50:45] pos_logger.DEBUG: class found [] []
[2017-07-11 19:50:45] pos_logger.DEBUG: checking QuickCommerce\Adapter\OC2\Service\Oc2SettingsService [] []
[2017-07-11 19:50:45] pos_logger.DEBUG: class found [] []
[2017-07-11 19:50:46] pos_logger.DEBUG: checking QuickCommerce\Adapter\OC2\Service\Oc2OrderService [] []
[2017-07-11 19:50:46] pos_logger.DEBUG: class found [] []
[2017-07-11 19:51:09] pos_logger.DEBUG: checking QuickCommerce\Adapter\OC2\Service\Oc2ReferenceDataService [] []
[2017-07-11 19:51:09] pos_logger.DEBUG: class found [] []
[2017-07-11 19:51:09] pos_logger.DEBUG: checking QuickCommerce\Adapter\OC2\Service\Oc2SettingsService [] []
[2017-07-11 19:51:09] pos_logger.DEBUG: class found [] []
[2017-07-11 19:51:10] pos_logger.DEBUG: checking QuickCommerce\Adapter\OC2\Service\Oc2OrderService [] []
[2017-07-11 19:51:10] pos_logger.DEBUG: class found [] []
[2017-07-11 21:24:02] pos_logger.DEBUG: checking QuickCommerce\Adapter\OC2\Service\Oc2ReferenceDataService [] []
[2017-07-11 21:24:02] pos_logger.DEBUG: class found [] []
[2017-07-11 21:24:02] pos_logger.DEBUG: checking QuickCommerce\Adapter\OC2\Service\Oc2SettingsService [] []
[2017-07-11 21:24:02] pos_logger.DEBUG: class found [] []
[2017-07-11 21:24:03] pos_logger.DEBUG: checking QuickCommerce\Adapter\OC2\Service\Oc2OrderService [] []
[2017-07-11 21:24:03] pos_logger.DEBUG: class found [] []
[2017-07-11 22:43:43] pos_logger.DEBUG: checking QuickCommerce\Adapter\OC2\Service\Oc2ReferenceDataService [] []
[2017-07-11 22:43:43] pos_logger.DEBUG: class found [] []
[2017-07-11 22:43:43] pos_logger.DEBUG: checking QuickCommerce\Adapter\OC2\Service\Oc2SettingsService [] []
[2017-07-11 22:43:43] pos_logger.DEBUG: class found [] []
[2017-07-11 22:43:43] pos_logger.DEBUG: checking QuickCommerce\Adapter\OC2\Service\Oc2OrderService [] []
[2017-07-11 22:43:43] pos_logger.DEBUG: class found [] []
[2017-07-11 23:10:58] pos_logger.DEBUG: checking QuickCommerce\Adapter\OC2\Service\Oc2ReferenceDataService [] []
[2017-07-11 23:10:58] pos_logger.DEBUG: class found [] []
[2017-07-11 23:10:58] pos_logger.DEBUG: checking QuickCommerce\Adapter\OC2\Service\Oc2SettingsService [] []
[2017-07-11 23:10:58] pos_logger.DEBUG: class found [] []
[2017-07-11 23:10:59] pos_logger.DEBUG: checking QuickCommerce\Adapter\OC2\Service\Oc2OrderService [] []
[2017-07-11 23:10:59] pos_logger.DEBUG: class found [] []
[2017-07-11 23:46:53] pos_logger.DEBUG: checking QuickCommerce\Adapter\OC2\Service\Oc2ReferenceDataService [] []
[2017-07-11 23:46:53] pos_logger.DEBUG: class found [] []
[2017-07-11 23:46:53] pos_logger.DEBUG: checking QuickCommerce\Adapter\OC2\Service\Oc2SettingsService [] []
[2017-07-11 23:46:53] pos_logger.DEBUG: class found [] []
[2017-07-11 23:46:53] pos_logger.DEBUG: checking QuickCommerce\Adapter\OC2\Service\Oc2OrderService [] []
[2017-07-11 23:46:53] pos_logger.DEBUG: class found [] []
[2017-07-11 23:47:13] pos_logger.DEBUG: checking QuickCommerce\Adapter\OC2\Service\Oc2ReferenceDataService [] []
[2017-07-11 23:47:13] pos_logger.DEBUG: class found [] []
[2017-07-11 23:47:13] pos_logger.DEBUG: checking QuickCommerce\Adapter\OC2\Service\Oc2SettingsService [] []
[2017-07-11 23:47:13] pos_logger.DEBUG: class found [] []
[2017-07-11 23:47:13] pos_logger.DEBUG: checking QuickCommerce\Adapter\OC2\Service\Oc2OrderService [] []
[2017-07-11 23:47:13] pos_logger.DEBUG: class found [] []
[2017-07-11 23:51:03] pos_logger.DEBUG: checking QuickCommerce\Adapter\OC2\Service\Oc2ReferenceDataService [] []
[2017-07-11 23:51:03] pos_logger.DEBUG: class found [] []
[2017-07-11 23:51:03] pos_logger.DEBUG: checking QuickCommerce\Adapter\OC2\Service\Oc2SettingsService [] []
[2017-07-11 23:51:03] pos_logger.DEBUG: class found [] []
[2017-07-11 23:51:03] pos_logger.DEBUG: checking QuickCommerce\Adapter\OC2\Service\Oc2OrderService [] []
[2017-07-11 23:51:03] pos_logger.DEBUG: class found [] []
