[2017-08-24 23:33:49] pos_logger.DEBUG: checking QuickCommerce\Adapter\OC2\Service\Oc2ReferenceDataService [] []
[2017-08-24 23:33:49] pos_logger.DEBUG: class found [] []
[2017-08-24 23:33:52] pos_logger.DEBUG: checking QuickCommerce\Adapter\OC2\Service\Oc2SettingsService [] []
[2017-08-24 23:33:52] pos_logger.DEBUG: class found [] []
[2017-08-24 23:33:53] pos_logger.DEBUG: checking QuickCommerce\Adapter\OC2\Service\Oc2OrderService [] []
[2017-08-24 23:33:54] pos_logger.DEBUG: class found [] []
[2017-08-24 23:33:56] pos_logger.DEBUG: checking QuickCommerce\Adapter\OC2\Service\Oc2OrderService [] []
[2017-08-24 23:33:56] pos_logger.DEBUG: class found [] []
[2017-08-24 23:33:56] pos_logger.DEBUG: checking QuickCommerce\Adapter\OC2\Service\Oc2OrderService [] []
[2017-08-24 23:33:56] pos_logger.DEBUG: class found [] []
[2017-08-24 23:33:56] pos_logger.DEBUG: checking QuickCommerce\Adapter\OC2\Service\Oc2OrderService [] []
[2017-08-24 23:33:56] pos_logger.DEBUG: class found [] []
[2017-08-24 23:33:56] pos_logger.DEBUG: checking QuickCommerce\Adapter\OC2\Service\Oc2CustomerService [] []
[2017-08-24 23:33:56] pos_logger.DEBUG: checking QuickCommerce\Adapter\OC2\Service\Oc2CustomerService [] []
[2017-08-24 23:33:56] pos_logger.DEBUG: checking QuickCommerce\Adapter\OC2\Service\Oc2CustomerService [] []
[2017-08-24 23:33:56] pos_logger.DEBUG: class found [] []
[2017-08-24 23:33:56] pos_logger.DEBUG: class found [] []
[2017-08-24 23:33:56] pos_logger.DEBUG: QuickCommerce\Model\View\PosCustomerDetails Object (     [customer:protected] => QuickCommerce\Model\Core\Customer\PosCustomer Object         (             [customerId:protected] => 1             [customerGroupId:protected] => 1             [firstname:protected] => Cash             [lastname:protected] => Sales             [email:protected] => lucaslopatka@gmail.com             [telephone:protected] => 555-555-5555             [fax:protected] =>              [password:protected] => 91c725418eae5f87b72dea4f8475b0133ddf9963             [salt:protected] => 06b0cf3bb             [newsletter:protected] =>              [addressId:protected] => 715             [status:protected] => 1             [approved:protected] => 1             [safe:protected] => 1             [token:protected] =>              [dateAdded:protected] => DateTime Object                 (                     [date] => 2017-06-21 18:31:46.000000                     [timezone_type] => 3                     [timezone] => MST                 )          )      [addresses:protected] => Array         (             [0] => QuickCommerce\Model\Core\Address\PosAddress Object                 (                     [addressId:protected] => 715                     [customerId:protected] => 1                     [firstname:protected] => Cash                     [lastname:protected] => Sales                     [company:protected] =>                      [address1:protected] => 10055 80 Ave NW                     [address2:protected] =>                      [city:protected] => Edmonton                     [postcode:protected] => T6E 1T4                     [countryId:protected] => 38                     [zoneId:protected] => 602                 )          )  )  [] []
[2017-08-24 23:33:56] pos_logger.DEBUG: QuickCommerce\Model\View\PosCustomerDetails Object (     [customer:protected] => QuickCommerce\Model\Core\Customer\PosCustomer Object         (             [customerId:protected] => 1             [customerGroupId:protected] => 1             [firstname:protected] => Cash             [lastname:protected] => Sales             [email:protected] => lucaslopatka@gmail.com             [telephone:protected] => 555-555-5555             [fax:protected] =>              [password:protected] => 91c725418eae5f87b72dea4f8475b0133ddf9963             [salt:protected] => 06b0cf3bb             [newsletter:protected] =>              [addressId:protected] => 715             [status:protected] => 1             [approved:protected] => 1             [safe:protected] => 1             [token:protected] =>              [dateAdded:protected] => DateTime Object                 (                     [date] => 2017-06-21 18:31:46.000000                     [timezone_type] => 3                     [timezone] => MST                 )          )      [addresses:protected] => Array         (             [0] => QuickCommerce\Model\Core\Address\PosAddress Object                 (                     [addressId:protected] => 715                     [customerId:protected] => 1                     [firstname:protected] => Cash                     [lastname:protected] => Sales                     [company:protected] =>                      [address1:protected] => 10055 80 Ave NW                     [address2:protected] =>                      [city:protected] => Edmonton                     [postcode:protected] => T6E 1T4                     [countryId:protected] => 38                     [zoneId:protected] => 602                 )          )  )  [] []
[2017-08-24 23:33:56] pos_logger.DEBUG: QuickCommerce\Model\View\PosCustomerDetails Object (     [customer:protected] => QuickCommerce\Model\Core\Customer\PosCustomer Object         (             [customerId:protected] => 1             [customerGroupId:protected] => 1             [firstname:protected] => Cash             [lastname:protected] => Sales             [email:protected] => lucaslopatka@gmail.com             [telephone:protected] => 555-555-5555             [fax:protected] =>              [password:protected] => 91c725418eae5f87b72dea4f8475b0133ddf9963             [salt:protected] => 06b0cf3bb             [newsletter:protected] =>              [addressId:protected] => 715             [status:protected] => 1             [approved:protected] => 1             [safe:protected] => 1             [token:protected] =>              [dateAdded:protected] => DateTime Object                 (                     [date] => 2017-06-21 18:31:46.000000                     [timezone_type] => 3                     [timezone] => MST                 )          )      [addresses:protected] => Array         (             [0] => QuickCommerce\Model\Core\Address\PosAddress Object                 (                     [addressId:protected] => 715                     [customerId:protected] => 1                     [firstname:protected] => Cash                     [lastname:protected] => Sales                     [company:protected] =>                      [address1:protected] => 10055 80 Ave NW                     [address2:protected] =>                      [city:protected] => Edmonton                     [postcode:protected] => T6E 1T4                     [countryId:protected] => 38                     [zoneId:protected] => 602                 )          )  )  [] []
[2017-08-24 23:33:58] pos_logger.DEBUG: checking QuickCommerce\Adapter\OC2\Service\Oc2OrderService [] []
[2017-08-24 23:33:58] pos_logger.DEBUG: checking QuickCommerce\Adapter\OC2\Service\Oc2OrderService [] []
[2017-08-24 23:33:58] pos_logger.DEBUG: class found [] []
[2017-08-24 23:33:58] pos_logger.DEBUG: class found [] []
[2017-08-24 23:33:58] pos_logger.DEBUG: checking QuickCommerce\Adapter\OC2\Service\Oc2OrderService [] []
[2017-08-24 23:33:58] pos_logger.DEBUG: class found [] []
[2017-08-24 23:34:06] pos_logger.DEBUG: checking QuickCommerce\Adapter\OC2\Service\Oc2ReferenceDataService [] []
[2017-08-24 23:34:06] pos_logger.DEBUG: class found [] []
[2017-08-24 23:34:06] pos_logger.DEBUG: checking QuickCommerce\Adapter\OC2\Service\Oc2SettingsService [] []
[2017-08-24 23:34:07] pos_logger.DEBUG: class found [] []
[2017-08-24 23:34:07] pos_logger.DEBUG: checking QuickCommerce\Adapter\OC2\Service\Oc2OrderService [] []
[2017-08-24 23:34:07] pos_logger.DEBUG: class found [] []
[2017-08-24 23:34:08] pos_logger.DEBUG: checking QuickCommerce\Adapter\OC2\Service\Oc2OrderService [] []
[2017-08-24 23:34:08] pos_logger.DEBUG: class found [] []
[2017-08-24 23:34:09] pos_logger.DEBUG: checking QuickCommerce\Adapter\OC2\Service\Oc2OrderService [] []
[2017-08-24 23:34:09] pos_logger.DEBUG: class found [] []
[2017-08-24 23:34:09] pos_logger.DEBUG: checking QuickCommerce\Adapter\OC2\Service\Oc2OrderService [] []
[2017-08-24 23:34:09] pos_logger.DEBUG: class found [] []
[2017-08-24 23:34:09] pos_logger.DEBUG: checking QuickCommerce\Adapter\OC2\Service\Oc2OrderService [] []
[2017-08-24 23:34:09] pos_logger.DEBUG: class found [] []
[2017-08-24 23:34:10] pos_logger.DEBUG: checking QuickCommerce\Adapter\OC2\Service\Oc2OrderService [] []
[2017-08-24 23:34:10] pos_logger.DEBUG: class found [] []
[2017-08-24 23:34:10] pos_logger.DEBUG: checking QuickCommerce\Adapter\OC2\Service\Oc2OrderService [] []
[2017-08-24 23:34:10] pos_logger.DEBUG: class found [] []
[2017-08-24 23:35:04] pos_logger.DEBUG: checking QuickCommerce\Adapter\OC2\Service\Oc2OrderService [] []
[2017-08-24 23:35:04] pos_logger.DEBUG: class found [] []
[2017-08-24 23:35:06] pos_logger.DEBUG: checking QuickCommerce\Adapter\OC2\Service\Oc2OrderService [] []
[2017-08-24 23:35:06] pos_logger.DEBUG: class found [] []
[2017-08-24 23:35:17] pos_logger.DEBUG: checking QuickCommerce\Adapter\OC2\Service\Oc2OrderService [] []
[2017-08-24 23:35:17] pos_logger.DEBUG: class found [] []
