[2017-07-18 00:51:20] pos_logger.DEBUG: checking QuickCommerce\Adapter\OC2\Service\Oc2ReferenceDataService [] []
[2017-07-18 00:51:20] pos_logger.DEBUG: class found [] []
[2017-07-18 00:51:20] pos_logger.DEBUG: checking QuickCommerce\Adapter\OC2\Service\Oc2SettingsService [] []
[2017-07-18 00:51:20] pos_logger.DEBUG: class found [] []
[2017-07-18 00:51:20] pos_logger.DEBUG: checking QuickCommerce\Adapter\OC2\Service\Oc2OrderService [] []
[2017-07-18 00:51:20] pos_logger.DEBUG: class found [] []
[2017-07-18 02:57:32] pos_logger.DEBUG: checking QuickCommerce\Adapter\OC2\Service\Oc2ReferenceDataService [] []
[2017-07-18 02:57:32] pos_logger.DEBUG: class found [] []
[2017-07-18 02:57:33] pos_logger.DEBUG: checking QuickCommerce\Adapter\OC2\Service\Oc2SettingsService [] []
[2017-07-18 02:57:33] pos_logger.DEBUG: class found [] []
[2017-07-18 02:57:35] pos_logger.DEBUG: checking QuickCommerce\Adapter\OC2\Service\Oc2ReferenceDataService [] []
[2017-07-18 02:57:35] pos_logger.DEBUG: class found [] []
[2017-07-18 02:57:35] pos_logger.DEBUG: checking QuickCommerce\Adapter\OC2\Service\Oc2SettingsService [] []
[2017-07-18 02:57:35] pos_logger.DEBUG: class found [] []
[2017-07-18 02:57:35] pos_logger.DEBUG: checking QuickCommerce\Adapter\OC2\Service\Oc2OrderService [] []
[2017-07-18 02:57:35] pos_logger.DEBUG: class found [] []
[2017-07-18 02:58:44] pos_logger.DEBUG: checking QuickCommerce\Adapter\OC2\Service\Oc2ReferenceDataService [] []
[2017-07-18 02:58:44] pos_logger.DEBUG: class found [] []
[2017-07-18 02:58:44] pos_logger.DEBUG: checking QuickCommerce\Adapter\OC2\Service\Oc2SettingsService [] []
[2017-07-18 02:58:44] pos_logger.DEBUG: class found [] []
[2017-07-18 02:58:44] pos_logger.DEBUG: checking QuickCommerce\Adapter\OC2\Service\Oc2OrderService [] []
[2017-07-18 02:58:44] pos_logger.DEBUG: class found [] []
[2017-07-18 03:13:56] pos_logger.DEBUG: checking QuickCommerce\Adapter\OC2\Service\Oc2ReferenceDataService [] []
[2017-07-18 03:13:56] pos_logger.DEBUG: class found [] []
[2017-07-18 03:13:56] pos_logger.DEBUG: checking QuickCommerce\Adapter\OC2\Service\Oc2SettingsService [] []
[2017-07-18 03:13:56] pos_logger.DEBUG: class found [] []
[2017-07-18 03:13:56] pos_logger.DEBUG: checking QuickCommerce\Adapter\OC2\Service\Oc2OrderService [] []
[2017-07-18 03:13:56] pos_logger.DEBUG: class found [] []
[2017-07-18 03:19:11] pos_logger.DEBUG: checking QuickCommerce\Adapter\OC2\Service\Oc2ReferenceDataService [] []
[2017-07-18 03:19:11] pos_logger.DEBUG: class found [] []
[2017-07-18 03:19:11] pos_logger.DEBUG: checking QuickCommerce\Adapter\OC2\Service\Oc2SettingsService [] []
[2017-07-18 03:19:11] pos_logger.DEBUG: class found [] []
[2017-07-18 03:19:13] pos_logger.DEBUG: checking QuickCommerce\Adapter\OC2\Service\Oc2OrderService [] []
[2017-07-18 03:19:13] pos_logger.DEBUG: class found [] []
[2017-07-18 03:19:39] pos_logger.DEBUG: checking QuickCommerce\Adapter\OC2\Service\Oc2OrderService [] []
[2017-07-18 03:19:39] pos_logger.DEBUG: class found [] []
[2017-07-18 03:21:52] pos_logger.DEBUG: checking QuickCommerce\Adapter\OC2\Service\Oc2ReferenceDataService [] []
[2017-07-18 03:21:52] pos_logger.DEBUG: class found [] []
[2017-07-18 03:21:52] pos_logger.DEBUG: checking QuickCommerce\Adapter\OC2\Service\Oc2SettingsService [] []
[2017-07-18 03:21:52] pos_logger.DEBUG: class found [] []
[2017-07-18 03:21:53] pos_logger.DEBUG: checking QuickCommerce\Adapter\OC2\Service\Oc2OrderService [] []
[2017-07-18 03:21:53] pos_logger.DEBUG: class found [] []
[2017-07-18 03:21:55] pos_logger.DEBUG: checking QuickCommerce\Adapter\OC2\Service\Oc2ReferenceDataService [] []
[2017-07-18 03:21:55] pos_logger.DEBUG: class found [] []
[2017-07-18 03:21:55] pos_logger.DEBUG: checking QuickCommerce\Adapter\OC2\Service\Oc2SettingsService [] []
[2017-07-18 03:21:55] pos_logger.DEBUG: class found [] []
[2017-07-18 03:21:55] pos_logger.DEBUG: checking QuickCommerce\Adapter\OC2\Service\Oc2OrderService [] []
[2017-07-18 03:21:55] pos_logger.DEBUG: class found [] []
[2017-07-18 03:22:12] pos_logger.DEBUG: checking QuickCommerce\Adapter\OC2\Service\Oc2OrderService [] []
[2017-07-18 03:22:12] pos_logger.DEBUG: class found [] []
[2017-07-18 03:38:58] pos_logger.DEBUG: checking QuickCommerce\Adapter\OC2\Service\Oc2ReferenceDataService [] []
[2017-07-18 03:38:58] pos_logger.DEBUG: class found [] []
[2017-07-18 03:38:58] pos_logger.DEBUG: checking QuickCommerce\Adapter\OC2\Service\Oc2SettingsService [] []
[2017-07-18 03:38:58] pos_logger.DEBUG: class found [] []
[2017-07-18 03:38:59] pos_logger.DEBUG: checking QuickCommerce\Adapter\OC2\Service\Oc2OrderService [] []
[2017-07-18 03:38:59] pos_logger.DEBUG: class found [] []
[2017-07-18 04:03:29] pos_logger.DEBUG: checking QuickCommerce\Adapter\OC2\Service\Oc2ReferenceDataService [] []
[2017-07-18 04:03:29] pos_logger.DEBUG: class found [] []
[2017-07-18 04:03:29] pos_logger.DEBUG: checking QuickCommerce\Adapter\OC2\Service\Oc2SettingsService [] []
[2017-07-18 04:03:29] pos_logger.DEBUG: class found [] []
[2017-07-18 04:03:30] pos_logger.DEBUG: checking QuickCommerce\Adapter\OC2\Service\Oc2OrderService [] []
[2017-07-18 04:03:30] pos_logger.DEBUG: class found [] []
[2017-07-18 05:06:32] pos_logger.DEBUG: checking QuickCommerce\Adapter\OC2\Service\Oc2ReferenceDataService [] []
[2017-07-18 05:06:32] pos_logger.DEBUG: class found [] []
[2017-07-18 05:06:32] pos_logger.DEBUG: checking QuickCommerce\Adapter\OC2\Service\Oc2SettingsService [] []
[2017-07-18 05:06:32] pos_logger.DEBUG: class found [] []
[2017-07-18 05:06:32] pos_logger.DEBUG: checking QuickCommerce\Adapter\OC2\Service\Oc2OrderService [] []
[2017-07-18 05:06:32] pos_logger.DEBUG: class found [] []
[2017-07-18 05:39:50] pos_logger.DEBUG: checking QuickCommerce\Adapter\OC2\Service\Oc2ReferenceDataService [] []
[2017-07-18 05:39:50] pos_logger.DEBUG: class found [] []
[2017-07-18 05:39:51] pos_logger.DEBUG: checking QuickCommerce\Adapter\OC2\Service\Oc2SettingsService [] []
[2017-07-18 05:39:51] pos_logger.DEBUG: class found [] []
[2017-07-18 05:39:51] pos_logger.DEBUG: checking QuickCommerce\Adapter\OC2\Service\Oc2OrderService [] []
[2017-07-18 05:39:51] pos_logger.DEBUG: class found [] []
[2017-07-18 05:40:49] pos_logger.DEBUG: checking QuickCommerce\Adapter\OC2\Service\Oc2ReferenceDataService [] []
[2017-07-18 05:40:49] pos_logger.DEBUG: class found [] []
[2017-07-18 05:40:49] pos_logger.DEBUG: checking QuickCommerce\Adapter\OC2\Service\Oc2SettingsService [] []
[2017-07-18 05:40:49] pos_logger.DEBUG: class found [] []
[2017-07-18 05:40:50] pos_logger.DEBUG: checking QuickCommerce\Adapter\OC2\Service\Oc2OrderService [] []
[2017-07-18 05:40:50] pos_logger.DEBUG: class found [] []
[2017-07-18 05:42:24] pos_logger.DEBUG: checking QuickCommerce\Adapter\OC2\Service\Oc2ReferenceDataService [] []
[2017-07-18 05:42:24] pos_logger.DEBUG: class found [] []
[2017-07-18 05:42:24] pos_logger.DEBUG: checking QuickCommerce\Adapter\OC2\Service\Oc2SettingsService [] []
[2017-07-18 05:42:24] pos_logger.DEBUG: class found [] []
[2017-07-18 05:42:25] pos_logger.DEBUG: checking QuickCommerce\Adapter\OC2\Service\Oc2OrderService [] []
[2017-07-18 05:42:25] pos_logger.DEBUG: class found [] []
[2017-07-18 05:42:46] pos_logger.DEBUG: checking QuickCommerce\Adapter\OC2\Service\Oc2ReferenceDataService [] []
[2017-07-18 05:42:46] pos_logger.DEBUG: class found [] []
[2017-07-18 05:42:46] pos_logger.DEBUG: checking QuickCommerce\Adapter\OC2\Service\Oc2SettingsService [] []
[2017-07-18 05:42:46] pos_logger.DEBUG: class found [] []
[2017-07-18 05:42:47] pos_logger.DEBUG: checking QuickCommerce\Adapter\OC2\Service\Oc2OrderService [] []
[2017-07-18 05:42:47] pos_logger.DEBUG: class found [] []
[2017-07-18 05:46:17] pos_logger.DEBUG: checking QuickCommerce\Adapter\OC2\Service\Oc2ReferenceDataService [] []
[2017-07-18 05:46:17] pos_logger.DEBUG: class found [] []
[2017-07-18 05:46:18] pos_logger.DEBUG: checking QuickCommerce\Adapter\OC2\Service\Oc2SettingsService [] []
[2017-07-18 05:46:18] pos_logger.DEBUG: class found [] []
[2017-07-18 05:46:18] pos_logger.DEBUG: checking QuickCommerce\Adapter\OC2\Service\Oc2OrderService [] []
[2017-07-18 05:46:18] pos_logger.DEBUG: class found [] []
[2017-07-18 05:48:33] pos_logger.DEBUG: checking QuickCommerce\Adapter\OC2\Service\Oc2ReferenceDataService [] []
[2017-07-18 05:48:33] pos_logger.DEBUG: class found [] []
[2017-07-18 05:48:34] pos_logger.DEBUG: checking QuickCommerce\Adapter\OC2\Service\Oc2SettingsService [] []
[2017-07-18 05:48:34] pos_logger.DEBUG: class found [] []
[2017-07-18 05:48:34] pos_logger.DEBUG: checking QuickCommerce\Adapter\OC2\Service\Oc2OrderService [] []
[2017-07-18 05:48:34] pos_logger.DEBUG: class found [] []
[2017-07-18 05:52:52] pos_logger.DEBUG: checking QuickCommerce\Adapter\OC2\Service\Oc2ReferenceDataService [] []
[2017-07-18 05:52:52] pos_logger.DEBUG: class found [] []
[2017-07-18 05:52:52] pos_logger.DEBUG: checking QuickCommerce\Adapter\OC2\Service\Oc2SettingsService [] []
[2017-07-18 05:52:52] pos_logger.DEBUG: class found [] []
[2017-07-18 05:52:53] pos_logger.DEBUG: checking QuickCommerce\Adapter\OC2\Service\Oc2OrderService [] []
[2017-07-18 05:52:53] pos_logger.DEBUG: class found [] []
[2017-07-18 05:54:06] pos_logger.DEBUG: checking QuickCommerce\Adapter\OC2\Service\Oc2ReferenceDataService [] []
[2017-07-18 05:54:06] pos_logger.DEBUG: class found [] []
[2017-07-18 05:54:06] pos_logger.DEBUG: checking QuickCommerce\Adapter\OC2\Service\Oc2SettingsService [] []
[2017-07-18 05:54:06] pos_logger.DEBUG: class found [] []
[2017-07-18 05:54:07] pos_logger.DEBUG: checking QuickCommerce\Adapter\OC2\Service\Oc2OrderService [] []
[2017-07-18 05:54:07] pos_logger.DEBUG: class found [] []
[2017-07-18 05:59:59] pos_logger.DEBUG: checking QuickCommerce\Adapter\OC2\Service\Oc2ReferenceDataService [] []
[2017-07-18 05:59:59] pos_logger.DEBUG: class found [] []
[2017-07-18 06:00:00] pos_logger.DEBUG: checking QuickCommerce\Adapter\OC2\Service\Oc2SettingsService [] []
[2017-07-18 06:00:00] pos_logger.DEBUG: class found [] []
[2017-07-18 06:00:00] pos_logger.DEBUG: checking QuickCommerce\Adapter\OC2\Service\Oc2OrderService [] []
[2017-07-18 06:00:00] pos_logger.DEBUG: class found [] []
[2017-07-18 06:05:19] pos_logger.DEBUG: checking QuickCommerce\Adapter\OC2\Service\Oc2ReferenceDataService [] []
[2017-07-18 06:05:19] pos_logger.DEBUG: class found [] []
[2017-07-18 06:05:19] pos_logger.DEBUG: checking QuickCommerce\Adapter\OC2\Service\Oc2SettingsService [] []
[2017-07-18 06:05:19] pos_logger.DEBUG: class found [] []
[2017-07-18 06:05:19] pos_logger.DEBUG: checking QuickCommerce\Adapter\OC2\Service\Oc2OrderService [] []
[2017-07-18 06:05:19] pos_logger.DEBUG: class found [] []
[2017-07-18 06:06:03] pos_logger.DEBUG: checking QuickCommerce\Adapter\OC2\Service\Oc2ReferenceDataService [] []
[2017-07-18 06:06:03] pos_logger.DEBUG: class found [] []
[2017-07-18 06:06:04] pos_logger.DEBUG: checking QuickCommerce\Adapter\OC2\Service\Oc2SettingsService [] []
[2017-07-18 06:06:04] pos_logger.DEBUG: class found [] []
[2017-07-18 06:06:04] pos_logger.DEBUG: checking QuickCommerce\Adapter\OC2\Service\Oc2OrderService [] []
[2017-07-18 06:06:04] pos_logger.DEBUG: class found [] []
[2017-07-18 06:06:57] pos_logger.DEBUG: checking QuickCommerce\Adapter\OC2\Service\Oc2ReferenceDataService [] []
[2017-07-18 06:06:57] pos_logger.DEBUG: class found [] []
[2017-07-18 06:06:57] pos_logger.DEBUG: checking QuickCommerce\Adapter\OC2\Service\Oc2SettingsService [] []
[2017-07-18 06:06:57] pos_logger.DEBUG: class found [] []
[2017-07-18 06:06:58] pos_logger.DEBUG: checking QuickCommerce\Adapter\OC2\Service\Oc2OrderService [] []
[2017-07-18 06:06:58] pos_logger.DEBUG: class found [] []
[2017-07-18 06:09:17] pos_logger.DEBUG: checking QuickCommerce\Adapter\OC2\Service\Oc2ReferenceDataService [] []
[2017-07-18 06:09:17] pos_logger.DEBUG: class found [] []
[2017-07-18 06:09:17] pos_logger.DEBUG: checking QuickCommerce\Adapter\OC2\Service\Oc2SettingsService [] []
[2017-07-18 06:09:17] pos_logger.DEBUG: class found [] []
[2017-07-18 06:09:17] pos_logger.DEBUG: checking QuickCommerce\Adapter\OC2\Service\Oc2OrderService [] []
[2017-07-18 06:09:17] pos_logger.DEBUG: class found [] []
[2017-07-18 06:10:00] pos_logger.DEBUG: checking QuickCommerce\Adapter\OC2\Service\Oc2ReferenceDataService [] []
[2017-07-18 06:10:00] pos_logger.DEBUG: class found [] []
[2017-07-18 06:10:00] pos_logger.DEBUG: checking QuickCommerce\Adapter\OC2\Service\Oc2SettingsService [] []
[2017-07-18 06:10:00] pos_logger.DEBUG: class found [] []
[2017-07-18 06:10:01] pos_logger.DEBUG: checking QuickCommerce\Adapter\OC2\Service\Oc2OrderService [] []
[2017-07-18 06:10:01] pos_logger.DEBUG: class found [] []
[2017-07-18 06:10:16] pos_logger.DEBUG: checking QuickCommerce\Adapter\OC2\Service\Oc2OrderService [] []
[2017-07-18 06:10:16] pos_logger.DEBUG: class found [] []
[2017-07-18 06:10:16] pos_logger.DEBUG: checking QuickCommerce\Adapter\OC2\Service\Oc2OrderService [] []
[2017-07-18 06:10:16] pos_logger.DEBUG: class found [] []
[2017-07-18 06:10:21] pos_logger.DEBUG: checking QuickCommerce\Adapter\OC2\Service\Oc2OrderService [] []
[2017-07-18 06:10:21] pos_logger.DEBUG: class found [] []
[2017-07-18 06:10:21] pos_logger.DEBUG: updating quantity with change 1 for productId  and productOptionValueIds Array ( )  [] []
[2017-07-18 06:10:22] pos_logger.DEBUG: checking QuickCommerce\Adapter\OC2\Service\Oc2OrderService [] []
[2017-07-18 06:10:22] pos_logger.DEBUG: class found [] []
[2017-07-18 06:10:27] pos_logger.DEBUG: checking QuickCommerce\Adapter\OC2\Service\Oc2OrderService [] []
[2017-07-18 06:10:27] pos_logger.DEBUG: class found [] []
[2017-07-18 06:10:27] pos_logger.DEBUG: checking QuickCommerce\Adapter\OC2\Service\Oc2OrderService [] []
[2017-07-18 06:10:27] pos_logger.DEBUG: class found [] []
[2017-07-18 06:10:31] pos_logger.DEBUG: checking QuickCommerce\Adapter\OC2\Service\Oc2OrderService [] []
[2017-07-18 06:10:31] pos_logger.DEBUG: class found [] []
[2017-07-18 06:10:32] pos_logger.DEBUG: checking QuickCommerce\Adapter\OC2\Service\Oc2OrderService [] []
[2017-07-18 06:10:32] pos_logger.DEBUG: class found [] []
[2017-07-18 06:16:11] pos_logger.DEBUG: checking QuickCommerce\Adapter\OC2\Service\Oc2ReferenceDataService [] []
[2017-07-18 06:16:11] pos_logger.DEBUG: class found [] []
[2017-07-18 06:16:11] pos_logger.DEBUG: checking QuickCommerce\Adapter\OC2\Service\Oc2SettingsService [] []
[2017-07-18 06:16:11] pos_logger.DEBUG: class found [] []
[2017-07-18 06:16:11] pos_logger.DEBUG: checking QuickCommerce\Adapter\OC2\Service\Oc2OrderService [] []
[2017-07-18 06:16:11] pos_logger.DEBUG: class found [] []
[2017-07-18 06:18:00] pos_logger.DEBUG: checking QuickCommerce\Adapter\OC2\Service\Oc2ReferenceDataService [] []
[2017-07-18 06:18:00] pos_logger.DEBUG: class found [] []
[2017-07-18 06:18:00] pos_logger.DEBUG: checking QuickCommerce\Adapter\OC2\Service\Oc2SettingsService [] []
[2017-07-18 06:18:00] pos_logger.DEBUG: class found [] []
[2017-07-18 06:18:01] pos_logger.DEBUG: checking QuickCommerce\Adapter\OC2\Service\Oc2OrderService [] []
[2017-07-18 06:18:01] pos_logger.DEBUG: class found [] []
[2017-07-18 06:18:43] pos_logger.DEBUG: checking QuickCommerce\Adapter\OC2\Service\Oc2ReferenceDataService [] []
[2017-07-18 06:18:43] pos_logger.DEBUG: class found [] []
[2017-07-18 06:18:44] pos_logger.DEBUG: checking QuickCommerce\Adapter\OC2\Service\Oc2SettingsService [] []
[2017-07-18 06:18:44] pos_logger.DEBUG: class found [] []
[2017-07-18 06:18:44] pos_logger.DEBUG: checking QuickCommerce\Adapter\OC2\Service\Oc2OrderService [] []
[2017-07-18 06:18:44] pos_logger.DEBUG: class found [] []
[2017-07-18 06:19:27] pos_logger.DEBUG: checking QuickCommerce\Adapter\OC2\Service\Oc2ReferenceDataService [] []
[2017-07-18 06:19:27] pos_logger.DEBUG: class found [] []
[2017-07-18 06:19:27] pos_logger.DEBUG: checking QuickCommerce\Adapter\OC2\Service\Oc2SettingsService [] []
[2017-07-18 06:19:27] pos_logger.DEBUG: class found [] []
[2017-07-18 06:19:28] pos_logger.DEBUG: checking QuickCommerce\Adapter\OC2\Service\Oc2OrderService [] []
[2017-07-18 06:19:28] pos_logger.DEBUG: class found [] []
[2017-07-18 06:19:40] pos_logger.DEBUG: checking QuickCommerce\Adapter\OC2\Service\Oc2ReferenceDataService [] []
[2017-07-18 06:19:40] pos_logger.DEBUG: class found [] []
[2017-07-18 06:19:40] pos_logger.DEBUG: checking QuickCommerce\Adapter\OC2\Service\Oc2SettingsService [] []
[2017-07-18 06:19:40] pos_logger.DEBUG: class found [] []
[2017-07-18 06:19:41] pos_logger.DEBUG: checking QuickCommerce\Adapter\OC2\Service\Oc2OrderService [] []
[2017-07-18 06:19:41] pos_logger.DEBUG: class found [] []
[2017-07-18 06:22:41] pos_logger.DEBUG: checking QuickCommerce\Adapter\OC2\Service\Oc2ReferenceDataService [] []
[2017-07-18 06:22:41] pos_logger.DEBUG: class found [] []
[2017-07-18 06:22:41] pos_logger.DEBUG: checking QuickCommerce\Adapter\OC2\Service\Oc2SettingsService [] []
[2017-07-18 06:22:41] pos_logger.DEBUG: class found [] []
[2017-07-18 06:22:41] pos_logger.DEBUG: checking QuickCommerce\Adapter\OC2\Service\Oc2OrderService [] []
[2017-07-18 06:22:41] pos_logger.DEBUG: class found [] []
[2017-07-18 06:26:34] pos_logger.DEBUG: checking QuickCommerce\Adapter\OC2\Service\Oc2ReferenceDataService [] []
[2017-07-18 06:26:34] pos_logger.DEBUG: class found [] []
[2017-07-18 06:26:34] pos_logger.DEBUG: checking QuickCommerce\Adapter\OC2\Service\Oc2SettingsService [] []
[2017-07-18 06:26:34] pos_logger.DEBUG: class found [] []
[2017-07-18 06:26:35] pos_logger.DEBUG: checking QuickCommerce\Adapter\OC2\Service\Oc2OrderService [] []
[2017-07-18 06:26:35] pos_logger.DEBUG: class found [] []
[2017-07-18 06:27:00] pos_logger.DEBUG: checking QuickCommerce\Adapter\OC2\Service\Oc2OrderService [] []
[2017-07-18 06:27:00] pos_logger.DEBUG: class found [] []
[2017-07-18 06:27:01] pos_logger.DEBUG: checking QuickCommerce\Adapter\OC2\Service\Oc2OrderService [] []
[2017-07-18 06:27:01] pos_logger.DEBUG: class found [] []
[2017-07-18 06:27:18] pos_logger.DEBUG: checking QuickCommerce\Adapter\OC2\Service\Oc2OrderService [] []
[2017-07-18 06:27:18] pos_logger.DEBUG: class found [] []
[2017-07-18 06:27:18] pos_logger.DEBUG: checking QuickCommerce\Adapter\OC2\Service\Oc2OrderService [] []
[2017-07-18 06:27:18] pos_logger.DEBUG: class found [] []
[2017-07-18 06:27:24] pos_logger.DEBUG: checking QuickCommerce\Adapter\OC2\Service\Oc2OrderService [] []
[2017-07-18 06:27:24] pos_logger.DEBUG: class found [] []
[2017-07-18 06:27:24] pos_logger.DEBUG: checking QuickCommerce\Adapter\OC2\Service\Oc2OrderService [] []
[2017-07-18 06:27:24] pos_logger.DEBUG: class found [] []
[2017-07-18 06:28:06] pos_logger.DEBUG: checking QuickCommerce\Adapter\OC2\Service\Oc2ReferenceDataService [] []
[2017-07-18 06:28:06] pos_logger.DEBUG: class found [] []
[2017-07-18 06:28:06] pos_logger.DEBUG: checking QuickCommerce\Adapter\OC2\Service\Oc2SettingsService [] []
[2017-07-18 06:28:06] pos_logger.DEBUG: class found [] []
[2017-07-18 06:28:10] pos_logger.DEBUG: checking QuickCommerce\Adapter\OC2\Service\Oc2OrderService [] []
[2017-07-18 06:28:10] pos_logger.DEBUG: class found [] []
[2017-07-18 06:31:34] pos_logger.DEBUG: checking QuickCommerce\Adapter\OC2\Service\Oc2OrderService [] []
[2017-07-18 06:31:34] pos_logger.DEBUG: class found [] []
[2017-07-18 06:31:34] pos_logger.DEBUG: updating quantity with change 1 for productId  and productOptionValueIds Array ( )  [] []
[2017-07-18 06:31:34] pos_logger.DEBUG: checking QuickCommerce\Adapter\OC2\Service\Oc2OrderService [] []
[2017-07-18 06:31:34] pos_logger.DEBUG: class found [] []
[2017-07-18 06:31:40] pos_logger.DEBUG: checking QuickCommerce\Adapter\OC2\Service\Oc2OrderService [] []
[2017-07-18 06:31:40] pos_logger.DEBUG: class found [] []
[2017-07-18 06:31:40] pos_logger.DEBUG: checking QuickCommerce\Adapter\OC2\Service\Oc2OrderService [] []
[2017-07-18 06:31:40] pos_logger.DEBUG: class found [] []
[2017-07-18 06:31:44] pos_logger.DEBUG: checking QuickCommerce\Adapter\OC2\Service\Oc2OrderService [] []
[2017-07-18 06:31:44] pos_logger.DEBUG: class found [] []
[2017-07-18 06:31:44] pos_logger.DEBUG: updating quantity with change 1 for productId  and productOptionValueIds Array ( )  [] []
[2017-07-18 06:31:45] pos_logger.DEBUG: checking QuickCommerce\Adapter\OC2\Service\Oc2OrderService [] []
[2017-07-18 06:31:45] pos_logger.DEBUG: class found [] []
[2017-07-18 06:31:49] pos_logger.DEBUG: checking QuickCommerce\Adapter\OC2\Service\Oc2OrderService [] []
[2017-07-18 06:31:49] pos_logger.DEBUG: class found [] []
[2017-07-18 06:31:50] pos_logger.DEBUG: checking QuickCommerce\Adapter\OC2\Service\Oc2OrderService [] []
[2017-07-18 06:31:50] pos_logger.DEBUG: class found [] []
[2017-07-18 07:38:05] pos_logger.DEBUG: checking QuickCommerce\Adapter\OC2\Service\Oc2ReferenceDataService [] []
[2017-07-18 07:38:05] pos_logger.DEBUG: class found [] []
[2017-07-18 07:38:05] pos_logger.DEBUG: checking QuickCommerce\Adapter\OC2\Service\Oc2SettingsService [] []
[2017-07-18 07:38:05] pos_logger.DEBUG: class found [] []
[2017-07-18 07:38:06] pos_logger.DEBUG: checking QuickCommerce\Adapter\OC2\Service\Oc2ReferenceDataService [] []
[2017-07-18 07:38:06] pos_logger.DEBUG: class found [] []
[2017-07-18 07:38:07] pos_logger.DEBUG: checking QuickCommerce\Adapter\OC2\Service\Oc2SettingsService [] []
[2017-07-18 07:38:07] pos_logger.DEBUG: class found [] []
[2017-07-18 07:38:07] pos_logger.DEBUG: checking QuickCommerce\Adapter\OC2\Service\Oc2OrderService [] []
[2017-07-18 07:38:07] pos_logger.DEBUG: class found [] []
[2017-07-18 07:38:32] pos_logger.DEBUG: checking QuickCommerce\Adapter\OC2\Service\Oc2ReferenceDataService [] []
[2017-07-18 07:38:32] pos_logger.DEBUG: class found [] []
[2017-07-18 07:38:33] pos_logger.DEBUG: checking QuickCommerce\Adapter\OC2\Service\Oc2SettingsService [] []
[2017-07-18 07:38:33] pos_logger.DEBUG: class found [] []
[2017-07-18 07:38:35] pos_logger.DEBUG: checking QuickCommerce\Adapter\OC2\Service\Oc2OrderService [] []
[2017-07-18 07:38:35] pos_logger.DEBUG: class found [] []
[2017-07-18 09:25:24] pos_logger.DEBUG: checking QuickCommerce\Adapter\OC2\Service\Oc2ReferenceDataService [] []
[2017-07-18 09:25:24] pos_logger.DEBUG: class found [] []
[2017-07-18 09:25:24] pos_logger.DEBUG: checking QuickCommerce\Adapter\OC2\Service\Oc2SettingsService [] []
[2017-07-18 09:25:24] pos_logger.DEBUG: class found [] []
[2017-07-18 09:25:24] pos_logger.DEBUG: checking QuickCommerce\Adapter\OC2\Service\Oc2OrderService [] []
[2017-07-18 09:25:24] pos_logger.DEBUG: class found [] []
[2017-07-18 12:02:11] pos_logger.DEBUG: checking QuickCommerce\Adapter\OC2\Service\Oc2ReferenceDataService [] []
[2017-07-18 12:02:11] pos_logger.DEBUG: class found [] []
[2017-07-18 12:02:11] pos_logger.DEBUG: checking QuickCommerce\Adapter\OC2\Service\Oc2SettingsService [] []
[2017-07-18 12:02:11] pos_logger.DEBUG: class found [] []
[2017-07-18 12:02:12] pos_logger.DEBUG: checking QuickCommerce\Adapter\OC2\Service\Oc2OrderService [] []
[2017-07-18 12:02:12] pos_logger.DEBUG: class found [] []
[2017-07-18 12:25:10] pos_logger.DEBUG: checking QuickCommerce\Adapter\OC2\Service\Oc2ReferenceDataService [] []
[2017-07-18 12:25:10] pos_logger.DEBUG: class found [] []
[2017-07-18 12:25:10] pos_logger.DEBUG: checking QuickCommerce\Adapter\OC2\Service\Oc2SettingsService [] []
[2017-07-18 12:25:10] pos_logger.DEBUG: class found [] []
[2017-07-18 12:25:11] pos_logger.DEBUG: checking QuickCommerce\Adapter\OC2\Service\Oc2OrderService [] []
[2017-07-18 12:25:11] pos_logger.DEBUG: class found [] []
[2017-07-18 12:31:54] pos_logger.DEBUG: checking QuickCommerce\Adapter\OC2\Service\Oc2ReferenceDataService [] []
[2017-07-18 12:31:54] pos_logger.DEBUG: class found [] []
[2017-07-18 12:31:54] pos_logger.DEBUG: checking QuickCommerce\Adapter\OC2\Service\Oc2SettingsService [] []
[2017-07-18 12:31:54] pos_logger.DEBUG: class found [] []
[2017-07-18 12:31:55] pos_logger.DEBUG: checking QuickCommerce\Adapter\OC2\Service\Oc2OrderService [] []
[2017-07-18 12:31:55] pos_logger.DEBUG: class found [] []
[2017-07-18 12:32:56] pos_logger.DEBUG: checking QuickCommerce\Adapter\OC2\Service\Oc2OrderService [] []
[2017-07-18 12:32:56] pos_logger.DEBUG: class found [] []
[2017-07-18 12:32:57] pos_logger.DEBUG: checking QuickCommerce\Adapter\OC2\Service\Oc2OrderService [] []
[2017-07-18 12:32:57] pos_logger.DEBUG: class found [] []
[2017-07-18 12:33:40] pos_logger.DEBUG: checking QuickCommerce\Adapter\OC2\Service\Oc2ReferenceDataService [] []
[2017-07-18 12:33:40] pos_logger.DEBUG: class found [] []
[2017-07-18 12:33:40] pos_logger.DEBUG: checking QuickCommerce\Adapter\OC2\Service\Oc2SettingsService [] []
[2017-07-18 12:33:40] pos_logger.DEBUG: class found [] []
[2017-07-18 12:33:41] pos_logger.DEBUG: checking QuickCommerce\Adapter\OC2\Service\Oc2OrderService [] []
[2017-07-18 12:33:41] pos_logger.DEBUG: class found [] []
[2017-07-18 12:33:50] pos_logger.DEBUG: checking QuickCommerce\Adapter\OC2\Service\Oc2OrderService [] []
[2017-07-18 12:33:50] pos_logger.DEBUG: class found [] []
[2017-07-18 12:33:51] pos_logger.DEBUG: checking QuickCommerce\Adapter\OC2\Service\Oc2OrderService [] []
[2017-07-18 12:33:51] pos_logger.DEBUG: class found [] []
[2017-07-18 12:33:57] pos_logger.DEBUG: checking QuickCommerce\Adapter\OC2\Service\Oc2OrderService [] []
[2017-07-18 12:33:57] pos_logger.DEBUG: class found [] []
[2017-07-18 12:33:57] pos_logger.DEBUG: updating quantity with change 1 for productId  and productOptionValueIds Array ( )  [] []
[2017-07-18 12:33:57] pos_logger.DEBUG: checking QuickCommerce\Adapter\OC2\Service\Oc2OrderService [] []
[2017-07-18 12:33:57] pos_logger.DEBUG: class found [] []
[2017-07-18 12:34:56] pos_logger.DEBUG: checking QuickCommerce\Adapter\OC2\Service\Oc2ReferenceDataService [] []
[2017-07-18 12:34:56] pos_logger.DEBUG: class found [] []
[2017-07-18 12:34:56] pos_logger.DEBUG: checking QuickCommerce\Adapter\OC2\Service\Oc2SettingsService [] []
[2017-07-18 12:34:56] pos_logger.DEBUG: class found [] []
[2017-07-18 12:34:57] pos_logger.DEBUG: checking QuickCommerce\Adapter\OC2\Service\Oc2OrderService [] []
[2017-07-18 12:34:57] pos_logger.DEBUG: class found [] []
[2017-07-18 12:35:15] pos_logger.DEBUG: checking QuickCommerce\Adapter\OC2\Service\Oc2OrderService [] []
[2017-07-18 12:35:15] pos_logger.DEBUG: class found [] []
[2017-07-18 12:35:15] pos_logger.DEBUG: checking QuickCommerce\Adapter\OC2\Service\Oc2OrderService [] []
[2017-07-18 12:35:15] pos_logger.DEBUG: class found [] []
[2017-07-18 12:35:22] pos_logger.DEBUG: checking QuickCommerce\Adapter\OC2\Service\Oc2OrderService [] []
[2017-07-18 12:35:22] pos_logger.DEBUG: class found [] []
[2017-07-18 12:35:22] pos_logger.DEBUG: updating quantity with change 1 for productId  and productOptionValueIds Array ( )  [] []
[2017-07-18 12:35:22] pos_logger.DEBUG: checking QuickCommerce\Adapter\OC2\Service\Oc2OrderService [] []
[2017-07-18 12:35:22] pos_logger.DEBUG: class found [] []
[2017-07-18 12:39:14] pos_logger.DEBUG: checking QuickCommerce\Adapter\OC2\Service\Oc2ReferenceDataService [] []
[2017-07-18 12:39:14] pos_logger.DEBUG: class found [] []
[2017-07-18 12:39:14] pos_logger.DEBUG: checking QuickCommerce\Adapter\OC2\Service\Oc2SettingsService [] []
[2017-07-18 12:39:14] pos_logger.DEBUG: class found [] []
[2017-07-18 12:39:15] pos_logger.DEBUG: checking QuickCommerce\Adapter\OC2\Service\Oc2OrderService [] []
[2017-07-18 12:39:15] pos_logger.DEBUG: class found [] []
[2017-07-18 12:39:25] pos_logger.DEBUG: checking QuickCommerce\Adapter\OC2\Service\Oc2OrderService [] []
[2017-07-18 12:39:25] pos_logger.DEBUG: class found [] []
[2017-07-18 12:39:25] pos_logger.DEBUG: checking QuickCommerce\Adapter\OC2\Service\Oc2OrderService [] []
[2017-07-18 12:39:25] pos_logger.DEBUG: class found [] []
[2017-07-18 12:41:31] pos_logger.DEBUG: checking QuickCommerce\Adapter\OC2\Service\Oc2ReferenceDataService [] []
[2017-07-18 12:41:31] pos_logger.DEBUG: class found [] []
[2017-07-18 12:41:31] pos_logger.DEBUG: checking QuickCommerce\Adapter\OC2\Service\Oc2SettingsService [] []
[2017-07-18 12:41:31] pos_logger.DEBUG: class found [] []
[2017-07-18 12:41:31] pos_logger.DEBUG: checking QuickCommerce\Adapter\OC2\Service\Oc2OrderService [] []
[2017-07-18 12:41:31] pos_logger.DEBUG: class found [] []
[2017-07-18 12:41:44] pos_logger.DEBUG: checking QuickCommerce\Adapter\OC2\Service\Oc2OrderService [] []
[2017-07-18 12:41:44] pos_logger.DEBUG: class found [] []
[2017-07-18 12:41:44] pos_logger.DEBUG: checking QuickCommerce\Adapter\OC2\Service\Oc2OrderService [] []
[2017-07-18 12:41:44] pos_logger.DEBUG: class found [] []
[2017-07-18 12:43:09] pos_logger.DEBUG: checking QuickCommerce\Adapter\OC2\Service\Oc2OrderService [] []
[2017-07-18 12:43:09] pos_logger.DEBUG: class found [] []
[2017-07-18 12:43:09] pos_logger.DEBUG: updating quantity with change 1 for productId  and productOptionValueIds Array ( )  [] []
[2017-07-18 12:43:09] pos_logger.DEBUG: checking QuickCommerce\Adapter\OC2\Service\Oc2OrderService [] []
[2017-07-18 12:43:09] pos_logger.DEBUG: class found [] []
[2017-07-18 12:44:00] pos_logger.DEBUG: checking QuickCommerce\Adapter\OC2\Service\Oc2OrderService [] []
[2017-07-18 12:44:00] pos_logger.DEBUG: class found [] []
[2017-07-18 12:44:00] pos_logger.DEBUG: checking QuickCommerce\Adapter\OC2\Service\Oc2OrderService [] []
[2017-07-18 12:44:00] pos_logger.DEBUG: class found [] []
[2017-07-18 12:44:04] pos_logger.DEBUG: checking QuickCommerce\Adapter\OC2\Service\Oc2OrderService [] []
[2017-07-18 12:44:04] pos_logger.DEBUG: class found [] []
[2017-07-18 12:44:04] pos_logger.DEBUG: checking QuickCommerce\Adapter\OC2\Service\Oc2OrderService [] []
[2017-07-18 12:44:04] pos_logger.DEBUG: class found [] []
[2017-07-18 13:08:43] pos_logger.DEBUG: checking QuickCommerce\Adapter\OC2\Service\Oc2ReferenceDataService [] []
[2017-07-18 13:08:43] pos_logger.DEBUG: class found [] []
[2017-07-18 13:08:43] pos_logger.DEBUG: checking QuickCommerce\Adapter\OC2\Service\Oc2SettingsService [] []
[2017-07-18 13:08:43] pos_logger.DEBUG: class found [] []
[2017-07-18 13:08:46] pos_logger.DEBUG: checking QuickCommerce\Adapter\OC2\Service\Oc2ReferenceDataService [] []
[2017-07-18 13:08:46] pos_logger.DEBUG: class found [] []
[2017-07-18 13:08:46] pos_logger.DEBUG: checking QuickCommerce\Adapter\OC2\Service\Oc2SettingsService [] []
[2017-07-18 13:08:46] pos_logger.DEBUG: class found [] []
[2017-07-18 13:13:42] pos_logger.DEBUG: checking QuickCommerce\Adapter\OC2\Service\Oc2OrderService [] []
[2017-07-18 13:13:42] pos_logger.DEBUG: class found [] []
[2017-07-18 13:24:52] pos_logger.DEBUG: checking QuickCommerce\Adapter\OC2\Service\Oc2ReferenceDataService [] []
[2017-07-18 13:24:52] pos_logger.DEBUG: class found [] []
[2017-07-18 13:24:52] pos_logger.DEBUG: checking QuickCommerce\Adapter\OC2\Service\Oc2SettingsService [] []
[2017-07-18 13:24:52] pos_logger.DEBUG: class found [] []
[2017-07-18 13:24:55] pos_logger.DEBUG: checking QuickCommerce\Adapter\OC2\Service\Oc2OrderService [] []
[2017-07-18 13:24:55] pos_logger.DEBUG: class found [] []
[2017-07-18 13:25:40] pos_logger.DEBUG: checking QuickCommerce\Adapter\OC2\Service\Oc2OrderService [] []
[2017-07-18 13:25:40] pos_logger.DEBUG: class found [] []
[2017-07-18 13:25:41] pos_logger.DEBUG: checking QuickCommerce\Adapter\OC2\Service\Oc2OrderService [] []
[2017-07-18 13:25:41] pos_logger.DEBUG: class found [] []
[2017-07-18 13:25:46] pos_logger.DEBUG: checking QuickCommerce\Adapter\OC2\Service\Oc2OrderService [] []
[2017-07-18 13:25:46] pos_logger.DEBUG: class found [] []
[2017-07-18 13:25:46] pos_logger.DEBUG: checking QuickCommerce\Adapter\OC2\Service\Oc2OrderService [] []
[2017-07-18 13:25:46] pos_logger.DEBUG: class found [] []
[2017-07-18 13:26:01] pos_logger.DEBUG: checking QuickCommerce\Adapter\OC2\Service\Oc2OrderService [] []
[2017-07-18 13:26:01] pos_logger.DEBUG: class found [] []
[2017-07-18 13:26:02] pos_logger.DEBUG: checking QuickCommerce\Adapter\OC2\Service\Oc2OrderService [] []
[2017-07-18 13:26:02] pos_logger.DEBUG: class found [] []
[2017-07-18 13:26:12] pos_logger.DEBUG: checking QuickCommerce\Adapter\OC2\Service\Oc2OrderService [] []
[2017-07-18 13:26:12] pos_logger.DEBUG: class found [] []
[2017-07-18 13:26:13] pos_logger.DEBUG: checking QuickCommerce\Adapter\OC2\Service\Oc2OrderService [] []
[2017-07-18 13:26:13] pos_logger.DEBUG: class found [] []
[2017-07-18 13:46:57] pos_logger.DEBUG: checking QuickCommerce\Adapter\OC2\Service\Oc2ReferenceDataService [] []
[2017-07-18 13:46:57] pos_logger.DEBUG: class found [] []
[2017-07-18 13:46:57] pos_logger.DEBUG: checking QuickCommerce\Adapter\OC2\Service\Oc2SettingsService [] []
[2017-07-18 13:46:57] pos_logger.DEBUG: class found [] []
[2017-07-18 13:46:58] pos_logger.DEBUG: checking QuickCommerce\Adapter\OC2\Service\Oc2OrderService [] []
[2017-07-18 13:46:58] pos_logger.DEBUG: class found [] []
[2017-07-18 14:01:27] pos_logger.DEBUG: checking QuickCommerce\Adapter\OC2\Service\Oc2OrderService [] []
[2017-07-18 14:01:27] pos_logger.DEBUG: class found [] []
[2017-07-18 14:01:28] pos_logger.DEBUG: checking QuickCommerce\Adapter\OC2\Service\Oc2OrderService [] []
[2017-07-18 14:01:28] pos_logger.DEBUG: class found [] []
[2017-07-18 14:01:55] pos_logger.DEBUG: checking QuickCommerce\Adapter\OC2\Service\Oc2OrderService [] []
[2017-07-18 14:01:55] pos_logger.DEBUG: class found [] []
[2017-07-18 14:01:55] pos_logger.DEBUG: updating quantity with change 0 for productId  and productOptionValueIds Array ( )  [] []
[2017-07-18 14:01:55] pos_logger.DEBUG: checking QuickCommerce\Adapter\OC2\Service\Oc2OrderService [] []
[2017-07-18 14:01:55] pos_logger.DEBUG: class found [] []
[2017-07-18 14:02:09] pos_logger.DEBUG: checking QuickCommerce\Adapter\OC2\Service\Oc2OrderService [] []
[2017-07-18 14:02:09] pos_logger.DEBUG: class found [] []
[2017-07-18 14:02:09] pos_logger.DEBUG: updating quantity with change 0 for productId  and productOptionValueIds Array ( )  [] []
[2017-07-18 14:02:09] pos_logger.DEBUG: checking QuickCommerce\Adapter\OC2\Service\Oc2OrderService [] []
[2017-07-18 14:02:09] pos_logger.DEBUG: class found [] []
[2017-07-18 14:02:16] pos_logger.DEBUG: checking QuickCommerce\Adapter\OC2\Service\Oc2OrderService [] []
[2017-07-18 14:02:16] pos_logger.DEBUG: class found [] []
[2017-07-18 14:02:16] pos_logger.DEBUG: checking QuickCommerce\Adapter\OC2\Service\Oc2OrderService [] []
[2017-07-18 14:02:16] pos_logger.DEBUG: class found [] []
[2017-07-18 14:22:48] pos_logger.DEBUG: checking QuickCommerce\Adapter\OC2\Service\Oc2ReferenceDataService [] []
[2017-07-18 14:22:48] pos_logger.DEBUG: class found [] []
[2017-07-18 14:22:48] pos_logger.DEBUG: checking QuickCommerce\Adapter\OC2\Service\Oc2SettingsService [] []
[2017-07-18 14:22:48] pos_logger.DEBUG: class found [] []
[2017-07-18 14:22:49] pos_logger.DEBUG: checking QuickCommerce\Adapter\OC2\Service\Oc2ReferenceDataService [] []
[2017-07-18 14:22:49] pos_logger.DEBUG: class found [] []
[2017-07-18 14:22:49] pos_logger.DEBUG: checking QuickCommerce\Adapter\OC2\Service\Oc2SettingsService [] []
[2017-07-18 14:22:49] pos_logger.DEBUG: class found [] []
[2017-07-18 14:22:51] pos_logger.DEBUG: checking QuickCommerce\Adapter\OC2\Service\Oc2OrderService [] []
[2017-07-18 14:22:51] pos_logger.DEBUG: class found [] []
[2017-07-18 14:23:53] pos_logger.DEBUG: checking QuickCommerce\Adapter\OC2\Service\Oc2ReferenceDataService [] []
[2017-07-18 14:23:53] pos_logger.DEBUG: class found [] []
[2017-07-18 14:23:53] pos_logger.DEBUG: checking QuickCommerce\Adapter\OC2\Service\Oc2SettingsService [] []
[2017-07-18 14:23:53] pos_logger.DEBUG: class found [] []
[2017-07-18 14:23:54] pos_logger.DEBUG: checking QuickCommerce\Adapter\OC2\Service\Oc2OrderService [] []
[2017-07-18 14:23:54] pos_logger.DEBUG: class found [] []
[2017-07-18 14:25:07] pos_logger.DEBUG: checking QuickCommerce\Adapter\OC2\Service\Oc2ReferenceDataService [] []
[2017-07-18 14:25:07] pos_logger.DEBUG: class found [] []
[2017-07-18 14:25:07] pos_logger.DEBUG: checking QuickCommerce\Adapter\OC2\Service\Oc2SettingsService [] []
[2017-07-18 14:25:07] pos_logger.DEBUG: class found [] []
[2017-07-18 14:25:08] pos_logger.DEBUG: checking QuickCommerce\Adapter\OC2\Service\Oc2OrderService [] []
[2017-07-18 14:25:08] pos_logger.DEBUG: class found [] []
[2017-07-18 14:34:19] pos_logger.DEBUG: checking QuickCommerce\Adapter\OC2\Service\Oc2ReferenceDataService [] []
[2017-07-18 14:34:19] pos_logger.DEBUG: class found [] []
[2017-07-18 14:34:19] pos_logger.DEBUG: checking QuickCommerce\Adapter\OC2\Service\Oc2SettingsService [] []
[2017-07-18 14:34:19] pos_logger.DEBUG: class found [] []
[2017-07-18 14:34:23] pos_logger.DEBUG: checking QuickCommerce\Adapter\OC2\Service\Oc2OrderService [] []
[2017-07-18 14:34:23] pos_logger.DEBUG: class found [] []
[2017-07-18 14:34:45] pos_logger.DEBUG: checking QuickCommerce\Adapter\OC2\Service\Oc2ReferenceDataService [] []
[2017-07-18 14:34:45] pos_logger.DEBUG: class found [] []
[2017-07-18 14:34:45] pos_logger.DEBUG: checking QuickCommerce\Adapter\OC2\Service\Oc2SettingsService [] []
[2017-07-18 14:34:45] pos_logger.DEBUG: class found [] []
[2017-07-18 14:34:46] pos_logger.DEBUG: checking QuickCommerce\Adapter\OC2\Service\Oc2OrderService [] []
[2017-07-18 14:34:46] pos_logger.DEBUG: class found [] []
[2017-07-18 14:34:59] pos_logger.DEBUG: checking QuickCommerce\Adapter\OC2\Service\Oc2ReferenceDataService [] []
[2017-07-18 14:34:59] pos_logger.DEBUG: class found [] []
[2017-07-18 14:35:00] pos_logger.DEBUG: checking QuickCommerce\Adapter\OC2\Service\Oc2SettingsService [] []
[2017-07-18 14:35:00] pos_logger.DEBUG: class found [] []
[2017-07-18 14:35:01] pos_logger.DEBUG: checking QuickCommerce\Adapter\OC2\Service\Oc2OrderService [] []
[2017-07-18 14:35:01] pos_logger.DEBUG: class found [] []
[2017-07-18 14:35:06] pos_logger.DEBUG: checking QuickCommerce\Adapter\OC2\Service\Oc2ReferenceDataService [] []
[2017-07-18 14:35:06] pos_logger.DEBUG: class found [] []
[2017-07-18 14:35:06] pos_logger.DEBUG: checking QuickCommerce\Adapter\OC2\Service\Oc2SettingsService [] []
[2017-07-18 14:35:06] pos_logger.DEBUG: class found [] []
[2017-07-18 14:35:11] pos_logger.DEBUG: checking QuickCommerce\Adapter\OC2\Service\Oc2OrderService [] []
[2017-07-18 14:35:11] pos_logger.DEBUG: class found [] []
[2017-07-18 14:45:58] pos_logger.DEBUG: checking QuickCommerce\Adapter\OC2\Service\Oc2ReferenceDataService [] []
[2017-07-18 14:45:58] pos_logger.DEBUG: class found [] []
[2017-07-18 14:45:58] pos_logger.DEBUG: checking QuickCommerce\Adapter\OC2\Service\Oc2SettingsService [] []
[2017-07-18 14:45:58] pos_logger.DEBUG: class found [] []
[2017-07-18 14:45:58] pos_logger.DEBUG: checking QuickCommerce\Adapter\OC2\Service\Oc2OrderService [] []
[2017-07-18 14:45:58] pos_logger.DEBUG: class found [] []
[2017-07-18 14:49:08] pos_logger.DEBUG: checking QuickCommerce\Adapter\OC2\Service\Oc2ReferenceDataService [] []
[2017-07-18 14:49:08] pos_logger.DEBUG: class found [] []
[2017-07-18 14:49:08] pos_logger.DEBUG: checking QuickCommerce\Adapter\OC2\Service\Oc2SettingsService [] []
[2017-07-18 14:49:08] pos_logger.DEBUG: class found [] []
[2017-07-18 14:49:09] pos_logger.DEBUG: checking QuickCommerce\Adapter\OC2\Service\Oc2OrderService [] []
[2017-07-18 14:49:09] pos_logger.DEBUG: class found [] []
[2017-07-18 14:49:38] pos_logger.DEBUG: checking QuickCommerce\Adapter\OC2\Service\Oc2ReferenceDataService [] []
[2017-07-18 14:49:38] pos_logger.DEBUG: class found [] []
[2017-07-18 14:49:38] pos_logger.DEBUG: checking QuickCommerce\Adapter\OC2\Service\Oc2SettingsService [] []
[2017-07-18 14:49:38] pos_logger.DEBUG: class found [] []
[2017-07-18 14:49:39] pos_logger.DEBUG: checking QuickCommerce\Adapter\OC2\Service\Oc2OrderService [] []
[2017-07-18 14:49:39] pos_logger.DEBUG: class found [] []
[2017-07-18 14:50:38] pos_logger.DEBUG: checking QuickCommerce\Adapter\OC2\Service\Oc2OrderService [] []
[2017-07-18 14:50:38] pos_logger.DEBUG: class found [] []
[2017-07-18 14:51:06] pos_logger.DEBUG: checking QuickCommerce\Adapter\OC2\Service\Oc2ReferenceDataService [] []
[2017-07-18 14:51:06] pos_logger.DEBUG: class found [] []
[2017-07-18 14:51:06] pos_logger.DEBUG: checking QuickCommerce\Adapter\OC2\Service\Oc2SettingsService [] []
[2017-07-18 14:51:06] pos_logger.DEBUG: class found [] []
[2017-07-18 14:51:09] pos_logger.DEBUG: checking QuickCommerce\Adapter\OC2\Service\Oc2OrderService [] []
[2017-07-18 14:51:09] pos_logger.DEBUG: class found [] []
[2017-07-18 14:51:18] pos_logger.DEBUG: checking QuickCommerce\Adapter\OC2\Service\Oc2OrderService [] []
[2017-07-18 14:51:18] pos_logger.DEBUG: class found [] []
[2017-07-18 14:51:22] pos_logger.DEBUG: checking QuickCommerce\Adapter\OC2\Service\Oc2ReferenceDataService [] []
[2017-07-18 14:51:22] pos_logger.DEBUG: class found [] []
[2017-07-18 14:51:22] pos_logger.DEBUG: checking QuickCommerce\Adapter\OC2\Service\Oc2SettingsService [] []
[2017-07-18 14:51:22] pos_logger.DEBUG: class found [] []
[2017-07-18 14:51:23] pos_logger.DEBUG: checking QuickCommerce\Adapter\OC2\Service\Oc2OrderService [] []
[2017-07-18 14:51:23] pos_logger.DEBUG: class found [] []
[2017-07-18 14:53:16] pos_logger.DEBUG: checking QuickCommerce\Adapter\OC2\Service\Oc2ReferenceDataService [] []
[2017-07-18 14:53:16] pos_logger.DEBUG: class found [] []
[2017-07-18 14:53:17] pos_logger.DEBUG: checking QuickCommerce\Adapter\OC2\Service\Oc2SettingsService [] []
[2017-07-18 14:53:17] pos_logger.DEBUG: class found [] []
[2017-07-18 14:53:17] pos_logger.DEBUG: checking QuickCommerce\Adapter\OC2\Service\Oc2OrderService [] []
[2017-07-18 14:53:17] pos_logger.DEBUG: class found [] []
[2017-07-18 14:59:11] pos_logger.DEBUG: checking QuickCommerce\Adapter\OC2\Service\Oc2ReferenceDataService [] []
[2017-07-18 14:59:11] pos_logger.DEBUG: class found [] []
[2017-07-18 14:59:11] pos_logger.DEBUG: checking QuickCommerce\Adapter\OC2\Service\Oc2SettingsService [] []
[2017-07-18 14:59:11] pos_logger.DEBUG: class found [] []
[2017-07-18 14:59:12] pos_logger.DEBUG: checking QuickCommerce\Adapter\OC2\Service\Oc2ReferenceDataService [] []
[2017-07-18 14:59:12] pos_logger.DEBUG: class found [] []
[2017-07-18 14:59:12] pos_logger.DEBUG: checking QuickCommerce\Adapter\OC2\Service\Oc2SettingsService [] []
[2017-07-18 14:59:12] pos_logger.DEBUG: class found [] []
[2017-07-18 14:59:13] pos_logger.DEBUG: checking QuickCommerce\Adapter\OC2\Service\Oc2OrderService [] []
[2017-07-18 14:59:13] pos_logger.DEBUG: class found [] []
[2017-07-18 15:25:08] pos_logger.DEBUG: checking QuickCommerce\Adapter\OC2\Service\Oc2ReferenceDataService [] []
[2017-07-18 15:25:08] pos_logger.DEBUG: class found [] []
[2017-07-18 15:25:08] pos_logger.DEBUG: checking QuickCommerce\Adapter\OC2\Service\Oc2SettingsService [] []
[2017-07-18 15:25:08] pos_logger.DEBUG: class found [] []
[2017-07-18 15:25:08] pos_logger.DEBUG: checking QuickCommerce\Adapter\OC2\Service\Oc2OrderService [] []
[2017-07-18 15:25:08] pos_logger.DEBUG: class found [] []
[2017-07-18 15:27:03] pos_logger.DEBUG: checking QuickCommerce\Adapter\OC2\Service\Oc2ReferenceDataService [] []
[2017-07-18 15:27:03] pos_logger.DEBUG: class found [] []
[2017-07-18 15:27:03] pos_logger.DEBUG: checking QuickCommerce\Adapter\OC2\Service\Oc2SettingsService [] []
[2017-07-18 15:27:03] pos_logger.DEBUG: class found [] []
[2017-07-18 15:27:04] pos_logger.DEBUG: checking QuickCommerce\Adapter\OC2\Service\Oc2OrderService [] []
[2017-07-18 15:27:04] pos_logger.DEBUG: class found [] []
[2017-07-18 15:37:46] pos_logger.DEBUG: checking QuickCommerce\Adapter\OC2\Service\Oc2ReferenceDataService [] []
[2017-07-18 15:37:46] pos_logger.DEBUG: class found [] []
[2017-07-18 15:37:46] pos_logger.DEBUG: checking QuickCommerce\Adapter\OC2\Service\Oc2SettingsService [] []
[2017-07-18 15:37:46] pos_logger.DEBUG: class found [] []
[2017-07-18 15:37:48] pos_logger.DEBUG: checking QuickCommerce\Adapter\OC2\Service\Oc2OrderService [] []
[2017-07-18 15:37:48] pos_logger.DEBUG: class found [] []
[2017-07-18 16:34:15] pos_logger.DEBUG: checking QuickCommerce\Adapter\OC2\Service\Oc2ReferenceDataService [] []
[2017-07-18 16:34:15] pos_logger.DEBUG: class found [] []
[2017-07-18 16:34:15] pos_logger.DEBUG: checking QuickCommerce\Adapter\OC2\Service\Oc2SettingsService [] []
[2017-07-18 16:34:15] pos_logger.DEBUG: class found [] []
[2017-07-18 16:34:16] pos_logger.DEBUG: checking QuickCommerce\Adapter\OC2\Service\Oc2OrderService [] []
[2017-07-18 16:34:16] pos_logger.DEBUG: class found [] []
[2017-07-18 16:36:32] pos_logger.DEBUG: checking QuickCommerce\Adapter\OC2\Service\Oc2ReferenceDataService [] []
[2017-07-18 16:36:32] pos_logger.DEBUG: class found [] []
[2017-07-18 16:36:32] pos_logger.DEBUG: checking QuickCommerce\Adapter\OC2\Service\Oc2SettingsService [] []
[2017-07-18 16:36:32] pos_logger.DEBUG: class found [] []
[2017-07-18 16:36:32] pos_logger.DEBUG: checking QuickCommerce\Adapter\OC2\Service\Oc2OrderService [] []
[2017-07-18 16:36:32] pos_logger.DEBUG: class found [] []
[2017-07-18 16:52:12] pos_logger.DEBUG: checking QuickCommerce\Adapter\OC2\Service\Oc2ReferenceDataService [] []
[2017-07-18 16:52:12] pos_logger.DEBUG: class found [] []
[2017-07-18 16:52:12] pos_logger.DEBUG: checking QuickCommerce\Adapter\OC2\Service\Oc2SettingsService [] []
[2017-07-18 16:52:12] pos_logger.DEBUG: class found [] []
[2017-07-18 17:21:43] pos_logger.DEBUG: checking QuickCommerce\Adapter\OC2\Service\Oc2ReferenceDataService [] []
[2017-07-18 17:21:43] pos_logger.DEBUG: class found [] []
[2017-07-18 17:21:43] pos_logger.DEBUG: checking QuickCommerce\Adapter\OC2\Service\Oc2SettingsService [] []
[2017-07-18 17:21:43] pos_logger.DEBUG: class found [] []
[2017-07-18 17:21:43] pos_logger.DEBUG: checking QuickCommerce\Adapter\OC2\Service\Oc2OrderService [] []
[2017-07-18 17:21:43] pos_logger.DEBUG: class found [] []
[2017-07-18 17:22:25] pos_logger.DEBUG: checking QuickCommerce\Adapter\OC2\Service\Oc2ReferenceDataService [] []
[2017-07-18 17:22:25] pos_logger.DEBUG: class found [] []
[2017-07-18 17:22:25] pos_logger.DEBUG: checking QuickCommerce\Adapter\OC2\Service\Oc2SettingsService [] []
[2017-07-18 17:22:25] pos_logger.DEBUG: class found [] []
[2017-07-18 17:22:26] pos_logger.DEBUG: checking QuickCommerce\Adapter\OC2\Service\Oc2OrderService [] []
[2017-07-18 17:22:26] pos_logger.DEBUG: class found [] []
[2017-07-18 17:38:03] pos_logger.DEBUG: checking QuickCommerce\Adapter\OC2\Service\Oc2ReferenceDataService [] []
[2017-07-18 17:38:03] pos_logger.DEBUG: class found [] []
[2017-07-18 17:38:04] pos_logger.DEBUG: checking QuickCommerce\Adapter\OC2\Service\Oc2SettingsService [] []
[2017-07-18 17:38:04] pos_logger.DEBUG: class found [] []
[2017-07-18 17:38:08] pos_logger.DEBUG: checking QuickCommerce\Adapter\OC2\Service\Oc2ReferenceDataService [] []
[2017-07-18 17:38:08] pos_logger.DEBUG: class found [] []
[2017-07-18 17:38:09] pos_logger.DEBUG: checking QuickCommerce\Adapter\OC2\Service\Oc2SettingsService [] []
[2017-07-18 17:38:09] pos_logger.DEBUG: class found [] []
[2017-07-18 17:38:11] pos_logger.DEBUG: checking QuickCommerce\Adapter\OC2\Service\Oc2OrderService [] []
[2017-07-18 17:38:11] pos_logger.DEBUG: class found [] []
[2017-07-18 17:51:41] pos_logger.DEBUG: checking QuickCommerce\Adapter\OC2\Service\Oc2ReferenceDataService [] []
[2017-07-18 17:51:41] pos_logger.DEBUG: class found [] []
[2017-07-18 17:51:41] pos_logger.DEBUG: checking QuickCommerce\Adapter\OC2\Service\Oc2SettingsService [] []
[2017-07-18 17:51:41] pos_logger.DEBUG: class found [] []
[2017-07-18 17:56:09] pos_logger.DEBUG: checking QuickCommerce\Adapter\OC2\Service\Oc2ReferenceDataService [] []
[2017-07-18 17:56:09] pos_logger.DEBUG: class found [] []
[2017-07-18 17:56:09] pos_logger.DEBUG: checking QuickCommerce\Adapter\OC2\Service\Oc2SettingsService [] []
[2017-07-18 17:56:09] pos_logger.DEBUG: class found [] []
[2017-07-18 17:56:12] pos_logger.DEBUG: checking QuickCommerce\Adapter\OC2\Service\Oc2OrderService [] []
[2017-07-18 17:56:12] pos_logger.DEBUG: class found [] []
[2017-07-18 17:56:50] pos_logger.DEBUG: checking QuickCommerce\Adapter\OC2\Service\Oc2ReferenceDataService [] []
[2017-07-18 17:56:50] pos_logger.DEBUG: class found [] []
[2017-07-18 17:56:50] pos_logger.DEBUG: checking QuickCommerce\Adapter\OC2\Service\Oc2SettingsService [] []
[2017-07-18 17:56:50] pos_logger.DEBUG: class found [] []
[2017-07-18 17:56:50] pos_logger.DEBUG: checking QuickCommerce\Adapter\OC2\Service\Oc2OrderService [] []
[2017-07-18 17:56:50] pos_logger.DEBUG: class found [] []
[2017-07-18 17:57:16] pos_logger.DEBUG: checking QuickCommerce\Adapter\OC2\Service\Oc2ReferenceDataService [] []
[2017-07-18 17:57:16] pos_logger.DEBUG: class found [] []
[2017-07-18 17:57:16] pos_logger.DEBUG: checking QuickCommerce\Adapter\OC2\Service\Oc2SettingsService [] []
[2017-07-18 17:57:16] pos_logger.DEBUG: class found [] []
[2017-07-18 17:57:18] pos_logger.DEBUG: checking QuickCommerce\Adapter\OC2\Service\Oc2ReferenceDataService [] []
[2017-07-18 17:57:18] pos_logger.DEBUG: class found [] []
[2017-07-18 17:57:18] pos_logger.DEBUG: checking QuickCommerce\Adapter\OC2\Service\Oc2SettingsService [] []
[2017-07-18 17:57:18] pos_logger.DEBUG: class found [] []
[2017-07-18 17:57:19] pos_logger.DEBUG: checking QuickCommerce\Adapter\OC2\Service\Oc2OrderService [] []
[2017-07-18 17:57:19] pos_logger.DEBUG: class found [] []
[2017-07-18 17:57:35] pos_logger.DEBUG: checking QuickCommerce\Adapter\OC2\Service\Oc2ReferenceDataService [] []
[2017-07-18 17:57:35] pos_logger.DEBUG: class found [] []
[2017-07-18 17:57:36] pos_logger.DEBUG: checking QuickCommerce\Adapter\OC2\Service\Oc2SettingsService [] []
[2017-07-18 17:57:36] pos_logger.DEBUG: class found [] []
[2017-07-18 17:57:36] pos_logger.DEBUG: checking QuickCommerce\Adapter\OC2\Service\Oc2OrderService [] []
[2017-07-18 17:57:36] pos_logger.DEBUG: class found [] []
[2017-07-18 18:04:27] pos_logger.DEBUG: checking QuickCommerce\Adapter\OC2\Service\Oc2ReferenceDataService [] []
[2017-07-18 18:04:27] pos_logger.DEBUG: class found [] []
[2017-07-18 18:04:27] pos_logger.DEBUG: checking QuickCommerce\Adapter\OC2\Service\Oc2SettingsService [] []
[2017-07-18 18:04:27] pos_logger.DEBUG: class found [] []
[2017-07-18 18:04:28] pos_logger.DEBUG: checking QuickCommerce\Adapter\OC2\Service\Oc2ReferenceDataService [] []
[2017-07-18 18:04:28] pos_logger.DEBUG: class found [] []
[2017-07-18 18:04:28] pos_logger.DEBUG: checking QuickCommerce\Adapter\OC2\Service\Oc2SettingsService [] []
[2017-07-18 18:04:28] pos_logger.DEBUG: class found [] []
[2017-07-18 18:04:29] pos_logger.DEBUG: checking QuickCommerce\Adapter\OC2\Service\Oc2OrderService [] []
[2017-07-18 18:04:29] pos_logger.DEBUG: class found [] []
[2017-07-18 18:29:33] pos_logger.DEBUG: checking QuickCommerce\Adapter\OC2\Service\Oc2ReferenceDataService [] []
[2017-07-18 18:29:33] pos_logger.DEBUG: class found [] []
[2017-07-18 18:29:33] pos_logger.DEBUG: checking QuickCommerce\Adapter\OC2\Service\Oc2SettingsService [] []
[2017-07-18 18:29:33] pos_logger.DEBUG: class found [] []
[2017-07-18 18:29:34] pos_logger.DEBUG: checking QuickCommerce\Adapter\OC2\Service\Oc2OrderService [] []
[2017-07-18 18:29:34] pos_logger.DEBUG: class found [] []
[2017-07-18 18:36:30] pos_logger.DEBUG: checking QuickCommerce\Adapter\OC2\Service\Oc2ReferenceDataService [] []
[2017-07-18 18:36:30] pos_logger.DEBUG: class found [] []
[2017-07-18 18:36:30] pos_logger.DEBUG: checking QuickCommerce\Adapter\OC2\Service\Oc2SettingsService [] []
[2017-07-18 18:36:30] pos_logger.DEBUG: class found [] []
[2017-07-18 18:36:30] pos_logger.DEBUG: checking QuickCommerce\Adapter\OC2\Service\Oc2OrderService [] []
[2017-07-18 18:36:30] pos_logger.DEBUG: class found [] []
[2017-07-18 19:33:58] pos_logger.DEBUG: checking QuickCommerce\Adapter\OC2\Service\Oc2ReferenceDataService [] []
[2017-07-18 19:33:58] pos_logger.DEBUG: class found [] []
[2017-07-18 19:33:58] pos_logger.DEBUG: checking QuickCommerce\Adapter\OC2\Service\Oc2SettingsService [] []
[2017-07-18 19:33:58] pos_logger.DEBUG: class found [] []
[2017-07-18 19:34:01] pos_logger.DEBUG: checking QuickCommerce\Adapter\OC2\Service\Oc2ReferenceDataService [] []
[2017-07-18 19:34:01] pos_logger.DEBUG: class found [] []
[2017-07-18 19:34:01] pos_logger.DEBUG: checking QuickCommerce\Adapter\OC2\Service\Oc2SettingsService [] []
[2017-07-18 19:34:01] pos_logger.DEBUG: class found [] []
[2017-07-18 19:34:02] pos_logger.DEBUG: checking QuickCommerce\Adapter\OC2\Service\Oc2OrderService [] []
[2017-07-18 19:34:02] pos_logger.DEBUG: class found [] []
[2017-07-18 19:41:56] pos_logger.DEBUG: checking QuickCommerce\Adapter\OC2\Service\Oc2ReferenceDataService [] []
[2017-07-18 19:41:56] pos_logger.DEBUG: class found [] []
[2017-07-18 19:41:56] pos_logger.DEBUG: checking QuickCommerce\Adapter\OC2\Service\Oc2SettingsService [] []
[2017-07-18 19:41:56] pos_logger.DEBUG: class found [] []
[2017-07-18 19:41:57] pos_logger.DEBUG: checking QuickCommerce\Adapter\OC2\Service\Oc2ReferenceDataService [] []
[2017-07-18 19:41:57] pos_logger.DEBUG: class found [] []
[2017-07-18 19:41:58] pos_logger.DEBUG: checking QuickCommerce\Adapter\OC2\Service\Oc2SettingsService [] []
[2017-07-18 19:41:58] pos_logger.DEBUG: class found [] []
[2017-07-18 19:41:58] pos_logger.DEBUG: checking QuickCommerce\Adapter\OC2\Service\Oc2OrderService [] []
[2017-07-18 19:41:58] pos_logger.DEBUG: class found [] []
[2017-07-18 19:45:04] pos_logger.DEBUG: checking QuickCommerce\Adapter\OC2\Service\Oc2ReferenceDataService [] []
[2017-07-18 19:45:04] pos_logger.DEBUG: class found [] []
[2017-07-18 19:45:04] pos_logger.DEBUG: checking QuickCommerce\Adapter\OC2\Service\Oc2SettingsService [] []
[2017-07-18 19:45:04] pos_logger.DEBUG: class found [] []
[2017-07-18 19:45:05] pos_logger.DEBUG: checking QuickCommerce\Adapter\OC2\Service\Oc2OrderService [] []
[2017-07-18 19:45:05] pos_logger.DEBUG: class found [] []
[2017-07-18 19:45:21] pos_logger.DEBUG: checking QuickCommerce\Adapter\OC2\Service\Oc2ReferenceDataService [] []
[2017-07-18 19:45:21] pos_logger.DEBUG: class found [] []
[2017-07-18 19:45:21] pos_logger.DEBUG: checking QuickCommerce\Adapter\OC2\Service\Oc2SettingsService [] []
[2017-07-18 19:45:21] pos_logger.DEBUG: class found [] []
[2017-07-18 19:45:21] pos_logger.DEBUG: checking QuickCommerce\Adapter\OC2\Service\Oc2OrderService [] []
[2017-07-18 19:45:21] pos_logger.DEBUG: class found [] []
[2017-07-18 19:58:49] pos_logger.DEBUG: checking QuickCommerce\Adapter\OC2\Service\Oc2ReferenceDataService [] []
[2017-07-18 19:58:49] pos_logger.DEBUG: class found [] []
[2017-07-18 19:58:49] pos_logger.DEBUG: checking QuickCommerce\Adapter\OC2\Service\Oc2SettingsService [] []
[2017-07-18 19:58:49] pos_logger.DEBUG: class found [] []
[2017-07-18 19:58:50] pos_logger.DEBUG: checking QuickCommerce\Adapter\OC2\Service\Oc2OrderService [] []
[2017-07-18 19:58:50] pos_logger.DEBUG: class found [] []
[2017-07-18 20:01:07] pos_logger.DEBUG: checking QuickCommerce\Adapter\OC2\Service\Oc2ReferenceDataService [] []
[2017-07-18 20:01:07] pos_logger.DEBUG: class found [] []
[2017-07-18 20:01:07] pos_logger.DEBUG: checking QuickCommerce\Adapter\OC2\Service\Oc2SettingsService [] []
[2017-07-18 20:01:07] pos_logger.DEBUG: class found [] []
[2017-07-18 20:01:08] pos_logger.DEBUG: checking QuickCommerce\Adapter\OC2\Service\Oc2OrderService [] []
[2017-07-18 20:01:08] pos_logger.DEBUG: class found [] []
[2017-07-18 20:01:21] pos_logger.DEBUG: checking QuickCommerce\Adapter\OC2\Service\Oc2ReferenceDataService [] []
[2017-07-18 20:01:21] pos_logger.DEBUG: class found [] []
[2017-07-18 20:01:21] pos_logger.DEBUG: checking QuickCommerce\Adapter\OC2\Service\Oc2SettingsService [] []
[2017-07-18 20:01:21] pos_logger.DEBUG: class found [] []
[2017-07-18 20:01:23] pos_logger.DEBUG: checking QuickCommerce\Adapter\OC2\Service\Oc2OrderService [] []
[2017-07-18 20:01:23] pos_logger.DEBUG: class found [] []
[2017-07-18 20:14:22] pos_logger.DEBUG: checking QuickCommerce\Adapter\OC2\Service\Oc2ReferenceDataService [] []
[2017-07-18 20:14:22] pos_logger.DEBUG: class found [] []
[2017-07-18 20:14:22] pos_logger.DEBUG: checking QuickCommerce\Adapter\OC2\Service\Oc2SettingsService [] []
[2017-07-18 20:14:22] pos_logger.DEBUG: class found [] []
[2017-07-18 20:14:23] pos_logger.DEBUG: checking QuickCommerce\Adapter\OC2\Service\Oc2OrderService [] []
[2017-07-18 20:14:23] pos_logger.DEBUG: class found [] []
[2017-07-18 20:15:12] pos_logger.DEBUG: checking QuickCommerce\Adapter\OC2\Service\Oc2ReferenceDataService [] []
[2017-07-18 20:15:12] pos_logger.DEBUG: class found [] []
[2017-07-18 20:15:12] pos_logger.DEBUG: checking QuickCommerce\Adapter\OC2\Service\Oc2SettingsService [] []
[2017-07-18 20:15:12] pos_logger.DEBUG: class found [] []
[2017-07-18 20:15:15] pos_logger.DEBUG: checking QuickCommerce\Adapter\OC2\Service\Oc2ReferenceDataService [] []
[2017-07-18 20:15:15] pos_logger.DEBUG: class found [] []
[2017-07-18 20:15:15] pos_logger.DEBUG: checking QuickCommerce\Adapter\OC2\Service\Oc2SettingsService [] []
[2017-07-18 20:15:15] pos_logger.DEBUG: class found [] []
[2017-07-18 20:15:16] pos_logger.DEBUG: checking QuickCommerce\Adapter\OC2\Service\Oc2OrderService [] []
[2017-07-18 20:15:16] pos_logger.DEBUG: class found [] []
[2017-07-18 20:18:34] pos_logger.DEBUG: checking QuickCommerce\Adapter\OC2\Service\Oc2ReferenceDataService [] []
[2017-07-18 20:18:34] pos_logger.DEBUG: class found [] []
[2017-07-18 20:18:34] pos_logger.DEBUG: checking QuickCommerce\Adapter\OC2\Service\Oc2SettingsService [] []
[2017-07-18 20:18:34] pos_logger.DEBUG: class found [] []
[2017-07-18 20:18:35] pos_logger.DEBUG: checking QuickCommerce\Adapter\OC2\Service\Oc2OrderService [] []
[2017-07-18 20:18:35] pos_logger.DEBUG: class found [] []
[2017-07-18 20:40:31] pos_logger.DEBUG: checking QuickCommerce\Adapter\OC2\Service\Oc2ReferenceDataService [] []
[2017-07-18 20:40:31] pos_logger.DEBUG: class found [] []
[2017-07-18 20:40:31] pos_logger.DEBUG: checking QuickCommerce\Adapter\OC2\Service\Oc2SettingsService [] []
[2017-07-18 20:40:31] pos_logger.DEBUG: class found [] []
[2017-07-18 20:40:34] pos_logger.DEBUG: checking QuickCommerce\Adapter\OC2\Service\Oc2ReferenceDataService [] []
[2017-07-18 20:40:34] pos_logger.DEBUG: class found [] []
[2017-07-18 20:40:34] pos_logger.DEBUG: checking QuickCommerce\Adapter\OC2\Service\Oc2SettingsService [] []
[2017-07-18 20:40:34] pos_logger.DEBUG: class found [] []
[2017-07-18 20:40:35] pos_logger.DEBUG: checking QuickCommerce\Adapter\OC2\Service\Oc2OrderService [] []
[2017-07-18 20:40:35] pos_logger.DEBUG: class found [] []
[2017-07-18 20:52:12] pos_logger.DEBUG: checking QuickCommerce\Adapter\OC2\Service\Oc2ReferenceDataService [] []
[2017-07-18 20:52:12] pos_logger.DEBUG: class found [] []
[2017-07-18 20:52:12] pos_logger.DEBUG: checking QuickCommerce\Adapter\OC2\Service\Oc2SettingsService [] []
[2017-07-18 20:52:12] pos_logger.DEBUG: class found [] []
[2017-07-18 20:52:13] pos_logger.DEBUG: checking QuickCommerce\Adapter\OC2\Service\Oc2OrderService [] []
[2017-07-18 20:52:13] pos_logger.DEBUG: class found [] []
[2017-07-18 21:06:24] pos_logger.DEBUG: checking QuickCommerce\Adapter\OC2\Service\Oc2ReferenceDataService [] []
[2017-07-18 21:06:24] pos_logger.DEBUG: class found [] []
[2017-07-18 21:06:24] pos_logger.DEBUG: checking QuickCommerce\Adapter\OC2\Service\Oc2SettingsService [] []
[2017-07-18 21:06:24] pos_logger.DEBUG: class found [] []
[2017-07-18 21:06:24] pos_logger.DEBUG: checking QuickCommerce\Adapter\OC2\Service\Oc2OrderService [] []
[2017-07-18 21:06:24] pos_logger.DEBUG: class found [] []
[2017-07-18 21:07:11] pos_logger.DEBUG: checking QuickCommerce\Adapter\OC2\Service\Oc2OrderService [] []
[2017-07-18 21:07:11] pos_logger.DEBUG: class found [] []
[2017-07-18 21:07:24] pos_logger.DEBUG: checking QuickCommerce\Adapter\OC2\Service\Oc2OrderService [] []
[2017-07-18 21:07:24] pos_logger.DEBUG: class found [] []
[2017-07-18 21:10:04] pos_logger.DEBUG: checking QuickCommerce\Adapter\OC2\Service\Oc2ReferenceDataService [] []
[2017-07-18 21:10:04] pos_logger.DEBUG: class found [] []
[2017-07-18 21:10:05] pos_logger.DEBUG: checking QuickCommerce\Adapter\OC2\Service\Oc2SettingsService [] []
[2017-07-18 21:10:05] pos_logger.DEBUG: class found [] []
[2017-07-18 21:10:05] pos_logger.DEBUG: checking QuickCommerce\Adapter\OC2\Service\Oc2OrderService [] []
[2017-07-18 21:10:05] pos_logger.DEBUG: class found [] []
[2017-07-18 21:21:32] pos_logger.DEBUG: checking QuickCommerce\Adapter\OC2\Service\Oc2ReferenceDataService [] []
[2017-07-18 21:21:32] pos_logger.DEBUG: class found [] []
[2017-07-18 21:21:32] pos_logger.DEBUG: checking QuickCommerce\Adapter\OC2\Service\Oc2SettingsService [] []
[2017-07-18 21:21:32] pos_logger.DEBUG: class found [] []
[2017-07-18 21:21:34] pos_logger.DEBUG: checking QuickCommerce\Adapter\OC2\Service\Oc2OrderService [] []
[2017-07-18 21:21:34] pos_logger.DEBUG: class found [] []
[2017-07-18 21:54:31] pos_logger.DEBUG: checking QuickCommerce\Adapter\OC2\Service\Oc2ReferenceDataService [] []
[2017-07-18 21:54:31] pos_logger.DEBUG: class found [] []
[2017-07-18 21:54:31] pos_logger.DEBUG: checking QuickCommerce\Adapter\OC2\Service\Oc2SettingsService [] []
[2017-07-18 21:54:31] pos_logger.DEBUG: class found [] []
[2017-07-18 21:54:32] pos_logger.DEBUG: checking QuickCommerce\Adapter\OC2\Service\Oc2OrderService [] []
[2017-07-18 21:54:32] pos_logger.DEBUG: class found [] []
[2017-07-18 21:54:36] pos_logger.DEBUG: checking QuickCommerce\Adapter\OC2\Service\Oc2ReferenceDataService [] []
[2017-07-18 21:54:36] pos_logger.DEBUG: class found [] []
[2017-07-18 21:54:36] pos_logger.DEBUG: checking QuickCommerce\Adapter\OC2\Service\Oc2SettingsService [] []
[2017-07-18 21:54:36] pos_logger.DEBUG: class found [] []
[2017-07-18 21:54:40] pos_logger.DEBUG: checking QuickCommerce\Adapter\OC2\Service\Oc2ReferenceDataService [] []
[2017-07-18 21:54:40] pos_logger.DEBUG: class found [] []
[2017-07-18 21:54:40] pos_logger.DEBUG: checking QuickCommerce\Adapter\OC2\Service\Oc2SettingsService [] []
[2017-07-18 21:54:40] pos_logger.DEBUG: class found [] []
[2017-07-18 21:54:40] pos_logger.DEBUG: checking QuickCommerce\Adapter\OC2\Service\Oc2OrderService [] []
[2017-07-18 21:54:40] pos_logger.DEBUG: class found [] []
[2017-07-18 21:55:36] pos_logger.DEBUG: checking QuickCommerce\Adapter\OC2\Service\Oc2OrderService [] []
[2017-07-18 21:55:36] pos_logger.DEBUG: class found [] []
[2017-07-18 21:55:37] pos_logger.DEBUG: checking QuickCommerce\Adapter\OC2\Service\Oc2OrderService [] []
[2017-07-18 21:55:37] pos_logger.DEBUG: class found [] []
[2017-07-18 21:56:20] pos_logger.DEBUG: checking QuickCommerce\Adapter\OC2\Service\Oc2OrderService [] []
[2017-07-18 21:56:20] pos_logger.DEBUG: class found [] []
[2017-07-18 21:56:21] pos_logger.DEBUG: checking QuickCommerce\Adapter\OC2\Service\Oc2OrderService [] []
[2017-07-18 21:56:21] pos_logger.DEBUG: class found [] []
[2017-07-18 21:59:35] pos_logger.DEBUG: checking QuickCommerce\Adapter\OC2\Service\Oc2ReferenceDataService [] []
[2017-07-18 21:59:35] pos_logger.DEBUG: class found [] []
[2017-07-18 21:59:35] pos_logger.DEBUG: checking QuickCommerce\Adapter\OC2\Service\Oc2SettingsService [] []
[2017-07-18 21:59:35] pos_logger.DEBUG: class found [] []
[2017-07-18 21:59:36] pos_logger.DEBUG: checking QuickCommerce\Adapter\OC2\Service\Oc2OrderService [] []
[2017-07-18 21:59:36] pos_logger.DEBUG: class found [] []
[2017-07-18 22:10:19] pos_logger.DEBUG: checking QuickCommerce\Adapter\OC2\Service\Oc2ReferenceDataService [] []
[2017-07-18 22:10:19] pos_logger.DEBUG: class found [] []
[2017-07-18 22:10:19] pos_logger.DEBUG: checking QuickCommerce\Adapter\OC2\Service\Oc2SettingsService [] []
[2017-07-18 22:10:19] pos_logger.DEBUG: class found [] []
[2017-07-18 22:10:20] pos_logger.DEBUG: checking QuickCommerce\Adapter\OC2\Service\Oc2OrderService [] []
[2017-07-18 22:10:20] pos_logger.DEBUG: class found [] []
[2017-07-18 22:12:31] pos_logger.DEBUG: checking QuickCommerce\Adapter\OC2\Service\Oc2ReferenceDataService [] []
[2017-07-18 22:12:31] pos_logger.DEBUG: class found [] []
[2017-07-18 22:12:31] pos_logger.DEBUG: checking QuickCommerce\Adapter\OC2\Service\Oc2SettingsService [] []
[2017-07-18 22:12:31] pos_logger.DEBUG: class found [] []
[2017-07-18 22:12:32] pos_logger.DEBUG: checking QuickCommerce\Adapter\OC2\Service\Oc2ReferenceDataService [] []
[2017-07-18 22:12:32] pos_logger.DEBUG: class found [] []
[2017-07-18 22:12:32] pos_logger.DEBUG: checking QuickCommerce\Adapter\OC2\Service\Oc2SettingsService [] []
[2017-07-18 22:12:32] pos_logger.DEBUG: class found [] []
[2017-07-18 22:12:32] pos_logger.DEBUG: checking QuickCommerce\Adapter\OC2\Service\Oc2OrderService [] []
[2017-07-18 22:12:32] pos_logger.DEBUG: class found [] []
[2017-07-18 22:16:51] pos_logger.DEBUG: checking QuickCommerce\Adapter\OC2\Service\Oc2ReferenceDataService [] []
[2017-07-18 22:16:51] pos_logger.DEBUG: class found [] []
[2017-07-18 22:16:51] pos_logger.DEBUG: checking QuickCommerce\Adapter\OC2\Service\Oc2SettingsService [] []
[2017-07-18 22:16:51] pos_logger.DEBUG: class found [] []
[2017-07-18 22:16:56] pos_logger.DEBUG: checking QuickCommerce\Adapter\OC2\Service\Oc2ReferenceDataService [] []
[2017-07-18 22:16:56] pos_logger.DEBUG: class found [] []
[2017-07-18 22:16:56] pos_logger.DEBUG: checking QuickCommerce\Adapter\OC2\Service\Oc2SettingsService [] []
[2017-07-18 22:16:56] pos_logger.DEBUG: class found [] []
[2017-07-18 22:16:57] pos_logger.DEBUG: checking QuickCommerce\Adapter\OC2\Service\Oc2OrderService [] []
[2017-07-18 22:16:57] pos_logger.DEBUG: class found [] []
[2017-07-18 22:21:31] pos_logger.DEBUG: checking QuickCommerce\Adapter\OC2\Service\Oc2ReferenceDataService [] []
[2017-07-18 22:21:31] pos_logger.DEBUG: class found [] []
[2017-07-18 22:21:31] pos_logger.DEBUG: checking QuickCommerce\Adapter\OC2\Service\Oc2SettingsService [] []
[2017-07-18 22:21:31] pos_logger.DEBUG: class found [] []
[2017-07-18 22:21:32] pos_logger.DEBUG: checking QuickCommerce\Adapter\OC2\Service\Oc2ReferenceDataService [] []
[2017-07-18 22:21:32] pos_logger.DEBUG: class found [] []
[2017-07-18 22:21:32] pos_logger.DEBUG: checking QuickCommerce\Adapter\OC2\Service\Oc2SettingsService [] []
[2017-07-18 22:21:32] pos_logger.DEBUG: class found [] []
[2017-07-18 22:21:33] pos_logger.DEBUG: checking QuickCommerce\Adapter\OC2\Service\Oc2OrderService [] []
[2017-07-18 22:21:33] pos_logger.DEBUG: class found [] []
[2017-07-18 22:23:40] pos_logger.DEBUG: checking QuickCommerce\Adapter\OC2\Service\Oc2OrderService [] []
[2017-07-18 22:23:40] pos_logger.DEBUG: class found [] []
[2017-07-18 22:23:52] pos_logger.DEBUG: checking QuickCommerce\Adapter\OC2\Service\Oc2OrderService [] []
[2017-07-18 22:23:52] pos_logger.DEBUG: class found [] []
[2017-07-18 22:25:26] pos_logger.DEBUG: checking QuickCommerce\Adapter\OC2\Service\Oc2OrderService [] []
[2017-07-18 22:25:26] pos_logger.DEBUG: class found [] []
[2017-07-18 22:25:32] pos_logger.DEBUG: checking QuickCommerce\Adapter\OC2\Service\Oc2OrderService [] []
[2017-07-18 22:25:32] pos_logger.DEBUG: class found [] []
[2017-07-18 22:25:41] pos_logger.DEBUG: checking QuickCommerce\Adapter\OC2\Service\Oc2ReferenceDataService [] []
[2017-07-18 22:25:42] pos_logger.DEBUG: class found [] []
[2017-07-18 22:25:42] pos_logger.DEBUG: checking QuickCommerce\Adapter\OC2\Service\Oc2SettingsService [] []
[2017-07-18 22:25:42] pos_logger.DEBUG: class found [] []
[2017-07-18 22:25:42] pos_logger.DEBUG: checking QuickCommerce\Adapter\OC2\Service\Oc2OrderService [] []
[2017-07-18 22:25:42] pos_logger.DEBUG: class found [] []
[2017-07-18 22:27:24] pos_logger.DEBUG: checking QuickCommerce\Adapter\OC2\Service\Oc2ReferenceDataService [] []
[2017-07-18 22:27:24] pos_logger.DEBUG: class found [] []
[2017-07-18 22:27:24] pos_logger.DEBUG: checking QuickCommerce\Adapter\OC2\Service\Oc2SettingsService [] []
[2017-07-18 22:27:24] pos_logger.DEBUG: class found [] []
[2017-07-18 22:27:25] pos_logger.DEBUG: checking QuickCommerce\Adapter\OC2\Service\Oc2OrderService [] []
[2017-07-18 22:27:25] pos_logger.DEBUG: class found [] []
[2017-07-18 22:29:59] pos_logger.DEBUG: checking QuickCommerce\Adapter\OC2\Service\Oc2ReferenceDataService [] []
[2017-07-18 22:29:59] pos_logger.DEBUG: class found [] []
[2017-07-18 22:29:59] pos_logger.DEBUG: checking QuickCommerce\Adapter\OC2\Service\Oc2SettingsService [] []
[2017-07-18 22:29:59] pos_logger.DEBUG: class found [] []
[2017-07-18 22:29:59] pos_logger.DEBUG: checking QuickCommerce\Adapter\OC2\Service\Oc2OrderService [] []
[2017-07-18 22:29:59] pos_logger.DEBUG: class found [] []
[2017-07-18 22:30:06] pos_logger.DEBUG: checking QuickCommerce\Adapter\OC2\Service\Oc2OrderService [] []
[2017-07-18 22:30:06] pos_logger.DEBUG: class found [] []
[2017-07-18 22:30:46] pos_logger.DEBUG: checking QuickCommerce\Adapter\OC2\Service\Oc2OrderService [] []
[2017-07-18 22:30:46] pos_logger.DEBUG: class found [] []
[2017-07-18 22:30:46] pos_logger.DEBUG: checking QuickCommerce\Adapter\OC2\Service\Oc2OrderService [] []
[2017-07-18 22:30:46] pos_logger.DEBUG: class found [] []
[2017-07-18 22:30:47] pos_logger.DEBUG: checking QuickCommerce\Adapter\OC2\Service\Oc2ReferenceDataService [] []
[2017-07-18 22:30:47] pos_logger.DEBUG: class found [] []
[2017-07-18 22:30:47] pos_logger.DEBUG: checking QuickCommerce\Adapter\OC2\Service\Oc2SettingsService [] []
[2017-07-18 22:30:47] pos_logger.DEBUG: class found [] []
[2017-07-18 22:30:47] pos_logger.DEBUG: checking QuickCommerce\Adapter\OC2\Service\Oc2OrderService [] []
[2017-07-18 22:30:47] pos_logger.DEBUG: class found [] []
[2017-07-18 22:30:50] pos_logger.DEBUG: checking QuickCommerce\Adapter\OC2\Service\Oc2OrderService [] []
[2017-07-18 22:30:50] pos_logger.DEBUG: class found [] []
[2017-07-18 22:30:50] pos_logger.DEBUG: updating quantity with change 1 for productId  and productOptionValueIds Array ( )  [] []
[2017-07-18 22:30:50] pos_logger.DEBUG: checking QuickCommerce\Adapter\OC2\Service\Oc2OrderService [] []
[2017-07-18 22:30:50] pos_logger.DEBUG: class found [] []
[2017-07-18 22:30:54] pos_logger.DEBUG: checking QuickCommerce\Adapter\OC2\Service\Oc2OrderService [] []
[2017-07-18 22:30:54] pos_logger.DEBUG: class found [] []
[2017-07-18 22:30:54] pos_logger.DEBUG: checking QuickCommerce\Adapter\OC2\Service\Oc2OrderService [] []
[2017-07-18 22:30:54] pos_logger.DEBUG: class found [] []
[2017-07-18 22:31:07] pos_logger.DEBUG: checking QuickCommerce\Adapter\OC2\Service\Oc2OrderService [] []
[2017-07-18 22:31:07] pos_logger.DEBUG: class found [] []
[2017-07-18 22:31:07] pos_logger.DEBUG: updating quantity with change 1 for productId  and productOptionValueIds Array ( )  [] []
[2017-07-18 22:31:07] pos_logger.DEBUG: checking QuickCommerce\Adapter\OC2\Service\Oc2OrderService [] []
[2017-07-18 22:31:07] pos_logger.DEBUG: class found [] []
[2017-07-18 22:31:15] pos_logger.DEBUG: checking QuickCommerce\Adapter\OC2\Service\Oc2OrderService [] []
[2017-07-18 22:31:15] pos_logger.DEBUG: class found [] []
[2017-07-18 22:31:15] pos_logger.DEBUG: checking QuickCommerce\Adapter\OC2\Service\Oc2OrderService [] []
[2017-07-18 22:31:15] pos_logger.DEBUG: class found [] []
[2017-07-18 22:32:40] pos_logger.DEBUG: checking QuickCommerce\Adapter\OC2\Service\Oc2ReferenceDataService [] []
[2017-07-18 22:32:40] pos_logger.DEBUG: class found [] []
[2017-07-18 22:32:40] pos_logger.DEBUG: checking QuickCommerce\Adapter\OC2\Service\Oc2SettingsService [] []
[2017-07-18 22:32:40] pos_logger.DEBUG: class found [] []
[2017-07-18 22:32:40] pos_logger.DEBUG: checking QuickCommerce\Adapter\OC2\Service\Oc2OrderService [] []
[2017-07-18 22:32:40] pos_logger.DEBUG: class found [] []
[2017-07-18 22:38:20] pos_logger.DEBUG: checking QuickCommerce\Adapter\OC2\Service\Oc2ReferenceDataService [] []
[2017-07-18 22:38:20] pos_logger.DEBUG: class found [] []
[2017-07-18 22:38:20] pos_logger.DEBUG: checking QuickCommerce\Adapter\OC2\Service\Oc2SettingsService [] []
[2017-07-18 22:38:20] pos_logger.DEBUG: class found [] []
[2017-07-18 22:39:46] pos_logger.DEBUG: checking QuickCommerce\Adapter\OC2\Service\Oc2ReferenceDataService [] []
[2017-07-18 22:39:46] pos_logger.DEBUG: class found [] []
[2017-07-18 22:39:46] pos_logger.DEBUG: checking QuickCommerce\Adapter\OC2\Service\Oc2SettingsService [] []
[2017-07-18 22:39:46] pos_logger.DEBUG: class found [] []
[2017-07-18 22:39:47] pos_logger.DEBUG: checking QuickCommerce\Adapter\OC2\Service\Oc2OrderService [] []
[2017-07-18 22:39:47] pos_logger.DEBUG: class found [] []
[2017-07-18 22:39:51] pos_logger.DEBUG: checking QuickCommerce\Adapter\OC2\Service\Oc2OrderService [] []
[2017-07-18 22:39:51] pos_logger.DEBUG: class found [] []
[2017-07-18 22:39:51] pos_logger.DEBUG: checking QuickCommerce\Adapter\OC2\Service\Oc2OrderService [] []
[2017-07-18 22:39:51] pos_logger.DEBUG: class found [] []
[2017-07-18 22:47:24] pos_logger.DEBUG: checking QuickCommerce\Adapter\OC2\Service\Oc2ReferenceDataService [] []
[2017-07-18 22:47:24] pos_logger.DEBUG: class found [] []
[2017-07-18 22:47:24] pos_logger.DEBUG: checking QuickCommerce\Adapter\OC2\Service\Oc2SettingsService [] []
[2017-07-18 22:47:24] pos_logger.DEBUG: class found [] []
[2017-07-18 22:47:24] pos_logger.DEBUG: checking QuickCommerce\Adapter\OC2\Service\Oc2OrderService [] []
[2017-07-18 22:47:24] pos_logger.DEBUG: class found [] []
[2017-07-18 22:47:32] pos_logger.DEBUG: checking QuickCommerce\Adapter\OC2\Service\Oc2OrderService [] []
[2017-07-18 22:47:32] pos_logger.DEBUG: class found [] []
[2017-07-18 22:47:32] pos_logger.DEBUG: checking QuickCommerce\Adapter\OC2\Service\Oc2OrderService [] []
[2017-07-18 22:47:32] pos_logger.DEBUG: class found [] []
[2017-07-18 23:07:43] pos_logger.DEBUG: checking QuickCommerce\Adapter\OC2\Service\Oc2OrderService [] []
[2017-07-18 23:07:43] pos_logger.DEBUG: class found [] []
[2017-07-18 23:07:44] pos_logger.DEBUG: checking QuickCommerce\Adapter\OC2\Service\Oc2OrderService [] []
[2017-07-18 23:07:44] pos_logger.DEBUG: class found [] []
[2017-07-18 23:56:16] pos_logger.DEBUG: checking QuickCommerce\Adapter\OC2\Service\Oc2ReferenceDataService [] []
[2017-07-18 23:56:16] pos_logger.DEBUG: class found [] []
[2017-07-18 23:56:16] pos_logger.DEBUG: checking QuickCommerce\Adapter\OC2\Service\Oc2SettingsService [] []
[2017-07-18 23:56:16] pos_logger.DEBUG: class found [] []
[2017-07-18 23:56:16] pos_logger.DEBUG: checking QuickCommerce\Adapter\OC2\Service\Oc2OrderService [] []
[2017-07-18 23:56:16] pos_logger.DEBUG: class found [] []
