[2017-08-25 09:40:48] pos_logger.DEBUG: checking QuickCommerce\Adapter\OC2\Service\Oc2ReferenceDataService [] []
[2017-08-25 09:40:48] pos_logger.DEBUG: class found [] []
[2017-08-25 09:40:50] pos_logger.DEBUG: checking QuickCommerce\Adapter\OC2\Service\Oc2OrderService [] []
[2017-08-25 09:40:50] pos_logger.DEBUG: class found [] []
[2017-08-25 09:40:51] pos_logger.DEBUG: checking QuickCommerce\Adapter\OC2\Service\Oc2SettingsService [] []
[2017-08-25 09:40:51] pos_logger.DEBUG: class found [] []
[2017-08-25 09:40:51] pos_logger.DEBUG: checking QuickCommerce\Adapter\OC2\Service\Oc2OrderService [] []
[2017-08-25 09:40:51] pos_logger.DEBUG: class found [] []
[2017-08-25 09:40:52] pos_logger.DEBUG: checking QuickCommerce\Adapter\OC2\Service\Oc2OrderService [] []
[2017-08-25 09:40:52] pos_logger.DEBUG: class found [] []
[2017-08-25 09:40:53] pos_logger.DEBUG: checking QuickCommerce\Adapter\OC2\Service\Oc2OrderService [] []
[2017-08-25 09:40:53] pos_logger.DEBUG: class found [] []
[2017-08-25 09:40:53] pos_logger.DEBUG: checking QuickCommerce\Adapter\OC2\Service\Oc2OrderService [] []
[2017-08-25 09:40:53] pos_logger.DEBUG: class found [] []
[2017-08-25 09:40:57] pos_logger.DEBUG: checking QuickCommerce\Adapter\OC2\Service\Oc2OrderService [] []
[2017-08-25 09:40:57] pos_logger.DEBUG: class found [] []
[2017-08-25 09:40:58] pos_logger.DEBUG: checking QuickCommerce\Adapter\OC2\Service\Oc2OrderService [] []
[2017-08-25 09:40:58] pos_logger.DEBUG: class found [] []
[2017-08-25 09:45:42] pos_logger.DEBUG: checking QuickCommerce\Adapter\OC2\Service\Oc2ReferenceDataService [] []
[2017-08-25 09:45:42] pos_logger.DEBUG: class found [] []
[2017-08-25 09:45:43] pos_logger.DEBUG: checking QuickCommerce\Adapter\OC2\Service\Oc2SettingsService [] []
[2017-08-25 09:45:43] pos_logger.DEBUG: class found [] []
[2017-08-25 09:45:44] pos_logger.DEBUG: checking QuickCommerce\Adapter\OC2\Service\Oc2OrderService [] []
[2017-08-25 09:45:44] pos_logger.DEBUG: class found [] []
[2017-08-25 09:45:45] pos_logger.DEBUG: checking QuickCommerce\Adapter\OC2\Service\Oc2OrderService [] []
[2017-08-25 09:45:45] pos_logger.DEBUG: class found [] []
[2017-08-25 09:45:45] pos_logger.DEBUG: checking QuickCommerce\Adapter\OC2\Service\Oc2OrderService [] []
[2017-08-25 09:45:45] pos_logger.DEBUG: checking QuickCommerce\Adapter\OC2\Service\Oc2OrderService [] []
[2017-08-25 09:45:45] pos_logger.DEBUG: class found [] []
[2017-08-25 09:45:45] pos_logger.DEBUG: class found [] []
[2017-08-25 09:45:45] pos_logger.DEBUG: checking QuickCommerce\Adapter\OC2\Service\Oc2CustomerService [] []
[2017-08-25 09:45:45] pos_logger.DEBUG: checking QuickCommerce\Adapter\OC2\Service\Oc2CustomerService [] []
[2017-08-25 09:45:45] pos_logger.DEBUG: checking QuickCommerce\Adapter\OC2\Service\Oc2CustomerService [] []
[2017-08-25 09:45:46] pos_logger.DEBUG: class found [] []
[2017-08-25 09:45:46] pos_logger.DEBUG: class found [] []
[2017-08-25 09:45:46] pos_logger.DEBUG: QuickCommerce\Model\View\PosCustomerDetails Object (     [customer:protected] => QuickCommerce\Model\Core\Customer\PosCustomer Object         (             [customerId:protected] => 1             [customerGroupId:protected] => 1             [firstname:protected] => ACE             [lastname:protected] => Cashier             [email:protected] => lucaslopatka@gmail.com             [telephone:protected] => 666-666-6666             [fax:protected] =>              [password:protected] => 91c725418eae5f87b72dea4f8475b0133ddf9963             [salt:protected] => 06b0cf3bb             [newsletter:protected] =>              [addressId:protected] => 715             [status:protected] => 1             [approved:protected] => 1             [safe:protected] => 1             [token:protected] =>              [dateAdded:protected] => DateTime Object                 (                     [date] => 2017-06-21 18:31:46.000000                     [timezone_type] => 3                     [timezone] => MST                 )          )      [addresses:protected] => Array         (             [0] => QuickCommerce\Model\Core\Address\PosAddress Object                 (                     [addressId:protected] => 715                     [customerId:protected] => 1                     [firstname:protected] => ACE                     [lastname:protected] => Cashier                     [company:protected] =>                      [address1:protected] => 10055 80 Ave NW                     [address2:protected] =>                      [city:protected] => Edmonton                     [postcode:protected] => T6E 1T4                     [countryId:protected] => 38                     [zoneId:protected] => 602                 )          )  )  [] []
[2017-08-25 09:45:46] pos_logger.DEBUG: QuickCommerce\Model\View\PosCustomerDetails Object (     [customer:protected] => QuickCommerce\Model\Core\Customer\PosCustomer Object         (             [customerId:protected] => 1             [customerGroupId:protected] => 1             [firstname:protected] => ACE             [lastname:protected] => Cashier             [email:protected] => lucaslopatka@gmail.com             [telephone:protected] => 666-666-6666             [fax:protected] =>              [password:protected] => 91c725418eae5f87b72dea4f8475b0133ddf9963             [salt:protected] => 06b0cf3bb             [newsletter:protected] =>              [addressId:protected] => 715             [status:protected] => 1             [approved:protected] => 1             [safe:protected] => 1             [token:protected] =>              [dateAdded:protected] => DateTime Object                 (                     [date] => 2017-06-21 18:31:46.000000                     [timezone_type] => 3                     [timezone] => MST                 )          )      [addresses:protected] => Array         (             [0] => QuickCommerce\Model\Core\Address\PosAddress Object                 (                     [addressId:protected] => 715                     [customerId:protected] => 1                     [firstname:protected] => ACE                     [lastname:protected] => Cashier                     [company:protected] =>                      [address1:protected] => 10055 80 Ave NW                     [address2:protected] =>                      [city:protected] => Edmonton                     [postcode:protected] => T6E 1T4                     [countryId:protected] => 38                     [zoneId:protected] => 602                 )          )  )  [] []
[2017-08-25 09:45:46] pos_logger.DEBUG: QuickCommerce\Model\View\PosCustomerDetails Object (     [customer:protected] => QuickCommerce\Model\Core\Customer\PosCustomer Object         (             [customerId:protected] => 1             [customerGroupId:protected] => 1             [firstname:protected] => ACE             [lastname:protected] => Cashier             [email:protected] => lucaslopatka@gmail.com             [telephone:protected] => 666-666-6666             [fax:protected] =>              [password:protected] => 91c725418eae5f87b72dea4f8475b0133ddf9963             [salt:protected] => 06b0cf3bb             [newsletter:protected] =>              [addressId:protected] => 715             [status:protected] => 1             [approved:protected] => 1             [safe:protected] => 1             [token:protected] =>              [dateAdded:protected] => DateTime Object                 (                     [date] => 2017-06-21 18:31:46.000000                     [timezone_type] => 3                     [timezone] => MST                 )          )      [addresses:protected] => Array         (             [0] => QuickCommerce\Model\Core\Address\PosAddress Object                 (                     [addressId:protected] => 715                     [customerId:protected] => 1                     [firstname:protected] => ACE                     [lastname:protected] => Cashier                     [company:protected] =>                      [address1:protected] => 10055 80 Ave NW                     [address2:protected] =>                      [city:protected] => Edmonton                     [postcode:protected] => T6E 1T4                     [countryId:protected] => 38                     [zoneId:protected] => 602                 )          )  )  [] []
[2017-08-25 09:45:47] pos_logger.DEBUG: checking QuickCommerce\Adapter\OC2\Service\Oc2OrderService [] []
[2017-08-25 09:45:47] pos_logger.DEBUG: class found [] []
[2017-08-25 09:45:47] pos_logger.DEBUG: checking QuickCommerce\Adapter\OC2\Service\Oc2OrderService [] []
[2017-08-25 09:45:47] pos_logger.DEBUG: checking QuickCommerce\Adapter\OC2\Service\Oc2OrderService [] []
[2017-08-25 09:45:47] pos_logger.DEBUG: class found [] []
[2017-08-25 09:45:47] pos_logger.DEBUG: class found [] []
[2017-08-25 09:45:50] pos_logger.DEBUG: checking QuickCommerce\Adapter\OC2\Service\Oc2OrderService [] []
[2017-08-25 09:45:50] pos_logger.DEBUG: class found [] []
[2017-08-25 09:45:52] pos_logger.DEBUG: checking QuickCommerce\Adapter\OC2\Service\Oc2OrderService [] []
[2017-08-25 09:45:52] pos_logger.DEBUG: class found [] []
[2017-08-25 09:46:29] pos_logger.DEBUG: checking QuickCommerce\Adapter\OC2\Service\Oc2ReferenceDataService [] []
[2017-08-25 09:46:29] pos_logger.DEBUG: class found [] []
[2017-08-25 09:46:29] pos_logger.DEBUG: checking QuickCommerce\Adapter\OC2\Service\Oc2SettingsService [] []
[2017-08-25 09:46:29] pos_logger.DEBUG: class found [] []
[2017-08-25 09:46:30] pos_logger.DEBUG: checking QuickCommerce\Adapter\OC2\Service\Oc2OrderService [] []
[2017-08-25 09:46:30] pos_logger.DEBUG: class found [] []
[2017-08-25 09:46:32] pos_logger.DEBUG: checking QuickCommerce\Adapter\OC2\Service\Oc2OrderService [] []
[2017-08-25 09:46:32] pos_logger.DEBUG: class found [] []
[2017-08-25 09:46:32] pos_logger.DEBUG: checking QuickCommerce\Adapter\OC2\Service\Oc2OrderService [] []
[2017-08-25 09:46:32] pos_logger.DEBUG: checking QuickCommerce\Adapter\OC2\Service\Oc2OrderService [] []
[2017-08-25 09:46:32] pos_logger.DEBUG: class found [] []
[2017-08-25 09:46:32] pos_logger.DEBUG: class found [] []
[2017-08-25 09:46:33] pos_logger.DEBUG: checking QuickCommerce\Adapter\OC2\Service\Oc2OrderService [] []
[2017-08-25 09:46:33] pos_logger.DEBUG: class found [] []
[2017-08-25 09:46:33] pos_logger.DEBUG: checking QuickCommerce\Adapter\OC2\Service\Oc2OrderService [] []
[2017-08-25 09:46:33] pos_logger.DEBUG: class found [] []
[2017-08-25 09:46:33] pos_logger.DEBUG: checking QuickCommerce\Adapter\OC2\Service\Oc2OrderService [] []
[2017-08-25 09:46:33] pos_logger.DEBUG: class found [] []
[2017-08-25 09:46:36] pos_logger.DEBUG: checking QuickCommerce\Adapter\OC2\Service\Oc2ReferenceDataService [] []
[2017-08-25 09:46:36] pos_logger.DEBUG: class found [] []
[2017-08-25 09:46:36] pos_logger.DEBUG: checking QuickCommerce\Adapter\OC2\Service\Oc2SettingsService [] []
[2017-08-25 09:46:36] pos_logger.DEBUG: class found [] []
[2017-08-25 09:46:37] pos_logger.DEBUG: checking QuickCommerce\Adapter\OC2\Service\Oc2OrderService [] []
[2017-08-25 09:46:37] pos_logger.DEBUG: class found [] []
[2017-08-25 09:46:38] pos_logger.DEBUG: checking QuickCommerce\Adapter\OC2\Service\Oc2OrderService [] []
[2017-08-25 09:46:38] pos_logger.DEBUG: class found [] []
[2017-08-25 09:46:38] pos_logger.DEBUG: checking QuickCommerce\Adapter\OC2\Service\Oc2OrderService [] []
[2017-08-25 09:46:38] pos_logger.DEBUG: checking QuickCommerce\Adapter\OC2\Service\Oc2OrderService [] []
[2017-08-25 09:46:38] pos_logger.DEBUG: class found [] []
[2017-08-25 09:46:38] pos_logger.DEBUG: class found [] []
[2017-08-25 09:46:40] pos_logger.DEBUG: checking QuickCommerce\Adapter\OC2\Service\Oc2OrderService [] []
[2017-08-25 09:46:40] pos_logger.DEBUG: class found [] []
[2017-08-25 09:46:40] pos_logger.DEBUG: checking QuickCommerce\Adapter\OC2\Service\Oc2OrderService [] []
[2017-08-25 09:46:40] pos_logger.DEBUG: class found [] []
[2017-08-25 09:46:40] pos_logger.DEBUG: checking QuickCommerce\Adapter\OC2\Service\Oc2OrderService [] []
[2017-08-25 09:46:40] pos_logger.DEBUG: class found [] []
[2017-08-25 09:46:44] pos_logger.DEBUG: checking QuickCommerce\Adapter\OC2\Service\Oc2OrderService [] []
[2017-08-25 09:46:44] pos_logger.DEBUG: class found [] []
[2017-08-25 09:46:45] pos_logger.DEBUG: checking QuickCommerce\Adapter\OC2\Service\Oc2OrderService [] []
[2017-08-25 09:46:45] pos_logger.DEBUG: class found [] []
[2017-08-25 09:47:34] pos_logger.DEBUG: checking QuickCommerce\Adapter\OC2\Service\Oc2ReferenceDataService [] []
[2017-08-25 09:47:34] pos_logger.DEBUG: class found [] []
[2017-08-25 09:47:34] pos_logger.DEBUG: checking QuickCommerce\Adapter\OC2\Service\Oc2SettingsService [] []
[2017-08-25 09:47:34] pos_logger.DEBUG: class found [] []
[2017-08-25 09:47:35] pos_logger.DEBUG: checking QuickCommerce\Adapter\OC2\Service\Oc2OrderService [] []
[2017-08-25 09:47:35] pos_logger.DEBUG: class found [] []
[2017-08-25 09:47:37] pos_logger.DEBUG: checking QuickCommerce\Adapter\OC2\Service\Oc2OrderService [] []
[2017-08-25 09:47:37] pos_logger.DEBUG: class found [] []
[2017-08-25 09:47:37] pos_logger.DEBUG: checking QuickCommerce\Adapter\OC2\Service\Oc2OrderService [] []
[2017-08-25 09:47:37] pos_logger.DEBUG: class found [] []
[2017-08-25 09:47:37] pos_logger.DEBUG: checking QuickCommerce\Adapter\OC2\Service\Oc2OrderService [] []
[2017-08-25 09:47:37] pos_logger.DEBUG: class found [] []
[2017-08-25 09:47:39] pos_logger.DEBUG: checking QuickCommerce\Adapter\OC2\Service\Oc2OrderService [] []
[2017-08-25 09:47:39] pos_logger.DEBUG: class found [] []
[2017-08-25 09:47:39] pos_logger.DEBUG: checking QuickCommerce\Adapter\OC2\Service\Oc2OrderService [] []
[2017-08-25 09:47:39] pos_logger.DEBUG: class found [] []
[2017-08-25 09:47:39] pos_logger.DEBUG: checking QuickCommerce\Adapter\OC2\Service\Oc2OrderService [] []
[2017-08-25 09:47:39] pos_logger.DEBUG: class found [] []
[2017-08-25 09:47:44] pos_logger.DEBUG: checking QuickCommerce\Adapter\OC2\Service\Oc2OrderService [] []
[2017-08-25 09:47:44] pos_logger.DEBUG: class found [] []
[2017-08-25 09:47:46] pos_logger.DEBUG: checking QuickCommerce\Adapter\OC2\Service\Oc2OrderService [] []
[2017-08-25 09:47:46] pos_logger.DEBUG: class found [] []
[2017-08-25 09:47:50] pos_logger.DEBUG: checking QuickCommerce\Adapter\OC2\Service\Oc2OrderService [] []
[2017-08-25 09:47:50] pos_logger.DEBUG: class found [] []
[2017-08-25 09:47:50] pos_logger.DEBUG: updating quantity with change 1 for productId  and productOptionValueIds Array ( )  [] []
[2017-08-25 09:47:52] pos_logger.DEBUG: checking QuickCommerce\Adapter\OC2\Service\Oc2OrderService [] []
[2017-08-25 09:47:52] pos_logger.DEBUG: class found [] []
[2017-08-25 09:50:21] pos_logger.DEBUG: checking QuickCommerce\Adapter\OC2\Service\Oc2ReferenceDataService [] []
[2017-08-25 09:50:21] pos_logger.DEBUG: class found [] []
[2017-08-25 09:50:21] pos_logger.DEBUG: checking QuickCommerce\Adapter\OC2\Service\Oc2SettingsService [] []
[2017-08-25 09:50:21] pos_logger.DEBUG: class found [] []
[2017-08-25 09:50:22] pos_logger.DEBUG: checking QuickCommerce\Adapter\OC2\Service\Oc2OrderService [] []
[2017-08-25 09:50:22] pos_logger.DEBUG: class found [] []
[2017-08-25 09:50:23] pos_logger.DEBUG: checking QuickCommerce\Adapter\OC2\Service\Oc2OrderService [] []
[2017-08-25 09:50:23] pos_logger.DEBUG: class found [] []
[2017-08-25 09:50:23] pos_logger.DEBUG: checking QuickCommerce\Adapter\OC2\Service\Oc2OrderService [] []
[2017-08-25 09:50:23] pos_logger.DEBUG: class found [] []
[2017-08-25 09:50:24] pos_logger.DEBUG: checking QuickCommerce\Adapter\OC2\Service\Oc2OrderService [] []
[2017-08-25 09:50:24] pos_logger.DEBUG: class found [] []
[2017-08-25 09:50:25] pos_logger.DEBUG: checking QuickCommerce\Adapter\OC2\Service\Oc2OrderService [] []
[2017-08-25 09:50:25] pos_logger.DEBUG: class found [] []
[2017-08-25 09:50:27] pos_logger.DEBUG: checking QuickCommerce\Adapter\OC2\Service\Oc2OrderService [] []
[2017-08-25 09:50:27] pos_logger.DEBUG: class found [] []
[2017-08-25 09:50:29] pos_logger.DEBUG: checking QuickCommerce\Adapter\OC2\Service\Oc2OrderService [] []
[2017-08-25 09:50:29] pos_logger.DEBUG: class found [] []
[2017-08-25 09:58:14] pos_logger.DEBUG: checking QuickCommerce\Adapter\OC2\Service\Oc2ReferenceDataService [] []
[2017-08-25 09:58:14] pos_logger.DEBUG: class found [] []
[2017-08-25 09:58:15] pos_logger.DEBUG: checking QuickCommerce\Adapter\OC2\Service\Oc2SettingsService [] []
[2017-08-25 09:58:15] pos_logger.DEBUG: class found [] []
[2017-08-25 09:58:15] pos_logger.DEBUG: checking QuickCommerce\Adapter\OC2\Service\Oc2OrderService [] []
[2017-08-25 09:58:16] pos_logger.DEBUG: class found [] []
[2017-08-25 09:58:16] pos_logger.DEBUG: checking QuickCommerce\Adapter\OC2\Service\Oc2OrderService [] []
[2017-08-25 09:58:16] pos_logger.DEBUG: class found [] []
[2017-08-25 09:58:16] pos_logger.DEBUG: checking QuickCommerce\Adapter\OC2\Service\Oc2OrderService [] []
[2017-08-25 09:58:16] pos_logger.DEBUG: class found [] []
[2017-08-25 09:58:16] pos_logger.DEBUG: checking QuickCommerce\Adapter\OC2\Service\Oc2OrderService [] []
[2017-08-25 09:58:16] pos_logger.DEBUG: class found [] []
[2017-08-25 09:58:18] pos_logger.DEBUG: checking QuickCommerce\Adapter\OC2\Service\Oc2OrderService [] []
[2017-08-25 09:58:18] pos_logger.DEBUG: class found [] []
[2017-08-25 09:58:18] pos_logger.DEBUG: checking QuickCommerce\Adapter\OC2\Service\Oc2OrderService [] []
[2017-08-25 09:58:18] pos_logger.DEBUG: checking QuickCommerce\Adapter\OC2\Service\Oc2OrderService [] []
[2017-08-25 09:58:18] pos_logger.DEBUG: class found [] []
[2017-08-25 09:58:18] pos_logger.DEBUG: class found [] []
[2017-08-25 09:58:24] pos_logger.DEBUG: checking QuickCommerce\Adapter\OC2\Service\Oc2OrderService [] []
[2017-08-25 09:58:24] pos_logger.DEBUG: class found [] []
[2017-08-25 09:58:25] pos_logger.DEBUG: checking QuickCommerce\Adapter\OC2\Service\Oc2OrderService [] []
[2017-08-25 09:58:25] pos_logger.DEBUG: class found [] []
[2017-08-25 09:59:31] pos_logger.DEBUG: checking QuickCommerce\Adapter\OC2\Service\Oc2ReferenceDataService [] []
[2017-08-25 09:59:31] pos_logger.DEBUG: class found [] []
[2017-08-25 09:59:31] pos_logger.DEBUG: checking QuickCommerce\Adapter\OC2\Service\Oc2SettingsService [] []
[2017-08-25 09:59:31] pos_logger.DEBUG: class found [] []
[2017-08-25 09:59:33] pos_logger.DEBUG: checking QuickCommerce\Adapter\OC2\Service\Oc2OrderService [] []
[2017-08-25 09:59:33] pos_logger.DEBUG: class found [] []
[2017-08-25 09:59:33] pos_logger.DEBUG: checking QuickCommerce\Adapter\OC2\Service\Oc2OrderService [] []
[2017-08-25 09:59:33] pos_logger.DEBUG: class found [] []
[2017-08-25 09:59:33] pos_logger.DEBUG: checking QuickCommerce\Adapter\OC2\Service\Oc2OrderService [] []
[2017-08-25 09:59:33] pos_logger.DEBUG: class found [] []
[2017-08-25 09:59:33] pos_logger.DEBUG: checking QuickCommerce\Adapter\OC2\Service\Oc2OrderService [] []
[2017-08-25 09:59:33] pos_logger.DEBUG: class found [] []
[2017-08-25 09:59:35] pos_logger.DEBUG: checking QuickCommerce\Adapter\OC2\Service\Oc2OrderService [] []
[2017-08-25 09:59:35] pos_logger.DEBUG: class found [] []
[2017-08-25 09:59:35] pos_logger.DEBUG: checking QuickCommerce\Adapter\OC2\Service\Oc2OrderService [] []
[2017-08-25 09:59:35] pos_logger.DEBUG: class found [] []
[2017-08-25 09:59:35] pos_logger.DEBUG: checking QuickCommerce\Adapter\OC2\Service\Oc2OrderService [] []
[2017-08-25 09:59:35] pos_logger.DEBUG: class found [] []
[2017-08-25 10:02:43] pos_logger.DEBUG: checking QuickCommerce\Adapter\OC2\Service\Oc2ReferenceDataService [] []
[2017-08-25 10:02:43] pos_logger.DEBUG: class found [] []
[2017-08-25 10:02:43] pos_logger.DEBUG: checking QuickCommerce\Adapter\OC2\Service\Oc2SettingsService [] []
[2017-08-25 10:02:43] pos_logger.DEBUG: class found [] []
[2017-08-25 10:02:44] pos_logger.DEBUG: checking QuickCommerce\Adapter\OC2\Service\Oc2OrderService [] []
[2017-08-25 10:02:44] pos_logger.DEBUG: class found [] []
[2017-08-25 10:02:54] pos_logger.DEBUG: checking QuickCommerce\Adapter\OC2\Service\Oc2OrderService [] []
[2017-08-25 10:02:54] pos_logger.DEBUG: class found [] []
[2017-08-25 10:02:54] pos_logger.DEBUG: updating quantity with change 1 for productId  and productOptionValueIds Array ( )  [] []
[2017-08-25 10:02:55] pos_logger.DEBUG: checking QuickCommerce\Adapter\OC2\Service\Oc2OrderService [] []
[2017-08-25 10:02:55] pos_logger.DEBUG: class found [] []
[2017-08-25 10:03:31] pos_logger.DEBUG: checking QuickCommerce\Adapter\OC2\Service\Oc2OrderService [] []
[2017-08-25 10:03:31] pos_logger.DEBUG: class found [] []
[2017-08-25 10:03:31] pos_logger.DEBUG: checking QuickCommerce\Adapter\OC2\Service\Oc2OrderService [] []
[2017-08-25 10:03:31] pos_logger.DEBUG: checking QuickCommerce\Adapter\OC2\Service\Oc2OrderService [] []
[2017-08-25 10:03:31] pos_logger.DEBUG: class found [] []
[2017-08-25 10:03:31] pos_logger.DEBUG: class found [] []
[2017-08-25 10:03:31] pos_logger.DEBUG: checking QuickCommerce\Adapter\OC2\Service\Oc2CustomerService [] []
[2017-08-25 10:03:31] pos_logger.DEBUG: class found [] []
[2017-08-25 10:03:31] pos_logger.DEBUG: QuickCommerce\Model\View\PosCustomerDetails Object (     [customer:protected] => QuickCommerce\Model\Core\Customer\PosCustomer Object         (             [customerId:protected] => 1             [customerGroupId:protected] => 1             [firstname:protected] => ACE             [lastname:protected] => Cashier             [email:protected] => lucaslopatka@gmail.com             [telephone:protected] => 666-666-6666             [fax:protected] =>              [password:protected] => 91c725418eae5f87b72dea4f8475b0133ddf9963             [salt:protected] => 06b0cf3bb             [newsletter:protected] =>              [addressId:protected] => 715             [status:protected] => 1             [approved:protected] => 1             [safe:protected] => 1             [token:protected] =>              [dateAdded:protected] => DateTime Object                 (                     [date] => 2017-06-21 18:31:46.000000                     [timezone_type] => 3                     [timezone] => MST                 )          )      [addresses:protected] => Array         (             [0] => QuickCommerce\Model\Core\Address\PosAddress Object                 (                     [addressId:protected] => 715                     [customerId:protected] => 1                     [firstname:protected] => ACE                     [lastname:protected] => Cashier                     [company:protected] =>                      [address1:protected] => 10055 80 Ave NW                     [address2:protected] =>                      [city:protected] => Edmonton                     [postcode:protected] => T6E 1T4                     [countryId:protected] => 38                     [zoneId:protected] => 602                 )          )  )  [] []
[2017-08-25 10:03:31] pos_logger.DEBUG: checking QuickCommerce\Adapter\OC2\Service\Oc2CustomerService [] []
[2017-08-25 10:03:31] pos_logger.DEBUG: checking QuickCommerce\Adapter\OC2\Service\Oc2CustomerService [] []
[2017-08-25 10:03:31] pos_logger.DEBUG: class found [] []
[2017-08-25 10:03:31] pos_logger.DEBUG: class found [] []
[2017-08-25 10:03:31] pos_logger.DEBUG: QuickCommerce\Model\View\PosCustomerDetails Object (     [customer:protected] => QuickCommerce\Model\Core\Customer\PosCustomer Object         (             [customerId:protected] => 1             [customerGroupId:protected] => 1             [firstname:protected] => ACE             [lastname:protected] => Cashier             [email:protected] => lucaslopatka@gmail.com             [telephone:protected] => 666-666-6666             [fax:protected] =>              [password:protected] => 91c725418eae5f87b72dea4f8475b0133ddf9963             [salt:protected] => 06b0cf3bb             [newsletter:protected] =>              [addressId:protected] => 715             [status:protected] => 1             [approved:protected] => 1             [safe:protected] => 1             [token:protected] =>              [dateAdded:protected] => DateTime Object                 (                     [date] => 2017-06-21 18:31:46.000000                     [timezone_type] => 3                     [timezone] => MST                 )          )      [addresses:protected] => Array         (             [0] => QuickCommerce\Model\Core\Address\PosAddress Object                 (                     [addressId:protected] => 715                     [customerId:protected] => 1                     [firstname:protected] => ACE                     [lastname:protected] => Cashier                     [company:protected] =>                      [address1:protected] => 10055 80 Ave NW                     [address2:protected] =>                      [city:protected] => Edmonton                     [postcode:protected] => T6E 1T4                     [countryId:protected] => 38                     [zoneId:protected] => 602                 )          )  )  [] []
[2017-08-25 10:03:31] pos_logger.DEBUG: QuickCommerce\Model\View\PosCustomerDetails Object (     [customer:protected] => QuickCommerce\Model\Core\Customer\PosCustomer Object         (             [customerId:protected] => 1             [customerGroupId:protected] => 1             [firstname:protected] => ACE             [lastname:protected] => Cashier             [email:protected] => lucaslopatka@gmail.com             [telephone:protected] => 666-666-6666             [fax:protected] =>              [password:protected] => 91c725418eae5f87b72dea4f8475b0133ddf9963             [salt:protected] => 06b0cf3bb             [newsletter:protected] =>              [addressId:protected] => 715             [status:protected] => 1             [approved:protected] => 1             [safe:protected] => 1             [token:protected] =>              [dateAdded:protected] => DateTime Object                 (                     [date] => 2017-06-21 18:31:46.000000                     [timezone_type] => 3                     [timezone] => MST                 )          )      [addresses:protected] => Array         (             [0] => QuickCommerce\Model\Core\Address\PosAddress Object                 (                     [addressId:protected] => 715                     [customerId:protected] => 1                     [firstname:protected] => ACE                     [lastname:protected] => Cashier                     [company:protected] =>                      [address1:protected] => 10055 80 Ave NW                     [address2:protected] =>                      [city:protected] => Edmonton                     [postcode:protected] => T6E 1T4                     [countryId:protected] => 38                     [zoneId:protected] => 602                 )          )  )  [] []
[2017-08-25 10:03:32] pos_logger.DEBUG: checking QuickCommerce\Adapter\OC2\Service\Oc2OrderService [] []
[2017-08-25 10:03:32] pos_logger.DEBUG: class found [] []
[2017-08-25 10:03:32] pos_logger.DEBUG: checking QuickCommerce\Adapter\OC2\Service\Oc2OrderService [] []
[2017-08-25 10:03:32] pos_logger.DEBUG: checking QuickCommerce\Adapter\OC2\Service\Oc2OrderService [] []
[2017-08-25 10:03:32] pos_logger.DEBUG: class found [] []
[2017-08-25 10:03:32] pos_logger.DEBUG: class found [] []
[2017-08-25 10:03:39] pos_logger.DEBUG: checking QuickCommerce\Adapter\OC2\Service\Oc2OrderService [] []
[2017-08-25 10:03:39] pos_logger.DEBUG: class found [] []
[2017-08-25 10:03:39] pos_logger.DEBUG: updating quantity with change 1 for productId  and productOptionValueIds Array ( )  [] []
[2017-08-25 10:03:40] pos_logger.DEBUG: checking QuickCommerce\Adapter\OC2\Service\Oc2OrderService [] []
[2017-08-25 10:03:40] pos_logger.DEBUG: class found [] []
[2017-08-25 10:04:08] pos_logger.DEBUG: checking QuickCommerce\Adapter\OC2\Service\Oc2OrderService [] []
[2017-08-25 10:04:08] pos_logger.DEBUG: class found [] []
[2017-08-25 10:04:08] pos_logger.DEBUG: checking QuickCommerce\Adapter\OC2\Service\Oc2OrderService [] []
[2017-08-25 10:04:08] pos_logger.DEBUG: class found [] []
[2017-08-25 10:04:20] pos_logger.DEBUG: checking QuickCommerce\Adapter\OC2\Service\Oc2OrderService [] []
[2017-08-25 10:04:20] pos_logger.DEBUG: class found [] []
[2017-08-25 10:04:21] pos_logger.DEBUG: checking QuickCommerce\Adapter\OC2\Service\Oc2OrderService [] []
[2017-08-25 10:04:21] pos_logger.DEBUG: class found [] []
[2017-08-25 10:08:11] pos_logger.DEBUG: checking QuickCommerce\Adapter\OC2\Service\Oc2ReferenceDataService [] []
[2017-08-25 10:08:11] pos_logger.DEBUG: class found [] []
[2017-08-25 10:08:11] pos_logger.DEBUG: checking QuickCommerce\Adapter\OC2\Service\Oc2SettingsService [] []
[2017-08-25 10:08:11] pos_logger.DEBUG: class found [] []
[2017-08-25 10:08:12] pos_logger.DEBUG: checking QuickCommerce\Adapter\OC2\Service\Oc2OrderService [] []
[2017-08-25 10:08:12] pos_logger.DEBUG: class found [] []
[2017-08-25 10:08:13] pos_logger.DEBUG: checking QuickCommerce\Adapter\OC2\Service\Oc2OrderService [] []
[2017-08-25 10:08:13] pos_logger.DEBUG: class found [] []
[2017-08-25 10:08:13] pos_logger.DEBUG: checking QuickCommerce\Adapter\OC2\Service\Oc2OrderService [] []
[2017-08-25 10:08:13] pos_logger.DEBUG: class found [] []
[2017-08-25 10:08:13] pos_logger.DEBUG: checking QuickCommerce\Adapter\OC2\Service\Oc2OrderService [] []
[2017-08-25 10:08:13] pos_logger.DEBUG: class found [] []
[2017-08-25 10:08:15] pos_logger.DEBUG: checking QuickCommerce\Adapter\OC2\Service\Oc2OrderService [] []
[2017-08-25 10:08:15] pos_logger.DEBUG: class found [] []
[2017-08-25 10:08:15] pos_logger.DEBUG: checking QuickCommerce\Adapter\OC2\Service\Oc2OrderService [] []
[2017-08-25 10:08:15] pos_logger.DEBUG: class found [] []
[2017-08-25 10:08:15] pos_logger.DEBUG: checking QuickCommerce\Adapter\OC2\Service\Oc2OrderService [] []
[2017-08-25 10:08:15] pos_logger.DEBUG: class found [] []
[2017-08-25 10:08:18] pos_logger.DEBUG: checking QuickCommerce\Adapter\OC2\Service\Oc2OrderService [] []
[2017-08-25 10:08:18] pos_logger.DEBUG: class found [] []
[2017-08-25 10:08:19] pos_logger.DEBUG: checking QuickCommerce\Adapter\OC2\Service\Oc2OrderService [] []
[2017-08-25 10:08:19] pos_logger.DEBUG: class found [] []
[2017-08-25 10:55:27] pos_logger.DEBUG: checking QuickCommerce\Adapter\OC2\Service\Oc2ReferenceDataService [] []
[2017-08-25 10:55:27] pos_logger.DEBUG: class found [] []
[2017-08-25 10:55:28] pos_logger.DEBUG: checking QuickCommerce\Adapter\OC2\Service\Oc2SettingsService [] []
[2017-08-25 10:55:28] pos_logger.DEBUG: class found [] []
[2017-08-25 10:55:32] pos_logger.DEBUG: checking QuickCommerce\Adapter\OC2\Service\Oc2OrderService [] []
[2017-08-25 10:55:32] pos_logger.DEBUG: class found [] []
[2017-08-25 10:56:22] pos_logger.DEBUG: checking QuickCommerce\Adapter\OC2\Service\Oc2OrderService [] []
[2017-08-25 10:56:22] pos_logger.DEBUG: class found [] []
[2017-08-25 10:56:23] pos_logger.DEBUG: checking QuickCommerce\Adapter\OC2\Service\Oc2CustomerService [] []
[2017-08-25 10:56:23] pos_logger.DEBUG: class found [] []
[2017-08-25 10:56:23] pos_logger.DEBUG: QuickCommerce\Model\View\PosCustomerDetails Object (     [customer:protected] => QuickCommerce\Model\Core\Customer\PosCustomer Object         (             [customerId:protected] => 1             [customerGroupId:protected] => 1             [firstname:protected] => ACE             [lastname:protected] => Cashier             [email:protected] => lucaslopatka@gmail.com             [telephone:protected] => 666-666-6666             [fax:protected] =>              [password:protected] => 91c725418eae5f87b72dea4f8475b0133ddf9963             [salt:protected] => 06b0cf3bb             [newsletter:protected] =>              [addressId:protected] => 715             [status:protected] => 1             [approved:protected] => 1             [safe:protected] => 1             [token:protected] =>              [dateAdded:protected] => DateTime Object                 (                     [date] => 2017-06-21 18:31:46.000000                     [timezone_type] => 3                     [timezone] => MST                 )          )      [addresses:protected] => Array         (             [0] => QuickCommerce\Model\Core\Address\PosAddress Object                 (                     [addressId:protected] => 715                     [customerId:protected] => 1                     [firstname:protected] => ACE                     [lastname:protected] => Cashier                     [company:protected] =>                      [address1:protected] => 10055 80 Ave NW                     [address2:protected] =>                      [city:protected] => Edmonton                     [postcode:protected] => T6E 1T4                     [countryId:protected] => 38                     [zoneId:protected] => 602                 )          )  )  [] []
[2017-08-25 10:56:27] pos_logger.DEBUG: checking QuickCommerce\Adapter\OC2\Service\Oc2OrderService [] []
[2017-08-25 10:56:27] pos_logger.DEBUG: class found [] []
[2017-08-25 10:56:27] pos_logger.DEBUG: checking QuickCommerce\Adapter\OC2\Service\Oc2CustomerService [] []
[2017-08-25 10:56:27] pos_logger.DEBUG: class found [] []
[2017-08-25 10:56:27] pos_logger.DEBUG: QuickCommerce\Model\View\PosCustomerDetails Object (     [customer:protected] => QuickCommerce\Model\Core\Customer\PosCustomer Object         (             [customerId:protected] => 1             [customerGroupId:protected] => 1             [firstname:protected] => ACE             [lastname:protected] => Cashier             [email:protected] => lucaslopatka@gmail.com             [telephone:protected] => 666-666-6666             [fax:protected] =>              [password:protected] => 91c725418eae5f87b72dea4f8475b0133ddf9963             [salt:protected] => 06b0cf3bb             [newsletter:protected] =>              [addressId:protected] => 715             [status:protected] => 1             [approved:protected] => 1             [safe:protected] => 1             [token:protected] =>              [dateAdded:protected] => DateTime Object                 (                     [date] => 2017-06-21 18:31:46.000000                     [timezone_type] => 3                     [timezone] => MST                 )          )      [addresses:protected] => Array         (             [0] => QuickCommerce\Model\Core\Address\PosAddress Object                 (                     [addressId:protected] => 715                     [customerId:protected] => 1                     [firstname:protected] => ACE                     [lastname:protected] => Cashier                     [company:protected] =>                      [address1:protected] => 10055 80 Ave NW                     [address2:protected] =>                      [city:protected] => Edmonton                     [postcode:protected] => T6E 1T4                     [countryId:protected] => 38                     [zoneId:protected] => 602                 )          )  )  [] []
[2017-08-25 10:56:29] pos_logger.DEBUG: checking QuickCommerce\Adapter\OC2\Service\Oc2OrderService [] []
[2017-08-25 10:56:29] pos_logger.DEBUG: class found [] []
[2017-08-25 10:56:29] pos_logger.DEBUG: checking QuickCommerce\Adapter\OC2\Service\Oc2CustomerService [] []
[2017-08-25 10:56:29] pos_logger.DEBUG: class found [] []
[2017-08-25 10:56:30] pos_logger.DEBUG: QuickCommerce\Model\View\PosCustomerDetails Object (     [customer:protected] => QuickCommerce\Model\Core\Customer\PosCustomer Object         (             [customerId:protected] => 1             [customerGroupId:protected] => 1             [firstname:protected] => ACE             [lastname:protected] => Cashier             [email:protected] => lucaslopatka@gmail.com             [telephone:protected] => 666-666-6666             [fax:protected] =>              [password:protected] => 91c725418eae5f87b72dea4f8475b0133ddf9963             [salt:protected] => 06b0cf3bb             [newsletter:protected] =>              [addressId:protected] => 715             [status:protected] => 1             [approved:protected] => 1             [safe:protected] => 1             [token:protected] =>              [dateAdded:protected] => DateTime Object                 (                     [date] => 2017-06-21 18:31:46.000000                     [timezone_type] => 3                     [timezone] => MST                 )          )      [addresses:protected] => Array         (             [0] => QuickCommerce\Model\Core\Address\PosAddress Object                 (                     [addressId:protected] => 715                     [customerId:protected] => 1                     [firstname:protected] => ACE                     [lastname:protected] => Cashier                     [company:protected] =>                      [address1:protected] => 10055 80 Ave NW                     [address2:protected] =>                      [city:protected] => Edmonton                     [postcode:protected] => T6E 1T4                     [countryId:protected] => 38                     [zoneId:protected] => 602                 )          )  )  [] []
[2017-08-25 10:56:31] pos_logger.DEBUG: checking QuickCommerce\Adapter\OC2\Service\Oc2OrderService [] []
[2017-08-25 10:56:31] pos_logger.DEBUG: class found [] []
[2017-08-25 10:56:33] pos_logger.DEBUG: checking QuickCommerce\Adapter\OC2\Service\Oc2OrderService [] []
[2017-08-25 10:56:33] pos_logger.DEBUG: class found [] []
[2017-08-25 10:56:38] pos_logger.DEBUG: checking QuickCommerce\Adapter\OC2\Service\Oc2OrderService [] []
[2017-08-25 10:56:38] pos_logger.DEBUG: class found [] []
[2017-08-25 10:58:32] pos_logger.DEBUG: checking QuickCommerce\Adapter\OC2\Service\Oc2ReferenceDataService [] []
[2017-08-25 10:58:32] pos_logger.DEBUG: class found [] []
[2017-08-25 10:58:32] pos_logger.DEBUG: checking QuickCommerce\Adapter\OC2\Service\Oc2SettingsService [] []
[2017-08-25 10:58:32] pos_logger.DEBUG: class found [] []
[2017-08-25 10:58:33] pos_logger.DEBUG: checking QuickCommerce\Adapter\OC2\Service\Oc2OrderService [] []
[2017-08-25 10:58:33] pos_logger.DEBUG: class found [] []
[2017-08-25 10:58:40] pos_logger.DEBUG: checking QuickCommerce\Adapter\OC2\Service\Oc2OrderService [] []
[2017-08-25 10:58:40] pos_logger.DEBUG: class found [] []
[2017-08-25 10:58:40] pos_logger.DEBUG: checking QuickCommerce\Adapter\OC2\Service\Oc2OrderService [] []
[2017-08-25 10:58:40] pos_logger.DEBUG: class found [] []
[2017-08-25 10:58:40] pos_logger.DEBUG: checking QuickCommerce\Adapter\OC2\Service\Oc2OrderService [] []
[2017-08-25 10:58:40] pos_logger.DEBUG: class found [] []
[2017-08-25 10:58:40] pos_logger.DEBUG: checking QuickCommerce\Adapter\OC2\Service\Oc2CustomerService [] []
[2017-08-25 10:58:40] pos_logger.DEBUG: class found [] []
[2017-08-25 10:58:40] pos_logger.DEBUG: checking QuickCommerce\Adapter\OC2\Service\Oc2CustomerService [] []
[2017-08-25 10:58:40] pos_logger.DEBUG: checking QuickCommerce\Adapter\OC2\Service\Oc2CustomerService [] []
[2017-08-25 10:58:40] pos_logger.DEBUG: class found [] []
[2017-08-25 10:58:40] pos_logger.DEBUG: class found [] []
[2017-08-25 10:58:40] pos_logger.DEBUG: QuickCommerce\Model\View\PosCustomerDetails Object (     [customer:protected] => QuickCommerce\Model\Core\Customer\PosCustomer Object         (             [customerId:protected] => 1             [customerGroupId:protected] => 1             [firstname:protected] => ACE             [lastname:protected] => Cashier             [email:protected] => lucaslopatka@gmail.com             [telephone:protected] => 666-666-6666             [fax:protected] =>              [password:protected] => 91c725418eae5f87b72dea4f8475b0133ddf9963             [salt:protected] => 06b0cf3bb             [newsletter:protected] =>              [addressId:protected] => 715             [status:protected] => 1             [approved:protected] => 1             [safe:protected] => 1             [token:protected] =>              [dateAdded:protected] => DateTime Object                 (                     [date] => 2017-06-21 18:31:46.000000                     [timezone_type] => 3                     [timezone] => MST                 )          )      [addresses:protected] => Array         (             [0] => QuickCommerce\Model\Core\Address\PosAddress Object                 (                     [addressId:protected] => 715                     [customerId:protected] => 1                     [firstname:protected] => ACE                     [lastname:protected] => Cashier                     [company:protected] =>                      [address1:protected] => 10055 80 Ave NW                     [address2:protected] =>                      [city:protected] => Edmonton                     [postcode:protected] => T6E 1T4                     [countryId:protected] => 38                     [zoneId:protected] => 602                 )          )  )  [] []
[2017-08-25 10:58:40] pos_logger.DEBUG: QuickCommerce\Model\View\PosCustomerDetails Object (     [customer:protected] => QuickCommerce\Model\Core\Customer\PosCustomer Object         (             [customerId:protected] => 1             [customerGroupId:protected] => 1             [firstname:protected] => ACE             [lastname:protected] => Cashier             [email:protected] => lucaslopatka@gmail.com             [telephone:protected] => 666-666-6666             [fax:protected] =>              [password:protected] => 91c725418eae5f87b72dea4f8475b0133ddf9963             [salt:protected] => 06b0cf3bb             [newsletter:protected] =>              [addressId:protected] => 715             [status:protected] => 1             [approved:protected] => 1             [safe:protected] => 1             [token:protected] =>              [dateAdded:protected] => DateTime Object                 (                     [date] => 2017-06-21 18:31:46.000000                     [timezone_type] => 3                     [timezone] => MST                 )          )      [addresses:protected] => Array         (             [0] => QuickCommerce\Model\Core\Address\PosAddress Object                 (                     [addressId:protected] => 715                     [customerId:protected] => 1                     [firstname:protected] => ACE                     [lastname:protected] => Cashier                     [company:protected] =>                      [address1:protected] => 10055 80 Ave NW                     [address2:protected] =>                      [city:protected] => Edmonton                     [postcode:protected] => T6E 1T4                     [countryId:protected] => 38                     [zoneId:protected] => 602                 )          )  )  [] []
[2017-08-25 10:58:40] pos_logger.DEBUG: QuickCommerce\Model\View\PosCustomerDetails Object (     [customer:protected] => QuickCommerce\Model\Core\Customer\PosCustomer Object         (             [customerId:protected] => 1             [customerGroupId:protected] => 1             [firstname:protected] => ACE             [lastname:protected] => Cashier             [email:protected] => lucaslopatka@gmail.com             [telephone:protected] => 666-666-6666             [fax:protected] =>              [password:protected] => 91c725418eae5f87b72dea4f8475b0133ddf9963             [salt:protected] => 06b0cf3bb             [newsletter:protected] =>              [addressId:protected] => 715             [status:protected] => 1             [approved:protected] => 1             [safe:protected] => 1             [token:protected] =>              [dateAdded:protected] => DateTime Object                 (                     [date] => 2017-06-21 18:31:46.000000                     [timezone_type] => 3                     [timezone] => MST                 )          )      [addresses:protected] => Array         (             [0] => QuickCommerce\Model\Core\Address\PosAddress Object                 (                     [addressId:protected] => 715                     [customerId:protected] => 1                     [firstname:protected] => ACE                     [lastname:protected] => Cashier                     [company:protected] =>                      [address1:protected] => 10055 80 Ave NW                     [address2:protected] =>                      [city:protected] => Edmonton                     [postcode:protected] => T6E 1T4                     [countryId:protected] => 38                     [zoneId:protected] => 602                 )          )  )  [] []
[2017-08-25 10:58:41] pos_logger.DEBUG: checking QuickCommerce\Adapter\OC2\Service\Oc2OrderService [] []
[2017-08-25 10:58:41] pos_logger.DEBUG: class found [] []
[2017-08-25 10:58:42] pos_logger.DEBUG: checking QuickCommerce\Adapter\OC2\Service\Oc2OrderService [] []
[2017-08-25 10:58:42] pos_logger.DEBUG: class found [] []
[2017-08-25 10:58:42] pos_logger.DEBUG: checking QuickCommerce\Adapter\OC2\Service\Oc2OrderService [] []
[2017-08-25 10:58:42] pos_logger.DEBUG: class found [] []
[2017-08-25 14:40:39] pos_logger.DEBUG: checking QuickCommerce\Adapter\OC2\Service\Oc2ProductService [] []
[2017-08-25 14:40:39] pos_logger.DEBUG: class found [] []
[2017-08-25 14:40:39] pos_logger.DEBUG: The identifier productId is missing for a query of QuickCommerce\Model\Core\Product\PosProduct [] []
[2017-08-25 14:40:39] pos_logger.DEBUG: #0 C:\wwwroot\acecoffee\vendor\doctrine\orm\lib\Doctrine\ORM\EntityManager.php(403): Doctrine\ORM\ORMException::missingIdentifierField('QuickCommerce\\M...', 'productId') #1 C:\wwwroot\acecoffee\vendor\quickcommerce\src\API\Service\AbstractProductService.php(40): Doctrine\ORM\EntityManager->find('QuickCommerce\\M...', NULL) #2 C:\wwwroot\acecoffee\vendor\quickcommerce\src\API\Application.php(185): QuickCommerce\API\Service\AbstractProductService->retrieve(NULL, Array) #3 C:\wwwroot\acecoffee\upload\qcapi\index.php(109): QuickCommerce\API\Application->retrieve('product', Array) #4 [internal function]: Closure->{closure}(Object(Slim\Http\Request), Object(Slim\Http\Response), Array) #5 C:\wwwroot\acecoffee\vendor\slim\slim\Slim\Handlers\Strategies\RequestResponse.php(41): call_user_func(Object(Closure), Object(Slim\Http\Request), Object(Slim\Http\Response), Array) #6 C:\wwwroot\acecoffee\vendor\slim\slim\Slim\Route.php(344): Slim\Handlers\Strategies\RequestResponse->__invoke(Object(Closure), Object(Slim\Http\Request), Object(Slim\Http\Response), Array) #7 C:\wwwroot\acecoffee\vendor\slim\slim\Slim\MiddlewareAwareTrait.php(122): Slim\Route->__invoke(Object(Slim\Http\Request), Object(Slim\Http\Response)) #8 C:\wwwroot\acecoffee\vendor\slim\slim\Slim\Route.php(316): Slim\Route->callMiddlewareStack(Object(Slim\Http\Request), Object(Slim\Http\Response)) #9 C:\wwwroot\acecoffee\vendor\slim\slim\Slim\App.php(476): Slim\Route->run(Object(Slim\Http\Request), Object(Slim\Http\Response)) #10 C:\wwwroot\acecoffee\vendor\slim\slim\Slim\MiddlewareAwareTrait.php(122): Slim\App->__invoke(Object(Slim\Http\Request), Object(Slim\Http\Response)) #11 C:\wwwroot\acecoffee\vendor\slim\slim\Slim\App.php(370): Slim\App->callMiddlewareStack(Object(Slim\Http\Request), Object(Slim\Http\Response)) #12 C:\wwwroot\acecoffee\vendor\slim\slim\Slim\App.php(295): Slim\App->process(Object(Slim\Http\Request), Object(Slim\Http\Response)) #13 C:\wwwroot\acecoffee\upload\qcapi\index.php(229): Slim\App->run() #14 {main} [] []
[2017-08-25 14:40:45] pos_logger.DEBUG: checking QuickCommerce\Adapter\OC2\Service\Oc2ProductService [] []
[2017-08-25 14:40:45] pos_logger.DEBUG: class found [] []
[2017-08-25 14:40:56] pos_logger.DEBUG: checking QuickCommerce\Adapter\OC2\Service\Oc2ProductService [] []
[2017-08-25 14:40:56] pos_logger.DEBUG: class found [] []
[2017-08-25 14:41:01] pos_logger.DEBUG: checking QuickCommerce\Adapter\OC2\Service\Oc2ProductService [] []
[2017-08-25 14:41:01] pos_logger.DEBUG: class found [] []
[2017-08-25 14:41:21] pos_logger.DEBUG: checking QuickCommerce\Adapter\OC2\Service\Oc2ProductService [] []
[2017-08-25 14:41:21] pos_logger.DEBUG: class found [] []
[2017-08-25 14:41:36] pos_logger.DEBUG: checking QuickCommerce\Adapter\OC2\Service\Oc2ProductoptionService [] []
[2017-08-25 14:41:36] pos_logger.DEBUG: class found [] []
[2017-08-25 14:41:56] pos_logger.DEBUG: checking QuickCommerce\Adapter\OC2\Service\Oc2ProductoptionService [] []
[2017-08-25 14:41:56] pos_logger.DEBUG: class found [] []
[2017-08-25 14:43:28] pos_logger.DEBUG: checking QuickCommerce\Adapter\OC2\Service\Oc2ProductService [] []
[2017-08-25 14:43:28] pos_logger.DEBUG: class found [] []
