[2017-09-17 14:18:26] pos_logger.DEBUG: checking QuickCommerce\Adapter\OC2\Service\Oc2ReferenceDataService [] []
[2017-09-17 14:18:26] pos_logger.DEBUG: class found [] []
[2017-09-17 14:18:29] pos_logger.DEBUG: checking QuickCommerce\Adapter\OC2\Service\Oc2SettingsService [] []
[2017-09-17 14:18:29] pos_logger.DEBUG: class found [] []
[2017-09-17 14:18:30] pos_logger.DEBUG: checking QuickCommerce\Adapter\OC2\Service\Oc2OrderService [] []
[2017-09-17 14:18:30] pos_logger.DEBUG: class found [] []
[2017-09-17 14:18:41] pos_logger.DEBUG: checking QuickCommerce\Adapter\OC2\Service\Oc2ReferenceDataService [] []
[2017-09-17 14:18:41] pos_logger.DEBUG: class found [] []
[2017-09-17 14:18:42] pos_logger.DEBUG: checking QuickCommerce\Adapter\OC2\Service\Oc2SettingsService [] []
[2017-09-17 14:18:42] pos_logger.DEBUG: class found [] []
[2017-09-17 14:18:43] pos_logger.DEBUG: checking QuickCommerce\Adapter\OC2\Service\Oc2OrderService [] []
[2017-09-17 14:18:43] pos_logger.DEBUG: class found [] []
[2017-09-17 14:18:46] pos_logger.DEBUG: checking QuickCommerce\Adapter\OC2\Service\Oc2OrderService [] []
[2017-09-17 14:18:46] pos_logger.DEBUG: class found [] []
[2017-09-17 14:18:46] pos_logger.DEBUG: checking QuickCommerce\Adapter\OC2\Service\Oc2OrderService [] []
[2017-09-17 14:18:46] pos_logger.DEBUG: class found [] []
[2017-09-17 14:18:46] pos_logger.DEBUG: checking QuickCommerce\Adapter\OC2\Service\Oc2OrderService [] []
[2017-09-17 14:18:46] pos_logger.DEBUG: class found [] []
[2017-09-17 14:18:46] pos_logger.DEBUG: checking QuickCommerce\Adapter\OC2\Service\Oc2CustomerService [] []
[2017-09-17 14:18:46] pos_logger.DEBUG: checking QuickCommerce\Adapter\OC2\Service\Oc2CustomerService [] []
[2017-09-17 14:18:46] pos_logger.DEBUG: checking QuickCommerce\Adapter\OC2\Service\Oc2CustomerService [] []
[2017-09-17 14:18:46] pos_logger.DEBUG: class found [] []
[2017-09-17 14:18:46] pos_logger.DEBUG: class found [] []
[2017-09-17 14:18:46] pos_logger.DEBUG: QuickCommerce\Model\View\PosCustomerDetails Object (     [customer:protected] => QuickCommerce\Model\Core\Customer\PosCustomer Object         (             [customerId:protected] => 1             [customerGroupId:protected] => 1             [firstname:protected] => ACE             [lastname:protected] => Cash Sales             [email:protected] => lucaslopatka@gmail.com             [telephone:protected] => 666-666-5555             [fax:protected] =>              [password:protected] => 91c725418eae5f87b72dea4f8475b0133ddf9963             [salt:protected] => 06b0cf3bb             [newsletter:protected] =>              [addressId:protected] => 715             [status:protected] => 1             [approved:protected] => 1             [safe:protected] => 1             [token:protected] =>              [dateAdded:protected] => DateTime Object                 (                     [date] => 2017-06-21 18:31:46.000000                     [timezone_type] => 3                     [timezone] => MST                 )          )      [addresses:protected] => Array         (             [0] => QuickCommerce\Model\Core\Address\PosAddress Object                 (                     [addressId:protected] => 715                     [customerId:protected] => 1                     [firstname:protected] => ACE                     [lastname:protected] => Cash Sales                     [company:protected] =>                      [address1:protected] => Suite 531 ACE Plaza                     [address2:protected] => 10055 80 Ave                     [city:protected] => Edmonton                     [postcode:protected] => T6E 1T4                     [countryId:protected] => 38                     [zoneId:protected] => 602                 )          )  )  [] []
[2017-09-17 14:18:46] pos_logger.DEBUG: QuickCommerce\Model\View\PosCustomerDetails Object (     [customer:protected] => QuickCommerce\Model\Core\Customer\PosCustomer Object         (             [customerId:protected] => 1             [customerGroupId:protected] => 1             [firstname:protected] => ACE             [lastname:protected] => Cash Sales             [email:protected] => lucaslopatka@gmail.com             [telephone:protected] => 666-666-5555             [fax:protected] =>              [password:protected] => 91c725418eae5f87b72dea4f8475b0133ddf9963             [salt:protected] => 06b0cf3bb             [newsletter:protected] =>              [addressId:protected] => 715             [status:protected] => 1             [approved:protected] => 1             [safe:protected] => 1             [token:protected] =>              [dateAdded:protected] => DateTime Object                 (                     [date] => 2017-06-21 18:31:46.000000                     [timezone_type] => 3                     [timezone] => MST                 )          )      [addresses:protected] => Array         (             [0] => QuickCommerce\Model\Core\Address\PosAddress Object                 (                     [addressId:protected] => 715                     [customerId:protected] => 1                     [firstname:protected] => ACE                     [lastname:protected] => Cash Sales                     [company:protected] =>                      [address1:protected] => Suite 531 ACE Plaza                     [address2:protected] => 10055 80 Ave                     [city:protected] => Edmonton                     [postcode:protected] => T6E 1T4                     [countryId:protected] => 38                     [zoneId:protected] => 602                 )          )  )  [] []
[2017-09-17 14:18:46] pos_logger.DEBUG: QuickCommerce\Model\View\PosCustomerDetails Object (     [customer:protected] => QuickCommerce\Model\Core\Customer\PosCustomer Object         (             [customerId:protected] => 1             [customerGroupId:protected] => 1             [firstname:protected] => ACE             [lastname:protected] => Cash Sales             [email:protected] => lucaslopatka@gmail.com             [telephone:protected] => 666-666-5555             [fax:protected] =>              [password:protected] => 91c725418eae5f87b72dea4f8475b0133ddf9963             [salt:protected] => 06b0cf3bb             [newsletter:protected] =>              [addressId:protected] => 715             [status:protected] => 1             [approved:protected] => 1             [safe:protected] => 1             [token:protected] =>              [dateAdded:protected] => DateTime Object                 (                     [date] => 2017-06-21 18:31:46.000000                     [timezone_type] => 3                     [timezone] => MST                 )          )      [addresses:protected] => Array         (             [0] => QuickCommerce\Model\Core\Address\PosAddress Object                 (                     [addressId:protected] => 715                     [customerId:protected] => 1                     [firstname:protected] => ACE                     [lastname:protected] => Cash Sales                     [company:protected] =>                      [address1:protected] => Suite 531 ACE Plaza                     [address2:protected] => 10055 80 Ave                     [city:protected] => Edmonton                     [postcode:protected] => T6E 1T4                     [countryId:protected] => 38                     [zoneId:protected] => 602                 )          )  )  [] []
[2017-09-17 14:18:47] pos_logger.DEBUG: checking QuickCommerce\Adapter\OC2\Service\Oc2OrderService [] []
[2017-09-17 14:18:47] pos_logger.DEBUG: class found [] []
[2017-09-17 14:18:47] pos_logger.DEBUG: checking QuickCommerce\Adapter\OC2\Service\Oc2OrderService [] []
[2017-09-17 14:18:47] pos_logger.DEBUG: class found [] []
[2017-09-17 14:18:48] pos_logger.DEBUG: checking QuickCommerce\Adapter\OC2\Service\Oc2OrderService [] []
[2017-09-17 14:18:48] pos_logger.DEBUG: class found [] []
[2017-09-17 14:21:39] pos_logger.DEBUG: checking QuickCommerce\Adapter\OC2\Service\Oc2ReferenceDataService [] []
[2017-09-17 14:21:39] pos_logger.DEBUG: class found [] []
[2017-09-17 14:21:39] pos_logger.DEBUG: checking QuickCommerce\Adapter\OC2\Service\Oc2SettingsService [] []
[2017-09-17 14:21:39] pos_logger.DEBUG: class found [] []
[2017-09-17 14:21:40] pos_logger.DEBUG: checking QuickCommerce\Adapter\OC2\Service\Oc2OrderService [] []
[2017-09-17 14:21:40] pos_logger.DEBUG: class found [] []
[2017-09-17 15:32:25] pos_logger.DEBUG: checking QuickCommerce\Adapter\OC2\Service\Oc2ReferenceDataService [] []
[2017-09-17 15:32:25] pos_logger.DEBUG: class found [] []
[2017-09-17 15:32:25] pos_logger.DEBUG: checking QuickCommerce\Adapter\OC2\Service\Oc2SettingsService [] []
[2017-09-17 15:32:25] pos_logger.DEBUG: class found [] []
[2017-09-17 15:32:26] pos_logger.DEBUG: checking QuickCommerce\Adapter\OC2\Service\Oc2OrderService [] []
[2017-09-17 15:32:26] pos_logger.DEBUG: class found [] []
[2017-09-17 15:32:28] pos_logger.DEBUG: checking QuickCommerce\Adapter\OC2\Service\Oc2OrderService [] []
[2017-09-17 15:32:28] pos_logger.DEBUG: class found [] []
[2017-09-17 15:32:28] pos_logger.DEBUG: checking QuickCommerce\Adapter\OC2\Service\Oc2OrderService [] []
[2017-09-17 15:32:28] pos_logger.DEBUG: checking QuickCommerce\Adapter\OC2\Service\Oc2OrderService [] []
[2017-09-17 15:32:28] pos_logger.DEBUG: class found [] []
[2017-09-17 15:32:28] pos_logger.DEBUG: class found [] []
[2017-09-17 15:32:28] pos_logger.DEBUG: checking QuickCommerce\Adapter\OC2\Service\Oc2CustomerService [] []
[2017-09-17 15:32:28] pos_logger.DEBUG: class found [] []
[2017-09-17 15:32:28] pos_logger.DEBUG: checking QuickCommerce\Adapter\OC2\Service\Oc2CustomerService [] []
[2017-09-17 15:32:28] pos_logger.DEBUG: class found [] []
[2017-09-17 15:32:28] pos_logger.DEBUG: checking QuickCommerce\Adapter\OC2\Service\Oc2CustomerService [] []
[2017-09-17 15:32:28] pos_logger.DEBUG: class found [] []
[2017-09-17 15:32:28] pos_logger.DEBUG: QuickCommerce\Model\View\PosCustomerDetails Object (     [customer:protected] => QuickCommerce\Model\Core\Customer\PosCustomer Object         (             [customerId:protected] => 1             [customerGroupId:protected] => 1             [firstname:protected] => ACE             [lastname:protected] => Cash Sales             [email:protected] => lucaslopatka@gmail.com             [telephone:protected] => 666-666-5555             [fax:protected] =>              [password:protected] => 91c725418eae5f87b72dea4f8475b0133ddf9963             [salt:protected] => 06b0cf3bb             [newsletter:protected] =>              [addressId:protected] => 715             [status:protected] => 1             [approved:protected] => 1             [safe:protected] => 1             [token:protected] =>              [dateAdded:protected] => DateTime Object                 (                     [date] => 2017-06-21 18:31:46.000000                     [timezone_type] => 3                     [timezone] => MST                 )          )      [addresses:protected] => Array         (             [0] => QuickCommerce\Model\Core\Address\PosAddress Object                 (                     [addressId:protected] => 715                     [customerId:protected] => 1                     [firstname:protected] => ACE                     [lastname:protected] => Cash Sales                     [company:protected] =>                      [address1:protected] => Suite 531 ACE Plaza                     [address2:protected] => 10055 80 Ave                     [city:protected] => Edmonton                     [postcode:protected] => T6E 1T4                     [countryId:protected] => 38                     [zoneId:protected] => 602                 )          )  )  [] []
[2017-09-17 15:32:28] pos_logger.DEBUG: QuickCommerce\Model\View\PosCustomerDetails Object (     [customer:protected] => QuickCommerce\Model\Core\Customer\PosCustomer Object         (             [customerId:protected] => 1             [customerGroupId:protected] => 1             [firstname:protected] => ACE             [lastname:protected] => Cash Sales             [email:protected] => lucaslopatka@gmail.com             [telephone:protected] => 666-666-5555             [fax:protected] =>              [password:protected] => 91c725418eae5f87b72dea4f8475b0133ddf9963             [salt:protected] => 06b0cf3bb             [newsletter:protected] =>              [addressId:protected] => 715             [status:protected] => 1             [approved:protected] => 1             [safe:protected] => 1             [token:protected] =>              [dateAdded:protected] => DateTime Object                 (                     [date] => 2017-06-21 18:31:46.000000                     [timezone_type] => 3                     [timezone] => MST                 )          )      [addresses:protected] => Array         (             [0] => QuickCommerce\Model\Core\Address\PosAddress Object                 (                     [addressId:protected] => 715                     [customerId:protected] => 1                     [firstname:protected] => ACE                     [lastname:protected] => Cash Sales                     [company:protected] =>                      [address1:protected] => Suite 531 ACE Plaza                     [address2:protected] => 10055 80 Ave                     [city:protected] => Edmonton                     [postcode:protected] => T6E 1T4                     [countryId:protected] => 38                     [zoneId:protected] => 602                 )          )  )  [] []
[2017-09-17 15:32:28] pos_logger.DEBUG: QuickCommerce\Model\View\PosCustomerDetails Object (     [customer:protected] => QuickCommerce\Model\Core\Customer\PosCustomer Object         (             [customerId:protected] => 1             [customerGroupId:protected] => 1             [firstname:protected] => ACE             [lastname:protected] => Cash Sales             [email:protected] => lucaslopatka@gmail.com             [telephone:protected] => 666-666-5555             [fax:protected] =>              [password:protected] => 91c725418eae5f87b72dea4f8475b0133ddf9963             [salt:protected] => 06b0cf3bb             [newsletter:protected] =>              [addressId:protected] => 715             [status:protected] => 1             [approved:protected] => 1             [safe:protected] => 1             [token:protected] =>              [dateAdded:protected] => DateTime Object                 (                     [date] => 2017-06-21 18:31:46.000000                     [timezone_type] => 3                     [timezone] => MST                 )          )      [addresses:protected] => Array         (             [0] => QuickCommerce\Model\Core\Address\PosAddress Object                 (                     [addressId:protected] => 715                     [customerId:protected] => 1                     [firstname:protected] => ACE                     [lastname:protected] => Cash Sales                     [company:protected] =>                      [address1:protected] => Suite 531 ACE Plaza                     [address2:protected] => 10055 80 Ave                     [city:protected] => Edmonton                     [postcode:protected] => T6E 1T4                     [countryId:protected] => 38                     [zoneId:protected] => 602                 )          )  )  [] []
[2017-09-17 15:32:30] pos_logger.DEBUG: checking QuickCommerce\Adapter\OC2\Service\Oc2OrderService [] []
[2017-09-17 15:32:30] pos_logger.DEBUG: class found [] []
[2017-09-17 15:32:30] pos_logger.DEBUG: checking QuickCommerce\Adapter\OC2\Service\Oc2OrderService [] []
[2017-09-17 15:32:30] pos_logger.DEBUG: class found [] []
[2017-09-17 15:32:30] pos_logger.DEBUG: checking QuickCommerce\Adapter\OC2\Service\Oc2OrderService [] []
[2017-09-17 15:32:30] pos_logger.DEBUG: class found [] []
[2017-09-17 15:33:57] pos_logger.DEBUG: checking QuickCommerce\Adapter\OC2\Service\Oc2ReferenceDataService [] []
[2017-09-17 15:33:57] pos_logger.DEBUG: class found [] []
[2017-09-17 15:33:57] pos_logger.DEBUG: checking QuickCommerce\Adapter\OC2\Service\Oc2SettingsService [] []
[2017-09-17 15:33:57] pos_logger.DEBUG: class found [] []
[2017-09-17 15:33:58] pos_logger.DEBUG: checking QuickCommerce\Adapter\OC2\Service\Oc2OrderService [] []
[2017-09-17 15:33:58] pos_logger.DEBUG: class found [] []
[2017-09-17 15:53:08] pos_logger.DEBUG: checking QuickCommerce\Adapter\OC2\Service\Oc2ReferenceDataService [] []
[2017-09-17 15:53:08] pos_logger.DEBUG: class found [] []
[2017-09-17 15:53:09] pos_logger.DEBUG: checking QuickCommerce\Adapter\OC2\Service\Oc2SettingsService [] []
[2017-09-17 15:53:09] pos_logger.DEBUG: class found [] []
[2017-09-17 15:53:09] pos_logger.DEBUG: checking QuickCommerce\Adapter\OC2\Service\Oc2OrderService [] []
[2017-09-17 15:53:09] pos_logger.DEBUG: class found [] []
[2017-09-17 16:00:26] pos_logger.DEBUG: checking QuickCommerce\Adapter\OC2\Service\Oc2ReferenceDataService [] []
[2017-09-17 16:00:26] pos_logger.DEBUG: class found [] []
[2017-09-17 16:00:26] pos_logger.DEBUG: checking QuickCommerce\Adapter\OC2\Service\Oc2SettingsService [] []
[2017-09-17 16:00:26] pos_logger.DEBUG: class found [] []
[2017-09-17 16:00:27] pos_logger.DEBUG: checking QuickCommerce\Adapter\OC2\Service\Oc2OrderService [] []
[2017-09-17 16:00:27] pos_logger.DEBUG: class found [] []
[2017-09-17 16:00:28] pos_logger.DEBUG: checking QuickCommerce\Adapter\OC2\Service\Oc2OrderService [] []
[2017-09-17 16:00:28] pos_logger.DEBUG: checking QuickCommerce\Adapter\OC2\Service\Oc2OrderService [] []
[2017-09-17 16:00:28] pos_logger.DEBUG: class found [] []
[2017-09-17 16:00:28] pos_logger.DEBUG: class found [] []
[2017-09-17 16:00:28] pos_logger.DEBUG: checking QuickCommerce\Adapter\OC2\Service\Oc2OrderService [] []
[2017-09-17 16:00:28] pos_logger.DEBUG: class found [] []
[2017-09-17 16:00:29] pos_logger.DEBUG: checking QuickCommerce\Adapter\OC2\Service\Oc2ReferenceDataService [] []
[2017-09-17 16:00:29] pos_logger.DEBUG: class found [] []
[2017-09-17 16:00:29] pos_logger.DEBUG: checking QuickCommerce\Adapter\OC2\Service\Oc2OrderService [] []
[2017-09-17 16:00:29] pos_logger.DEBUG: class found [] []
[2017-09-17 16:00:29] pos_logger.DEBUG: checking QuickCommerce\Adapter\OC2\Service\Oc2SettingsService [] []
[2017-09-17 16:00:29] pos_logger.DEBUG: class found [] []
[2017-09-17 16:00:29] pos_logger.DEBUG: checking QuickCommerce\Adapter\OC2\Service\Oc2OrderService [] []
[2017-09-17 16:00:29] pos_logger.DEBUG: class found [] []
[2017-09-17 16:00:29] pos_logger.DEBUG: checking QuickCommerce\Adapter\OC2\Service\Oc2OrderService [] []
[2017-09-17 16:00:29] pos_logger.DEBUG: class found [] []
[2017-09-17 16:00:30] pos_logger.DEBUG: checking QuickCommerce\Adapter\OC2\Service\Oc2OrderService [] []
[2017-09-17 16:00:30] pos_logger.DEBUG: class found [] []
[2017-09-17 16:03:19] pos_logger.DEBUG: checking QuickCommerce\Adapter\OC2\Service\Oc2ReferenceDataService [] []
[2017-09-17 16:03:19] pos_logger.DEBUG: class found [] []
[2017-09-17 16:03:19] pos_logger.DEBUG: checking QuickCommerce\Adapter\OC2\Service\Oc2SettingsService [] []
[2017-09-17 16:03:19] pos_logger.DEBUG: class found [] []
[2017-09-17 16:03:20] pos_logger.DEBUG: checking QuickCommerce\Adapter\OC2\Service\Oc2OrderService [] []
[2017-09-17 16:03:20] pos_logger.DEBUG: class found [] []
[2017-09-17 16:03:21] pos_logger.DEBUG: checking QuickCommerce\Adapter\OC2\Service\Oc2OrderService [] []
[2017-09-17 16:03:21] pos_logger.DEBUG: checking QuickCommerce\Adapter\OC2\Service\Oc2OrderService [] []
[2017-09-17 16:03:21] pos_logger.DEBUG: class found [] []
[2017-09-17 16:03:21] pos_logger.DEBUG: checking QuickCommerce\Adapter\OC2\Service\Oc2OrderService [] []
[2017-09-17 16:03:21] pos_logger.DEBUG: class found [] []
[2017-09-17 16:03:21] pos_logger.DEBUG: class found [] []
[2017-09-17 16:03:22] pos_logger.DEBUG: checking QuickCommerce\Adapter\OC2\Service\Oc2OrderService [] []
[2017-09-17 16:03:22] pos_logger.DEBUG: class found [] []
[2017-09-17 16:03:22] pos_logger.DEBUG: checking QuickCommerce\Adapter\OC2\Service\Oc2OrderService [] []
[2017-09-17 16:03:22] pos_logger.DEBUG: class found [] []
[2017-09-17 16:03:22] pos_logger.DEBUG: checking QuickCommerce\Adapter\OC2\Service\Oc2OrderService [] []
[2017-09-17 16:03:22] pos_logger.DEBUG: class found [] []
[2017-09-17 16:03:22] pos_logger.DEBUG: checking QuickCommerce\Adapter\OC2\Service\Oc2ReferenceDataService [] []
[2017-09-17 16:03:22] pos_logger.DEBUG: class found [] []
[2017-09-17 16:03:22] pos_logger.DEBUG: checking QuickCommerce\Adapter\OC2\Service\Oc2SettingsService [] []
[2017-09-17 16:03:22] pos_logger.DEBUG: class found [] []
[2017-09-17 16:03:23] pos_logger.DEBUG: checking QuickCommerce\Adapter\OC2\Service\Oc2OrderService [] []
[2017-09-17 16:03:23] pos_logger.DEBUG: class found [] []
[2017-09-17 16:06:28] pos_logger.DEBUG: checking QuickCommerce\Adapter\OC2\Service\Oc2ReferenceDataService [] []
[2017-09-17 16:06:28] pos_logger.DEBUG: class found [] []
[2017-09-17 16:06:28] pos_logger.DEBUG: checking QuickCommerce\Adapter\OC2\Service\Oc2SettingsService [] []
[2017-09-17 16:06:28] pos_logger.DEBUG: class found [] []
[2017-09-17 16:06:29] pos_logger.DEBUG: checking QuickCommerce\Adapter\OC2\Service\Oc2OrderService [] []
[2017-09-17 16:06:29] pos_logger.DEBUG: class found [] []
[2017-09-17 16:06:30] pos_logger.DEBUG: checking QuickCommerce\Adapter\OC2\Service\Oc2OrderService [] []
[2017-09-17 16:06:30] pos_logger.DEBUG: checking QuickCommerce\Adapter\OC2\Service\Oc2OrderService [] []
[2017-09-17 16:06:30] pos_logger.DEBUG: class found [] []
[2017-09-17 16:06:30] pos_logger.DEBUG: checking QuickCommerce\Adapter\OC2\Service\Oc2OrderService [] []
[2017-09-17 16:06:30] pos_logger.DEBUG: class found [] []
[2017-09-17 16:06:30] pos_logger.DEBUG: class found [] []
[2017-09-17 16:06:30] pos_logger.DEBUG: checking QuickCommerce\Adapter\OC2\Service\Oc2ReferenceDataService [] []
[2017-09-17 16:06:30] pos_logger.DEBUG: class found [] []
[2017-09-17 16:06:30] pos_logger.DEBUG: checking QuickCommerce\Adapter\OC2\Service\Oc2SettingsService [] []
[2017-09-17 16:06:30] pos_logger.DEBUG: class found [] []
[2017-09-17 16:06:31] pos_logger.DEBUG: checking QuickCommerce\Adapter\OC2\Service\Oc2OrderService [] []
[2017-09-17 16:06:31] pos_logger.DEBUG: class found [] []
[2017-09-17 16:06:31] pos_logger.DEBUG: checking QuickCommerce\Adapter\OC2\Service\Oc2OrderService [] []
[2017-09-17 16:06:31] pos_logger.DEBUG: checking QuickCommerce\Adapter\OC2\Service\Oc2OrderService [] []
[2017-09-17 16:06:31] pos_logger.DEBUG: class found [] []
[2017-09-17 16:06:31] pos_logger.DEBUG: class found [] []
[2017-09-17 16:06:31] pos_logger.DEBUG: checking QuickCommerce\Adapter\OC2\Service\Oc2OrderService [] []
[2017-09-17 16:06:31] pos_logger.DEBUG: class found [] []
[2017-09-17 16:36:33] pos_logger.DEBUG: checking QuickCommerce\Adapter\OC2\Service\Oc2ReferenceDataService [] []
[2017-09-17 16:36:33] pos_logger.DEBUG: class found [] []
[2017-09-17 16:36:33] pos_logger.DEBUG: checking QuickCommerce\Adapter\OC2\Service\Oc2SettingsService [] []
[2017-09-17 16:36:33] pos_logger.DEBUG: class found [] []
[2017-09-17 16:36:34] pos_logger.DEBUG: checking QuickCommerce\Adapter\OC2\Service\Oc2OrderService [] []
[2017-09-17 16:36:34] pos_logger.DEBUG: class found [] []
[2017-09-17 16:36:35] pos_logger.DEBUG: checking QuickCommerce\Adapter\OC2\Service\Oc2OrderService [] []
[2017-09-17 16:36:35] pos_logger.DEBUG: checking QuickCommerce\Adapter\OC2\Service\Oc2OrderService [] []
[2017-09-17 16:36:35] pos_logger.DEBUG: class found [] []
[2017-09-17 16:36:35] pos_logger.DEBUG: class found [] []
[2017-09-17 16:36:36] pos_logger.DEBUG: checking QuickCommerce\Adapter\OC2\Service\Oc2OrderService [] []
[2017-09-17 16:36:36] pos_logger.DEBUG: class found [] []
[2017-09-17 16:36:36] pos_logger.DEBUG: checking QuickCommerce\Adapter\OC2\Service\Oc2OrderService [] []
[2017-09-17 16:36:36] pos_logger.DEBUG: class found [] []
[2017-09-17 16:36:36] pos_logger.DEBUG: checking QuickCommerce\Adapter\OC2\Service\Oc2OrderService [] []
[2017-09-17 16:36:36] pos_logger.DEBUG: class found [] []
[2017-09-17 16:36:37] pos_logger.DEBUG: checking QuickCommerce\Adapter\OC2\Service\Oc2OrderService [] []
[2017-09-17 16:36:37] pos_logger.DEBUG: class found [] []
[2017-09-17 16:36:38] pos_logger.DEBUG: checking QuickCommerce\Adapter\OC2\Service\Oc2ReferenceDataService [] []
[2017-09-17 16:36:38] pos_logger.DEBUG: class found [] []
[2017-09-17 16:36:39] pos_logger.DEBUG: checking QuickCommerce\Adapter\OC2\Service\Oc2SettingsService [] []
[2017-09-17 16:36:39] pos_logger.DEBUG: class found [] []
[2017-09-17 16:36:39] pos_logger.DEBUG: checking QuickCommerce\Adapter\OC2\Service\Oc2OrderService [] []
[2017-09-17 16:36:39] pos_logger.DEBUG: class found [] []
[2017-09-17 16:37:00] pos_logger.DEBUG: checking QuickCommerce\Adapter\OC2\Service\Oc2ReferenceDataService [] []
[2017-09-17 16:37:00] pos_logger.DEBUG: class found [] []
[2017-09-17 16:37:00] pos_logger.DEBUG: checking QuickCommerce\Adapter\OC2\Service\Oc2SettingsService [] []
[2017-09-17 16:37:00] pos_logger.DEBUG: class found [] []
[2017-09-17 16:37:01] pos_logger.DEBUG: checking QuickCommerce\Adapter\OC2\Service\Oc2OrderService [] []
[2017-09-17 16:37:01] pos_logger.DEBUG: class found [] []
[2017-09-17 16:37:02] pos_logger.DEBUG: checking QuickCommerce\Adapter\OC2\Service\Oc2OrderService [] []
[2017-09-17 16:37:02] pos_logger.DEBUG: checking QuickCommerce\Adapter\OC2\Service\Oc2OrderService [] []
[2017-09-17 16:37:02] pos_logger.DEBUG: class found [] []
[2017-09-17 16:37:02] pos_logger.DEBUG: class found [] []
[2017-09-17 16:37:02] pos_logger.DEBUG: checking QuickCommerce\Adapter\OC2\Service\Oc2OrderService [] []
[2017-09-17 16:37:02] pos_logger.DEBUG: class found [] []
[2017-09-17 16:37:03] pos_logger.DEBUG: checking QuickCommerce\Adapter\OC2\Service\Oc2OrderService [] []
[2017-09-17 16:37:03] pos_logger.DEBUG: class found [] []
[2017-09-17 16:37:03] pos_logger.DEBUG: checking QuickCommerce\Adapter\OC2\Service\Oc2OrderService [] []
[2017-09-17 16:37:03] pos_logger.DEBUG: class found [] []
[2017-09-17 16:37:03] pos_logger.DEBUG: checking QuickCommerce\Adapter\OC2\Service\Oc2OrderService [] []
[2017-09-17 16:37:03] pos_logger.DEBUG: class found [] []
[2017-09-17 16:38:02] pos_logger.DEBUG: checking QuickCommerce\Adapter\OC2\Service\Oc2ReferenceDataService [] []
[2017-09-17 16:38:02] pos_logger.DEBUG: class found [] []
[2017-09-17 16:38:02] pos_logger.DEBUG: checking QuickCommerce\Adapter\OC2\Service\Oc2SettingsService [] []
[2017-09-17 16:38:02] pos_logger.DEBUG: class found [] []
[2017-09-17 16:38:03] pos_logger.DEBUG: checking QuickCommerce\Adapter\OC2\Service\Oc2OrderService [] []
[2017-09-17 16:38:03] pos_logger.DEBUG: class found [] []
[2017-09-17 16:39:33] pos_logger.DEBUG: checking QuickCommerce\Adapter\OC2\Service\Oc2ReferenceDataService [] []
[2017-09-17 16:39:33] pos_logger.DEBUG: class found [] []
[2017-09-17 16:39:33] pos_logger.DEBUG: checking QuickCommerce\Adapter\OC2\Service\Oc2SettingsService [] []
[2017-09-17 16:39:33] pos_logger.DEBUG: class found [] []
[2017-09-17 16:39:34] pos_logger.DEBUG: checking QuickCommerce\Adapter\OC2\Service\Oc2OrderService [] []
[2017-09-17 16:39:34] pos_logger.DEBUG: class found [] []
[2017-09-17 16:39:48] pos_logger.DEBUG: checking QuickCommerce\Adapter\OC2\Service\Oc2OrderService [] []
[2017-09-17 16:39:48] pos_logger.DEBUG: class found [] []
[2017-09-17 16:39:48] pos_logger.DEBUG: checking QuickCommerce\Adapter\OC2\Service\Oc2OrderService [] []
[2017-09-17 16:39:48] pos_logger.DEBUG: class found [] []
[2017-09-17 16:39:48] pos_logger.DEBUG: checking QuickCommerce\Adapter\OC2\Service\Oc2OrderService [] []
[2017-09-17 16:39:48] pos_logger.DEBUG: class found [] []
[2017-09-17 16:39:49] pos_logger.DEBUG: checking QuickCommerce\Adapter\OC2\Service\Oc2CustomerService [] []
[2017-09-17 16:39:49] pos_logger.DEBUG: class found [] []
[2017-09-17 16:39:49] pos_logger.DEBUG: checking QuickCommerce\Adapter\OC2\Service\Oc2CustomerService [] []
[2017-09-17 16:39:49] pos_logger.DEBUG: class found [] []
[2017-09-17 16:39:49] pos_logger.DEBUG: checking QuickCommerce\Adapter\OC2\Service\Oc2CustomerService [] []
[2017-09-17 16:39:49] pos_logger.DEBUG: class found [] []
[2017-09-17 16:39:49] pos_logger.DEBUG: QuickCommerce\Model\View\PosCustomerDetails Object (     [customer:protected] => QuickCommerce\Model\Core\Customer\PosCustomer Object         (             [customerId:protected] => 1             [customerGroupId:protected] => 1             [firstname:protected] => ACE             [lastname:protected] => Cash Sales             [email:protected] => lucaslopatka@gmail.com             [telephone:protected] => 666-666-5555             [fax:protected] =>              [password:protected] => 91c725418eae5f87b72dea4f8475b0133ddf9963             [salt:protected] => 06b0cf3bb             [newsletter:protected] =>              [addressId:protected] => 715             [status:protected] => 1             [approved:protected] => 1             [safe:protected] => 1             [token:protected] =>              [dateAdded:protected] => DateTime Object                 (                     [date] => 2017-06-21 18:31:46.000000                     [timezone_type] => 3                     [timezone] => MST                 )          )      [addresses:protected] => Array         (             [0] => QuickCommerce\Model\Core\Address\PosAddress Object                 (                     [addressId:protected] => 715                     [customerId:protected] => 1                     [firstname:protected] => ACE                     [lastname:protected] => Cash Sales                     [company:protected] =>                      [address1:protected] => Suite 531 ACE Plaza                     [address2:protected] => 10055 80 Ave                     [city:protected] => Edmonton                     [postcode:protected] => T6E 1T4                     [countryId:protected] => 38                     [zoneId:protected] => 602                 )          )  )  [] []
[2017-09-17 16:39:49] pos_logger.DEBUG: QuickCommerce\Model\View\PosCustomerDetails Object (     [customer:protected] => QuickCommerce\Model\Core\Customer\PosCustomer Object         (             [customerId:protected] => 1             [customerGroupId:protected] => 1             [firstname:protected] => ACE             [lastname:protected] => Cash Sales             [email:protected] => lucaslopatka@gmail.com             [telephone:protected] => 666-666-5555             [fax:protected] =>              [password:protected] => 91c725418eae5f87b72dea4f8475b0133ddf9963             [salt:protected] => 06b0cf3bb             [newsletter:protected] =>              [addressId:protected] => 715             [status:protected] => 1             [approved:protected] => 1             [safe:protected] => 1             [token:protected] =>              [dateAdded:protected] => DateTime Object                 (                     [date] => 2017-06-21 18:31:46.000000                     [timezone_type] => 3                     [timezone] => MST                 )          )      [addresses:protected] => Array         (             [0] => QuickCommerce\Model\Core\Address\PosAddress Object                 (                     [addressId:protected] => 715                     [customerId:protected] => 1                     [firstname:protected] => ACE                     [lastname:protected] => Cash Sales                     [company:protected] =>                      [address1:protected] => Suite 531 ACE Plaza                     [address2:protected] => 10055 80 Ave                     [city:protected] => Edmonton                     [postcode:protected] => T6E 1T4                     [countryId:protected] => 38                     [zoneId:protected] => 602                 )          )  )  [] []
[2017-09-17 16:39:49] pos_logger.DEBUG: QuickCommerce\Model\View\PosCustomerDetails Object (     [customer:protected] => QuickCommerce\Model\Core\Customer\PosCustomer Object         (             [customerId:protected] => 1             [customerGroupId:protected] => 1             [firstname:protected] => ACE             [lastname:protected] => Cash Sales             [email:protected] => lucaslopatka@gmail.com             [telephone:protected] => 666-666-5555             [fax:protected] =>              [password:protected] => 91c725418eae5f87b72dea4f8475b0133ddf9963             [salt:protected] => 06b0cf3bb             [newsletter:protected] =>              [addressId:protected] => 715             [status:protected] => 1             [approved:protected] => 1             [safe:protected] => 1             [token:protected] =>              [dateAdded:protected] => DateTime Object                 (                     [date] => 2017-06-21 18:31:46.000000                     [timezone_type] => 3                     [timezone] => MST                 )          )      [addresses:protected] => Array         (             [0] => QuickCommerce\Model\Core\Address\PosAddress Object                 (                     [addressId:protected] => 715                     [customerId:protected] => 1                     [firstname:protected] => ACE                     [lastname:protected] => Cash Sales                     [company:protected] =>                      [address1:protected] => Suite 531 ACE Plaza                     [address2:protected] => 10055 80 Ave                     [city:protected] => Edmonton                     [postcode:protected] => T6E 1T4                     [countryId:protected] => 38                     [zoneId:protected] => 602                 )          )  )  [] []
[2017-09-17 16:39:51] pos_logger.DEBUG: checking QuickCommerce\Adapter\OC2\Service\Oc2OrderService [] []
[2017-09-17 16:39:51] pos_logger.DEBUG: class found [] []
[2017-09-17 16:39:52] pos_logger.DEBUG: checking QuickCommerce\Adapter\OC2\Service\Oc2OrderService [] []
[2017-09-17 16:39:52] pos_logger.DEBUG: class found [] []
[2017-09-17 16:39:53] pos_logger.DEBUG: checking QuickCommerce\Adapter\OC2\Service\Oc2OrderService [] []
[2017-09-17 16:39:53] pos_logger.DEBUG: class found [] []
[2017-09-17 16:40:30] pos_logger.DEBUG: checking QuickCommerce\Adapter\OC2\Service\Oc2ReferenceDataService [] []
[2017-09-17 16:40:30] pos_logger.DEBUG: class found [] []
[2017-09-17 16:40:30] pos_logger.DEBUG: checking QuickCommerce\Adapter\OC2\Service\Oc2SettingsService [] []
[2017-09-17 16:40:30] pos_logger.DEBUG: class found [] []
[2017-09-17 16:40:31] pos_logger.DEBUG: checking QuickCommerce\Adapter\OC2\Service\Oc2OrderService [] []
[2017-09-17 16:40:31] pos_logger.DEBUG: class found [] []
