[2017-06-25 19:42:44] pos_logger.DEBUG: checking QuickCommerce\Adapter\OC2\Service\Oc2OrderService [] []
[2017-06-25 19:42:44] pos_logger.DEBUG: class found [] []
[2017-06-25 19:42:44] pos_logger.DEBUG: The identifier countryId is missing for a query of QuickCommerce\Model\Core\Address\PosCountry [] []
[2017-06-25 19:42:44] pos_logger.DEBUG: #0 /home/acecoffee/quickcommerce/vendor/doctrine/orm/lib/Doctrine/ORM/EntityManager.php(403): Doctrine\ORM\ORMException::missingIdentifierField('QuickCommerce\\M...', 'countryId') #1 /home/acecoffee/quickcommerce/vendor/quickcommerce/src/Adapter/Opencart2x/Service/Oc2OrderService.php(226): Doctrine\ORM\EntityManager->find('QuickCommerce\\M...', Array) #2 /home/acecoffee/quickcommerce/vendor/quickcommerce/src/Adapter/Opencart2x/Service/Oc2OrderService.php(158): QuickCommerce\Adapter\OC2\Service\Oc2OrderService->newOrder(Object(Doctrine\ORM\EntityManager), Array) #3 /home/acecoffee/quickcommerce/vendor/quickcommerce/src/Adapter/Opencart2x/Service/Oc2OrderService.php(113): QuickCommerce\Adapter\OC2\Service\Oc2OrderService->createOrder(Object(Doctrine\ORM\EntityManager), Object(QuickCommerce\Model\View\PosOrderAction)) #4 /home/acecoffee/quickcommerce/vendor/quickcommerce/src/API/Service/AbstractOrderService.php(55): QuickCommerce\Adapter\OC2\Service\Oc2OrderService->modifyOrder('0', Object(QuickCommerce\Model\View\PosOrderAction)) #5 /home/acecoffee/quickcommerce/vendor/quickcommerce/src/API/Application.php(221): QuickCommerce\API\Service\AbstractOrderService->patch(Array, '0', NULL) #6 /home/acecoffee/quickcommerce/upload/qcapi/index.php(123): QuickCommerce\API\Application->partialUpdate('order', Array, '0') #7 [internal function]: Closure->{closure}(Object(Slim\Http\Request), Object(Slim\Http\Response), Array) #8 /home/acecoffee/quickcommerce/vendor/slim/slim/Slim/Handlers/Strategies/RequestResponse.php(41): call_user_func(Object(Closure), Object(Slim\Http\Request), Object(Slim\Http\Response), Array) #9 /home/acecoffee/quickcommerce/vendor/slim/slim/Slim/Route.php(344): Slim\Handlers\Strategies\RequestResponse->__invoke(Object(Closure), Object(Slim\Http\Request), Object(Slim\Http\Response), Array) #10 /home/acecoffee/quickcommerce/vendor/slim/slim/Slim/MiddlewareAwareTrait.php(122): Slim\Route->__invoke(Object(Slim\Http\Request), Object(Slim\Http\Response)) #11 /home/acecoffee/quickcommerce/vendor/slim/slim/Slim/Route.php(316): Slim\Route->callMiddlewareStack(Object(Slim\Http\Request), Object(Slim\Http\Response)) #12 /home/acecoffee/quickcommerce/vendor/slim/slim/Slim/App.php(476): Slim\Route->run(Object(Slim\Http\Request), Object(Slim\Http\Response)) #13 /home/acecoffee/quickcommerce/vendor/slim/slim/Slim/MiddlewareAwareTrait.php(122): Slim\App->__invoke(Object(Slim\Http\Request), Object(Slim\Http\Response)) #14 /home/acecoffee/quickcommerce/vendor/slim/slim/Slim/App.php(370): Slim\App->callMiddlewareStack(Object(Slim\Http\Request), Object(Slim\Http\Response)) #15 /home/acecoffee/quickcommerce/vendor/slim/slim/Slim/App.php(295): Slim\App->process(Object(Slim\Http\Request), Object(Slim\Http\Response)) #16 /home/acecoffee/quickcommerce/upload/qcapi/index.php(214): Slim\App->run() #17 {main} [] []
[2017-06-25 19:42:48] pos_logger.DEBUG: checking QuickCommerce\Adapter\OC2\Service\Oc2OrderService [] []
[2017-06-25 19:42:48] pos_logger.DEBUG: class found [] []
[2017-06-25 19:42:55] pos_logger.DEBUG: checking QuickCommerce\Adapter\OC2\Service\Oc2ReferenceDataService [] []
[2017-06-25 19:42:55] pos_logger.DEBUG: class found [] []
[2017-06-25 19:42:55] pos_logger.DEBUG: checking QuickCommerce\Adapter\OC2\Service\Oc2SettingsService [] []
[2017-06-25 19:42:55] pos_logger.DEBUG: class found [] []
[2017-06-25 19:42:56] pos_logger.DEBUG: checking QuickCommerce\Adapter\OC2\Service\Oc2OrderService [] []
[2017-06-25 19:42:56] pos_logger.DEBUG: class found [] []
[2017-06-25 19:42:56] pos_logger.DEBUG: The identifier countryId is missing for a query of QuickCommerce\Model\Core\Address\PosCountry [] []
[2017-06-25 19:42:56] pos_logger.DEBUG: #0 /home/acecoffee/quickcommerce/vendor/doctrine/orm/lib/Doctrine/ORM/EntityManager.php(403): Doctrine\ORM\ORMException::missingIdentifierField('QuickCommerce\\M...', 'countryId') #1 /home/acecoffee/quickcommerce/vendor/quickcommerce/src/Adapter/Opencart2x/Service/Oc2OrderService.php(226): Doctrine\ORM\EntityManager->find('QuickCommerce\\M...', Array) #2 /home/acecoffee/quickcommerce/vendor/quickcommerce/src/Adapter/Opencart2x/Service/Oc2OrderService.php(158): QuickCommerce\Adapter\OC2\Service\Oc2OrderService->newOrder(Object(Doctrine\ORM\EntityManager), Array) #3 /home/acecoffee/quickcommerce/vendor/quickcommerce/src/Adapter/Opencart2x/Service/Oc2OrderService.php(113): QuickCommerce\Adapter\OC2\Service\Oc2OrderService->createOrder(Object(Doctrine\ORM\EntityManager), Object(QuickCommerce\Model\View\PosOrderAction)) #4 /home/acecoffee/quickcommerce/vendor/quickcommerce/src/API/Service/AbstractOrderService.php(55): QuickCommerce\Adapter\OC2\Service\Oc2OrderService->modifyOrder('0', Object(QuickCommerce\Model\View\PosOrderAction)) #5 /home/acecoffee/quickcommerce/vendor/quickcommerce/src/API/Application.php(221): QuickCommerce\API\Service\AbstractOrderService->patch(Array, '0', NULL) #6 /home/acecoffee/quickcommerce/upload/qcapi/index.php(123): QuickCommerce\API\Application->partialUpdate('order', Array, '0') #7 [internal function]: Closure->{closure}(Object(Slim\Http\Request), Object(Slim\Http\Response), Array) #8 /home/acecoffee/quickcommerce/vendor/slim/slim/Slim/Handlers/Strategies/RequestResponse.php(41): call_user_func(Object(Closure), Object(Slim\Http\Request), Object(Slim\Http\Response), Array) #9 /home/acecoffee/quickcommerce/vendor/slim/slim/Slim/Route.php(344): Slim\Handlers\Strategies\RequestResponse->__invoke(Object(Closure), Object(Slim\Http\Request), Object(Slim\Http\Response), Array) #10 /home/acecoffee/quickcommerce/vendor/slim/slim/Slim/MiddlewareAwareTrait.php(122): Slim\Route->__invoke(Object(Slim\Http\Request), Object(Slim\Http\Response)) #11 /home/acecoffee/quickcommerce/vendor/slim/slim/Slim/Route.php(316): Slim\Route->callMiddlewareStack(Object(Slim\Http\Request), Object(Slim\Http\Response)) #12 /home/acecoffee/quickcommerce/vendor/slim/slim/Slim/App.php(476): Slim\Route->run(Object(Slim\Http\Request), Object(Slim\Http\Response)) #13 /home/acecoffee/quickcommerce/vendor/slim/slim/Slim/MiddlewareAwareTrait.php(122): Slim\App->__invoke(Object(Slim\Http\Request), Object(Slim\Http\Response)) #14 /home/acecoffee/quickcommerce/vendor/slim/slim/Slim/App.php(370): Slim\App->callMiddlewareStack(Object(Slim\Http\Request), Object(Slim\Http\Response)) #15 /home/acecoffee/quickcommerce/vendor/slim/slim/Slim/App.php(295): Slim\App->process(Object(Slim\Http\Request), Object(Slim\Http\Response)) #16 /home/acecoffee/quickcommerce/upload/qcapi/index.php(214): Slim\App->run() #17 {main} [] []
[2017-06-25 19:43:05] pos_logger.DEBUG: checking QuickCommerce\Adapter\OC2\Service\Oc2OrderService [] []
[2017-06-25 19:43:05] pos_logger.DEBUG: class found [] []
[2017-06-25 19:43:05] pos_logger.DEBUG: checking QuickCommerce\Adapter\OC2\Service\Oc2OrderService [] []
[2017-06-25 19:43:05] pos_logger.DEBUG: class found [] []
[2017-06-25 19:43:14] pos_logger.DEBUG: checking QuickCommerce\Adapter\OC2\Service\Oc2OrderService [] []
[2017-06-25 19:43:14] pos_logger.DEBUG: class found [] []
[2017-06-25 19:43:14] pos_logger.DEBUG: checking QuickCommerce\Adapter\OC2\Service\Oc2OrderService [] []
[2017-06-25 19:43:14] pos_logger.DEBUG: class found [] []
[2017-06-25 19:44:11] pos_logger.DEBUG: checking QuickCommerce\Adapter\OC2\Service\Oc2ReferenceDataService [] []
[2017-06-25 19:44:11] pos_logger.DEBUG: class found [] []
[2017-06-25 19:44:11] pos_logger.DEBUG: checking QuickCommerce\Adapter\OC2\Service\Oc2SettingsService [] []
[2017-06-25 19:44:11] pos_logger.DEBUG: class found [] []
[2017-06-25 19:44:12] pos_logger.DEBUG: checking QuickCommerce\Adapter\OC2\Service\Oc2OrderService [] []
[2017-06-25 19:44:12] pos_logger.DEBUG: class found [] []
[2017-06-25 19:44:13] pos_logger.DEBUG: checking QuickCommerce\Adapter\OC2\Service\Oc2OrderService [] []
[2017-06-25 19:44:13] pos_logger.DEBUG: class found [] []
[2017-06-25 19:44:13] pos_logger.DEBUG: An order cannot be created using give data QuickCommerce\Model\View\PosOrderAction Object (     [action:protected] =>      [orderProductId:protected] =>      [orderProduct:protected] =>      [productId:protected] =>      [orderOptions:protected] => Array         (         )      [orderTaxRates:protected] => Array         (         )      [defaultSettings:protected] => Array         (         )      [quantityBefore:protected] =>      [quantityAfter:protected] =>      [shipping:protected] =>  )  [] []
[2017-06-25 19:44:13] pos_logger.DEBUG: #0 /home/acecoffee/quickcommerce/vendor/quickcommerce/src/Adapter/Opencart2x/Service/Oc2OrderService.php(154): QuickCommerce\API\Exception\APIException::orderCannotBeCreated(Object(QuickCommerce\Model\View\PosOrderAction)) #1 /home/acecoffee/quickcommerce/vendor/quickcommerce/src/Adapter/Opencart2x/Service/Oc2OrderService.php(113): QuickCommerce\Adapter\OC2\Service\Oc2OrderService->createOrder(Object(Doctrine\ORM\EntityManager), Object(QuickCommerce\Model\View\PosOrderAction)) #2 /home/acecoffee/quickcommerce/vendor/quickcommerce/src/API/Service/AbstractOrderService.php(55): QuickCommerce\Adapter\OC2\Service\Oc2OrderService->modifyOrder('0', Object(QuickCommerce\Model\View\PosOrderAction)) #3 /home/acecoffee/quickcommerce/vendor/quickcommerce/src/API/Application.php(221): QuickCommerce\API\Service\AbstractOrderService->patch(Array, '0', NULL) #4 /home/acecoffee/quickcommerce/upload/qcapi/index.php(123): QuickCommerce\API\Application->partialUpdate('order', Array, '0') #5 [internal function]: Closure->{closure}(Object(Slim\Http\Request), Object(Slim\Http\Response), Array) #6 /home/acecoffee/quickcommerce/vendor/slim/slim/Slim/Handlers/Strategies/RequestResponse.php(41): call_user_func(Object(Closure), Object(Slim\Http\Request), Object(Slim\Http\Response), Array) #7 /home/acecoffee/quickcommerce/vendor/slim/slim/Slim/Route.php(344): Slim\Handlers\Strategies\RequestResponse->__invoke(Object(Closure), Object(Slim\Http\Request), Object(Slim\Http\Response), Array) #8 /home/acecoffee/quickcommerce/vendor/slim/slim/Slim/MiddlewareAwareTrait.php(122): Slim\Route->__invoke(Object(Slim\Http\Request), Object(Slim\Http\Response)) #9 /home/acecoffee/quickcommerce/vendor/slim/slim/Slim/Route.php(316): Slim\Route->callMiddlewareStack(Object(Slim\Http\Request), Object(Slim\Http\Response)) #10 /home/acecoffee/quickcommerce/vendor/slim/slim/Slim/App.php(476): Slim\Route->run(Object(Slim\Http\Request), Object(Slim\Http\Response)) #11 /home/acecoffee/quickcommerce/vendor/slim/slim/Slim/MiddlewareAwareTrait.php(122): Slim\App->__invoke(Object(Slim\Http\Request), Object(Slim\Http\Response)) #12 /home/acecoffee/quickcommerce/vendor/slim/slim/Slim/App.php(370): Slim\App->callMiddlewareStack(Object(Slim\Http\Request), Object(Slim\Http\Response)) #13 /home/acecoffee/quickcommerce/vendor/slim/slim/Slim/App.php(295): Slim\App->process(Object(Slim\Http\Request), Object(Slim\Http\Response)) #14 /home/acecoffee/quickcommerce/upload/qcapi/index.php(214): Slim\App->run() #15 {main} [] []
[2017-06-25 19:51:23] pos_logger.DEBUG: checking QuickCommerce\Adapter\OC2\Service\Oc2ReferenceDataService [] []
[2017-06-25 19:51:23] pos_logger.DEBUG: class found [] []
[2017-06-25 19:51:23] pos_logger.DEBUG: checking QuickCommerce\Adapter\OC2\Service\Oc2SettingsService [] []
[2017-06-25 19:51:23] pos_logger.DEBUG: class found [] []
[2017-06-25 19:55:00] pos_logger.DEBUG: checking QuickCommerce\Adapter\OC2\Service\Oc2OrderService [] []
[2017-06-25 19:55:00] pos_logger.DEBUG: class found [] []
[2017-06-25 19:55:25] pos_logger.DEBUG: checking QuickCommerce\Adapter\OC2\Service\Oc2OrderService [] []
[2017-06-25 19:55:25] pos_logger.DEBUG: class found [] []
[2017-06-25 19:55:26] pos_logger.DEBUG: checking QuickCommerce\Adapter\OC2\Service\Oc2OrderService [] []
[2017-06-25 19:55:26] pos_logger.DEBUG: class found [] []
[2017-06-25 19:55:26] pos_logger.DEBUG: checking QuickCommerce\Adapter\OC2\Service\Oc2OrderService [] []
[2017-06-25 19:55:26] pos_logger.DEBUG: class found [] []
[2017-06-25 19:55:26] pos_logger.DEBUG: updating quantity with change 1 for productId  and productOptionValueIds Array ( )  [] []
[2017-06-25 19:55:28] pos_logger.DEBUG: checking QuickCommerce\Adapter\OC2\Service\Oc2OrderService [] []
[2017-06-25 19:55:28] pos_logger.DEBUG: class found [] []
[2017-06-25 19:55:34] pos_logger.DEBUG: checking QuickCommerce\Adapter\OC2\Service\Oc2OrderService [] []
[2017-06-25 19:55:34] pos_logger.DEBUG: class found [] []
[2017-06-25 19:55:34] pos_logger.DEBUG: updating quantity with change 0 for productId  and productOptionValueIds Array ( )  [] []
[2017-06-25 19:55:34] pos_logger.DEBUG: checking QuickCommerce\Adapter\OC2\Service\Oc2OrderService [] []
[2017-06-25 19:55:34] pos_logger.DEBUG: class found [] []
[2017-06-25 19:55:35] pos_logger.DEBUG: checking QuickCommerce\Adapter\OC2\Service\Oc2OrderService [] []
[2017-06-25 19:55:35] pos_logger.DEBUG: class found [] []
[2017-06-25 19:55:35] pos_logger.DEBUG: checking QuickCommerce\Adapter\OC2\Service\Oc2OrderService [] []
[2017-06-25 19:55:35] pos_logger.DEBUG: class found [] []
[2017-06-25 19:55:39] pos_logger.DEBUG: checking QuickCommerce\Adapter\OC2\Service\Oc2OrderService [] []
[2017-06-25 19:55:39] pos_logger.DEBUG: class found [] []
[2017-06-25 19:55:39] pos_logger.DEBUG: updating quantity with change 1 for productId  and productOptionValueIds Array ( )  [] []
[2017-06-25 19:55:40] pos_logger.DEBUG: checking QuickCommerce\Adapter\OC2\Service\Oc2OrderService [] []
[2017-06-25 19:55:40] pos_logger.DEBUG: class found [] []
[2017-06-25 19:55:43] pos_logger.DEBUG: checking QuickCommerce\Adapter\OC2\Service\Oc2OrderService [] []
[2017-06-25 19:55:43] pos_logger.DEBUG: class found [] []
[2017-06-25 19:55:43] pos_logger.DEBUG: updating quantity with change 1 for productId  and productOptionValueIds Array ( )  [] []
[2017-06-25 19:55:44] pos_logger.DEBUG: checking QuickCommerce\Adapter\OC2\Service\Oc2OrderService [] []
[2017-06-25 19:55:44] pos_logger.DEBUG: class found [] []
[2017-06-25 19:56:20] pos_logger.DEBUG: checking QuickCommerce\Adapter\OC2\Service\Oc2OrderService [] []
[2017-06-25 19:56:20] pos_logger.DEBUG: class found [] []
[2017-06-25 19:56:20] pos_logger.DEBUG: checking QuickCommerce\Adapter\OC2\Service\Oc2OrderService [] []
[2017-06-25 19:56:20] pos_logger.DEBUG: class found [] []
[2017-06-25 19:56:20] pos_logger.DEBUG: An order cannot be created using give data QuickCommerce\Model\View\PosOrderAction Object (     [action:protected] =>      [orderProductId:protected] =>      [orderProduct:protected] =>      [productId:protected] =>      [orderOptions:protected] => Array         (         )      [orderTaxRates:protected] => Array         (         )      [defaultSettings:protected] => Array         (         )      [quantityBefore:protected] =>      [quantityAfter:protected] =>      [shipping:protected] =>  )  [] []
[2017-06-25 19:56:20] pos_logger.DEBUG: #0 /home/acecoffee/quickcommerce/vendor/quickcommerce/src/Adapter/Opencart2x/Service/Oc2OrderService.php(154): QuickCommerce\API\Exception\APIException::orderCannotBeCreated(Object(QuickCommerce\Model\View\PosOrderAction)) #1 /home/acecoffee/quickcommerce/vendor/quickcommerce/src/Adapter/Opencart2x/Service/Oc2OrderService.php(113): QuickCommerce\Adapter\OC2\Service\Oc2OrderService->createOrder(Object(Doctrine\ORM\EntityManager), Object(QuickCommerce\Model\View\PosOrderAction)) #2 /home/acecoffee/quickcommerce/vendor/quickcommerce/src/API/Service/AbstractOrderService.php(55): QuickCommerce\Adapter\OC2\Service\Oc2OrderService->modifyOrder('0', Object(QuickCommerce\Model\View\PosOrderAction)) #3 /home/acecoffee/quickcommerce/vendor/quickcommerce/src/API/Application.php(221): QuickCommerce\API\Service\AbstractOrderService->patch(Array, '0', NULL) #4 /home/acecoffee/quickcommerce/upload/qcapi/index.php(123): QuickCommerce\API\Application->partialUpdate('order', Array, '0') #5 [internal function]: Closure->{closure}(Object(Slim\Http\Request), Object(Slim\Http\Response), Array) #6 /home/acecoffee/quickcommerce/vendor/slim/slim/Slim/Handlers/Strategies/RequestResponse.php(41): call_user_func(Object(Closure), Object(Slim\Http\Request), Object(Slim\Http\Response), Array) #7 /home/acecoffee/quickcommerce/vendor/slim/slim/Slim/Route.php(344): Slim\Handlers\Strategies\RequestResponse->__invoke(Object(Closure), Object(Slim\Http\Request), Object(Slim\Http\Response), Array) #8 /home/acecoffee/quickcommerce/vendor/slim/slim/Slim/MiddlewareAwareTrait.php(122): Slim\Route->__invoke(Object(Slim\Http\Request), Object(Slim\Http\Response)) #9 /home/acecoffee/quickcommerce/vendor/slim/slim/Slim/Route.php(316): Slim\Route->callMiddlewareStack(Object(Slim\Http\Request), Object(Slim\Http\Response)) #10 /home/acecoffee/quickcommerce/vendor/slim/slim/Slim/App.php(476): Slim\Route->run(Object(Slim\Http\Request), Object(Slim\Http\Response)) #11 /home/acecoffee/quickcommerce/vendor/slim/slim/Slim/MiddlewareAwareTrait.php(122): Slim\App->__invoke(Object(Slim\Http\Request), Object(Slim\Http\Response)) #12 /home/acecoffee/quickcommerce/vendor/slim/slim/Slim/App.php(370): Slim\App->callMiddlewareStack(Object(Slim\Http\Request), Object(Slim\Http\Response)) #13 /home/acecoffee/quickcommerce/vendor/slim/slim/Slim/App.php(295): Slim\App->process(Object(Slim\Http\Request), Object(Slim\Http\Response)) #14 /home/acecoffee/quickcommerce/upload/qcapi/index.php(214): Slim\App->run() #15 {main} [] []
[2017-06-25 19:57:00] pos_logger.DEBUG: checking QuickCommerce\Adapter\OC2\Service\Oc2ReferenceDataService [] []
[2017-06-25 19:57:00] pos_logger.DEBUG: class found [] []
[2017-06-25 19:57:00] pos_logger.DEBUG: checking QuickCommerce\Adapter\OC2\Service\Oc2SettingsService [] []
[2017-06-25 19:57:00] pos_logger.DEBUG: class found [] []
[2017-06-25 19:57:01] pos_logger.DEBUG: checking QuickCommerce\Adapter\OC2\Service\Oc2OrderService [] []
[2017-06-25 19:57:01] pos_logger.DEBUG: class found [] []
[2017-06-25 19:57:12] pos_logger.DEBUG: checking QuickCommerce\Adapter\OC2\Service\Oc2OrderService [] []
[2017-06-25 19:57:12] pos_logger.DEBUG: class found [] []
[2017-06-25 19:57:12] pos_logger.DEBUG: checking QuickCommerce\Adapter\OC2\Service\Oc2OrderService [] []
[2017-06-25 19:57:12] pos_logger.DEBUG: class found [] []
[2017-06-25 19:57:57] pos_logger.DEBUG: checking QuickCommerce\Adapter\OC2\Service\Oc2OrderService [] []
[2017-06-25 19:57:57] pos_logger.DEBUG: class found [] []
[2017-06-25 19:57:57] pos_logger.DEBUG: checking QuickCommerce\Adapter\OC2\Service\Oc2OrderService [] []
[2017-06-25 19:57:57] pos_logger.DEBUG: class found [] []
[2017-06-25 19:58:12] pos_logger.DEBUG: checking QuickCommerce\Adapter\OC2\Service\Oc2OrderService [] []
[2017-06-25 19:58:12] pos_logger.DEBUG: class found [] []
[2017-06-25 19:58:12] pos_logger.DEBUG: checking QuickCommerce\Adapter\OC2\Service\Oc2OrderService [] []
[2017-06-25 19:58:12] pos_logger.DEBUG: class found [] []
[2017-06-25 19:58:12] pos_logger.DEBUG: An order cannot be created using give data QuickCommerce\Model\View\PosOrderAction Object (     [action:protected] =>      [orderProductId:protected] =>      [orderProduct:protected] =>      [productId:protected] =>      [orderOptions:protected] => Array         (         )      [orderTaxRates:protected] => Array         (         )      [defaultSettings:protected] => Array         (         )      [quantityBefore:protected] =>      [quantityAfter:protected] =>      [shipping:protected] =>  )  [] []
[2017-06-25 19:58:12] pos_logger.DEBUG: #0 /home/acecoffee/quickcommerce/vendor/quickcommerce/src/Adapter/Opencart2x/Service/Oc2OrderService.php(154): QuickCommerce\API\Exception\APIException::orderCannotBeCreated(Object(QuickCommerce\Model\View\PosOrderAction)) #1 /home/acecoffee/quickcommerce/vendor/quickcommerce/src/Adapter/Opencart2x/Service/Oc2OrderService.php(113): QuickCommerce\Adapter\OC2\Service\Oc2OrderService->createOrder(Object(Doctrine\ORM\EntityManager), Object(QuickCommerce\Model\View\PosOrderAction)) #2 /home/acecoffee/quickcommerce/vendor/quickcommerce/src/API/Service/AbstractOrderService.php(55): QuickCommerce\Adapter\OC2\Service\Oc2OrderService->modifyOrder('0', Object(QuickCommerce\Model\View\PosOrderAction)) #3 /home/acecoffee/quickcommerce/vendor/quickcommerce/src/API/Application.php(221): QuickCommerce\API\Service\AbstractOrderService->patch(Array, '0', NULL) #4 /home/acecoffee/quickcommerce/upload/qcapi/index.php(123): QuickCommerce\API\Application->partialUpdate('order', Array, '0') #5 [internal function]: Closure->{closure}(Object(Slim\Http\Request), Object(Slim\Http\Response), Array) #6 /home/acecoffee/quickcommerce/vendor/slim/slim/Slim/Handlers/Strategies/RequestResponse.php(41): call_user_func(Object(Closure), Object(Slim\Http\Request), Object(Slim\Http\Response), Array) #7 /home/acecoffee/quickcommerce/vendor/slim/slim/Slim/Route.php(344): Slim\Handlers\Strategies\RequestResponse->__invoke(Object(Closure), Object(Slim\Http\Request), Object(Slim\Http\Response), Array) #8 /home/acecoffee/quickcommerce/vendor/slim/slim/Slim/MiddlewareAwareTrait.php(122): Slim\Route->__invoke(Object(Slim\Http\Request), Object(Slim\Http\Response)) #9 /home/acecoffee/quickcommerce/vendor/slim/slim/Slim/Route.php(316): Slim\Route->callMiddlewareStack(Object(Slim\Http\Request), Object(Slim\Http\Response)) #10 /home/acecoffee/quickcommerce/vendor/slim/slim/Slim/App.php(476): Slim\Route->run(Object(Slim\Http\Request), Object(Slim\Http\Response)) #11 /home/acecoffee/quickcommerce/vendor/slim/slim/Slim/MiddlewareAwareTrait.php(122): Slim\App->__invoke(Object(Slim\Http\Request), Object(Slim\Http\Response)) #12 /home/acecoffee/quickcommerce/vendor/slim/slim/Slim/App.php(370): Slim\App->callMiddlewareStack(Object(Slim\Http\Request), Object(Slim\Http\Response)) #13 /home/acecoffee/quickcommerce/vendor/slim/slim/Slim/App.php(295): Slim\App->process(Object(Slim\Http\Request), Object(Slim\Http\Response)) #14 /home/acecoffee/quickcommerce/upload/qcapi/index.php(214): Slim\App->run() #15 {main} [] []
[2017-06-25 19:58:14] pos_logger.DEBUG: checking QuickCommerce\Adapter\OC2\Service\Oc2OrderService [] []
[2017-06-25 19:58:14] pos_logger.DEBUG: class found [] []
[2017-06-25 20:00:23] pos_logger.DEBUG: checking QuickCommerce\Adapter\OC2\Service\Oc2OrderService [] []
[2017-06-25 20:00:23] pos_logger.DEBUG: class found [] []
[2017-06-25 20:00:23] pos_logger.DEBUG: checking QuickCommerce\Adapter\OC2\Service\Oc2OrderService [] []
[2017-06-25 20:00:23] pos_logger.DEBUG: class found [] []
[2017-06-25 20:03:49] pos_logger.DEBUG: checking QuickCommerce\Adapter\OC2\Service\Oc2ReferenceDataService [] []
[2017-06-25 20:03:49] pos_logger.DEBUG: class found [] []
[2017-06-25 20:03:49] pos_logger.DEBUG: checking QuickCommerce\Adapter\OC2\Service\Oc2SettingsService [] []
[2017-06-25 20:03:49] pos_logger.DEBUG: class found [] []
[2017-06-25 20:03:50] pos_logger.DEBUG: checking QuickCommerce\Adapter\OC2\Service\Oc2OrderService [] []
[2017-06-25 20:03:50] pos_logger.DEBUG: class found [] []
[2017-06-25 20:04:08] pos_logger.DEBUG: checking QuickCommerce\Adapter\OC2\Service\Oc2OrderService [] []
[2017-06-25 20:04:08] pos_logger.DEBUG: class found [] []
[2017-06-25 20:04:08] pos_logger.DEBUG: checking QuickCommerce\Adapter\OC2\Service\Oc2OrderService [] []
[2017-06-25 20:04:08] pos_logger.DEBUG: class found [] []
[2017-06-25 20:04:10] pos_logger.DEBUG: checking QuickCommerce\Adapter\OC2\Service\Oc2OrderService [] []
[2017-06-25 20:04:10] pos_logger.DEBUG: class found [] []
[2017-06-25 20:04:10] pos_logger.DEBUG: checking QuickCommerce\Adapter\OC2\Service\Oc2OrderService [] []
[2017-06-25 20:04:10] pos_logger.DEBUG: class found [] []
[2017-06-25 20:04:12] pos_logger.DEBUG: checking QuickCommerce\Adapter\OC2\Service\Oc2OrderService [] []
[2017-06-25 20:04:12] pos_logger.DEBUG: class found [] []
[2017-06-25 20:04:13] pos_logger.DEBUG: checking QuickCommerce\Adapter\OC2\Service\Oc2OrderService [] []
[2017-06-25 20:04:13] pos_logger.DEBUG: class found [] []
[2017-06-25 20:05:24] pos_logger.DEBUG: checking QuickCommerce\Adapter\OC2\Service\Oc2OrderService [] []
[2017-06-25 20:05:24] pos_logger.DEBUG: class found [] []
[2017-06-25 20:05:28] pos_logger.DEBUG: checking QuickCommerce\Adapter\OC2\Service\Oc2OrderService [] []
[2017-06-25 20:05:28] pos_logger.DEBUG: class found [] []
[2017-06-25 20:05:28] pos_logger.DEBUG: checking QuickCommerce\Adapter\OC2\Service\Oc2OrderService [] []
[2017-06-25 20:05:28] pos_logger.DEBUG: class found [] []
[2017-06-25 20:05:39] pos_logger.DEBUG: checking QuickCommerce\Adapter\OC2\Service\Oc2OrderService [] []
[2017-06-25 20:05:39] pos_logger.DEBUG: class found [] []
[2017-06-25 20:05:40] pos_logger.DEBUG: checking QuickCommerce\Adapter\OC2\Service\Oc2OrderService [] []
[2017-06-25 20:05:40] pos_logger.DEBUG: class found [] []
[2017-06-25 20:05:40] pos_logger.DEBUG: An order cannot be created using give data QuickCommerce\Model\View\PosOrderAction Object (     [action:protected] =>      [orderProductId:protected] =>      [orderProduct:protected] =>      [productId:protected] =>      [orderOptions:protected] => Array         (         )      [orderTaxRates:protected] => Array         (         )      [defaultSettings:protected] => Array         (         )      [quantityBefore:protected] =>      [quantityAfter:protected] =>      [shipping:protected] =>  )  [] []
[2017-06-25 20:05:40] pos_logger.DEBUG: #0 /home/acecoffee/quickcommerce/vendor/quickcommerce/src/Adapter/Opencart2x/Service/Oc2OrderService.php(154): QuickCommerce\API\Exception\APIException::orderCannotBeCreated(Object(QuickCommerce\Model\View\PosOrderAction)) #1 /home/acecoffee/quickcommerce/vendor/quickcommerce/src/Adapter/Opencart2x/Service/Oc2OrderService.php(113): QuickCommerce\Adapter\OC2\Service\Oc2OrderService->createOrder(Object(Doctrine\ORM\EntityManager), Object(QuickCommerce\Model\View\PosOrderAction)) #2 /home/acecoffee/quickcommerce/vendor/quickcommerce/src/API/Service/AbstractOrderService.php(55): QuickCommerce\Adapter\OC2\Service\Oc2OrderService->modifyOrder('0', Object(QuickCommerce\Model\View\PosOrderAction)) #3 /home/acecoffee/quickcommerce/vendor/quickcommerce/src/API/Application.php(221): QuickCommerce\API\Service\AbstractOrderService->patch(Array, '0', NULL) #4 /home/acecoffee/quickcommerce/upload/qcapi/index.php(123): QuickCommerce\API\Application->partialUpdate('order', Array, '0') #5 [internal function]: Closure->{closure}(Object(Slim\Http\Request), Object(Slim\Http\Response), Array) #6 /home/acecoffee/quickcommerce/vendor/slim/slim/Slim/Handlers/Strategies/RequestResponse.php(41): call_user_func(Object(Closure), Object(Slim\Http\Request), Object(Slim\Http\Response), Array) #7 /home/acecoffee/quickcommerce/vendor/slim/slim/Slim/Route.php(344): Slim\Handlers\Strategies\RequestResponse->__invoke(Object(Closure), Object(Slim\Http\Request), Object(Slim\Http\Response), Array) #8 /home/acecoffee/quickcommerce/vendor/slim/slim/Slim/MiddlewareAwareTrait.php(122): Slim\Route->__invoke(Object(Slim\Http\Request), Object(Slim\Http\Response)) #9 /home/acecoffee/quickcommerce/vendor/slim/slim/Slim/Route.php(316): Slim\Route->callMiddlewareStack(Object(Slim\Http\Request), Object(Slim\Http\Response)) #10 /home/acecoffee/quickcommerce/vendor/slim/slim/Slim/App.php(476): Slim\Route->run(Object(Slim\Http\Request), Object(Slim\Http\Response)) #11 /home/acecoffee/quickcommerce/vendor/slim/slim/Slim/MiddlewareAwareTrait.php(122): Slim\App->__invoke(Object(Slim\Http\Request), Object(Slim\Http\Response)) #12 /home/acecoffee/quickcommerce/vendor/slim/slim/Slim/App.php(370): Slim\App->callMiddlewareStack(Object(Slim\Http\Request), Object(Slim\Http\Response)) #13 /home/acecoffee/quickcommerce/vendor/slim/slim/Slim/App.php(295): Slim\App->process(Object(Slim\Http\Request), Object(Slim\Http\Response)) #14 /home/acecoffee/quickcommerce/upload/qcapi/index.php(214): Slim\App->run() #15 {main} [] []
[2017-06-25 20:06:08] pos_logger.DEBUG: checking QuickCommerce\Adapter\OC2\Service\Oc2ReferenceDataService [] []
[2017-06-25 20:06:08] pos_logger.DEBUG: class found [] []
[2017-06-25 20:06:08] pos_logger.DEBUG: checking QuickCommerce\Adapter\OC2\Service\Oc2SettingsService [] []
[2017-06-25 20:06:08] pos_logger.DEBUG: class found [] []
[2017-06-25 20:06:09] pos_logger.DEBUG: checking QuickCommerce\Adapter\OC2\Service\Oc2OrderService [] []
[2017-06-25 20:06:09] pos_logger.DEBUG: class found [] []
[2017-06-25 20:08:41] pos_logger.DEBUG: checking QuickCommerce\Adapter\OC2\Service\Oc2OrderService [] []
[2017-06-25 20:08:41] pos_logger.DEBUG: class found [] []
[2017-06-25 20:09:22] pos_logger.DEBUG: checking QuickCommerce\Adapter\OC2\Service\Oc2OrderService [] []
[2017-06-25 20:09:22] pos_logger.DEBUG: class found [] []
[2017-06-25 20:09:22] pos_logger.DEBUG: checking QuickCommerce\Adapter\OC2\Service\Oc2OrderService [] []
[2017-06-25 20:09:22] pos_logger.DEBUG: class found [] []
[2017-06-25 20:09:29] pos_logger.DEBUG: checking QuickCommerce\Adapter\OC2\Service\Oc2OrderService [] []
[2017-06-25 20:09:29] pos_logger.DEBUG: class found [] []
[2017-06-25 20:09:30] pos_logger.DEBUG: checking QuickCommerce\Adapter\OC2\Service\Oc2OrderService [] []
[2017-06-25 20:09:30] pos_logger.DEBUG: class found [] []
[2017-06-25 20:09:30] pos_logger.DEBUG: An order cannot be created using give data QuickCommerce\Model\View\PosOrderAction Object (     [action:protected] =>      [orderProductId:protected] =>      [orderProduct:protected] =>      [productId:protected] =>      [orderOptions:protected] => Array         (         )      [orderTaxRates:protected] => Array         (         )      [defaultSettings:protected] => Array         (         )      [quantityBefore:protected] =>      [quantityAfter:protected] =>      [shipping:protected] =>  )  [] []
[2017-06-25 20:09:30] pos_logger.DEBUG: #0 /home/acecoffee/quickcommerce/vendor/quickcommerce/src/Adapter/Opencart2x/Service/Oc2OrderService.php(154): QuickCommerce\API\Exception\APIException::orderCannotBeCreated(Object(QuickCommerce\Model\View\PosOrderAction)) #1 /home/acecoffee/quickcommerce/vendor/quickcommerce/src/Adapter/Opencart2x/Service/Oc2OrderService.php(113): QuickCommerce\Adapter\OC2\Service\Oc2OrderService->createOrder(Object(Doctrine\ORM\EntityManager), Object(QuickCommerce\Model\View\PosOrderAction)) #2 /home/acecoffee/quickcommerce/vendor/quickcommerce/src/API/Service/AbstractOrderService.php(55): QuickCommerce\Adapter\OC2\Service\Oc2OrderService->modifyOrder('0', Object(QuickCommerce\Model\View\PosOrderAction)) #3 /home/acecoffee/quickcommerce/vendor/quickcommerce/src/API/Application.php(221): QuickCommerce\API\Service\AbstractOrderService->patch(Array, '0', NULL) #4 /home/acecoffee/quickcommerce/upload/qcapi/index.php(123): QuickCommerce\API\Application->partialUpdate('order', Array, '0') #5 [internal function]: Closure->{closure}(Object(Slim\Http\Request), Object(Slim\Http\Response), Array) #6 /home/acecoffee/quickcommerce/vendor/slim/slim/Slim/Handlers/Strategies/RequestResponse.php(41): call_user_func(Object(Closure), Object(Slim\Http\Request), Object(Slim\Http\Response), Array) #7 /home/acecoffee/quickcommerce/vendor/slim/slim/Slim/Route.php(344): Slim\Handlers\Strategies\RequestResponse->__invoke(Object(Closure), Object(Slim\Http\Request), Object(Slim\Http\Response), Array) #8 /home/acecoffee/quickcommerce/vendor/slim/slim/Slim/MiddlewareAwareTrait.php(122): Slim\Route->__invoke(Object(Slim\Http\Request), Object(Slim\Http\Response)) #9 /home/acecoffee/quickcommerce/vendor/slim/slim/Slim/Route.php(316): Slim\Route->callMiddlewareStack(Object(Slim\Http\Request), Object(Slim\Http\Response)) #10 /home/acecoffee/quickcommerce/vendor/slim/slim/Slim/App.php(476): Slim\Route->run(Object(Slim\Http\Request), Object(Slim\Http\Response)) #11 /home/acecoffee/quickcommerce/vendor/slim/slim/Slim/MiddlewareAwareTrait.php(122): Slim\App->__invoke(Object(Slim\Http\Request), Object(Slim\Http\Response)) #12 /home/acecoffee/quickcommerce/vendor/slim/slim/Slim/App.php(370): Slim\App->callMiddlewareStack(Object(Slim\Http\Request), Object(Slim\Http\Response)) #13 /home/acecoffee/quickcommerce/vendor/slim/slim/Slim/App.php(295): Slim\App->process(Object(Slim\Http\Request), Object(Slim\Http\Response)) #14 /home/acecoffee/quickcommerce/upload/qcapi/index.php(214): Slim\App->run() #15 {main} [] []
[2017-06-25 20:11:15] pos_logger.DEBUG: checking QuickCommerce\Adapter\OC2\Service\Oc2OrderService [] []
[2017-06-25 20:11:15] pos_logger.DEBUG: class found [] []
[2017-06-25 20:15:44] pos_logger.DEBUG: checking QuickCommerce\Adapter\OC2\Service\Oc2OrderService [] []
[2017-06-25 20:15:44] pos_logger.DEBUG: class found [] []
[2017-06-25 20:15:45] pos_logger.DEBUG: checking QuickCommerce\Adapter\OC2\Service\Oc2OrderService [] []
[2017-06-25 20:15:45] pos_logger.DEBUG: class found [] []
[2017-06-25 20:15:50] pos_logger.DEBUG: checking QuickCommerce\Adapter\OC2\Service\Oc2OrderService [] []
[2017-06-25 20:15:50] pos_logger.DEBUG: class found [] []
[2017-06-25 20:15:50] pos_logger.DEBUG: checking QuickCommerce\Adapter\OC2\Service\Oc2OrderService [] []
[2017-06-25 20:15:50] pos_logger.DEBUG: class found [] []
[2017-06-25 20:15:50] pos_logger.DEBUG: An order cannot be created using give data QuickCommerce\Model\View\PosOrderAction Object (     [action:protected] =>      [orderProductId:protected] =>      [orderProduct:protected] =>      [productId:protected] =>      [orderOptions:protected] => Array         (         )      [orderTaxRates:protected] => Array         (         )      [defaultSettings:protected] => Array         (         )      [quantityBefore:protected] =>      [quantityAfter:protected] =>      [shipping:protected] =>  )  [] []
[2017-06-25 20:15:50] pos_logger.DEBUG: #0 /home/acecoffee/quickcommerce/vendor/quickcommerce/src/Adapter/Opencart2x/Service/Oc2OrderService.php(154): QuickCommerce\API\Exception\APIException::orderCannotBeCreated(Object(QuickCommerce\Model\View\PosOrderAction)) #1 /home/acecoffee/quickcommerce/vendor/quickcommerce/src/Adapter/Opencart2x/Service/Oc2OrderService.php(113): QuickCommerce\Adapter\OC2\Service\Oc2OrderService->createOrder(Object(Doctrine\ORM\EntityManager), Object(QuickCommerce\Model\View\PosOrderAction)) #2 /home/acecoffee/quickcommerce/vendor/quickcommerce/src/API/Service/AbstractOrderService.php(55): QuickCommerce\Adapter\OC2\Service\Oc2OrderService->modifyOrder('0', Object(QuickCommerce\Model\View\PosOrderAction)) #3 /home/acecoffee/quickcommerce/vendor/quickcommerce/src/API/Application.php(221): QuickCommerce\API\Service\AbstractOrderService->patch(Array, '0', NULL) #4 /home/acecoffee/quickcommerce/upload/qcapi/index.php(123): QuickCommerce\API\Application->partialUpdate('order', Array, '0') #5 [internal function]: Closure->{closure}(Object(Slim\Http\Request), Object(Slim\Http\Response), Array) #6 /home/acecoffee/quickcommerce/vendor/slim/slim/Slim/Handlers/Strategies/RequestResponse.php(41): call_user_func(Object(Closure), Object(Slim\Http\Request), Object(Slim\Http\Response), Array) #7 /home/acecoffee/quickcommerce/vendor/slim/slim/Slim/Route.php(344): Slim\Handlers\Strategies\RequestResponse->__invoke(Object(Closure), Object(Slim\Http\Request), Object(Slim\Http\Response), Array) #8 /home/acecoffee/quickcommerce/vendor/slim/slim/Slim/MiddlewareAwareTrait.php(122): Slim\Route->__invoke(Object(Slim\Http\Request), Object(Slim\Http\Response)) #9 /home/acecoffee/quickcommerce/vendor/slim/slim/Slim/Route.php(316): Slim\Route->callMiddlewareStack(Object(Slim\Http\Request), Object(Slim\Http\Response)) #10 /home/acecoffee/quickcommerce/vendor/slim/slim/Slim/App.php(476): Slim\Route->run(Object(Slim\Http\Request), Object(Slim\Http\Response)) #11 /home/acecoffee/quickcommerce/vendor/slim/slim/Slim/MiddlewareAwareTrait.php(122): Slim\App->__invoke(Object(Slim\Http\Request), Object(Slim\Http\Response)) #12 /home/acecoffee/quickcommerce/vendor/slim/slim/Slim/App.php(370): Slim\App->callMiddlewareStack(Object(Slim\Http\Request), Object(Slim\Http\Response)) #13 /home/acecoffee/quickcommerce/vendor/slim/slim/Slim/App.php(295): Slim\App->process(Object(Slim\Http\Request), Object(Slim\Http\Response)) #14 /home/acecoffee/quickcommerce/upload/qcapi/index.php(214): Slim\App->run() #15 {main} [] []
[2017-06-25 20:18:46] pos_logger.DEBUG: checking QuickCommerce\Adapter\OC2\Service\Oc2OrderService [] []
[2017-06-25 20:18:46] pos_logger.DEBUG: class found [] []
[2017-06-25 20:18:55] pos_logger.DEBUG: checking QuickCommerce\Adapter\OC2\Service\Oc2OrderService [] []
[2017-06-25 20:18:55] pos_logger.DEBUG: class found [] []
[2017-06-25 20:18:55] pos_logger.DEBUG: checking QuickCommerce\Adapter\OC2\Service\Oc2OrderService [] []
[2017-06-25 20:18:55] pos_logger.DEBUG: class found [] []
[2017-06-25 20:19:42] pos_logger.DEBUG: checking QuickCommerce\Adapter\OC2\Service\Oc2OrderService [] []
[2017-06-25 20:19:42] pos_logger.DEBUG: class found [] []
[2017-06-25 20:19:42] pos_logger.DEBUG: updating quantity with change 1 for productId  and productOptionValueIds Array ( )  [] []
[2017-06-25 20:19:43] pos_logger.DEBUG: checking QuickCommerce\Adapter\OC2\Service\Oc2OrderService [] []
[2017-06-25 20:19:43] pos_logger.DEBUG: class found [] []
[2017-06-25 20:25:11] pos_logger.DEBUG: checking QuickCommerce\Adapter\OC2\Service\Oc2OrderService [] []
[2017-06-25 20:25:11] pos_logger.DEBUG: class found [] []
[2017-06-25 20:25:11] pos_logger.DEBUG: updating quantity with change 0 for productId  and productOptionValueIds Array ( )  [] []
[2017-06-25 20:25:12] pos_logger.DEBUG: checking QuickCommerce\Adapter\OC2\Service\Oc2OrderService [] []
[2017-06-25 20:25:12] pos_logger.DEBUG: class found [] []
[2017-06-25 20:25:24] pos_logger.DEBUG: checking QuickCommerce\Adapter\OC2\Service\Oc2OrderService [] []
[2017-06-25 20:25:24] pos_logger.DEBUG: class found [] []
[2017-06-25 20:25:25] pos_logger.DEBUG: checking QuickCommerce\Adapter\OC2\Service\Oc2OrderService [] []
[2017-06-25 20:25:25] pos_logger.DEBUG: class found [] []
[2017-06-25 20:25:30] pos_logger.DEBUG: checking QuickCommerce\Adapter\OC2\Service\Oc2OrderService [] []
[2017-06-25 20:25:30] pos_logger.DEBUG: class found [] []
[2017-06-25 20:25:31] pos_logger.DEBUG: checking QuickCommerce\Adapter\OC2\Service\Oc2OrderService [] []
[2017-06-25 20:25:31] pos_logger.DEBUG: class found [] []
[2017-06-25 20:32:54] pos_logger.DEBUG: checking QuickCommerce\Adapter\OC2\Service\Oc2OrderService [] []
[2017-06-25 20:32:54] pos_logger.DEBUG: class found [] []
[2017-06-25 20:32:54] pos_logger.DEBUG: updating quantity with change 0 for productId  and productOptionValueIds Array ( )  [] []
[2017-06-25 20:32:54] pos_logger.DEBUG: checking QuickCommerce\Adapter\OC2\Service\Oc2OrderService [] []
[2017-06-25 20:32:54] pos_logger.DEBUG: class found [] []
[2017-06-25 20:32:54] pos_logger.DEBUG: checking QuickCommerce\Adapter\OC2\Service\Oc2OrderService [] []
[2017-06-25 20:32:54] pos_logger.DEBUG: class found [] []
[2017-06-25 20:32:54] pos_logger.DEBUG: updating quantity with change 0 for productId  and productOptionValueIds Array ( )  [] []
[2017-06-25 20:32:55] pos_logger.DEBUG: checking QuickCommerce\Adapter\OC2\Service\Oc2OrderService [] []
[2017-06-25 20:32:55] pos_logger.DEBUG: class found [] []
[2017-06-25 20:34:23] pos_logger.DEBUG: checking QuickCommerce\Adapter\OC2\Service\Oc2OrderService [] []
[2017-06-25 20:34:23] pos_logger.DEBUG: class found [] []
[2017-06-25 20:34:23] pos_logger.DEBUG: checking QuickCommerce\Adapter\OC2\Service\Oc2OrderService [] []
[2017-06-25 20:34:23] pos_logger.DEBUG: class found [] []
[2017-06-25 20:34:23] pos_logger.DEBUG: checking QuickCommerce\Adapter\OC2\Service\Oc2OrderService [] []
[2017-06-25 20:34:23] pos_logger.DEBUG: class found [] []
[2017-06-25 20:34:24] pos_logger.DEBUG: checking QuickCommerce\Adapter\OC2\Service\Oc2OrderService [] []
[2017-06-25 20:34:24] pos_logger.DEBUG: class found [] []
[2017-06-25 20:34:52] pos_logger.DEBUG: checking QuickCommerce\Adapter\OC2\Service\Oc2OrderService [] []
[2017-06-25 20:34:52] pos_logger.DEBUG: class found [] []
[2017-06-25 20:34:52] pos_logger.DEBUG: checking QuickCommerce\Adapter\OC2\Service\Oc2OrderService [] []
[2017-06-25 20:34:52] pos_logger.DEBUG: class found [] []
[2017-06-25 20:34:52] pos_logger.DEBUG: An order cannot be created using give data QuickCommerce\Model\View\PosOrderAction Object (     [action:protected] =>      [orderProductId:protected] =>      [orderProduct:protected] =>      [productId:protected] =>      [orderOptions:protected] => Array         (         )      [orderTaxRates:protected] => Array         (         )      [defaultSettings:protected] => Array         (         )      [quantityBefore:protected] =>      [quantityAfter:protected] =>      [shipping:protected] =>  )  [] []
[2017-06-25 20:34:52] pos_logger.DEBUG: #0 /home/acecoffee/quickcommerce/vendor/quickcommerce/src/Adapter/Opencart2x/Service/Oc2OrderService.php(154): QuickCommerce\API\Exception\APIException::orderCannotBeCreated(Object(QuickCommerce\Model\View\PosOrderAction)) #1 /home/acecoffee/quickcommerce/vendor/quickcommerce/src/Adapter/Opencart2x/Service/Oc2OrderService.php(113): QuickCommerce\Adapter\OC2\Service\Oc2OrderService->createOrder(Object(Doctrine\ORM\EntityManager), Object(QuickCommerce\Model\View\PosOrderAction)) #2 /home/acecoffee/quickcommerce/vendor/quickcommerce/src/API/Service/AbstractOrderService.php(55): QuickCommerce\Adapter\OC2\Service\Oc2OrderService->modifyOrder('0', Object(QuickCommerce\Model\View\PosOrderAction)) #3 /home/acecoffee/quickcommerce/vendor/quickcommerce/src/API/Application.php(221): QuickCommerce\API\Service\AbstractOrderService->patch(Array, '0', NULL) #4 /home/acecoffee/quickcommerce/upload/qcapi/index.php(123): QuickCommerce\API\Application->partialUpdate('order', Array, '0') #5 [internal function]: Closure->{closure}(Object(Slim\Http\Request), Object(Slim\Http\Response), Array) #6 /home/acecoffee/quickcommerce/vendor/slim/slim/Slim/Handlers/Strategies/RequestResponse.php(41): call_user_func(Object(Closure), Object(Slim\Http\Request), Object(Slim\Http\Response), Array) #7 /home/acecoffee/quickcommerce/vendor/slim/slim/Slim/Route.php(344): Slim\Handlers\Strategies\RequestResponse->__invoke(Object(Closure), Object(Slim\Http\Request), Object(Slim\Http\Response), Array) #8 /home/acecoffee/quickcommerce/vendor/slim/slim/Slim/MiddlewareAwareTrait.php(122): Slim\Route->__invoke(Object(Slim\Http\Request), Object(Slim\Http\Response)) #9 /home/acecoffee/quickcommerce/vendor/slim/slim/Slim/Route.php(316): Slim\Route->callMiddlewareStack(Object(Slim\Http\Request), Object(Slim\Http\Response)) #10 /home/acecoffee/quickcommerce/vendor/slim/slim/Slim/App.php(476): Slim\Route->run(Object(Slim\Http\Request), Object(Slim\Http\Response)) #11 /home/acecoffee/quickcommerce/vendor/slim/slim/Slim/MiddlewareAwareTrait.php(122): Slim\App->__invoke(Object(Slim\Http\Request), Object(Slim\Http\Response)) #12 /home/acecoffee/quickcommerce/vendor/slim/slim/Slim/App.php(370): Slim\App->callMiddlewareStack(Object(Slim\Http\Request), Object(Slim\Http\Response)) #13 /home/acecoffee/quickcommerce/vendor/slim/slim/Slim/App.php(295): Slim\App->process(Object(Slim\Http\Request), Object(Slim\Http\Response)) #14 /home/acecoffee/quickcommerce/upload/qcapi/index.php(214): Slim\App->run() #15 {main} [] []
[2017-06-25 20:36:05] pos_logger.DEBUG: checking QuickCommerce\Adapter\OC2\Service\Oc2OrderService [] []
[2017-06-25 20:36:05] pos_logger.DEBUG: class found [] []
[2017-06-25 20:36:38] pos_logger.DEBUG: checking QuickCommerce\Adapter\OC2\Service\Oc2OrderService [] []
[2017-06-25 20:36:38] pos_logger.DEBUG: class found [] []
[2017-06-25 20:36:38] pos_logger.DEBUG: checking QuickCommerce\Adapter\OC2\Service\Oc2OrderService [] []
[2017-06-25 20:36:38] pos_logger.DEBUG: class found [] []
[2017-06-25 20:37:13] pos_logger.DEBUG: checking QuickCommerce\Adapter\OC2\Service\Oc2OrderService [] []
[2017-06-25 20:37:13] pos_logger.DEBUG: class found [] []
[2017-06-25 20:37:14] pos_logger.DEBUG: checking QuickCommerce\Adapter\OC2\Service\Oc2OrderService [] []
[2017-06-25 20:37:14] pos_logger.DEBUG: class found [] []
[2017-06-25 20:41:56] pos_logger.DEBUG: checking QuickCommerce\Adapter\OC2\Service\Oc2OrderService [] []
[2017-06-25 20:41:56] pos_logger.DEBUG: class found [] []
[2017-06-25 20:41:56] pos_logger.DEBUG: updating quantity with change 0 for productId  and productOptionValueIds Array ( )  [] []
[2017-06-25 20:41:57] pos_logger.DEBUG: checking QuickCommerce\Adapter\OC2\Service\Oc2OrderService [] []
[2017-06-25 20:41:57] pos_logger.DEBUG: class found [] []
[2017-06-25 20:59:59] pos_logger.DEBUG: checking QuickCommerce\Adapter\OC2\Service\Oc2OrderService [] []
[2017-06-25 20:59:59] pos_logger.DEBUG: class found [] []
[2017-06-25 21:00:00] pos_logger.DEBUG: checking QuickCommerce\Adapter\OC2\Service\Oc2OrderService [] []
[2017-06-25 21:00:00] pos_logger.DEBUG: class found [] []
[2017-06-25 21:00:00] pos_logger.DEBUG: An order cannot be created using give data QuickCommerce\Model\View\PosOrderAction Object (     [action:protected] =>      [orderProductId:protected] =>      [orderProduct:protected] =>      [productId:protected] =>      [orderOptions:protected] => Array         (         )      [orderTaxRates:protected] => Array         (         )      [defaultSettings:protected] => Array         (         )      [quantityBefore:protected] =>      [quantityAfter:protected] =>      [shipping:protected] =>  )  [] []
[2017-06-25 21:00:00] pos_logger.DEBUG: #0 /home/acecoffee/quickcommerce/vendor/quickcommerce/src/Adapter/Opencart2x/Service/Oc2OrderService.php(154): QuickCommerce\API\Exception\APIException::orderCannotBeCreated(Object(QuickCommerce\Model\View\PosOrderAction)) #1 /home/acecoffee/quickcommerce/vendor/quickcommerce/src/Adapter/Opencart2x/Service/Oc2OrderService.php(113): QuickCommerce\Adapter\OC2\Service\Oc2OrderService->createOrder(Object(Doctrine\ORM\EntityManager), Object(QuickCommerce\Model\View\PosOrderAction)) #2 /home/acecoffee/quickcommerce/vendor/quickcommerce/src/API/Service/AbstractOrderService.php(55): QuickCommerce\Adapter\OC2\Service\Oc2OrderService->modifyOrder('0', Object(QuickCommerce\Model\View\PosOrderAction)) #3 /home/acecoffee/quickcommerce/vendor/quickcommerce/src/API/Application.php(221): QuickCommerce\API\Service\AbstractOrderService->patch(Array, '0', NULL) #4 /home/acecoffee/quickcommerce/upload/qcapi/index.php(123): QuickCommerce\API\Application->partialUpdate('order', Array, '0') #5 [internal function]: Closure->{closure}(Object(Slim\Http\Request), Object(Slim\Http\Response), Array) #6 /home/acecoffee/quickcommerce/vendor/slim/slim/Slim/Handlers/Strategies/RequestResponse.php(41): call_user_func(Object(Closure), Object(Slim\Http\Request), Object(Slim\Http\Response), Array) #7 /home/acecoffee/quickcommerce/vendor/slim/slim/Slim/Route.php(344): Slim\Handlers\Strategies\RequestResponse->__invoke(Object(Closure), Object(Slim\Http\Request), Object(Slim\Http\Response), Array) #8 /home/acecoffee/quickcommerce/vendor/slim/slim/Slim/MiddlewareAwareTrait.php(122): Slim\Route->__invoke(Object(Slim\Http\Request), Object(Slim\Http\Response)) #9 /home/acecoffee/quickcommerce/vendor/slim/slim/Slim/Route.php(316): Slim\Route->callMiddlewareStack(Object(Slim\Http\Request), Object(Slim\Http\Response)) #10 /home/acecoffee/quickcommerce/vendor/slim/slim/Slim/App.php(476): Slim\Route->run(Object(Slim\Http\Request), Object(Slim\Http\Response)) #11 /home/acecoffee/quickcommerce/vendor/slim/slim/Slim/MiddlewareAwareTrait.php(122): Slim\App->__invoke(Object(Slim\Http\Request), Object(Slim\Http\Response)) #12 /home/acecoffee/quickcommerce/vendor/slim/slim/Slim/App.php(370): Slim\App->callMiddlewareStack(Object(Slim\Http\Request), Object(Slim\Http\Response)) #13 /home/acecoffee/quickcommerce/vendor/slim/slim/Slim/App.php(295): Slim\App->process(Object(Slim\Http\Request), Object(Slim\Http\Response)) #14 /home/acecoffee/quickcommerce/upload/qcapi/index.php(214): Slim\App->run() #15 {main} [] []
[2017-06-25 21:11:11] pos_logger.DEBUG: checking QuickCommerce\Adapter\OC2\Service\Oc2OrderService [] []
[2017-06-25 21:11:11] pos_logger.DEBUG: class found [] []
[2017-06-25 21:11:37] pos_logger.DEBUG: checking QuickCommerce\Adapter\OC2\Service\Oc2OrderService [] []
[2017-06-25 21:11:37] pos_logger.DEBUG: class found [] []
[2017-06-25 21:11:38] pos_logger.DEBUG: checking QuickCommerce\Adapter\OC2\Service\Oc2OrderService [] []
[2017-06-25 21:11:38] pos_logger.DEBUG: class found [] []
[2017-06-25 21:33:30] pos_logger.DEBUG: checking QuickCommerce\Adapter\OC2\Service\Oc2OrderService [] []
[2017-06-25 21:33:30] pos_logger.DEBUG: class found [] []
[2017-06-25 21:33:31] pos_logger.DEBUG: checking QuickCommerce\Adapter\OC2\Service\Oc2OrderService [] []
[2017-06-25 21:33:31] pos_logger.DEBUG: class found [] []
[2017-06-25 21:33:31] pos_logger.DEBUG: An order cannot be created using give data QuickCommerce\Model\View\PosOrderAction Object (     [action:protected] =>      [orderProductId:protected] =>      [orderProduct:protected] =>      [productId:protected] =>      [orderOptions:protected] => Array         (         )      [orderTaxRates:protected] => Array         (         )      [defaultSettings:protected] => Array         (         )      [quantityBefore:protected] =>      [quantityAfter:protected] =>      [shipping:protected] =>  )  [] []
[2017-06-25 21:33:31] pos_logger.DEBUG: #0 /home/acecoffee/quickcommerce/vendor/quickcommerce/src/Adapter/Opencart2x/Service/Oc2OrderService.php(154): QuickCommerce\API\Exception\APIException::orderCannotBeCreated(Object(QuickCommerce\Model\View\PosOrderAction)) #1 /home/acecoffee/quickcommerce/vendor/quickcommerce/src/Adapter/Opencart2x/Service/Oc2OrderService.php(113): QuickCommerce\Adapter\OC2\Service\Oc2OrderService->createOrder(Object(Doctrine\ORM\EntityManager), Object(QuickCommerce\Model\View\PosOrderAction)) #2 /home/acecoffee/quickcommerce/vendor/quickcommerce/src/API/Service/AbstractOrderService.php(55): QuickCommerce\Adapter\OC2\Service\Oc2OrderService->modifyOrder('0', Object(QuickCommerce\Model\View\PosOrderAction)) #3 /home/acecoffee/quickcommerce/vendor/quickcommerce/src/API/Application.php(221): QuickCommerce\API\Service\AbstractOrderService->patch(Array, '0', NULL) #4 /home/acecoffee/quickcommerce/upload/qcapi/index.php(123): QuickCommerce\API\Application->partialUpdate('order', Array, '0') #5 [internal function]: Closure->{closure}(Object(Slim\Http\Request), Object(Slim\Http\Response), Array) #6 /home/acecoffee/quickcommerce/vendor/slim/slim/Slim/Handlers/Strategies/RequestResponse.php(41): call_user_func(Object(Closure), Object(Slim\Http\Request), Object(Slim\Http\Response), Array) #7 /home/acecoffee/quickcommerce/vendor/slim/slim/Slim/Route.php(344): Slim\Handlers\Strategies\RequestResponse->__invoke(Object(Closure), Object(Slim\Http\Request), Object(Slim\Http\Response), Array) #8 /home/acecoffee/quickcommerce/vendor/slim/slim/Slim/MiddlewareAwareTrait.php(122): Slim\Route->__invoke(Object(Slim\Http\Request), Object(Slim\Http\Response)) #9 /home/acecoffee/quickcommerce/vendor/slim/slim/Slim/Route.php(316): Slim\Route->callMiddlewareStack(Object(Slim\Http\Request), Object(Slim\Http\Response)) #10 /home/acecoffee/quickcommerce/vendor/slim/slim/Slim/App.php(476): Slim\Route->run(Object(Slim\Http\Request), Object(Slim\Http\Response)) #11 /home/acecoffee/quickcommerce/vendor/slim/slim/Slim/MiddlewareAwareTrait.php(122): Slim\App->__invoke(Object(Slim\Http\Request), Object(Slim\Http\Response)) #12 /home/acecoffee/quickcommerce/vendor/slim/slim/Slim/App.php(370): Slim\App->callMiddlewareStack(Object(Slim\Http\Request), Object(Slim\Http\Response)) #13 /home/acecoffee/quickcommerce/vendor/slim/slim/Slim/App.php(295): Slim\App->process(Object(Slim\Http\Request), Object(Slim\Http\Response)) #14 /home/acecoffee/quickcommerce/upload/qcapi/index.php(214): Slim\App->run() #15 {main} [] []
[2017-06-25 21:50:24] pos_logger.DEBUG: checking QuickCommerce\Adapter\OC2\Service\Oc2OrderService [] []
[2017-06-25 21:50:24] pos_logger.DEBUG: class found [] []
[2017-06-25 21:50:33] pos_logger.DEBUG: checking QuickCommerce\Adapter\OC2\Service\Oc2OrderService [] []
[2017-06-25 21:50:33] pos_logger.DEBUG: class found [] []
[2017-06-25 21:50:34] pos_logger.DEBUG: checking QuickCommerce\Adapter\OC2\Service\Oc2OrderService [] []
[2017-06-25 21:50:34] pos_logger.DEBUG: class found [] []
[2017-06-25 21:51:33] pos_logger.DEBUG: checking QuickCommerce\Adapter\OC2\Service\Oc2OrderService [] []
[2017-06-25 21:51:33] pos_logger.DEBUG: class found [] []
[2017-06-25 21:51:34] pos_logger.DEBUG: checking QuickCommerce\Adapter\OC2\Service\Oc2OrderService [] []
[2017-06-25 21:51:34] pos_logger.DEBUG: class found [] []
[2017-06-25 21:56:35] pos_logger.DEBUG: checking QuickCommerce\Adapter\OC2\Service\Oc2OrderService [] []
[2017-06-25 21:56:35] pos_logger.DEBUG: class found [] []
[2017-06-25 21:56:35] pos_logger.DEBUG: checking QuickCommerce\Adapter\OC2\Service\Oc2OrderService [] []
[2017-06-25 21:56:35] pos_logger.DEBUG: class found [] []
[2017-06-25 21:56:37] pos_logger.DEBUG: checking QuickCommerce\Adapter\OC2\Service\Oc2OrderService [] []
[2017-06-25 21:56:37] pos_logger.DEBUG: class found [] []
[2017-06-25 21:56:37] pos_logger.DEBUG: updating quantity with change 0 for productId  and productOptionValueIds Array ( )  [] []
[2017-06-25 21:56:37] pos_logger.DEBUG: checking QuickCommerce\Adapter\OC2\Service\Oc2OrderService [] []
[2017-06-25 21:56:38] pos_logger.DEBUG: class found [] []
[2017-06-25 21:56:38] pos_logger.DEBUG: checking QuickCommerce\Adapter\OC2\Service\Oc2OrderService [] []
[2017-06-25 21:56:38] pos_logger.DEBUG: class found [] []
[2017-06-25 21:56:38] pos_logger.DEBUG: updating quantity with change 0 for productId  and productOptionValueIds Array ( )  [] []
[2017-06-25 21:56:39] pos_logger.DEBUG: checking QuickCommerce\Adapter\OC2\Service\Oc2OrderService [] []
[2017-06-25 21:56:39] pos_logger.DEBUG: class found [] []
[2017-06-25 21:56:39] pos_logger.DEBUG: checking QuickCommerce\Adapter\OC2\Service\Oc2OrderService [] []
[2017-06-25 21:56:39] pos_logger.DEBUG: class found [] []
[2017-06-25 21:56:39] pos_logger.DEBUG: updating quantity with change 1 for productId  and productOptionValueIds Array ( )  [] []
[2017-06-25 21:56:40] pos_logger.DEBUG: checking QuickCommerce\Adapter\OC2\Service\Oc2OrderService [] []
[2017-06-25 21:56:40] pos_logger.DEBUG: class found [] []
[2017-06-25 21:56:46] pos_logger.DEBUG: checking QuickCommerce\Adapter\OC2\Service\Oc2OrderService [] []
[2017-06-25 21:56:46] pos_logger.DEBUG: class found [] []
[2017-06-25 21:56:47] pos_logger.DEBUG: checking QuickCommerce\Adapter\OC2\Service\Oc2OrderService [] []
[2017-06-25 21:56:47] pos_logger.DEBUG: class found [] []
[2017-06-25 22:01:14] pos_logger.DEBUG: checking QuickCommerce\Adapter\OC2\Service\Oc2OrderService [] []
[2017-06-25 22:01:14] pos_logger.DEBUG: class found [] []
[2017-06-25 22:01:14] pos_logger.DEBUG: updating quantity with change 1 for productId  and productOptionValueIds Array ( )  [] []
[2017-06-25 22:01:15] pos_logger.DEBUG: checking QuickCommerce\Adapter\OC2\Service\Oc2OrderService [] []
[2017-06-25 22:01:15] pos_logger.DEBUG: class found [] []
[2017-06-25 22:01:17] pos_logger.DEBUG: checking QuickCommerce\Adapter\OC2\Service\Oc2OrderService [] []
[2017-06-25 22:01:17] pos_logger.DEBUG: class found [] []
[2017-06-25 22:01:17] pos_logger.DEBUG: updating quantity with change 0 for productId  and productOptionValueIds Array ( )  [] []
[2017-06-25 22:01:17] pos_logger.DEBUG: checking QuickCommerce\Adapter\OC2\Service\Oc2OrderService [] []
[2017-06-25 22:01:17] pos_logger.DEBUG: class found [] []
[2017-06-25 22:01:22] pos_logger.DEBUG: checking QuickCommerce\Adapter\OC2\Service\Oc2OrderService [] []
[2017-06-25 22:01:22] pos_logger.DEBUG: class found [] []
[2017-06-25 22:01:22] pos_logger.DEBUG: updating quantity with change 0 for productId  and productOptionValueIds Array ( )  [] []
[2017-06-25 22:01:22] pos_logger.DEBUG: checking QuickCommerce\Adapter\OC2\Service\Oc2OrderService [] []
[2017-06-25 22:01:22] pos_logger.DEBUG: class found [] []
[2017-06-25 22:01:25] pos_logger.DEBUG: checking QuickCommerce\Adapter\OC2\Service\Oc2OrderService [] []
[2017-06-25 22:01:25] pos_logger.DEBUG: class found [] []
[2017-06-25 22:01:26] pos_logger.DEBUG: checking QuickCommerce\Adapter\OC2\Service\Oc2OrderService [] []
[2017-06-25 22:01:26] pos_logger.DEBUG: class found [] []
[2017-06-25 22:01:26] pos_logger.DEBUG: checking QuickCommerce\Adapter\OC2\Service\Oc2OrderService [] []
[2017-06-25 22:01:26] pos_logger.DEBUG: class found [] []
[2017-06-25 22:01:27] pos_logger.DEBUG: checking QuickCommerce\Adapter\OC2\Service\Oc2OrderService [] []
[2017-06-25 22:01:27] pos_logger.DEBUG: class found [] []
[2017-06-25 22:01:44] pos_logger.DEBUG: checking QuickCommerce\Adapter\OC2\Service\Oc2OrderService [] []
[2017-06-25 22:01:44] pos_logger.DEBUG: class found [] []
[2017-06-25 22:01:44] pos_logger.DEBUG: updating quantity with change 0 for productId  and productOptionValueIds Array ( )  [] []
[2017-06-25 22:01:44] pos_logger.DEBUG: checking QuickCommerce\Adapter\OC2\Service\Oc2OrderService [] []
[2017-06-25 22:01:44] pos_logger.DEBUG: class found [] []
[2017-06-25 22:01:45] pos_logger.DEBUG: checking QuickCommerce\Adapter\OC2\Service\Oc2OrderService [] []
[2017-06-25 22:01:45] pos_logger.DEBUG: class found [] []
[2017-06-25 22:01:45] pos_logger.DEBUG: updating quantity with change 1 for productId  and productOptionValueIds Array ( )  [] []
[2017-06-25 22:01:45] pos_logger.DEBUG: checking QuickCommerce\Adapter\OC2\Service\Oc2OrderService [] []
[2017-06-25 22:01:45] pos_logger.DEBUG: class found [] []
[2017-06-25 22:08:28] pos_logger.DEBUG: checking QuickCommerce\Adapter\OC2\Service\Oc2OrderService [] []
[2017-06-25 22:08:29] pos_logger.DEBUG: class found [] []
[2017-06-25 22:08:29] pos_logger.DEBUG: checking QuickCommerce\Adapter\OC2\Service\Oc2OrderService [] []
[2017-06-25 22:08:29] pos_logger.DEBUG: class found [] []
[2017-06-25 22:08:29] pos_logger.DEBUG: An order cannot be created using give data QuickCommerce\Model\View\PosOrderAction Object (     [action:protected] =>      [orderProductId:protected] =>      [orderProduct:protected] =>      [productId:protected] =>      [orderOptions:protected] => Array         (         )      [orderTaxRates:protected] => Array         (         )      [defaultSettings:protected] => Array         (         )      [quantityBefore:protected] =>      [quantityAfter:protected] =>      [shipping:protected] =>  )  [] []
[2017-06-25 22:08:29] pos_logger.DEBUG: #0 /home/acecoffee/quickcommerce/vendor/quickcommerce/src/Adapter/Opencart2x/Service/Oc2OrderService.php(154): QuickCommerce\API\Exception\APIException::orderCannotBeCreated(Object(QuickCommerce\Model\View\PosOrderAction)) #1 /home/acecoffee/quickcommerce/vendor/quickcommerce/src/Adapter/Opencart2x/Service/Oc2OrderService.php(113): QuickCommerce\Adapter\OC2\Service\Oc2OrderService->createOrder(Object(Doctrine\ORM\EntityManager), Object(QuickCommerce\Model\View\PosOrderAction)) #2 /home/acecoffee/quickcommerce/vendor/quickcommerce/src/API/Service/AbstractOrderService.php(55): QuickCommerce\Adapter\OC2\Service\Oc2OrderService->modifyOrder('0', Object(QuickCommerce\Model\View\PosOrderAction)) #3 /home/acecoffee/quickcommerce/vendor/quickcommerce/src/API/Application.php(221): QuickCommerce\API\Service\AbstractOrderService->patch(Array, '0', NULL) #4 /home/acecoffee/quickcommerce/upload/qcapi/index.php(123): QuickCommerce\API\Application->partialUpdate('order', Array, '0') #5 [internal function]: Closure->{closure}(Object(Slim\Http\Request), Object(Slim\Http\Response), Array) #6 /home/acecoffee/quickcommerce/vendor/slim/slim/Slim/Handlers/Strategies/RequestResponse.php(41): call_user_func(Object(Closure), Object(Slim\Http\Request), Object(Slim\Http\Response), Array) #7 /home/acecoffee/quickcommerce/vendor/slim/slim/Slim/Route.php(344): Slim\Handlers\Strategies\RequestResponse->__invoke(Object(Closure), Object(Slim\Http\Request), Object(Slim\Http\Response), Array) #8 /home/acecoffee/quickcommerce/vendor/slim/slim/Slim/MiddlewareAwareTrait.php(122): Slim\Route->__invoke(Object(Slim\Http\Request), Object(Slim\Http\Response)) #9 /home/acecoffee/quickcommerce/vendor/slim/slim/Slim/Route.php(316): Slim\Route->callMiddlewareStack(Object(Slim\Http\Request), Object(Slim\Http\Response)) #10 /home/acecoffee/quickcommerce/vendor/slim/slim/Slim/App.php(476): Slim\Route->run(Object(Slim\Http\Request), Object(Slim\Http\Response)) #11 /home/acecoffee/quickcommerce/vendor/slim/slim/Slim/MiddlewareAwareTrait.php(122): Slim\App->__invoke(Object(Slim\Http\Request), Object(Slim\Http\Response)) #12 /home/acecoffee/quickcommerce/vendor/slim/slim/Slim/App.php(370): Slim\App->callMiddlewareStack(Object(Slim\Http\Request), Object(Slim\Http\Response)) #13 /home/acecoffee/quickcommerce/vendor/slim/slim/Slim/App.php(295): Slim\App->process(Object(Slim\Http\Request), Object(Slim\Http\Response)) #14 /home/acecoffee/quickcommerce/upload/qcapi/index.php(214): Slim\App->run() #15 {main} [] []
[2017-06-25 22:57:49] pos_logger.DEBUG: checking QuickCommerce\Adapter\OC2\Service\Oc2ReferenceDataService [] []
[2017-06-25 22:57:49] pos_logger.DEBUG: class found [] []
[2017-06-25 22:57:49] pos_logger.DEBUG: checking QuickCommerce\Adapter\OC2\Service\Oc2SettingsService [] []
[2017-06-25 22:57:49] pos_logger.DEBUG: class found [] []
[2017-06-25 22:57:50] pos_logger.DEBUG: checking QuickCommerce\Adapter\OC2\Service\Oc2OrderService [] []
[2017-06-25 22:57:50] pos_logger.DEBUG: class found [] []
[2017-06-25 23:23:09] pos_logger.DEBUG: checking QuickCommerce\Adapter\OC2\Service\Oc2ReferenceDataService [] []
[2017-06-25 23:23:09] pos_logger.DEBUG: class found [] []
[2017-06-25 23:23:09] pos_logger.DEBUG: checking QuickCommerce\Adapter\OC2\Service\Oc2SettingsService [] []
[2017-06-25 23:23:09] pos_logger.DEBUG: class found [] []
[2017-06-25 23:23:10] pos_logger.DEBUG: checking QuickCommerce\Adapter\OC2\Service\Oc2OrderService [] []
[2017-06-25 23:23:10] pos_logger.DEBUG: class found [] []
[2017-06-25 23:23:39] pos_logger.DEBUG: checking QuickCommerce\Adapter\OC2\Service\Oc2OrderService [] []
[2017-06-25 23:23:39] pos_logger.DEBUG: class found [] []
[2017-06-25 23:23:40] pos_logger.DEBUG: checking QuickCommerce\Adapter\OC2\Service\Oc2OrderService [] []
[2017-06-25 23:23:40] pos_logger.DEBUG: class found [] []
[2017-06-25 23:23:41] pos_logger.DEBUG: checking QuickCommerce\Adapter\OC2\Service\Oc2OrderService [] []
[2017-06-25 23:23:41] pos_logger.DEBUG: class found [] []
[2017-06-25 23:23:42] pos_logger.DEBUG: checking QuickCommerce\Adapter\OC2\Service\Oc2OrderService [] []
[2017-06-25 23:23:42] pos_logger.DEBUG: class found [] []
