[2017-08-26 14:57:47] pos_logger.DEBUG: checking QuickCommerce\Adapter\OC2\Service\Oc2ReferenceDataService [] []
[2017-08-26 14:57:48] pos_logger.DEBUG: class found [] []
[2017-08-26 14:57:49] pos_logger.DEBUG: checking QuickCommerce\Adapter\OC2\Service\Oc2SettingsService [] []
[2017-08-26 14:57:49] pos_logger.DEBUG: class found [] []
[2017-08-26 14:58:00] pos_logger.DEBUG: checking QuickCommerce\Adapter\OC2\Service\Oc2OrderService [] []
[2017-08-26 14:58:00] pos_logger.DEBUG: class found [] []
[2017-08-26 14:58:21] pos_logger.DEBUG: checking QuickCommerce\Adapter\OC2\Service\Oc2OrderService [] []
[2017-08-26 14:58:21] pos_logger.DEBUG: class found [] []
[2017-08-26 14:58:21] pos_logger.DEBUG: checking QuickCommerce\Adapter\OC2\Service\Oc2OrderService [] []
[2017-08-26 14:58:21] pos_logger.DEBUG: checking QuickCommerce\Adapter\OC2\Service\Oc2OrderService [] []
[2017-08-26 14:58:21] pos_logger.DEBUG: class found [] []
[2017-08-26 14:58:21] pos_logger.DEBUG: class found [] []
[2017-08-26 14:58:21] pos_logger.DEBUG: checking QuickCommerce\Adapter\OC2\Service\Oc2CustomerService [] []
[2017-08-26 14:58:21] pos_logger.DEBUG: checking QuickCommerce\Adapter\OC2\Service\Oc2CustomerService [] []
[2017-08-26 14:58:21] pos_logger.DEBUG: checking QuickCommerce\Adapter\OC2\Service\Oc2CustomerService [] []
[2017-08-26 14:58:21] pos_logger.DEBUG: class found [] []
[2017-08-26 14:58:21] pos_logger.DEBUG: QuickCommerce\Model\View\PosCustomerDetails Object (     [customer:protected] => QuickCommerce\Model\Core\Customer\PosCustomer Object         (             [customerId:protected] => 1             [customerGroupId:protected] => 1             [firstname:protected] => ACE             [lastname:protected] => Cashier             [email:protected] => lucaslopatka@gmail.com             [telephone:protected] => 666-666-6666             [fax:protected] =>              [password:protected] => 91c725418eae5f87b72dea4f8475b0133ddf9963             [salt:protected] => 06b0cf3bb             [newsletter:protected] =>              [addressId:protected] => 715             [status:protected] => 1             [approved:protected] => 1             [safe:protected] => 1             [token:protected] =>              [dateAdded:protected] => DateTime Object                 (                     [date] => 2017-06-21 18:31:46.000000                     [timezone_type] => 3                     [timezone] => MST                 )          )      [addresses:protected] => Array         (             [0] => QuickCommerce\Model\Core\Address\PosAddress Object                 (                     [addressId:protected] => 715                     [customerId:protected] => 1                     [firstname:protected] => ACE                     [lastname:protected] => Cashier                     [company:protected] =>                      [address1:protected] => 10055 80 Ave NW                     [address2:protected] =>                      [city:protected] => Edmonton                     [postcode:protected] => T6E 1T4                     [countryId:protected] => 38                     [zoneId:protected] => 602                 )          )  )  [] []
[2017-08-26 14:58:21] pos_logger.DEBUG: QuickCommerce\Model\View\PosCustomerDetails Object (     [customer:protected] => QuickCommerce\Model\Core\Customer\PosCustomer Object         (             [customerId:protected] => 1             [customerGroupId:protected] => 1             [firstname:protected] => ACE             [lastname:protected] => Cashier             [email:protected] => lucaslopatka@gmail.com             [telephone:protected] => 666-666-6666             [fax:protected] =>              [password:protected] => 91c725418eae5f87b72dea4f8475b0133ddf9963             [salt:protected] => 06b0cf3bb             [newsletter:protected] =>              [addressId:protected] => 715             [status:protected] => 1             [approved:protected] => 1             [safe:protected] => 1             [token:protected] =>              [dateAdded:protected] => DateTime Object                 (                     [date] => 2017-06-21 18:31:46.000000                     [timezone_type] => 3                     [timezone] => MST                 )          )      [addresses:protected] => Array         (             [0] => QuickCommerce\Model\Core\Address\PosAddress Object                 (                     [addressId:protected] => 715                     [customerId:protected] => 1                     [firstname:protected] => ACE                     [lastname:protected] => Cashier                     [company:protected] =>                      [address1:protected] => 10055 80 Ave NW                     [address2:protected] =>                      [city:protected] => Edmonton                     [postcode:protected] => T6E 1T4                     [countryId:protected] => 38                     [zoneId:protected] => 602                 )          )  )  [] []
[2017-08-26 14:58:21] pos_logger.DEBUG: QuickCommerce\Model\View\PosCustomerDetails Object (     [customer:protected] => QuickCommerce\Model\Core\Customer\PosCustomer Object         (             [customerId:protected] => 1             [customerGroupId:protected] => 1             [firstname:protected] => ACE             [lastname:protected] => Cashier             [email:protected] => lucaslopatka@gmail.com             [telephone:protected] => 666-666-6666             [fax:protected] =>              [password:protected] => 91c725418eae5f87b72dea4f8475b0133ddf9963             [salt:protected] => 06b0cf3bb             [newsletter:protected] =>              [addressId:protected] => 715             [status:protected] => 1             [approved:protected] => 1             [safe:protected] => 1             [token:protected] =>              [dateAdded:protected] => DateTime Object                 (                     [date] => 2017-06-21 18:31:46.000000                     [timezone_type] => 3                     [timezone] => MST                 )          )      [addresses:protected] => Array         (             [0] => QuickCommerce\Model\Core\Address\PosAddress Object                 (                     [addressId:protected] => 715                     [customerId:protected] => 1                     [firstname:protected] => ACE                     [lastname:protected] => Cashier                     [company:protected] =>                      [address1:protected] => 10055 80 Ave NW                     [address2:protected] =>                      [city:protected] => Edmonton                     [postcode:protected] => T6E 1T4                     [countryId:protected] => 38                     [zoneId:protected] => 602                 )          )  )  [] []
[2017-08-26 14:58:22] pos_logger.DEBUG: checking QuickCommerce\Adapter\OC2\Service\Oc2OrderService [] []
[2017-08-26 14:58:22] pos_logger.DEBUG: class found [] []
[2017-08-26 14:58:22] pos_logger.DEBUG: checking QuickCommerce\Adapter\OC2\Service\Oc2OrderService [] []
[2017-08-26 14:58:22] pos_logger.DEBUG: class found [] []
[2017-08-26 14:58:22] pos_logger.DEBUG: checking QuickCommerce\Adapter\OC2\Service\Oc2OrderService [] []
[2017-08-26 14:58:22] pos_logger.DEBUG: class found [] []
[2017-08-26 14:58:27] pos_logger.DEBUG: checking QuickCommerce\Adapter\OC2\Service\Oc2ReferenceDataService [] []
[2017-08-26 14:58:27] pos_logger.DEBUG: class found [] []
[2017-08-26 14:58:27] pos_logger.DEBUG: checking QuickCommerce\Adapter\OC2\Service\Oc2SettingsService [] []
[2017-08-26 14:58:27] pos_logger.DEBUG: class found [] []
[2017-08-26 14:58:28] pos_logger.DEBUG: checking QuickCommerce\Adapter\OC2\Service\Oc2OrderService [] []
[2017-08-26 14:58:28] pos_logger.DEBUG: class found [] []
[2017-08-26 14:58:29] pos_logger.DEBUG: checking QuickCommerce\Adapter\OC2\Service\Oc2OrderService [] []
[2017-08-26 14:58:29] pos_logger.DEBUG: checking QuickCommerce\Adapter\OC2\Service\Oc2OrderService [] []
[2017-08-26 14:58:29] pos_logger.DEBUG: class found [] []
[2017-08-26 14:58:29] pos_logger.DEBUG: class found [] []
[2017-08-26 14:58:29] pos_logger.DEBUG: checking QuickCommerce\Adapter\OC2\Service\Oc2OrderService [] []
[2017-08-26 14:58:29] pos_logger.DEBUG: class found [] []
[2017-08-26 14:58:30] pos_logger.DEBUG: checking QuickCommerce\Adapter\OC2\Service\Oc2OrderService [] []
[2017-08-26 14:58:30] pos_logger.DEBUG: class found [] []
[2017-08-26 14:58:30] pos_logger.DEBUG: checking QuickCommerce\Adapter\OC2\Service\Oc2OrderService [] []
[2017-08-26 14:58:30] pos_logger.DEBUG: class found [] []
[2017-08-26 14:58:30] pos_logger.DEBUG: checking QuickCommerce\Adapter\OC2\Service\Oc2OrderService [] []
[2017-08-26 14:58:30] pos_logger.DEBUG: class found [] []
[2017-08-26 14:58:54] pos_logger.DEBUG: checking QuickCommerce\Adapter\OC2\Service\Oc2OrderService [] []
[2017-08-26 14:58:54] pos_logger.DEBUG: class found [] []
[2017-08-26 14:58:56] pos_logger.DEBUG: checking QuickCommerce\Adapter\OC2\Service\Oc2OrderService [] []
[2017-08-26 14:58:56] pos_logger.DEBUG: class found [] []
[2017-08-26 14:59:16] pos_logger.DEBUG: checking QuickCommerce\Adapter\OC2\Service\Oc2OrderService [] []
[2017-08-26 14:59:16] pos_logger.DEBUG: class found [] []
[2017-08-26 14:59:19] pos_logger.DEBUG: checking QuickCommerce\Adapter\OC2\Service\Oc2OrderService [] []
[2017-08-26 14:59:19] pos_logger.DEBUG: class found [] []
[2017-08-26 14:59:34] pos_logger.DEBUG: checking QuickCommerce\Adapter\OC2\Service\Oc2OrderService [] []
[2017-08-26 14:59:34] pos_logger.DEBUG: class found [] []
[2017-08-26 15:00:08] pos_logger.DEBUG: updating quantity with change 0 for productId  and productOptionValueIds Array ( )  [] []
[2017-08-26 15:07:48] pos_logger.DEBUG: checking QuickCommerce\Adapter\OC2\Service\Oc2OrderService [] []
[2017-08-26 15:07:48] pos_logger.DEBUG: class found [] []
