[2017-07-04 00:55:45] pos_logger.DEBUG: checking QuickCommerce\Adapter\OC2\Service\Oc2ReferenceDataService [] []
[2017-07-04 00:55:45] pos_logger.DEBUG: class found [] []
[2017-07-04 00:55:45] pos_logger.DEBUG: checking QuickCommerce\Adapter\OC2\Service\Oc2SettingsService [] []
[2017-07-04 00:55:45] pos_logger.DEBUG: class found [] []
[2017-07-04 00:55:45] pos_logger.DEBUG: checking QuickCommerce\Adapter\OC2\Service\Oc2OrderService [] []
[2017-07-04 00:55:45] pos_logger.DEBUG: class found [] []
[2017-07-04 00:56:11] pos_logger.DEBUG: checking QuickCommerce\Adapter\OC2\Service\Oc2ReferenceDataService [] []
[2017-07-04 00:56:11] pos_logger.DEBUG: class found [] []
[2017-07-04 00:56:11] pos_logger.DEBUG: checking QuickCommerce\Adapter\OC2\Service\Oc2SettingsService [] []
[2017-07-04 00:56:11] pos_logger.DEBUG: class found [] []
[2017-07-04 00:56:12] pos_logger.DEBUG: checking QuickCommerce\Adapter\OC2\Service\Oc2OrderService [] []
[2017-07-04 00:56:12] pos_logger.DEBUG: class found [] []
[2017-07-04 00:56:51] pos_logger.DEBUG: checking QuickCommerce\Adapter\OC2\Service\Oc2ReferenceDataService [] []
[2017-07-04 00:56:51] pos_logger.DEBUG: class found [] []
[2017-07-04 00:56:52] pos_logger.DEBUG: checking QuickCommerce\Adapter\OC2\Service\Oc2SettingsService [] []
[2017-07-04 00:56:52] pos_logger.DEBUG: class found [] []
[2017-07-04 00:56:53] pos_logger.DEBUG: checking QuickCommerce\Adapter\OC2\Service\Oc2OrderService [] []
[2017-07-04 00:56:53] pos_logger.DEBUG: class found [] []
[2017-07-04 01:48:27] pos_logger.DEBUG: checking QuickCommerce\Adapter\OC2\Service\Oc2ReferenceDataService [] []
[2017-07-04 01:48:27] pos_logger.DEBUG: class found [] []
[2017-07-04 01:48:27] pos_logger.DEBUG: checking QuickCommerce\Adapter\OC2\Service\Oc2SettingsService [] []
[2017-07-04 01:48:27] pos_logger.DEBUG: class found [] []
[2017-07-04 01:48:28] pos_logger.DEBUG: checking QuickCommerce\Adapter\OC2\Service\Oc2OrderService [] []
[2017-07-04 01:48:28] pos_logger.DEBUG: class found [] []
[2017-07-04 01:56:01] pos_logger.DEBUG: checking QuickCommerce\Adapter\OC2\Service\Oc2ReferenceDataService [] []
[2017-07-04 01:56:01] pos_logger.DEBUG: class found [] []
[2017-07-04 01:56:01] pos_logger.DEBUG: checking QuickCommerce\Adapter\OC2\Service\Oc2SettingsService [] []
[2017-07-04 01:56:01] pos_logger.DEBUG: class found [] []
[2017-07-04 01:56:03] pos_logger.DEBUG: checking QuickCommerce\Adapter\OC2\Service\Oc2OrderService [] []
[2017-07-04 01:56:03] pos_logger.DEBUG: class found [] []
[2017-07-04 02:25:39] pos_logger.DEBUG: checking QuickCommerce\Adapter\OC2\Service\Oc2ReferenceDataService [] []
[2017-07-04 02:25:39] pos_logger.DEBUG: class found [] []
[2017-07-04 02:25:39] pos_logger.DEBUG: checking QuickCommerce\Adapter\OC2\Service\Oc2SettingsService [] []
[2017-07-04 02:25:39] pos_logger.DEBUG: class found [] []
[2017-07-04 02:25:40] pos_logger.DEBUG: checking QuickCommerce\Adapter\OC2\Service\Oc2OrderService [] []
[2017-07-04 02:25:40] pos_logger.DEBUG: class found [] []
[2017-07-04 02:28:40] pos_logger.DEBUG: checking QuickCommerce\Adapter\OC2\Service\Oc2ReferenceDataService [] []
[2017-07-04 02:28:40] pos_logger.DEBUG: class found [] []
[2017-07-04 02:28:40] pos_logger.DEBUG: checking QuickCommerce\Adapter\OC2\Service\Oc2SettingsService [] []
[2017-07-04 02:28:40] pos_logger.DEBUG: class found [] []
[2017-07-04 02:28:41] pos_logger.DEBUG: checking QuickCommerce\Adapter\OC2\Service\Oc2OrderService [] []
[2017-07-04 02:28:41] pos_logger.DEBUG: class found [] []
[2017-07-04 02:43:47] pos_logger.DEBUG: checking QuickCommerce\Adapter\OC2\Service\Oc2ReferenceDataService [] []
[2017-07-04 02:43:47] pos_logger.DEBUG: class found [] []
[2017-07-04 02:43:47] pos_logger.DEBUG: checking QuickCommerce\Adapter\OC2\Service\Oc2SettingsService [] []
[2017-07-04 02:43:47] pos_logger.DEBUG: class found [] []
[2017-07-04 02:43:51] pos_logger.DEBUG: checking QuickCommerce\Adapter\OC2\Service\Oc2OrderService [] []
[2017-07-04 02:43:51] pos_logger.DEBUG: class found [] []
[2017-07-04 02:44:10] pos_logger.DEBUG: checking QuickCommerce\Adapter\OC2\Service\Oc2ReferenceDataService [] []
[2017-07-04 02:44:10] pos_logger.DEBUG: class found [] []
[2017-07-04 02:44:10] pos_logger.DEBUG: checking QuickCommerce\Adapter\OC2\Service\Oc2SettingsService [] []
[2017-07-04 02:44:10] pos_logger.DEBUG: class found [] []
[2017-07-04 02:44:14] pos_logger.DEBUG: checking QuickCommerce\Adapter\OC2\Service\Oc2OrderService [] []
[2017-07-04 02:44:14] pos_logger.DEBUG: class found [] []
[2017-07-04 02:44:30] pos_logger.DEBUG: checking QuickCommerce\Adapter\OC2\Service\Oc2ReferenceDataService [] []
[2017-07-04 02:44:30] pos_logger.DEBUG: class found [] []
[2017-07-04 02:44:30] pos_logger.DEBUG: checking QuickCommerce\Adapter\OC2\Service\Oc2SettingsService [] []
[2017-07-04 02:44:30] pos_logger.DEBUG: class found [] []
[2017-07-04 02:44:38] pos_logger.DEBUG: checking QuickCommerce\Adapter\OC2\Service\Oc2OrderService [] []
[2017-07-04 02:44:38] pos_logger.DEBUG: class found [] []
[2017-07-04 02:44:52] pos_logger.DEBUG: checking QuickCommerce\Adapter\OC2\Service\Oc2ReferenceDataService [] []
[2017-07-04 02:44:52] pos_logger.DEBUG: class found [] []
[2017-07-04 02:44:52] pos_logger.DEBUG: checking QuickCommerce\Adapter\OC2\Service\Oc2SettingsService [] []
[2017-07-04 02:44:52] pos_logger.DEBUG: class found [] []
[2017-07-04 02:44:59] pos_logger.DEBUG: checking QuickCommerce\Adapter\OC2\Service\Oc2OrderService [] []
[2017-07-04 02:44:59] pos_logger.DEBUG: class found [] []
[2017-07-04 02:45:08] pos_logger.DEBUG: checking QuickCommerce\Adapter\OC2\Service\Oc2ReferenceDataService [] []
[2017-07-04 02:45:08] pos_logger.DEBUG: class found [] []
[2017-07-04 02:45:08] pos_logger.DEBUG: checking QuickCommerce\Adapter\OC2\Service\Oc2SettingsService [] []
[2017-07-04 02:45:08] pos_logger.DEBUG: class found [] []
[2017-07-04 02:45:20] pos_logger.DEBUG: checking QuickCommerce\Adapter\OC2\Service\Oc2OrderService [] []
[2017-07-04 02:45:20] pos_logger.DEBUG: class found [] []
[2017-07-04 02:45:28] pos_logger.DEBUG: checking QuickCommerce\Adapter\OC2\Service\Oc2ReferenceDataService [] []
[2017-07-04 02:45:28] pos_logger.DEBUG: class found [] []
[2017-07-04 02:45:28] pos_logger.DEBUG: checking QuickCommerce\Adapter\OC2\Service\Oc2SettingsService [] []
[2017-07-04 02:45:28] pos_logger.DEBUG: class found [] []
[2017-07-04 02:45:37] pos_logger.DEBUG: checking QuickCommerce\Adapter\OC2\Service\Oc2OrderService [] []
[2017-07-04 02:45:37] pos_logger.DEBUG: class found [] []
[2017-07-04 02:45:51] pos_logger.DEBUG: checking QuickCommerce\Adapter\OC2\Service\Oc2ReferenceDataService [] []
[2017-07-04 02:45:51] pos_logger.DEBUG: class found [] []
[2017-07-04 02:45:51] pos_logger.DEBUG: checking QuickCommerce\Adapter\OC2\Service\Oc2SettingsService [] []
[2017-07-04 02:45:51] pos_logger.DEBUG: class found [] []
[2017-07-04 02:46:01] pos_logger.DEBUG: checking QuickCommerce\Adapter\OC2\Service\Oc2OrderService [] []
[2017-07-04 02:46:01] pos_logger.DEBUG: class found [] []
[2017-07-04 02:46:12] pos_logger.DEBUG: checking QuickCommerce\Adapter\OC2\Service\Oc2ReferenceDataService [] []
[2017-07-04 02:46:12] pos_logger.DEBUG: class found [] []
[2017-07-04 02:46:12] pos_logger.DEBUG: checking QuickCommerce\Adapter\OC2\Service\Oc2SettingsService [] []
[2017-07-04 02:46:12] pos_logger.DEBUG: class found [] []
[2017-07-04 02:46:17] pos_logger.DEBUG: checking QuickCommerce\Adapter\OC2\Service\Oc2OrderService [] []
[2017-07-04 02:46:17] pos_logger.DEBUG: class found [] []
[2017-07-04 03:03:26] pos_logger.DEBUG: checking QuickCommerce\Adapter\OC2\Service\Oc2ReferenceDataService [] []
[2017-07-04 03:03:26] pos_logger.DEBUG: class found [] []
[2017-07-04 03:03:27] pos_logger.DEBUG: checking QuickCommerce\Adapter\OC2\Service\Oc2SettingsService [] []
[2017-07-04 03:03:27] pos_logger.DEBUG: class found [] []
[2017-07-04 03:03:28] pos_logger.DEBUG: checking QuickCommerce\Adapter\OC2\Service\Oc2OrderService [] []
[2017-07-04 03:03:28] pos_logger.DEBUG: class found [] []
[2017-07-04 03:07:40] pos_logger.DEBUG: checking QuickCommerce\Adapter\OC2\Service\Oc2ReferenceDataService [] []
[2017-07-04 03:07:40] pos_logger.DEBUG: class found [] []
[2017-07-04 03:07:40] pos_logger.DEBUG: checking QuickCommerce\Adapter\OC2\Service\Oc2SettingsService [] []
[2017-07-04 03:07:40] pos_logger.DEBUG: class found [] []
[2017-07-04 03:07:41] pos_logger.DEBUG: checking QuickCommerce\Adapter\OC2\Service\Oc2OrderService [] []
[2017-07-04 03:07:41] pos_logger.DEBUG: class found [] []
[2017-07-04 03:08:33] pos_logger.DEBUG: checking QuickCommerce\Adapter\OC2\Service\Oc2ReferenceDataService [] []
[2017-07-04 03:08:33] pos_logger.DEBUG: class found [] []
[2017-07-04 03:08:33] pos_logger.DEBUG: checking QuickCommerce\Adapter\OC2\Service\Oc2SettingsService [] []
[2017-07-04 03:08:33] pos_logger.DEBUG: class found [] []
[2017-07-04 03:08:34] pos_logger.DEBUG: checking QuickCommerce\Adapter\OC2\Service\Oc2OrderService [] []
[2017-07-04 03:08:34] pos_logger.DEBUG: class found [] []
[2017-07-04 03:08:56] pos_logger.DEBUG: checking QuickCommerce\Adapter\OC2\Service\Oc2ReferenceDataService [] []
[2017-07-04 03:08:56] pos_logger.DEBUG: class found [] []
[2017-07-04 03:08:56] pos_logger.DEBUG: checking QuickCommerce\Adapter\OC2\Service\Oc2SettingsService [] []
[2017-07-04 03:08:56] pos_logger.DEBUG: class found [] []
[2017-07-04 03:08:57] pos_logger.DEBUG: checking QuickCommerce\Adapter\OC2\Service\Oc2OrderService [] []
[2017-07-04 03:08:57] pos_logger.DEBUG: class found [] []
[2017-07-04 03:17:49] pos_logger.DEBUG: checking QuickCommerce\Adapter\OC2\Service\Oc2ReferenceDataService [] []
[2017-07-04 03:17:49] pos_logger.DEBUG: class found [] []
[2017-07-04 03:17:49] pos_logger.DEBUG: checking QuickCommerce\Adapter\OC2\Service\Oc2SettingsService [] []
[2017-07-04 03:17:49] pos_logger.DEBUG: class found [] []
[2017-07-04 03:17:50] pos_logger.DEBUG: checking QuickCommerce\Adapter\OC2\Service\Oc2OrderService [] []
[2017-07-04 03:17:50] pos_logger.DEBUG: class found [] []
[2017-07-04 03:18:05] pos_logger.DEBUG: checking QuickCommerce\Adapter\OC2\Service\Oc2ReferenceDataService [] []
[2017-07-04 03:18:05] pos_logger.DEBUG: class found [] []
[2017-07-04 03:18:05] pos_logger.DEBUG: checking QuickCommerce\Adapter\OC2\Service\Oc2SettingsService [] []
[2017-07-04 03:18:05] pos_logger.DEBUG: class found [] []
[2017-07-04 03:18:05] pos_logger.DEBUG: checking QuickCommerce\Adapter\OC2\Service\Oc2OrderService [] []
[2017-07-04 03:18:05] pos_logger.DEBUG: class found [] []
[2017-07-04 03:18:29] pos_logger.DEBUG: checking QuickCommerce\Adapter\OC2\Service\Oc2ReferenceDataService [] []
[2017-07-04 03:18:29] pos_logger.DEBUG: class found [] []
[2017-07-04 03:18:29] pos_logger.DEBUG: checking QuickCommerce\Adapter\OC2\Service\Oc2SettingsService [] []
[2017-07-04 03:18:29] pos_logger.DEBUG: class found [] []
[2017-07-04 03:18:29] pos_logger.DEBUG: checking QuickCommerce\Adapter\OC2\Service\Oc2OrderService [] []
[2017-07-04 03:18:29] pos_logger.DEBUG: class found [] []
[2017-07-04 03:55:13] pos_logger.DEBUG: checking QuickCommerce\Adapter\OC2\Service\Oc2ReferenceDataService [] []
[2017-07-04 03:55:13] pos_logger.DEBUG: class found [] []
[2017-07-04 03:55:14] pos_logger.DEBUG: checking QuickCommerce\Adapter\OC2\Service\Oc2SettingsService [] []
[2017-07-04 03:55:14] pos_logger.DEBUG: class found [] []
[2017-07-04 03:55:14] pos_logger.DEBUG: checking QuickCommerce\Adapter\OC2\Service\Oc2OrderService [] []
[2017-07-04 03:55:14] pos_logger.DEBUG: class found [] []
[2017-07-04 03:55:45] pos_logger.DEBUG: checking QuickCommerce\Adapter\OC2\Service\Oc2ReferenceDataService [] []
[2017-07-04 03:55:45] pos_logger.DEBUG: class found [] []
[2017-07-04 03:55:45] pos_logger.DEBUG: checking QuickCommerce\Adapter\OC2\Service\Oc2SettingsService [] []
[2017-07-04 03:55:45] pos_logger.DEBUG: class found [] []
[2017-07-04 03:55:46] pos_logger.DEBUG: checking QuickCommerce\Adapter\OC2\Service\Oc2OrderService [] []
[2017-07-04 03:55:46] pos_logger.DEBUG: class found [] []
[2017-07-04 04:01:36] pos_logger.DEBUG: checking QuickCommerce\Adapter\OC2\Service\Oc2ReferenceDataService [] []
[2017-07-04 04:01:36] pos_logger.DEBUG: class found [] []
[2017-07-04 04:01:36] pos_logger.DEBUG: checking QuickCommerce\Adapter\OC2\Service\Oc2SettingsService [] []
[2017-07-04 04:01:36] pos_logger.DEBUG: class found [] []
[2017-07-04 04:01:36] pos_logger.DEBUG: checking QuickCommerce\Adapter\OC2\Service\Oc2OrderService [] []
[2017-07-04 04:01:36] pos_logger.DEBUG: class found [] []
[2017-07-04 04:01:45] pos_logger.DEBUG: checking QuickCommerce\Adapter\OC2\Service\Oc2ReferenceDataService [] []
[2017-07-04 04:01:45] pos_logger.DEBUG: class found [] []
[2017-07-04 04:01:45] pos_logger.DEBUG: checking QuickCommerce\Adapter\OC2\Service\Oc2SettingsService [] []
[2017-07-04 04:01:45] pos_logger.DEBUG: class found [] []
[2017-07-04 04:01:46] pos_logger.DEBUG: checking QuickCommerce\Adapter\OC2\Service\Oc2OrderService [] []
[2017-07-04 04:01:46] pos_logger.DEBUG: class found [] []
[2017-07-04 04:03:26] pos_logger.DEBUG: checking QuickCommerce\Adapter\OC2\Service\Oc2ReferenceDataService [] []
[2017-07-04 04:03:26] pos_logger.DEBUG: class found [] []
[2017-07-04 04:03:26] pos_logger.DEBUG: checking QuickCommerce\Adapter\OC2\Service\Oc2SettingsService [] []
[2017-07-04 04:03:26] pos_logger.DEBUG: class found [] []
[2017-07-04 04:03:27] pos_logger.DEBUG: checking QuickCommerce\Adapter\OC2\Service\Oc2OrderService [] []
[2017-07-04 04:03:27] pos_logger.DEBUG: class found [] []
[2017-07-04 04:04:51] pos_logger.DEBUG: checking QuickCommerce\Adapter\OC2\Service\Oc2ReferenceDataService [] []
[2017-07-04 04:04:51] pos_logger.DEBUG: class found [] []
[2017-07-04 04:04:51] pos_logger.DEBUG: checking QuickCommerce\Adapter\OC2\Service\Oc2SettingsService [] []
[2017-07-04 04:04:51] pos_logger.DEBUG: class found [] []
[2017-07-04 04:04:51] pos_logger.DEBUG: checking QuickCommerce\Adapter\OC2\Service\Oc2OrderService [] []
[2017-07-04 04:04:51] pos_logger.DEBUG: class found [] []
[2017-07-04 04:05:00] pos_logger.DEBUG: checking QuickCommerce\Adapter\OC2\Service\Oc2ReferenceDataService [] []
[2017-07-04 04:05:00] pos_logger.DEBUG: class found [] []
[2017-07-04 04:05:00] pos_logger.DEBUG: checking QuickCommerce\Adapter\OC2\Service\Oc2SettingsService [] []
[2017-07-04 04:05:00] pos_logger.DEBUG: class found [] []
[2017-07-04 04:05:00] pos_logger.DEBUG: checking QuickCommerce\Adapter\OC2\Service\Oc2OrderService [] []
[2017-07-04 04:05:00] pos_logger.DEBUG: class found [] []
[2017-07-04 05:11:02] pos_logger.DEBUG: checking QuickCommerce\Adapter\OC2\Service\Oc2ReferenceDataService [] []
[2017-07-04 05:11:02] pos_logger.DEBUG: class found [] []
[2017-07-04 05:11:02] pos_logger.DEBUG: checking QuickCommerce\Adapter\OC2\Service\Oc2SettingsService [] []
[2017-07-04 05:11:02] pos_logger.DEBUG: class found [] []
[2017-07-04 05:11:06] pos_logger.DEBUG: checking QuickCommerce\Adapter\OC2\Service\Oc2OrderService [] []
[2017-07-04 05:11:06] pos_logger.DEBUG: class found [] []
[2017-07-04 05:28:56] pos_logger.DEBUG: checking QuickCommerce\Adapter\OC2\Service\Oc2OrderService [] []
[2017-07-04 05:28:56] pos_logger.DEBUG: class found [] []
[2017-07-04 05:30:39] pos_logger.DEBUG: checking QuickCommerce\Adapter\OC2\Service\Oc2ReferenceDataService [] []
[2017-07-04 05:30:39] pos_logger.DEBUG: class found [] []
[2017-07-04 05:30:39] pos_logger.DEBUG: checking QuickCommerce\Adapter\OC2\Service\Oc2SettingsService [] []
[2017-07-04 05:30:39] pos_logger.DEBUG: class found [] []
[2017-07-04 05:30:42] pos_logger.DEBUG: checking QuickCommerce\Adapter\OC2\Service\Oc2OrderService [] []
[2017-07-04 05:30:42] pos_logger.DEBUG: class found [] []
[2017-07-04 06:29:49] pos_logger.DEBUG: checking QuickCommerce\Adapter\OC2\Service\Oc2ReferenceDataService [] []
[2017-07-04 06:29:49] pos_logger.DEBUG: class found [] []
[2017-07-04 06:29:49] pos_logger.DEBUG: checking QuickCommerce\Adapter\OC2\Service\Oc2SettingsService [] []
[2017-07-04 06:29:49] pos_logger.DEBUG: class found [] []
[2017-07-04 06:29:50] pos_logger.DEBUG: checking QuickCommerce\Adapter\OC2\Service\Oc2OrderService [] []
[2017-07-04 06:29:50] pos_logger.DEBUG: class found [] []
[2017-07-04 11:42:01] pos_logger.DEBUG: checking QuickCommerce\Adapter\OC2\Service\Oc2ReferenceDataService [] []
[2017-07-04 11:42:01] pos_logger.DEBUG: class found [] []
[2017-07-04 11:42:02] pos_logger.DEBUG: checking QuickCommerce\Adapter\OC2\Service\Oc2SettingsService [] []
[2017-07-04 11:42:02] pos_logger.DEBUG: class found [] []
[2017-07-04 11:42:02] pos_logger.DEBUG: checking QuickCommerce\Adapter\OC2\Service\Oc2OrderService [] []
[2017-07-04 11:42:02] pos_logger.DEBUG: class found [] []
[2017-07-04 13:48:30] pos_logger.DEBUG: checking QuickCommerce\Adapter\OC2\Service\Oc2ReferenceDataService [] []
[2017-07-04 13:48:30] pos_logger.DEBUG: class found [] []
[2017-07-04 13:48:30] pos_logger.DEBUG: checking QuickCommerce\Adapter\OC2\Service\Oc2SettingsService [] []
[2017-07-04 13:48:30] pos_logger.DEBUG: class found [] []
[2017-07-04 13:48:30] pos_logger.DEBUG: checking QuickCommerce\Adapter\OC2\Service\Oc2OrderService [] []
[2017-07-04 13:48:30] pos_logger.DEBUG: class found [] []
[2017-07-04 14:39:51] pos_logger.DEBUG: checking QuickCommerce\Adapter\OC2\Service\Oc2ReferenceDataService [] []
[2017-07-04 14:39:51] pos_logger.DEBUG: class found [] []
[2017-07-04 14:39:51] pos_logger.DEBUG: checking QuickCommerce\Adapter\OC2\Service\Oc2SettingsService [] []
[2017-07-04 14:39:51] pos_logger.DEBUG: class found [] []
[2017-07-04 14:39:52] pos_logger.DEBUG: checking QuickCommerce\Adapter\OC2\Service\Oc2OrderService [] []
[2017-07-04 14:39:52] pos_logger.DEBUG: class found [] []
[2017-07-04 14:48:28] pos_logger.DEBUG: checking QuickCommerce\Adapter\OC2\Service\Oc2OrderService [] []
[2017-07-04 14:48:28] pos_logger.DEBUG: class found [] []
[2017-07-04 14:48:28] pos_logger.DEBUG: updating quantity with change 1 for productId  and productOptionValueIds Array ( )  [] []
[2017-07-04 14:48:28] pos_logger.DEBUG: checking QuickCommerce\Adapter\OC2\Service\Oc2OrderService [] []
[2017-07-04 14:48:28] pos_logger.DEBUG: class found [] []
[2017-07-04 14:49:55] pos_logger.DEBUG: checking QuickCommerce\Adapter\OC2\Service\Oc2OrderService [] []
[2017-07-04 14:49:55] pos_logger.DEBUG: class found [] []
[2017-07-04 14:49:55] pos_logger.DEBUG: checking QuickCommerce\Adapter\OC2\Service\Oc2OrderService [] []
[2017-07-04 14:49:55] pos_logger.DEBUG: class found [] []
[2017-07-04 14:49:59] pos_logger.DEBUG: checking QuickCommerce\Adapter\OC2\Service\Oc2OrderService [] []
[2017-07-04 14:49:59] pos_logger.DEBUG: class found [] []
[2017-07-04 14:49:59] pos_logger.DEBUG: checking QuickCommerce\Adapter\OC2\Service\Oc2OrderService [] []
[2017-07-04 14:49:59] pos_logger.DEBUG: class found [] []
[2017-07-04 14:54:24] pos_logger.DEBUG: checking QuickCommerce\Adapter\OC2\Service\Oc2OrderService [] []
[2017-07-04 14:54:24] pos_logger.DEBUG: class found [] []
[2017-07-04 14:54:24] pos_logger.DEBUG: updating quantity with change 1 for productId  and productOptionValueIds Array ( )  [] []
[2017-07-04 14:54:24] pos_logger.DEBUG: checking QuickCommerce\Adapter\OC2\Service\Oc2OrderService [] []
[2017-07-04 14:54:24] pos_logger.DEBUG: class found [] []
[2017-07-04 14:54:55] pos_logger.DEBUG: checking QuickCommerce\Adapter\OC2\Service\Oc2OrderService [] []
[2017-07-04 14:54:55] pos_logger.DEBUG: class found [] []
[2017-07-04 14:54:56] pos_logger.DEBUG: checking QuickCommerce\Adapter\OC2\Service\Oc2OrderService [] []
[2017-07-04 14:54:56] pos_logger.DEBUG: class found [] []
[2017-07-04 14:54:56] pos_logger.DEBUG: An order cannot be created using give data QuickCommerce\Model\View\PosOrderAction Object (     [action:protected] =>      [orderProductId:protected] =>      [orderProduct:protected] =>      [productId:protected] =>      [orderOptions:protected] => Array         (         )      [orderTaxRates:protected] => Array         (         )      [defaultSettings:protected] => Array         (         )      [quantityBefore:protected] =>      [quantityAfter:protected] =>      [shipping:protected] =>  )  [] []
[2017-07-04 14:54:56] pos_logger.DEBUG: #0 /home/acecoffee/quickcommerce/vendor/quickcommerce/src/Adapter/Opencart2x/Service/Oc2OrderService.php(154): QuickCommerce\API\Exception\APIException::orderCannotBeCreated(Object(QuickCommerce\Model\View\PosOrderAction)) #1 /home/acecoffee/quickcommerce/vendor/quickcommerce/src/Adapter/Opencart2x/Service/Oc2OrderService.php(113): QuickCommerce\Adapter\OC2\Service\Oc2OrderService->createOrder(Object(Doctrine\ORM\EntityManager), Object(QuickCommerce\Model\View\PosOrderAction)) #2 /home/acecoffee/quickcommerce/vendor/quickcommerce/src/API/Service/AbstractOrderService.php(55): QuickCommerce\Adapter\OC2\Service\Oc2OrderService->modifyOrder('0', Object(QuickCommerce\Model\View\PosOrderAction)) #3 /home/acecoffee/quickcommerce/vendor/quickcommerce/src/API/Application.php(221): QuickCommerce\API\Service\AbstractOrderService->patch(Array, '0', NULL) #4 /home/acecoffee/quickcommerce/upload/qcapi/index.php(123): QuickCommerce\API\Application->partialUpdate('order', Array, '0') #5 [internal function]: Closure->{closure}(Object(Slim\Http\Request), Object(Slim\Http\Response), Array) #6 /home/acecoffee/quickcommerce/vendor/slim/slim/Slim/Handlers/Strategies/RequestResponse.php(41): call_user_func(Object(Closure), Object(Slim\Http\Request), Object(Slim\Http\Response), Array) #7 /home/acecoffee/quickcommerce/vendor/slim/slim/Slim/Route.php(344): Slim\Handlers\Strategies\RequestResponse->__invoke(Object(Closure), Object(Slim\Http\Request), Object(Slim\Http\Response), Array) #8 /home/acecoffee/quickcommerce/vendor/slim/slim/Slim/MiddlewareAwareTrait.php(122): Slim\Route->__invoke(Object(Slim\Http\Request), Object(Slim\Http\Response)) #9 /home/acecoffee/quickcommerce/vendor/slim/slim/Slim/Route.php(316): Slim\Route->callMiddlewareStack(Object(Slim\Http\Request), Object(Slim\Http\Response)) #10 /home/acecoffee/quickcommerce/vendor/slim/slim/Slim/App.php(476): Slim\Route->run(Object(Slim\Http\Request), Object(Slim\Http\Response)) #11 /home/acecoffee/quickcommerce/vendor/slim/slim/Slim/MiddlewareAwareTrait.php(122): Slim\App->__invoke(Object(Slim\Http\Request), Object(Slim\Http\Response)) #12 /home/acecoffee/quickcommerce/vendor/slim/slim/Slim/App.php(370): Slim\App->callMiddlewareStack(Object(Slim\Http\Request), Object(Slim\Http\Response)) #13 /home/acecoffee/quickcommerce/vendor/slim/slim/Slim/App.php(295): Slim\App->process(Object(Slim\Http\Request), Object(Slim\Http\Response)) #14 /home/acecoffee/quickcommerce/upload/qcapi/index.php(214): Slim\App->run() #15 {main} [] []
[2017-07-04 14:54:56] pos_logger.DEBUG: checking QuickCommerce\Adapter\OC2\Service\Oc2OrderService [] []
[2017-07-04 14:54:56] pos_logger.DEBUG: class found [] []
[2017-07-04 15:09:28] pos_logger.DEBUG: checking QuickCommerce\Adapter\OC2\Service\Oc2ReferenceDataService [] []
[2017-07-04 15:09:28] pos_logger.DEBUG: class found [] []
[2017-07-04 15:09:28] pos_logger.DEBUG: checking QuickCommerce\Adapter\OC2\Service\Oc2SettingsService [] []
[2017-07-04 15:09:28] pos_logger.DEBUG: class found [] []
[2017-07-04 15:09:29] pos_logger.DEBUG: checking QuickCommerce\Adapter\OC2\Service\Oc2OrderService [] []
[2017-07-04 15:09:29] pos_logger.DEBUG: class found [] []
[2017-07-04 15:12:17] pos_logger.DEBUG: checking QuickCommerce\Adapter\OC2\Service\Oc2ReferenceDataService [] []
[2017-07-04 15:12:17] pos_logger.DEBUG: class found [] []
[2017-07-04 15:12:17] pos_logger.DEBUG: checking QuickCommerce\Adapter\OC2\Service\Oc2SettingsService [] []
[2017-07-04 15:12:17] pos_logger.DEBUG: class found [] []
[2017-07-04 15:12:18] pos_logger.DEBUG: checking QuickCommerce\Adapter\OC2\Service\Oc2OrderService [] []
[2017-07-04 15:12:18] pos_logger.DEBUG: class found [] []
[2017-07-04 15:12:29] pos_logger.DEBUG: checking QuickCommerce\Adapter\OC2\Service\Oc2ReferenceDataService [] []
[2017-07-04 15:12:29] pos_logger.DEBUG: class found [] []
[2017-07-04 15:12:29] pos_logger.DEBUG: checking QuickCommerce\Adapter\OC2\Service\Oc2SettingsService [] []
[2017-07-04 15:12:29] pos_logger.DEBUG: class found [] []
[2017-07-04 15:12:30] pos_logger.DEBUG: checking QuickCommerce\Adapter\OC2\Service\Oc2OrderService [] []
[2017-07-04 15:12:30] pos_logger.DEBUG: class found [] []
[2017-07-04 15:12:55] pos_logger.DEBUG: checking QuickCommerce\Adapter\OC2\Service\Oc2ReferenceDataService [] []
[2017-07-04 15:12:55] pos_logger.DEBUG: class found [] []
[2017-07-04 15:12:55] pos_logger.DEBUG: checking QuickCommerce\Adapter\OC2\Service\Oc2SettingsService [] []
[2017-07-04 15:12:55] pos_logger.DEBUG: class found [] []
[2017-07-04 15:13:52] pos_logger.DEBUG: checking QuickCommerce\Adapter\OC2\Service\Oc2ReferenceDataService [] []
[2017-07-04 15:13:52] pos_logger.DEBUG: class found [] []
[2017-07-04 15:13:53] pos_logger.DEBUG: checking QuickCommerce\Adapter\OC2\Service\Oc2SettingsService [] []
[2017-07-04 15:13:53] pos_logger.DEBUG: class found [] []
[2017-07-04 15:13:53] pos_logger.DEBUG: checking QuickCommerce\Adapter\OC2\Service\Oc2OrderService [] []
[2017-07-04 15:13:53] pos_logger.DEBUG: class found [] []
[2017-07-04 15:17:04] pos_logger.DEBUG: checking QuickCommerce\Adapter\OC2\Service\Oc2ReferenceDataService [] []
[2017-07-04 15:17:04] pos_logger.DEBUG: class found [] []
[2017-07-04 15:17:04] pos_logger.DEBUG: checking QuickCommerce\Adapter\OC2\Service\Oc2SettingsService [] []
[2017-07-04 15:17:04] pos_logger.DEBUG: class found [] []
[2017-07-04 15:17:05] pos_logger.DEBUG: checking QuickCommerce\Adapter\OC2\Service\Oc2OrderService [] []
[2017-07-04 15:17:05] pos_logger.DEBUG: class found [] []
[2017-07-04 15:17:29] pos_logger.DEBUG: checking QuickCommerce\Adapter\OC2\Service\Oc2ReferenceDataService [] []
[2017-07-04 15:17:29] pos_logger.DEBUG: class found [] []
[2017-07-04 15:17:29] pos_logger.DEBUG: checking QuickCommerce\Adapter\OC2\Service\Oc2SettingsService [] []
[2017-07-04 15:17:29] pos_logger.DEBUG: class found [] []
[2017-07-04 15:17:30] pos_logger.DEBUG: checking QuickCommerce\Adapter\OC2\Service\Oc2OrderService [] []
[2017-07-04 15:17:30] pos_logger.DEBUG: class found [] []
[2017-07-04 15:17:49] pos_logger.DEBUG: checking QuickCommerce\Adapter\OC2\Service\Oc2ReferenceDataService [] []
[2017-07-04 15:17:49] pos_logger.DEBUG: class found [] []
[2017-07-04 15:17:49] pos_logger.DEBUG: checking QuickCommerce\Adapter\OC2\Service\Oc2SettingsService [] []
[2017-07-04 15:17:49] pos_logger.DEBUG: class found [] []
[2017-07-04 15:17:50] pos_logger.DEBUG: checking QuickCommerce\Adapter\OC2\Service\Oc2OrderService [] []
[2017-07-04 15:17:50] pos_logger.DEBUG: class found [] []
[2017-07-04 15:18:26] pos_logger.DEBUG: checking QuickCommerce\Adapter\OC2\Service\Oc2ReferenceDataService [] []
[2017-07-04 15:18:26] pos_logger.DEBUG: class found [] []
[2017-07-04 15:18:26] pos_logger.DEBUG: checking QuickCommerce\Adapter\OC2\Service\Oc2SettingsService [] []
[2017-07-04 15:18:26] pos_logger.DEBUG: class found [] []
[2017-07-04 15:18:27] pos_logger.DEBUG: checking QuickCommerce\Adapter\OC2\Service\Oc2OrderService [] []
[2017-07-04 15:18:27] pos_logger.DEBUG: class found [] []
[2017-07-04 15:18:42] pos_logger.DEBUG: checking QuickCommerce\Adapter\OC2\Service\Oc2ReferenceDataService [] []
[2017-07-04 15:18:43] pos_logger.DEBUG: class found [] []
[2017-07-04 15:18:43] pos_logger.DEBUG: checking QuickCommerce\Adapter\OC2\Service\Oc2SettingsService [] []
[2017-07-04 15:18:43] pos_logger.DEBUG: class found [] []
[2017-07-04 15:18:43] pos_logger.DEBUG: checking QuickCommerce\Adapter\OC2\Service\Oc2OrderService [] []
[2017-07-04 15:18:43] pos_logger.DEBUG: class found [] []
[2017-07-04 15:20:32] pos_logger.DEBUG: checking QuickCommerce\Adapter\OC2\Service\Oc2ReferenceDataService [] []
[2017-07-04 15:20:32] pos_logger.DEBUG: class found [] []
[2017-07-04 15:20:32] pos_logger.DEBUG: checking QuickCommerce\Adapter\OC2\Service\Oc2SettingsService [] []
[2017-07-04 15:20:32] pos_logger.DEBUG: class found [] []
[2017-07-04 15:20:33] pos_logger.DEBUG: checking QuickCommerce\Adapter\OC2\Service\Oc2OrderService [] []
[2017-07-04 15:20:33] pos_logger.DEBUG: class found [] []
[2017-07-04 15:20:43] pos_logger.DEBUG: checking QuickCommerce\Adapter\OC2\Service\Oc2ReferenceDataService [] []
[2017-07-04 15:20:43] pos_logger.DEBUG: class found [] []
[2017-07-04 15:20:43] pos_logger.DEBUG: checking QuickCommerce\Adapter\OC2\Service\Oc2SettingsService [] []
[2017-07-04 15:20:43] pos_logger.DEBUG: class found [] []
[2017-07-04 15:20:44] pos_logger.DEBUG: checking QuickCommerce\Adapter\OC2\Service\Oc2OrderService [] []
[2017-07-04 15:20:44] pos_logger.DEBUG: class found [] []
[2017-07-04 15:21:09] pos_logger.DEBUG: checking QuickCommerce\Adapter\OC2\Service\Oc2ReferenceDataService [] []
[2017-07-04 15:21:09] pos_logger.DEBUG: class found [] []
[2017-07-04 15:21:09] pos_logger.DEBUG: checking QuickCommerce\Adapter\OC2\Service\Oc2SettingsService [] []
[2017-07-04 15:21:09] pos_logger.DEBUG: class found [] []
[2017-07-04 15:21:10] pos_logger.DEBUG: checking QuickCommerce\Adapter\OC2\Service\Oc2OrderService [] []
[2017-07-04 15:21:10] pos_logger.DEBUG: class found [] []
[2017-07-04 15:22:15] pos_logger.DEBUG: checking QuickCommerce\Adapter\OC2\Service\Oc2ReferenceDataService [] []
[2017-07-04 15:22:15] pos_logger.DEBUG: class found [] []
[2017-07-04 15:22:15] pos_logger.DEBUG: checking QuickCommerce\Adapter\OC2\Service\Oc2SettingsService [] []
[2017-07-04 15:22:15] pos_logger.DEBUG: class found [] []
[2017-07-04 15:22:15] pos_logger.DEBUG: checking QuickCommerce\Adapter\OC2\Service\Oc2OrderService [] []
[2017-07-04 15:22:15] pos_logger.DEBUG: class found [] []
[2017-07-04 15:23:16] pos_logger.DEBUG: checking QuickCommerce\Adapter\OC2\Service\Oc2ReferenceDataService [] []
[2017-07-04 15:23:16] pos_logger.DEBUG: class found [] []
[2017-07-04 15:23:16] pos_logger.DEBUG: checking QuickCommerce\Adapter\OC2\Service\Oc2SettingsService [] []
[2017-07-04 15:23:16] pos_logger.DEBUG: class found [] []
[2017-07-04 15:23:16] pos_logger.DEBUG: checking QuickCommerce\Adapter\OC2\Service\Oc2OrderService [] []
[2017-07-04 15:23:16] pos_logger.DEBUG: class found [] []
[2017-07-04 15:23:48] pos_logger.DEBUG: checking QuickCommerce\Adapter\OC2\Service\Oc2ReferenceDataService [] []
[2017-07-04 15:23:48] pos_logger.DEBUG: class found [] []
[2017-07-04 15:23:48] pos_logger.DEBUG: checking QuickCommerce\Adapter\OC2\Service\Oc2SettingsService [] []
[2017-07-04 15:23:48] pos_logger.DEBUG: class found [] []
[2017-07-04 15:23:48] pos_logger.DEBUG: checking QuickCommerce\Adapter\OC2\Service\Oc2OrderService [] []
[2017-07-04 15:23:48] pos_logger.DEBUG: class found [] []
[2017-07-04 15:24:44] pos_logger.DEBUG: checking QuickCommerce\Adapter\OC2\Service\Oc2ReferenceDataService [] []
[2017-07-04 15:24:44] pos_logger.DEBUG: class found [] []
[2017-07-04 15:24:44] pos_logger.DEBUG: checking QuickCommerce\Adapter\OC2\Service\Oc2SettingsService [] []
[2017-07-04 15:24:44] pos_logger.DEBUG: class found [] []
[2017-07-04 15:24:44] pos_logger.DEBUG: checking QuickCommerce\Adapter\OC2\Service\Oc2OrderService [] []
[2017-07-04 15:24:44] pos_logger.DEBUG: class found [] []
[2017-07-04 15:24:52] pos_logger.DEBUG: checking QuickCommerce\Adapter\OC2\Service\Oc2ReferenceDataService [] []
[2017-07-04 15:24:52] pos_logger.DEBUG: class found [] []
[2017-07-04 15:24:52] pos_logger.DEBUG: checking QuickCommerce\Adapter\OC2\Service\Oc2SettingsService [] []
[2017-07-04 15:24:52] pos_logger.DEBUG: class found [] []
[2017-07-04 15:24:53] pos_logger.DEBUG: checking QuickCommerce\Adapter\OC2\Service\Oc2OrderService [] []
[2017-07-04 15:24:53] pos_logger.DEBUG: class found [] []
[2017-07-04 15:26:13] pos_logger.DEBUG: checking QuickCommerce\Adapter\OC2\Service\Oc2ReferenceDataService [] []
[2017-07-04 15:26:13] pos_logger.DEBUG: class found [] []
[2017-07-04 15:26:13] pos_logger.DEBUG: checking QuickCommerce\Adapter\OC2\Service\Oc2SettingsService [] []
[2017-07-04 15:26:13] pos_logger.DEBUG: class found [] []
[2017-07-04 15:26:14] pos_logger.DEBUG: checking QuickCommerce\Adapter\OC2\Service\Oc2OrderService [] []
[2017-07-04 15:26:14] pos_logger.DEBUG: class found [] []
[2017-07-04 15:28:01] pos_logger.DEBUG: checking QuickCommerce\Adapter\OC2\Service\Oc2ReferenceDataService [] []
[2017-07-04 15:28:01] pos_logger.DEBUG: class found [] []
[2017-07-04 15:28:01] pos_logger.DEBUG: checking QuickCommerce\Adapter\OC2\Service\Oc2SettingsService [] []
[2017-07-04 15:28:01] pos_logger.DEBUG: class found [] []
[2017-07-04 15:28:02] pos_logger.DEBUG: checking QuickCommerce\Adapter\OC2\Service\Oc2OrderService [] []
[2017-07-04 15:28:02] pos_logger.DEBUG: class found [] []
[2017-07-04 15:28:06] pos_logger.DEBUG: checking QuickCommerce\Adapter\OC2\Service\Oc2ReferenceDataService [] []
[2017-07-04 15:28:06] pos_logger.DEBUG: class found [] []
[2017-07-04 15:28:06] pos_logger.DEBUG: checking QuickCommerce\Adapter\OC2\Service\Oc2SettingsService [] []
[2017-07-04 15:28:06] pos_logger.DEBUG: class found [] []
[2017-07-04 15:28:07] pos_logger.DEBUG: checking QuickCommerce\Adapter\OC2\Service\Oc2OrderService [] []
[2017-07-04 15:28:07] pos_logger.DEBUG: class found [] []
[2017-07-04 15:28:14] pos_logger.DEBUG: checking QuickCommerce\Adapter\OC2\Service\Oc2ReferenceDataService [] []
[2017-07-04 15:28:14] pos_logger.DEBUG: class found [] []
[2017-07-04 15:28:14] pos_logger.DEBUG: checking QuickCommerce\Adapter\OC2\Service\Oc2SettingsService [] []
[2017-07-04 15:28:14] pos_logger.DEBUG: class found [] []
[2017-07-04 15:28:15] pos_logger.DEBUG: checking QuickCommerce\Adapter\OC2\Service\Oc2OrderService [] []
[2017-07-04 15:28:15] pos_logger.DEBUG: class found [] []
[2017-07-04 15:28:27] pos_logger.DEBUG: checking QuickCommerce\Adapter\OC2\Service\Oc2ReferenceDataService [] []
[2017-07-04 15:28:27] pos_logger.DEBUG: class found [] []
[2017-07-04 15:28:27] pos_logger.DEBUG: checking QuickCommerce\Adapter\OC2\Service\Oc2SettingsService [] []
[2017-07-04 15:28:27] pos_logger.DEBUG: class found [] []
[2017-07-04 15:28:28] pos_logger.DEBUG: checking QuickCommerce\Adapter\OC2\Service\Oc2OrderService [] []
[2017-07-04 15:28:28] pos_logger.DEBUG: class found [] []
[2017-07-04 15:28:32] pos_logger.DEBUG: checking QuickCommerce\Adapter\OC2\Service\Oc2ReferenceDataService [] []
[2017-07-04 15:28:32] pos_logger.DEBUG: class found [] []
[2017-07-04 15:28:32] pos_logger.DEBUG: checking QuickCommerce\Adapter\OC2\Service\Oc2SettingsService [] []
[2017-07-04 15:28:32] pos_logger.DEBUG: class found [] []
[2017-07-04 15:28:33] pos_logger.DEBUG: checking QuickCommerce\Adapter\OC2\Service\Oc2OrderService [] []
[2017-07-04 15:28:33] pos_logger.DEBUG: class found [] []
[2017-07-04 15:29:11] pos_logger.DEBUG: checking QuickCommerce\Adapter\OC2\Service\Oc2ReferenceDataService [] []
[2017-07-04 15:29:11] pos_logger.DEBUG: class found [] []
[2017-07-04 15:29:11] pos_logger.DEBUG: checking QuickCommerce\Adapter\OC2\Service\Oc2SettingsService [] []
[2017-07-04 15:29:11] pos_logger.DEBUG: class found [] []
[2017-07-04 15:29:12] pos_logger.DEBUG: checking QuickCommerce\Adapter\OC2\Service\Oc2OrderService [] []
[2017-07-04 15:29:12] pos_logger.DEBUG: class found [] []
[2017-07-04 15:29:28] pos_logger.DEBUG: checking QuickCommerce\Adapter\OC2\Service\Oc2ReferenceDataService [] []
[2017-07-04 15:29:28] pos_logger.DEBUG: class found [] []
[2017-07-04 15:29:28] pos_logger.DEBUG: checking QuickCommerce\Adapter\OC2\Service\Oc2SettingsService [] []
[2017-07-04 15:29:28] pos_logger.DEBUG: class found [] []
[2017-07-04 15:29:29] pos_logger.DEBUG: checking QuickCommerce\Adapter\OC2\Service\Oc2OrderService [] []
[2017-07-04 15:29:29] pos_logger.DEBUG: class found [] []
[2017-07-04 15:29:47] pos_logger.DEBUG: checking QuickCommerce\Adapter\OC2\Service\Oc2ReferenceDataService [] []
[2017-07-04 15:29:47] pos_logger.DEBUG: class found [] []
[2017-07-04 15:29:47] pos_logger.DEBUG: checking QuickCommerce\Adapter\OC2\Service\Oc2SettingsService [] []
[2017-07-04 15:29:47] pos_logger.DEBUG: class found [] []
[2017-07-04 15:29:48] pos_logger.DEBUG: checking QuickCommerce\Adapter\OC2\Service\Oc2OrderService [] []
[2017-07-04 15:29:48] pos_logger.DEBUG: class found [] []
[2017-07-04 15:30:34] pos_logger.DEBUG: checking QuickCommerce\Adapter\OC2\Service\Oc2ReferenceDataService [] []
[2017-07-04 15:30:34] pos_logger.DEBUG: class found [] []
[2017-07-04 15:30:34] pos_logger.DEBUG: checking QuickCommerce\Adapter\OC2\Service\Oc2SettingsService [] []
[2017-07-04 15:30:34] pos_logger.DEBUG: class found [] []
[2017-07-04 15:30:36] pos_logger.DEBUG: checking QuickCommerce\Adapter\OC2\Service\Oc2OrderService [] []
[2017-07-04 15:30:36] pos_logger.DEBUG: class found [] []
[2017-07-04 15:47:30] pos_logger.DEBUG: checking QuickCommerce\Adapter\OC2\Service\Oc2ReferenceDataService [] []
[2017-07-04 15:47:30] pos_logger.DEBUG: class found [] []
[2017-07-04 15:47:30] pos_logger.DEBUG: checking QuickCommerce\Adapter\OC2\Service\Oc2SettingsService [] []
[2017-07-04 15:47:30] pos_logger.DEBUG: class found [] []
[2017-07-04 15:47:31] pos_logger.DEBUG: checking QuickCommerce\Adapter\OC2\Service\Oc2OrderService [] []
[2017-07-04 15:47:31] pos_logger.DEBUG: class found [] []
[2017-07-04 15:56:06] pos_logger.DEBUG: checking QuickCommerce\Adapter\OC2\Service\Oc2ReferenceDataService [] []
[2017-07-04 15:56:06] pos_logger.DEBUG: class found [] []
[2017-07-04 15:56:06] pos_logger.DEBUG: checking QuickCommerce\Adapter\OC2\Service\Oc2SettingsService [] []
[2017-07-04 15:56:06] pos_logger.DEBUG: class found [] []
[2017-07-04 15:56:06] pos_logger.DEBUG: checking QuickCommerce\Adapter\OC2\Service\Oc2OrderService [] []
[2017-07-04 15:56:06] pos_logger.DEBUG: class found [] []
[2017-07-04 15:56:33] pos_logger.DEBUG: checking QuickCommerce\Adapter\OC2\Service\Oc2ReferenceDataService [] []
[2017-07-04 15:56:33] pos_logger.DEBUG: class found [] []
[2017-07-04 15:56:33] pos_logger.DEBUG: checking QuickCommerce\Adapter\OC2\Service\Oc2SettingsService [] []
[2017-07-04 15:56:33] pos_logger.DEBUG: class found [] []
[2017-07-04 15:56:33] pos_logger.DEBUG: checking QuickCommerce\Adapter\OC2\Service\Oc2OrderService [] []
[2017-07-04 15:56:33] pos_logger.DEBUG: class found [] []
[2017-07-04 15:56:54] pos_logger.DEBUG: checking QuickCommerce\Adapter\OC2\Service\Oc2ReferenceDataService [] []
[2017-07-04 15:56:54] pos_logger.DEBUG: class found [] []
[2017-07-04 15:56:54] pos_logger.DEBUG: checking QuickCommerce\Adapter\OC2\Service\Oc2SettingsService [] []
[2017-07-04 15:56:54] pos_logger.DEBUG: class found [] []
[2017-07-04 15:56:55] pos_logger.DEBUG: checking QuickCommerce\Adapter\OC2\Service\Oc2OrderService [] []
[2017-07-04 15:56:55] pos_logger.DEBUG: class found [] []
[2017-07-04 15:59:49] pos_logger.DEBUG: checking QuickCommerce\Adapter\OC2\Service\Oc2ReferenceDataService [] []
[2017-07-04 15:59:49] pos_logger.DEBUG: class found [] []
[2017-07-04 15:59:49] pos_logger.DEBUG: checking QuickCommerce\Adapter\OC2\Service\Oc2SettingsService [] []
[2017-07-04 15:59:49] pos_logger.DEBUG: class found [] []
[2017-07-04 15:59:52] pos_logger.DEBUG: checking QuickCommerce\Adapter\OC2\Service\Oc2OrderService [] []
[2017-07-04 15:59:52] pos_logger.DEBUG: class found [] []
[2017-07-04 16:00:45] pos_logger.DEBUG: checking QuickCommerce\Adapter\OC2\Service\Oc2ReferenceDataService [] []
[2017-07-04 16:00:45] pos_logger.DEBUG: class found [] []
[2017-07-04 16:00:45] pos_logger.DEBUG: checking QuickCommerce\Adapter\OC2\Service\Oc2SettingsService [] []
[2017-07-04 16:00:45] pos_logger.DEBUG: class found [] []
[2017-07-04 16:00:45] pos_logger.DEBUG: checking QuickCommerce\Adapter\OC2\Service\Oc2OrderService [] []
[2017-07-04 16:00:45] pos_logger.DEBUG: class found [] []
[2017-07-04 16:02:13] pos_logger.DEBUG: checking QuickCommerce\Adapter\OC2\Service\Oc2ReferenceDataService [] []
[2017-07-04 16:02:13] pos_logger.DEBUG: class found [] []
[2017-07-04 16:02:13] pos_logger.DEBUG: checking QuickCommerce\Adapter\OC2\Service\Oc2SettingsService [] []
[2017-07-04 16:02:13] pos_logger.DEBUG: class found [] []
[2017-07-04 16:02:14] pos_logger.DEBUG: checking QuickCommerce\Adapter\OC2\Service\Oc2OrderService [] []
[2017-07-04 16:02:14] pos_logger.DEBUG: class found [] []
[2017-07-04 16:02:45] pos_logger.DEBUG: checking QuickCommerce\Adapter\OC2\Service\Oc2ReferenceDataService [] []
[2017-07-04 16:02:45] pos_logger.DEBUG: class found [] []
[2017-07-04 16:02:45] pos_logger.DEBUG: checking QuickCommerce\Adapter\OC2\Service\Oc2SettingsService [] []
[2017-07-04 16:02:45] pos_logger.DEBUG: class found [] []
[2017-07-04 16:02:46] pos_logger.DEBUG: checking QuickCommerce\Adapter\OC2\Service\Oc2OrderService [] []
[2017-07-04 16:02:46] pos_logger.DEBUG: class found [] []
[2017-07-04 16:04:40] pos_logger.DEBUG: checking QuickCommerce\Adapter\OC2\Service\Oc2ReferenceDataService [] []
[2017-07-04 16:04:40] pos_logger.DEBUG: class found [] []
[2017-07-04 16:04:40] pos_logger.DEBUG: checking QuickCommerce\Adapter\OC2\Service\Oc2SettingsService [] []
[2017-07-04 16:04:40] pos_logger.DEBUG: class found [] []
[2017-07-04 16:04:41] pos_logger.DEBUG: checking QuickCommerce\Adapter\OC2\Service\Oc2OrderService [] []
[2017-07-04 16:04:41] pos_logger.DEBUG: class found [] []
[2017-07-04 16:05:00] pos_logger.DEBUG: checking QuickCommerce\Adapter\OC2\Service\Oc2ReferenceDataService [] []
[2017-07-04 16:05:00] pos_logger.DEBUG: class found [] []
[2017-07-04 16:05:00] pos_logger.DEBUG: checking QuickCommerce\Adapter\OC2\Service\Oc2SettingsService [] []
[2017-07-04 16:05:00] pos_logger.DEBUG: class found [] []
[2017-07-04 16:05:01] pos_logger.DEBUG: checking QuickCommerce\Adapter\OC2\Service\Oc2OrderService [] []
[2017-07-04 16:05:01] pos_logger.DEBUG: class found [] []
[2017-07-04 16:05:42] pos_logger.DEBUG: checking QuickCommerce\Adapter\OC2\Service\Oc2ReferenceDataService [] []
[2017-07-04 16:05:42] pos_logger.DEBUG: class found [] []
[2017-07-04 16:05:42] pos_logger.DEBUG: checking QuickCommerce\Adapter\OC2\Service\Oc2SettingsService [] []
[2017-07-04 16:05:42] pos_logger.DEBUG: class found [] []
[2017-07-04 16:05:42] pos_logger.DEBUG: checking QuickCommerce\Adapter\OC2\Service\Oc2OrderService [] []
[2017-07-04 16:05:42] pos_logger.DEBUG: class found [] []
[2017-07-04 16:06:24] pos_logger.DEBUG: checking QuickCommerce\Adapter\OC2\Service\Oc2ReferenceDataService [] []
[2017-07-04 16:06:24] pos_logger.DEBUG: class found [] []
[2017-07-04 16:06:24] pos_logger.DEBUG: checking QuickCommerce\Adapter\OC2\Service\Oc2SettingsService [] []
[2017-07-04 16:06:24] pos_logger.DEBUG: class found [] []
[2017-07-04 16:06:25] pos_logger.DEBUG: checking QuickCommerce\Adapter\OC2\Service\Oc2OrderService [] []
[2017-07-04 16:06:25] pos_logger.DEBUG: class found [] []
[2017-07-04 16:07:06] pos_logger.DEBUG: checking QuickCommerce\Adapter\OC2\Service\Oc2ReferenceDataService [] []
[2017-07-04 16:07:06] pos_logger.DEBUG: class found [] []
[2017-07-04 16:07:06] pos_logger.DEBUG: checking QuickCommerce\Adapter\OC2\Service\Oc2SettingsService [] []
[2017-07-04 16:07:06] pos_logger.DEBUG: class found [] []
[2017-07-04 16:07:07] pos_logger.DEBUG: checking QuickCommerce\Adapter\OC2\Service\Oc2OrderService [] []
[2017-07-04 16:07:07] pos_logger.DEBUG: class found [] []
[2017-07-04 16:07:15] pos_logger.DEBUG: checking QuickCommerce\Adapter\OC2\Service\Oc2ReferenceDataService [] []
[2017-07-04 16:07:15] pos_logger.DEBUG: class found [] []
[2017-07-04 16:07:16] pos_logger.DEBUG: checking QuickCommerce\Adapter\OC2\Service\Oc2SettingsService [] []
[2017-07-04 16:07:16] pos_logger.DEBUG: class found [] []
[2017-07-04 16:07:16] pos_logger.DEBUG: checking QuickCommerce\Adapter\OC2\Service\Oc2OrderService [] []
[2017-07-04 16:07:16] pos_logger.DEBUG: class found [] []
[2017-07-04 16:07:49] pos_logger.DEBUG: checking QuickCommerce\Adapter\OC2\Service\Oc2ReferenceDataService [] []
[2017-07-04 16:07:49] pos_logger.DEBUG: class found [] []
[2017-07-04 16:07:49] pos_logger.DEBUG: checking QuickCommerce\Adapter\OC2\Service\Oc2SettingsService [] []
[2017-07-04 16:07:49] pos_logger.DEBUG: class found [] []
[2017-07-04 16:07:50] pos_logger.DEBUG: checking QuickCommerce\Adapter\OC2\Service\Oc2OrderService [] []
[2017-07-04 16:07:50] pos_logger.DEBUG: class found [] []
[2017-07-04 16:08:59] pos_logger.DEBUG: checking QuickCommerce\Adapter\OC2\Service\Oc2OrderService [] []
[2017-07-04 16:08:59] pos_logger.DEBUG: class found [] []
[2017-07-04 16:09:21] pos_logger.DEBUG: checking QuickCommerce\Adapter\OC2\Service\Oc2ReferenceDataService [] []
[2017-07-04 16:09:21] pos_logger.DEBUG: class found [] []
[2017-07-04 16:09:21] pos_logger.DEBUG: checking QuickCommerce\Adapter\OC2\Service\Oc2SettingsService [] []
[2017-07-04 16:09:21] pos_logger.DEBUG: class found [] []
[2017-07-04 16:09:22] pos_logger.DEBUG: checking QuickCommerce\Adapter\OC2\Service\Oc2OrderService [] []
[2017-07-04 16:09:22] pos_logger.DEBUG: class found [] []
[2017-07-04 16:10:24] pos_logger.DEBUG: checking QuickCommerce\Adapter\OC2\Service\Oc2ReferenceDataService [] []
[2017-07-04 16:10:24] pos_logger.DEBUG: class found [] []
[2017-07-04 16:10:24] pos_logger.DEBUG: checking QuickCommerce\Adapter\OC2\Service\Oc2SettingsService [] []
[2017-07-04 16:10:24] pos_logger.DEBUG: class found [] []
[2017-07-04 16:10:25] pos_logger.DEBUG: checking QuickCommerce\Adapter\OC2\Service\Oc2OrderService [] []
[2017-07-04 16:10:25] pos_logger.DEBUG: class found [] []
[2017-07-04 16:11:36] pos_logger.DEBUG: checking QuickCommerce\Adapter\OC2\Service\Oc2ReferenceDataService [] []
[2017-07-04 16:11:36] pos_logger.DEBUG: class found [] []
[2017-07-04 16:11:37] pos_logger.DEBUG: checking QuickCommerce\Adapter\OC2\Service\Oc2SettingsService [] []
[2017-07-04 16:11:37] pos_logger.DEBUG: class found [] []
[2017-07-04 16:11:37] pos_logger.DEBUG: checking QuickCommerce\Adapter\OC2\Service\Oc2OrderService [] []
[2017-07-04 16:11:37] pos_logger.DEBUG: class found [] []
[2017-07-04 16:11:53] pos_logger.DEBUG: checking QuickCommerce\Adapter\OC2\Service\Oc2ReferenceDataService [] []
[2017-07-04 16:11:53] pos_logger.DEBUG: class found [] []
[2017-07-04 16:11:53] pos_logger.DEBUG: checking QuickCommerce\Adapter\OC2\Service\Oc2SettingsService [] []
[2017-07-04 16:11:53] pos_logger.DEBUG: class found [] []
[2017-07-04 16:11:54] pos_logger.DEBUG: checking QuickCommerce\Adapter\OC2\Service\Oc2OrderService [] []
[2017-07-04 16:11:54] pos_logger.DEBUG: class found [] []
[2017-07-04 16:12:11] pos_logger.DEBUG: checking QuickCommerce\Adapter\OC2\Service\Oc2ReferenceDataService [] []
[2017-07-04 16:12:11] pos_logger.DEBUG: class found [] []
[2017-07-04 16:12:11] pos_logger.DEBUG: checking QuickCommerce\Adapter\OC2\Service\Oc2SettingsService [] []
[2017-07-04 16:12:11] pos_logger.DEBUG: class found [] []
[2017-07-04 16:12:13] pos_logger.DEBUG: checking QuickCommerce\Adapter\OC2\Service\Oc2OrderService [] []
[2017-07-04 16:12:13] pos_logger.DEBUG: class found [] []
[2017-07-04 16:12:46] pos_logger.DEBUG: checking QuickCommerce\Adapter\OC2\Service\Oc2ReferenceDataService [] []
[2017-07-04 16:12:46] pos_logger.DEBUG: class found [] []
[2017-07-04 16:12:46] pos_logger.DEBUG: checking QuickCommerce\Adapter\OC2\Service\Oc2SettingsService [] []
[2017-07-04 16:12:46] pos_logger.DEBUG: class found [] []
[2017-07-04 16:12:47] pos_logger.DEBUG: checking QuickCommerce\Adapter\OC2\Service\Oc2OrderService [] []
[2017-07-04 16:12:47] pos_logger.DEBUG: class found [] []
[2017-07-04 16:15:06] pos_logger.DEBUG: checking QuickCommerce\Adapter\OC2\Service\Oc2ReferenceDataService [] []
[2017-07-04 16:15:06] pos_logger.DEBUG: class found [] []
[2017-07-04 16:15:06] pos_logger.DEBUG: checking QuickCommerce\Adapter\OC2\Service\Oc2SettingsService [] []
[2017-07-04 16:15:06] pos_logger.DEBUG: class found [] []
[2017-07-04 16:15:06] pos_logger.DEBUG: checking QuickCommerce\Adapter\OC2\Service\Oc2OrderService [] []
[2017-07-04 16:15:06] pos_logger.DEBUG: class found [] []
[2017-07-04 16:15:12] pos_logger.DEBUG: checking QuickCommerce\Adapter\OC2\Service\Oc2ReferenceDataService [] []
[2017-07-04 16:15:12] pos_logger.DEBUG: class found [] []
[2017-07-04 16:15:12] pos_logger.DEBUG: checking QuickCommerce\Adapter\OC2\Service\Oc2SettingsService [] []
[2017-07-04 16:15:12] pos_logger.DEBUG: class found [] []
[2017-07-04 16:15:13] pos_logger.DEBUG: checking QuickCommerce\Adapter\OC2\Service\Oc2OrderService [] []
[2017-07-04 16:15:13] pos_logger.DEBUG: class found [] []
[2017-07-04 16:16:06] pos_logger.DEBUG: checking QuickCommerce\Adapter\OC2\Service\Oc2ReferenceDataService [] []
[2017-07-04 16:16:06] pos_logger.DEBUG: class found [] []
[2017-07-04 16:16:06] pos_logger.DEBUG: checking QuickCommerce\Adapter\OC2\Service\Oc2SettingsService [] []
[2017-07-04 16:16:06] pos_logger.DEBUG: class found [] []
[2017-07-04 16:16:10] pos_logger.DEBUG: checking QuickCommerce\Adapter\OC2\Service\Oc2OrderService [] []
[2017-07-04 16:16:10] pos_logger.DEBUG: class found [] []
[2017-07-04 16:17:52] pos_logger.DEBUG: checking QuickCommerce\Adapter\OC2\Service\Oc2ReferenceDataService [] []
[2017-07-04 16:17:52] pos_logger.DEBUG: class found [] []
[2017-07-04 16:17:52] pos_logger.DEBUG: checking QuickCommerce\Adapter\OC2\Service\Oc2SettingsService [] []
[2017-07-04 16:17:52] pos_logger.DEBUG: class found [] []
[2017-07-04 16:17:53] pos_logger.DEBUG: checking QuickCommerce\Adapter\OC2\Service\Oc2OrderService [] []
[2017-07-04 16:17:53] pos_logger.DEBUG: class found [] []
[2017-07-04 16:18:40] pos_logger.DEBUG: checking QuickCommerce\Adapter\OC2\Service\Oc2ReferenceDataService [] []
[2017-07-04 16:18:40] pos_logger.DEBUG: class found [] []
[2017-07-04 16:18:40] pos_logger.DEBUG: checking QuickCommerce\Adapter\OC2\Service\Oc2SettingsService [] []
[2017-07-04 16:18:40] pos_logger.DEBUG: class found [] []
[2017-07-04 16:18:41] pos_logger.DEBUG: checking QuickCommerce\Adapter\OC2\Service\Oc2OrderService [] []
[2017-07-04 16:18:41] pos_logger.DEBUG: class found [] []
[2017-07-04 16:19:00] pos_logger.DEBUG: checking QuickCommerce\Adapter\OC2\Service\Oc2ReferenceDataService [] []
[2017-07-04 16:19:00] pos_logger.DEBUG: class found [] []
[2017-07-04 16:19:00] pos_logger.DEBUG: checking QuickCommerce\Adapter\OC2\Service\Oc2SettingsService [] []
[2017-07-04 16:19:00] pos_logger.DEBUG: class found [] []
[2017-07-04 16:19:00] pos_logger.DEBUG: checking QuickCommerce\Adapter\OC2\Service\Oc2OrderService [] []
[2017-07-04 16:19:00] pos_logger.DEBUG: class found [] []
[2017-07-04 16:19:22] pos_logger.DEBUG: checking QuickCommerce\Adapter\OC2\Service\Oc2ReferenceDataService [] []
[2017-07-04 16:19:22] pos_logger.DEBUG: class found [] []
[2017-07-04 16:19:22] pos_logger.DEBUG: checking QuickCommerce\Adapter\OC2\Service\Oc2SettingsService [] []
[2017-07-04 16:19:22] pos_logger.DEBUG: class found [] []
[2017-07-04 16:19:23] pos_logger.DEBUG: checking QuickCommerce\Adapter\OC2\Service\Oc2OrderService [] []
[2017-07-04 16:19:23] pos_logger.DEBUG: class found [] []
[2017-07-04 16:20:43] pos_logger.DEBUG: checking QuickCommerce\Adapter\OC2\Service\Oc2ReferenceDataService [] []
[2017-07-04 16:20:43] pos_logger.DEBUG: class found [] []
[2017-07-04 16:20:43] pos_logger.DEBUG: checking QuickCommerce\Adapter\OC2\Service\Oc2SettingsService [] []
[2017-07-04 16:20:43] pos_logger.DEBUG: class found [] []
[2017-07-04 16:20:43] pos_logger.DEBUG: checking QuickCommerce\Adapter\OC2\Service\Oc2OrderService [] []
[2017-07-04 16:20:43] pos_logger.DEBUG: class found [] []
[2017-07-04 16:20:47] pos_logger.DEBUG: checking QuickCommerce\Adapter\OC2\Service\Oc2ReferenceDataService [] []
[2017-07-04 16:20:47] pos_logger.DEBUG: class found [] []
[2017-07-04 16:20:47] pos_logger.DEBUG: checking QuickCommerce\Adapter\OC2\Service\Oc2SettingsService [] []
[2017-07-04 16:20:47] pos_logger.DEBUG: class found [] []
[2017-07-04 16:20:47] pos_logger.DEBUG: checking QuickCommerce\Adapter\OC2\Service\Oc2OrderService [] []
[2017-07-04 16:20:47] pos_logger.DEBUG: class found [] []
[2017-07-04 16:20:48] pos_logger.DEBUG: checking QuickCommerce\Adapter\OC2\Service\Oc2ReferenceDataService [] []
[2017-07-04 16:20:48] pos_logger.DEBUG: class found [] []
[2017-07-04 16:20:48] pos_logger.DEBUG: checking QuickCommerce\Adapter\OC2\Service\Oc2SettingsService [] []
[2017-07-04 16:20:48] pos_logger.DEBUG: class found [] []
[2017-07-04 16:20:49] pos_logger.DEBUG: checking QuickCommerce\Adapter\OC2\Service\Oc2OrderService [] []
[2017-07-04 16:20:49] pos_logger.DEBUG: class found [] []
[2017-07-04 16:20:52] pos_logger.DEBUG: checking QuickCommerce\Adapter\OC2\Service\Oc2ReferenceDataService [] []
[2017-07-04 16:20:52] pos_logger.DEBUG: class found [] []
[2017-07-04 16:20:53] pos_logger.DEBUG: checking QuickCommerce\Adapter\OC2\Service\Oc2SettingsService [] []
[2017-07-04 16:20:53] pos_logger.DEBUG: class found [] []
[2017-07-04 16:20:53] pos_logger.DEBUG: checking QuickCommerce\Adapter\OC2\Service\Oc2OrderService [] []
[2017-07-04 16:20:53] pos_logger.DEBUG: class found [] []
[2017-07-04 16:20:58] pos_logger.DEBUG: checking QuickCommerce\Adapter\OC2\Service\Oc2ReferenceDataService [] []
[2017-07-04 16:20:58] pos_logger.DEBUG: class found [] []
[2017-07-04 16:20:58] pos_logger.DEBUG: checking QuickCommerce\Adapter\OC2\Service\Oc2SettingsService [] []
[2017-07-04 16:20:58] pos_logger.DEBUG: class found [] []
[2017-07-04 16:20:58] pos_logger.DEBUG: checking QuickCommerce\Adapter\OC2\Service\Oc2OrderService [] []
[2017-07-04 16:20:58] pos_logger.DEBUG: class found [] []
[2017-07-04 16:21:01] pos_logger.DEBUG: checking QuickCommerce\Adapter\OC2\Service\Oc2ReferenceDataService [] []
[2017-07-04 16:21:01] pos_logger.DEBUG: class found [] []
[2017-07-04 16:21:01] pos_logger.DEBUG: checking QuickCommerce\Adapter\OC2\Service\Oc2SettingsService [] []
[2017-07-04 16:21:01] pos_logger.DEBUG: class found [] []
[2017-07-04 16:21:02] pos_logger.DEBUG: checking QuickCommerce\Adapter\OC2\Service\Oc2ReferenceDataService [] []
[2017-07-04 16:21:02] pos_logger.DEBUG: class found [] []
[2017-07-04 16:21:02] pos_logger.DEBUG: checking QuickCommerce\Adapter\OC2\Service\Oc2SettingsService [] []
[2017-07-04 16:21:02] pos_logger.DEBUG: class found [] []
[2017-07-04 16:21:02] pos_logger.DEBUG: checking QuickCommerce\Adapter\OC2\Service\Oc2OrderService [] []
[2017-07-04 16:21:02] pos_logger.DEBUG: class found [] []
[2017-07-04 16:21:02] pos_logger.DEBUG: checking QuickCommerce\Adapter\OC2\Service\Oc2OrderService [] []
[2017-07-04 16:21:02] pos_logger.DEBUG: class found [] []
[2017-07-04 16:21:06] pos_logger.DEBUG: checking QuickCommerce\Adapter\OC2\Service\Oc2ReferenceDataService [] []
[2017-07-04 16:21:06] pos_logger.DEBUG: class found [] []
[2017-07-04 16:21:06] pos_logger.DEBUG: checking QuickCommerce\Adapter\OC2\Service\Oc2SettingsService [] []
[2017-07-04 16:21:06] pos_logger.DEBUG: class found [] []
[2017-07-04 16:21:06] pos_logger.DEBUG: checking QuickCommerce\Adapter\OC2\Service\Oc2OrderService [] []
[2017-07-04 16:21:06] pos_logger.DEBUG: class found [] []
[2017-07-04 16:21:10] pos_logger.DEBUG: checking QuickCommerce\Adapter\OC2\Service\Oc2ReferenceDataService [] []
[2017-07-04 16:21:10] pos_logger.DEBUG: class found [] []
[2017-07-04 16:21:10] pos_logger.DEBUG: checking QuickCommerce\Adapter\OC2\Service\Oc2SettingsService [] []
[2017-07-04 16:21:10] pos_logger.DEBUG: class found [] []
[2017-07-04 16:21:10] pos_logger.DEBUG: checking QuickCommerce\Adapter\OC2\Service\Oc2OrderService [] []
[2017-07-04 16:21:10] pos_logger.DEBUG: class found [] []
[2017-07-04 16:21:14] pos_logger.DEBUG: checking QuickCommerce\Adapter\OC2\Service\Oc2ReferenceDataService [] []
[2017-07-04 16:21:14] pos_logger.DEBUG: class found [] []
[2017-07-04 16:21:14] pos_logger.DEBUG: checking QuickCommerce\Adapter\OC2\Service\Oc2SettingsService [] []
[2017-07-04 16:21:14] pos_logger.DEBUG: class found [] []
[2017-07-04 16:21:15] pos_logger.DEBUG: checking QuickCommerce\Adapter\OC2\Service\Oc2OrderService [] []
[2017-07-04 16:21:15] pos_logger.DEBUG: class found [] []
[2017-07-04 16:21:22] pos_logger.DEBUG: checking QuickCommerce\Adapter\OC2\Service\Oc2ReferenceDataService [] []
[2017-07-04 16:21:22] pos_logger.DEBUG: class found [] []
[2017-07-04 16:21:22] pos_logger.DEBUG: checking QuickCommerce\Adapter\OC2\Service\Oc2SettingsService [] []
[2017-07-04 16:21:22] pos_logger.DEBUG: class found [] []
[2017-07-04 16:21:22] pos_logger.DEBUG: checking QuickCommerce\Adapter\OC2\Service\Oc2OrderService [] []
[2017-07-04 16:21:22] pos_logger.DEBUG: class found [] []
[2017-07-04 16:21:25] pos_logger.DEBUG: checking QuickCommerce\Adapter\OC2\Service\Oc2ReferenceDataService [] []
[2017-07-04 16:21:25] pos_logger.DEBUG: class found [] []
[2017-07-04 16:21:25] pos_logger.DEBUG: checking QuickCommerce\Adapter\OC2\Service\Oc2SettingsService [] []
[2017-07-04 16:21:25] pos_logger.DEBUG: class found [] []
[2017-07-04 16:21:25] pos_logger.DEBUG: checking QuickCommerce\Adapter\OC2\Service\Oc2OrderService [] []
[2017-07-04 16:21:25] pos_logger.DEBUG: class found [] []
[2017-07-04 16:21:29] pos_logger.DEBUG: checking QuickCommerce\Adapter\OC2\Service\Oc2ReferenceDataService [] []
[2017-07-04 16:21:29] pos_logger.DEBUG: class found [] []
[2017-07-04 16:21:29] pos_logger.DEBUG: checking QuickCommerce\Adapter\OC2\Service\Oc2SettingsService [] []
[2017-07-04 16:21:29] pos_logger.DEBUG: class found [] []
[2017-07-04 16:21:29] pos_logger.DEBUG: checking QuickCommerce\Adapter\OC2\Service\Oc2OrderService [] []
[2017-07-04 16:21:29] pos_logger.DEBUG: class found [] []
[2017-07-04 16:21:33] pos_logger.DEBUG: checking QuickCommerce\Adapter\OC2\Service\Oc2ReferenceDataService [] []
[2017-07-04 16:21:33] pos_logger.DEBUG: class found [] []
[2017-07-04 16:21:33] pos_logger.DEBUG: checking QuickCommerce\Adapter\OC2\Service\Oc2SettingsService [] []
[2017-07-04 16:21:33] pos_logger.DEBUG: class found [] []
[2017-07-04 16:21:34] pos_logger.DEBUG: checking QuickCommerce\Adapter\OC2\Service\Oc2OrderService [] []
[2017-07-04 16:21:34] pos_logger.DEBUG: class found [] []
[2017-07-04 16:21:37] pos_logger.DEBUG: checking QuickCommerce\Adapter\OC2\Service\Oc2ReferenceDataService [] []
[2017-07-04 16:21:37] pos_logger.DEBUG: class found [] []
[2017-07-04 16:21:37] pos_logger.DEBUG: checking QuickCommerce\Adapter\OC2\Service\Oc2SettingsService [] []
[2017-07-04 16:21:37] pos_logger.DEBUG: class found [] []
[2017-07-04 16:21:37] pos_logger.DEBUG: checking QuickCommerce\Adapter\OC2\Service\Oc2OrderService [] []
[2017-07-04 16:21:37] pos_logger.DEBUG: class found [] []
[2017-07-04 16:21:41] pos_logger.DEBUG: checking QuickCommerce\Adapter\OC2\Service\Oc2ReferenceDataService [] []
[2017-07-04 16:21:41] pos_logger.DEBUG: class found [] []
[2017-07-04 16:21:41] pos_logger.DEBUG: checking QuickCommerce\Adapter\OC2\Service\Oc2SettingsService [] []
[2017-07-04 16:21:41] pos_logger.DEBUG: class found [] []
[2017-07-04 16:21:41] pos_logger.DEBUG: checking QuickCommerce\Adapter\OC2\Service\Oc2OrderService [] []
[2017-07-04 16:21:41] pos_logger.DEBUG: class found [] []
[2017-07-04 16:21:45] pos_logger.DEBUG: checking QuickCommerce\Adapter\OC2\Service\Oc2ReferenceDataService [] []
[2017-07-04 16:21:45] pos_logger.DEBUG: class found [] []
[2017-07-04 16:21:45] pos_logger.DEBUG: checking QuickCommerce\Adapter\OC2\Service\Oc2SettingsService [] []
[2017-07-04 16:21:45] pos_logger.DEBUG: class found [] []
[2017-07-04 16:21:46] pos_logger.DEBUG: checking QuickCommerce\Adapter\OC2\Service\Oc2OrderService [] []
[2017-07-04 16:21:46] pos_logger.DEBUG: class found [] []
[2017-07-04 16:21:50] pos_logger.DEBUG: checking QuickCommerce\Adapter\OC2\Service\Oc2ReferenceDataService [] []
[2017-07-04 16:21:50] pos_logger.DEBUG: class found [] []
[2017-07-04 16:21:50] pos_logger.DEBUG: checking QuickCommerce\Adapter\OC2\Service\Oc2SettingsService [] []
[2017-07-04 16:21:50] pos_logger.DEBUG: class found [] []
[2017-07-04 16:21:51] pos_logger.DEBUG: checking QuickCommerce\Adapter\OC2\Service\Oc2OrderService [] []
[2017-07-04 16:21:51] pos_logger.DEBUG: class found [] []
[2017-07-04 16:21:54] pos_logger.DEBUG: checking QuickCommerce\Adapter\OC2\Service\Oc2ReferenceDataService [] []
[2017-07-04 16:21:54] pos_logger.DEBUG: class found [] []
[2017-07-04 16:21:54] pos_logger.DEBUG: checking QuickCommerce\Adapter\OC2\Service\Oc2SettingsService [] []
[2017-07-04 16:21:54] pos_logger.DEBUG: class found [] []
[2017-07-04 16:21:54] pos_logger.DEBUG: checking QuickCommerce\Adapter\OC2\Service\Oc2OrderService [] []
[2017-07-04 16:21:54] pos_logger.DEBUG: class found [] []
[2017-07-04 16:21:58] pos_logger.DEBUG: checking QuickCommerce\Adapter\OC2\Service\Oc2ReferenceDataService [] []
[2017-07-04 16:21:58] pos_logger.DEBUG: class found [] []
[2017-07-04 16:21:58] pos_logger.DEBUG: checking QuickCommerce\Adapter\OC2\Service\Oc2SettingsService [] []
[2017-07-04 16:21:58] pos_logger.DEBUG: class found [] []
[2017-07-04 16:21:58] pos_logger.DEBUG: checking QuickCommerce\Adapter\OC2\Service\Oc2OrderService [] []
[2017-07-04 16:21:58] pos_logger.DEBUG: class found [] []
[2017-07-04 16:22:02] pos_logger.DEBUG: checking QuickCommerce\Adapter\OC2\Service\Oc2ReferenceDataService [] []
[2017-07-04 16:22:02] pos_logger.DEBUG: class found [] []
[2017-07-04 16:22:02] pos_logger.DEBUG: checking QuickCommerce\Adapter\OC2\Service\Oc2SettingsService [] []
[2017-07-04 16:22:02] pos_logger.DEBUG: class found [] []
[2017-07-04 16:22:02] pos_logger.DEBUG: checking QuickCommerce\Adapter\OC2\Service\Oc2OrderService [] []
[2017-07-04 16:22:02] pos_logger.DEBUG: class found [] []
[2017-07-04 16:22:06] pos_logger.DEBUG: checking QuickCommerce\Adapter\OC2\Service\Oc2ReferenceDataService [] []
[2017-07-04 16:22:06] pos_logger.DEBUG: class found [] []
[2017-07-04 16:22:06] pos_logger.DEBUG: checking QuickCommerce\Adapter\OC2\Service\Oc2SettingsService [] []
[2017-07-04 16:22:06] pos_logger.DEBUG: class found [] []
[2017-07-04 16:22:07] pos_logger.DEBUG: checking QuickCommerce\Adapter\OC2\Service\Oc2OrderService [] []
[2017-07-04 16:22:07] pos_logger.DEBUG: class found [] []
[2017-07-04 16:22:10] pos_logger.DEBUG: checking QuickCommerce\Adapter\OC2\Service\Oc2ReferenceDataService [] []
[2017-07-04 16:22:10] pos_logger.DEBUG: class found [] []
[2017-07-04 16:22:10] pos_logger.DEBUG: checking QuickCommerce\Adapter\OC2\Service\Oc2SettingsService [] []
[2017-07-04 16:22:10] pos_logger.DEBUG: class found [] []
[2017-07-04 16:22:11] pos_logger.DEBUG: checking QuickCommerce\Adapter\OC2\Service\Oc2OrderService [] []
[2017-07-04 16:22:11] pos_logger.DEBUG: class found [] []
[2017-07-04 16:22:14] pos_logger.DEBUG: checking QuickCommerce\Adapter\OC2\Service\Oc2ReferenceDataService [] []
[2017-07-04 16:22:14] pos_logger.DEBUG: class found [] []
[2017-07-04 16:22:14] pos_logger.DEBUG: checking QuickCommerce\Adapter\OC2\Service\Oc2SettingsService [] []
[2017-07-04 16:22:14] pos_logger.DEBUG: class found [] []
[2017-07-04 16:22:15] pos_logger.DEBUG: checking QuickCommerce\Adapter\OC2\Service\Oc2OrderService [] []
[2017-07-04 16:22:15] pos_logger.DEBUG: class found [] []
[2017-07-04 16:22:18] pos_logger.DEBUG: checking QuickCommerce\Adapter\OC2\Service\Oc2ReferenceDataService [] []
[2017-07-04 16:22:18] pos_logger.DEBUG: class found [] []
[2017-07-04 16:22:18] pos_logger.DEBUG: checking QuickCommerce\Adapter\OC2\Service\Oc2SettingsService [] []
[2017-07-04 16:22:18] pos_logger.DEBUG: class found [] []
[2017-07-04 16:22:19] pos_logger.DEBUG: checking QuickCommerce\Adapter\OC2\Service\Oc2OrderService [] []
[2017-07-04 16:22:19] pos_logger.DEBUG: class found [] []
[2017-07-04 16:22:23] pos_logger.DEBUG: checking QuickCommerce\Adapter\OC2\Service\Oc2ReferenceDataService [] []
[2017-07-04 16:22:23] pos_logger.DEBUG: class found [] []
[2017-07-04 16:22:23] pos_logger.DEBUG: checking QuickCommerce\Adapter\OC2\Service\Oc2SettingsService [] []
[2017-07-04 16:22:23] pos_logger.DEBUG: class found [] []
[2017-07-04 16:22:23] pos_logger.DEBUG: checking QuickCommerce\Adapter\OC2\Service\Oc2OrderService [] []
[2017-07-04 16:22:23] pos_logger.DEBUG: class found [] []
[2017-07-04 16:22:27] pos_logger.DEBUG: checking QuickCommerce\Adapter\OC2\Service\Oc2ReferenceDataService [] []
[2017-07-04 16:22:27] pos_logger.DEBUG: class found [] []
[2017-07-04 16:22:27] pos_logger.DEBUG: checking QuickCommerce\Adapter\OC2\Service\Oc2SettingsService [] []
[2017-07-04 16:22:27] pos_logger.DEBUG: class found [] []
[2017-07-04 16:22:27] pos_logger.DEBUG: checking QuickCommerce\Adapter\OC2\Service\Oc2OrderService [] []
[2017-07-04 16:22:27] pos_logger.DEBUG: class found [] []
[2017-07-04 16:22:31] pos_logger.DEBUG: checking QuickCommerce\Adapter\OC2\Service\Oc2ReferenceDataService [] []
[2017-07-04 16:22:31] pos_logger.DEBUG: class found [] []
[2017-07-04 16:22:31] pos_logger.DEBUG: checking QuickCommerce\Adapter\OC2\Service\Oc2SettingsService [] []
[2017-07-04 16:22:31] pos_logger.DEBUG: class found [] []
[2017-07-04 16:22:31] pos_logger.DEBUG: checking QuickCommerce\Adapter\OC2\Service\Oc2OrderService [] []
[2017-07-04 16:22:31] pos_logger.DEBUG: class found [] []
[2017-07-04 16:22:34] pos_logger.DEBUG: checking QuickCommerce\Adapter\OC2\Service\Oc2ReferenceDataService [] []
[2017-07-04 16:22:34] pos_logger.DEBUG: class found [] []
[2017-07-04 16:22:35] pos_logger.DEBUG: checking QuickCommerce\Adapter\OC2\Service\Oc2SettingsService [] []
[2017-07-04 16:22:35] pos_logger.DEBUG: class found [] []
[2017-07-04 16:22:35] pos_logger.DEBUG: checking QuickCommerce\Adapter\OC2\Service\Oc2OrderService [] []
[2017-07-04 16:22:35] pos_logger.DEBUG: class found [] []
[2017-07-04 16:22:38] pos_logger.DEBUG: checking QuickCommerce\Adapter\OC2\Service\Oc2ReferenceDataService [] []
[2017-07-04 16:22:38] pos_logger.DEBUG: class found [] []
[2017-07-04 16:22:38] pos_logger.DEBUG: checking QuickCommerce\Adapter\OC2\Service\Oc2SettingsService [] []
[2017-07-04 16:22:38] pos_logger.DEBUG: class found [] []
[2017-07-04 16:22:39] pos_logger.DEBUG: checking QuickCommerce\Adapter\OC2\Service\Oc2OrderService [] []
[2017-07-04 16:22:39] pos_logger.DEBUG: class found [] []
[2017-07-04 16:22:42] pos_logger.DEBUG: checking QuickCommerce\Adapter\OC2\Service\Oc2ReferenceDataService [] []
[2017-07-04 16:22:42] pos_logger.DEBUG: class found [] []
[2017-07-04 16:22:42] pos_logger.DEBUG: checking QuickCommerce\Adapter\OC2\Service\Oc2SettingsService [] []
[2017-07-04 16:22:42] pos_logger.DEBUG: class found [] []
[2017-07-04 16:22:43] pos_logger.DEBUG: checking QuickCommerce\Adapter\OC2\Service\Oc2OrderService [] []
[2017-07-04 16:22:43] pos_logger.DEBUG: class found [] []
[2017-07-04 16:22:46] pos_logger.DEBUG: checking QuickCommerce\Adapter\OC2\Service\Oc2ReferenceDataService [] []
[2017-07-04 16:22:46] pos_logger.DEBUG: class found [] []
[2017-07-04 16:22:46] pos_logger.DEBUG: checking QuickCommerce\Adapter\OC2\Service\Oc2SettingsService [] []
[2017-07-04 16:22:46] pos_logger.DEBUG: class found [] []
[2017-07-04 16:22:47] pos_logger.DEBUG: checking QuickCommerce\Adapter\OC2\Service\Oc2OrderService [] []
[2017-07-04 16:22:47] pos_logger.DEBUG: class found [] []
[2017-07-04 16:22:50] pos_logger.DEBUG: checking QuickCommerce\Adapter\OC2\Service\Oc2ReferenceDataService [] []
[2017-07-04 16:22:50] pos_logger.DEBUG: class found [] []
[2017-07-04 16:22:50] pos_logger.DEBUG: checking QuickCommerce\Adapter\OC2\Service\Oc2SettingsService [] []
[2017-07-04 16:22:50] pos_logger.DEBUG: class found [] []
[2017-07-04 16:22:51] pos_logger.DEBUG: checking QuickCommerce\Adapter\OC2\Service\Oc2OrderService [] []
[2017-07-04 16:22:51] pos_logger.DEBUG: class found [] []
[2017-07-04 16:22:54] pos_logger.DEBUG: checking QuickCommerce\Adapter\OC2\Service\Oc2ReferenceDataService [] []
[2017-07-04 16:22:54] pos_logger.DEBUG: class found [] []
[2017-07-04 16:22:54] pos_logger.DEBUG: checking QuickCommerce\Adapter\OC2\Service\Oc2SettingsService [] []
[2017-07-04 16:22:54] pos_logger.DEBUG: class found [] []
[2017-07-04 16:22:54] pos_logger.DEBUG: checking QuickCommerce\Adapter\OC2\Service\Oc2OrderService [] []
[2017-07-04 16:22:54] pos_logger.DEBUG: class found [] []
[2017-07-04 16:22:58] pos_logger.DEBUG: checking QuickCommerce\Adapter\OC2\Service\Oc2ReferenceDataService [] []
[2017-07-04 16:22:58] pos_logger.DEBUG: class found [] []
[2017-07-04 16:22:58] pos_logger.DEBUG: checking QuickCommerce\Adapter\OC2\Service\Oc2SettingsService [] []
[2017-07-04 16:22:58] pos_logger.DEBUG: class found [] []
[2017-07-04 16:22:58] pos_logger.DEBUG: checking QuickCommerce\Adapter\OC2\Service\Oc2OrderService [] []
[2017-07-04 16:22:58] pos_logger.DEBUG: class found [] []
[2017-07-04 16:23:02] pos_logger.DEBUG: checking QuickCommerce\Adapter\OC2\Service\Oc2ReferenceDataService [] []
[2017-07-04 16:23:02] pos_logger.DEBUG: class found [] []
[2017-07-04 16:23:02] pos_logger.DEBUG: checking QuickCommerce\Adapter\OC2\Service\Oc2SettingsService [] []
[2017-07-04 16:23:02] pos_logger.DEBUG: class found [] []
[2017-07-04 16:23:03] pos_logger.DEBUG: checking QuickCommerce\Adapter\OC2\Service\Oc2OrderService [] []
[2017-07-04 16:23:03] pos_logger.DEBUG: class found [] []
[2017-07-04 16:23:07] pos_logger.DEBUG: checking QuickCommerce\Adapter\OC2\Service\Oc2ReferenceDataService [] []
[2017-07-04 16:23:07] pos_logger.DEBUG: class found [] []
[2017-07-04 16:23:07] pos_logger.DEBUG: checking QuickCommerce\Adapter\OC2\Service\Oc2SettingsService [] []
[2017-07-04 16:23:07] pos_logger.DEBUG: class found [] []
[2017-07-04 16:23:07] pos_logger.DEBUG: checking QuickCommerce\Adapter\OC2\Service\Oc2OrderService [] []
[2017-07-04 16:23:07] pos_logger.DEBUG: class found [] []
[2017-07-04 16:23:17] pos_logger.DEBUG: checking QuickCommerce\Adapter\OC2\Service\Oc2ReferenceDataService [] []
[2017-07-04 16:23:17] pos_logger.DEBUG: class found [] []
[2017-07-04 16:23:17] pos_logger.DEBUG: checking QuickCommerce\Adapter\OC2\Service\Oc2SettingsService [] []
[2017-07-04 16:23:17] pos_logger.DEBUG: class found [] []
[2017-07-04 16:23:17] pos_logger.DEBUG: checking QuickCommerce\Adapter\OC2\Service\Oc2OrderService [] []
[2017-07-04 16:23:17] pos_logger.DEBUG: class found [] []
[2017-07-04 16:23:35] pos_logger.DEBUG: checking QuickCommerce\Adapter\OC2\Service\Oc2ReferenceDataService [] []
[2017-07-04 16:23:35] pos_logger.DEBUG: class found [] []
[2017-07-04 16:23:35] pos_logger.DEBUG: checking QuickCommerce\Adapter\OC2\Service\Oc2SettingsService [] []
[2017-07-04 16:23:35] pos_logger.DEBUG: class found [] []
[2017-07-04 16:25:22] pos_logger.DEBUG: checking QuickCommerce\Adapter\OC2\Service\Oc2ReferenceDataService [] []
[2017-07-04 16:25:22] pos_logger.DEBUG: class found [] []
[2017-07-04 16:25:22] pos_logger.DEBUG: checking QuickCommerce\Adapter\OC2\Service\Oc2SettingsService [] []
[2017-07-04 16:25:22] pos_logger.DEBUG: class found [] []
[2017-07-04 16:25:22] pos_logger.DEBUG: checking QuickCommerce\Adapter\OC2\Service\Oc2OrderService [] []
[2017-07-04 16:25:22] pos_logger.DEBUG: class found [] []
[2017-07-04 16:25:43] pos_logger.DEBUG: checking QuickCommerce\Adapter\OC2\Service\Oc2ReferenceDataService [] []
[2017-07-04 16:25:43] pos_logger.DEBUG: class found [] []
[2017-07-04 16:25:43] pos_logger.DEBUG: checking QuickCommerce\Adapter\OC2\Service\Oc2SettingsService [] []
[2017-07-04 16:25:43] pos_logger.DEBUG: class found [] []
[2017-07-04 16:25:44] pos_logger.DEBUG: checking QuickCommerce\Adapter\OC2\Service\Oc2OrderService [] []
[2017-07-04 16:25:44] pos_logger.DEBUG: class found [] []
[2017-07-04 16:26:02] pos_logger.DEBUG: checking QuickCommerce\Adapter\OC2\Service\Oc2ReferenceDataService [] []
[2017-07-04 16:26:02] pos_logger.DEBUG: class found [] []
[2017-07-04 16:26:02] pos_logger.DEBUG: checking QuickCommerce\Adapter\OC2\Service\Oc2SettingsService [] []
[2017-07-04 16:26:02] pos_logger.DEBUG: class found [] []
[2017-07-04 16:26:03] pos_logger.DEBUG: checking QuickCommerce\Adapter\OC2\Service\Oc2ReferenceDataService [] []
[2017-07-04 16:26:03] pos_logger.DEBUG: class found [] []
[2017-07-04 16:26:03] pos_logger.DEBUG: checking QuickCommerce\Adapter\OC2\Service\Oc2OrderService [] []
[2017-07-04 16:26:03] pos_logger.DEBUG: class found [] []
[2017-07-04 16:26:03] pos_logger.DEBUG: checking QuickCommerce\Adapter\OC2\Service\Oc2SettingsService [] []
[2017-07-04 16:26:03] pos_logger.DEBUG: class found [] []
[2017-07-04 16:26:04] pos_logger.DEBUG: checking QuickCommerce\Adapter\OC2\Service\Oc2OrderService [] []
[2017-07-04 16:26:04] pos_logger.DEBUG: class found [] []
[2017-07-04 16:26:07] pos_logger.DEBUG: checking QuickCommerce\Adapter\OC2\Service\Oc2ReferenceDataService [] []
[2017-07-04 16:26:07] pos_logger.DEBUG: class found [] []
[2017-07-04 16:26:07] pos_logger.DEBUG: checking QuickCommerce\Adapter\OC2\Service\Oc2SettingsService [] []
[2017-07-04 16:26:07] pos_logger.DEBUG: class found [] []
[2017-07-04 16:26:07] pos_logger.DEBUG: checking QuickCommerce\Adapter\OC2\Service\Oc2OrderService [] []
[2017-07-04 16:26:07] pos_logger.DEBUG: class found [] []
[2017-07-04 16:26:11] pos_logger.DEBUG: checking QuickCommerce\Adapter\OC2\Service\Oc2ReferenceDataService [] []
[2017-07-04 16:26:11] pos_logger.DEBUG: class found [] []
[2017-07-04 16:26:11] pos_logger.DEBUG: checking QuickCommerce\Adapter\OC2\Service\Oc2SettingsService [] []
[2017-07-04 16:26:11] pos_logger.DEBUG: class found [] []
[2017-07-04 16:26:59] pos_logger.DEBUG: checking QuickCommerce\Adapter\OC2\Service\Oc2ReferenceDataService [] []
[2017-07-04 16:26:59] pos_logger.DEBUG: class found [] []
[2017-07-04 16:26:59] pos_logger.DEBUG: checking QuickCommerce\Adapter\OC2\Service\Oc2SettingsService [] []
[2017-07-04 16:26:59] pos_logger.DEBUG: class found [] []
[2017-07-04 16:27:00] pos_logger.DEBUG: checking QuickCommerce\Adapter\OC2\Service\Oc2OrderService [] []
[2017-07-04 16:27:00] pos_logger.DEBUG: class found [] []
[2017-07-04 16:28:33] pos_logger.DEBUG: checking QuickCommerce\Adapter\OC2\Service\Oc2ReferenceDataService [] []
[2017-07-04 16:28:33] pos_logger.DEBUG: class found [] []
[2017-07-04 16:28:33] pos_logger.DEBUG: checking QuickCommerce\Adapter\OC2\Service\Oc2SettingsService [] []
[2017-07-04 16:28:33] pos_logger.DEBUG: class found [] []
[2017-07-04 16:28:34] pos_logger.DEBUG: checking QuickCommerce\Adapter\OC2\Service\Oc2OrderService [] []
[2017-07-04 16:28:34] pos_logger.DEBUG: class found [] []
[2017-07-04 16:30:25] pos_logger.DEBUG: checking QuickCommerce\Adapter\OC2\Service\Oc2ReferenceDataService [] []
[2017-07-04 16:30:25] pos_logger.DEBUG: class found [] []
[2017-07-04 16:30:25] pos_logger.DEBUG: checking QuickCommerce\Adapter\OC2\Service\Oc2SettingsService [] []
[2017-07-04 16:30:25] pos_logger.DEBUG: class found [] []
[2017-07-04 16:31:54] pos_logger.DEBUG: checking QuickCommerce\Adapter\OC2\Service\Oc2ReferenceDataService [] []
[2017-07-04 16:31:54] pos_logger.DEBUG: class found [] []
[2017-07-04 16:31:55] pos_logger.DEBUG: checking QuickCommerce\Adapter\OC2\Service\Oc2SettingsService [] []
[2017-07-04 16:31:55] pos_logger.DEBUG: class found [] []
[2017-07-04 16:31:56] pos_logger.DEBUG: checking QuickCommerce\Adapter\OC2\Service\Oc2OrderService [] []
[2017-07-04 16:31:56] pos_logger.DEBUG: class found [] []
[2017-07-04 16:32:48] pos_logger.DEBUG: checking QuickCommerce\Adapter\OC2\Service\Oc2ReferenceDataService [] []
[2017-07-04 16:32:48] pos_logger.DEBUG: class found [] []
[2017-07-04 16:32:49] pos_logger.DEBUG: checking QuickCommerce\Adapter\OC2\Service\Oc2SettingsService [] []
[2017-07-04 16:32:49] pos_logger.DEBUG: class found [] []
[2017-07-04 16:32:50] pos_logger.DEBUG: checking QuickCommerce\Adapter\OC2\Service\Oc2OrderService [] []
[2017-07-04 16:32:50] pos_logger.DEBUG: class found [] []
[2017-07-04 16:32:56] pos_logger.DEBUG: checking QuickCommerce\Adapter\OC2\Service\Oc2ReferenceDataService [] []
[2017-07-04 16:32:56] pos_logger.DEBUG: class found [] []
[2017-07-04 16:32:56] pos_logger.DEBUG: checking QuickCommerce\Adapter\OC2\Service\Oc2SettingsService [] []
[2017-07-04 16:32:56] pos_logger.DEBUG: class found [] []
[2017-07-04 16:32:57] pos_logger.DEBUG: checking QuickCommerce\Adapter\OC2\Service\Oc2OrderService [] []
[2017-07-04 16:32:57] pos_logger.DEBUG: class found [] []
[2017-07-04 16:33:17] pos_logger.DEBUG: checking QuickCommerce\Adapter\OC2\Service\Oc2ReferenceDataService [] []
[2017-07-04 16:33:17] pos_logger.DEBUG: class found [] []
[2017-07-04 16:33:17] pos_logger.DEBUG: checking QuickCommerce\Adapter\OC2\Service\Oc2SettingsService [] []
[2017-07-04 16:33:17] pos_logger.DEBUG: class found [] []
[2017-07-04 16:33:18] pos_logger.DEBUG: checking QuickCommerce\Adapter\OC2\Service\Oc2OrderService [] []
[2017-07-04 16:33:18] pos_logger.DEBUG: class found [] []
[2017-07-04 16:33:34] pos_logger.DEBUG: checking QuickCommerce\Adapter\OC2\Service\Oc2ReferenceDataService [] []
[2017-07-04 16:33:34] pos_logger.DEBUG: class found [] []
[2017-07-04 16:33:34] pos_logger.DEBUG: checking QuickCommerce\Adapter\OC2\Service\Oc2SettingsService [] []
[2017-07-04 16:33:34] pos_logger.DEBUG: class found [] []
[2017-07-04 16:33:35] pos_logger.DEBUG: checking QuickCommerce\Adapter\OC2\Service\Oc2OrderService [] []
[2017-07-04 16:33:35] pos_logger.DEBUG: class found [] []
[2017-07-04 16:33:47] pos_logger.DEBUG: checking QuickCommerce\Adapter\OC2\Service\Oc2ReferenceDataService [] []
[2017-07-04 16:33:47] pos_logger.DEBUG: class found [] []
[2017-07-04 16:33:47] pos_logger.DEBUG: checking QuickCommerce\Adapter\OC2\Service\Oc2SettingsService [] []
[2017-07-04 16:33:47] pos_logger.DEBUG: class found [] []
[2017-07-04 16:33:47] pos_logger.DEBUG: checking QuickCommerce\Adapter\OC2\Service\Oc2OrderService [] []
[2017-07-04 16:33:47] pos_logger.DEBUG: class found [] []
[2017-07-04 16:33:56] pos_logger.DEBUG: checking QuickCommerce\Adapter\OC2\Service\Oc2ReferenceDataService [] []
[2017-07-04 16:33:56] pos_logger.DEBUG: class found [] []
[2017-07-04 16:33:56] pos_logger.DEBUG: checking QuickCommerce\Adapter\OC2\Service\Oc2SettingsService [] []
[2017-07-04 16:33:56] pos_logger.DEBUG: class found [] []
[2017-07-04 16:33:57] pos_logger.DEBUG: checking QuickCommerce\Adapter\OC2\Service\Oc2OrderService [] []
[2017-07-04 16:33:57] pos_logger.DEBUG: class found [] []
[2017-07-04 16:35:03] pos_logger.DEBUG: checking QuickCommerce\Adapter\OC2\Service\Oc2ReferenceDataService [] []
[2017-07-04 16:35:03] pos_logger.DEBUG: class found [] []
[2017-07-04 16:35:03] pos_logger.DEBUG: checking QuickCommerce\Adapter\OC2\Service\Oc2SettingsService [] []
[2017-07-04 16:35:03] pos_logger.DEBUG: class found [] []
[2017-07-04 16:35:04] pos_logger.DEBUG: checking QuickCommerce\Adapter\OC2\Service\Oc2OrderService [] []
[2017-07-04 16:35:04] pos_logger.DEBUG: class found [] []
[2017-07-04 16:35:23] pos_logger.DEBUG: checking QuickCommerce\Adapter\OC2\Service\Oc2ReferenceDataService [] []
[2017-07-04 16:35:23] pos_logger.DEBUG: class found [] []
[2017-07-04 16:35:23] pos_logger.DEBUG: checking QuickCommerce\Adapter\OC2\Service\Oc2SettingsService [] []
[2017-07-04 16:35:23] pos_logger.DEBUG: class found [] []
[2017-07-04 16:35:24] pos_logger.DEBUG: checking QuickCommerce\Adapter\OC2\Service\Oc2OrderService [] []
[2017-07-04 16:35:24] pos_logger.DEBUG: class found [] []
[2017-07-04 16:35:54] pos_logger.DEBUG: checking QuickCommerce\Adapter\OC2\Service\Oc2ReferenceDataService [] []
[2017-07-04 16:35:54] pos_logger.DEBUG: class found [] []
[2017-07-04 16:35:54] pos_logger.DEBUG: checking QuickCommerce\Adapter\OC2\Service\Oc2SettingsService [] []
[2017-07-04 16:35:54] pos_logger.DEBUG: class found [] []
[2017-07-04 16:35:55] pos_logger.DEBUG: checking QuickCommerce\Adapter\OC2\Service\Oc2OrderService [] []
[2017-07-04 16:35:55] pos_logger.DEBUG: class found [] []
[2017-07-04 16:38:44] pos_logger.DEBUG: checking QuickCommerce\Adapter\OC2\Service\Oc2ReferenceDataService [] []
[2017-07-04 16:38:44] pos_logger.DEBUG: class found [] []
[2017-07-04 16:38:44] pos_logger.DEBUG: checking QuickCommerce\Adapter\OC2\Service\Oc2SettingsService [] []
[2017-07-04 16:38:44] pos_logger.DEBUG: class found [] []
[2017-07-04 16:38:45] pos_logger.DEBUG: checking QuickCommerce\Adapter\OC2\Service\Oc2OrderService [] []
[2017-07-04 16:38:45] pos_logger.DEBUG: class found [] []
[2017-07-04 16:40:17] pos_logger.DEBUG: checking QuickCommerce\Adapter\OC2\Service\Oc2ReferenceDataService [] []
[2017-07-04 16:40:17] pos_logger.DEBUG: class found [] []
[2017-07-04 16:40:17] pos_logger.DEBUG: checking QuickCommerce\Adapter\OC2\Service\Oc2SettingsService [] []
[2017-07-04 16:40:17] pos_logger.DEBUG: class found [] []
[2017-07-04 16:40:18] pos_logger.DEBUG: checking QuickCommerce\Adapter\OC2\Service\Oc2OrderService [] []
[2017-07-04 16:40:18] pos_logger.DEBUG: class found [] []
[2017-07-04 16:42:23] pos_logger.DEBUG: checking QuickCommerce\Adapter\OC2\Service\Oc2ReferenceDataService [] []
[2017-07-04 16:42:23] pos_logger.DEBUG: class found [] []
[2017-07-04 16:42:24] pos_logger.DEBUG: checking QuickCommerce\Adapter\OC2\Service\Oc2SettingsService [] []
[2017-07-04 16:42:24] pos_logger.DEBUG: class found [] []
[2017-07-04 16:42:24] pos_logger.DEBUG: checking QuickCommerce\Adapter\OC2\Service\Oc2OrderService [] []
[2017-07-04 16:42:24] pos_logger.DEBUG: class found [] []
[2017-07-04 16:43:32] pos_logger.DEBUG: checking QuickCommerce\Adapter\OC2\Service\Oc2ReferenceDataService [] []
[2017-07-04 16:43:32] pos_logger.DEBUG: class found [] []
[2017-07-04 16:43:32] pos_logger.DEBUG: checking QuickCommerce\Adapter\OC2\Service\Oc2SettingsService [] []
[2017-07-04 16:43:32] pos_logger.DEBUG: class found [] []
[2017-07-04 16:43:33] pos_logger.DEBUG: checking QuickCommerce\Adapter\OC2\Service\Oc2OrderService [] []
[2017-07-04 16:43:33] pos_logger.DEBUG: class found [] []
[2017-07-04 16:45:49] pos_logger.DEBUG: checking QuickCommerce\Adapter\OC2\Service\Oc2ReferenceDataService [] []
[2017-07-04 16:45:49] pos_logger.DEBUG: class found [] []
[2017-07-04 16:45:49] pos_logger.DEBUG: checking QuickCommerce\Adapter\OC2\Service\Oc2SettingsService [] []
[2017-07-04 16:45:49] pos_logger.DEBUG: class found [] []
[2017-07-04 16:45:50] pos_logger.DEBUG: checking QuickCommerce\Adapter\OC2\Service\Oc2OrderService [] []
[2017-07-04 16:45:50] pos_logger.DEBUG: class found [] []
[2017-07-04 16:46:02] pos_logger.DEBUG: checking QuickCommerce\Adapter\OC2\Service\Oc2ReferenceDataService [] []
[2017-07-04 16:46:02] pos_logger.DEBUG: class found [] []
[2017-07-04 16:46:02] pos_logger.DEBUG: checking QuickCommerce\Adapter\OC2\Service\Oc2SettingsService [] []
[2017-07-04 16:46:02] pos_logger.DEBUG: class found [] []
[2017-07-04 16:46:03] pos_logger.DEBUG: checking QuickCommerce\Adapter\OC2\Service\Oc2OrderService [] []
[2017-07-04 16:46:03] pos_logger.DEBUG: class found [] []
[2017-07-04 16:47:30] pos_logger.DEBUG: checking QuickCommerce\Adapter\OC2\Service\Oc2ReferenceDataService [] []
[2017-07-04 16:47:30] pos_logger.DEBUG: class found [] []
[2017-07-04 16:47:30] pos_logger.DEBUG: checking QuickCommerce\Adapter\OC2\Service\Oc2SettingsService [] []
[2017-07-04 16:47:30] pos_logger.DEBUG: class found [] []
[2017-07-04 16:47:33] pos_logger.DEBUG: checking QuickCommerce\Adapter\OC2\Service\Oc2OrderService [] []
[2017-07-04 16:47:33] pos_logger.DEBUG: class found [] []
[2017-07-04 16:47:54] pos_logger.DEBUG: checking QuickCommerce\Adapter\OC2\Service\Oc2ReferenceDataService [] []
[2017-07-04 16:47:54] pos_logger.DEBUG: class found [] []
[2017-07-04 16:47:54] pos_logger.DEBUG: checking QuickCommerce\Adapter\OC2\Service\Oc2SettingsService [] []
[2017-07-04 16:47:54] pos_logger.DEBUG: class found [] []
[2017-07-04 16:47:55] pos_logger.DEBUG: checking QuickCommerce\Adapter\OC2\Service\Oc2OrderService [] []
[2017-07-04 16:47:55] pos_logger.DEBUG: class found [] []
[2017-07-04 16:48:33] pos_logger.DEBUG: checking QuickCommerce\Adapter\OC2\Service\Oc2ReferenceDataService [] []
[2017-07-04 16:48:33] pos_logger.DEBUG: class found [] []
[2017-07-04 16:48:33] pos_logger.DEBUG: checking QuickCommerce\Adapter\OC2\Service\Oc2SettingsService [] []
[2017-07-04 16:48:33] pos_logger.DEBUG: class found [] []
[2017-07-04 16:48:34] pos_logger.DEBUG: checking QuickCommerce\Adapter\OC2\Service\Oc2OrderService [] []
[2017-07-04 16:48:34] pos_logger.DEBUG: class found [] []
[2017-07-04 16:48:58] pos_logger.DEBUG: checking QuickCommerce\Adapter\OC2\Service\Oc2ReferenceDataService [] []
[2017-07-04 16:48:58] pos_logger.DEBUG: class found [] []
[2017-07-04 16:48:58] pos_logger.DEBUG: checking QuickCommerce\Adapter\OC2\Service\Oc2SettingsService [] []
[2017-07-04 16:48:58] pos_logger.DEBUG: class found [] []
[2017-07-04 16:48:59] pos_logger.DEBUG: checking QuickCommerce\Adapter\OC2\Service\Oc2OrderService [] []
[2017-07-04 16:48:59] pos_logger.DEBUG: class found [] []
[2017-07-04 16:49:07] pos_logger.DEBUG: checking QuickCommerce\Adapter\OC2\Service\Oc2ReferenceDataService [] []
[2017-07-04 16:49:07] pos_logger.DEBUG: class found [] []
[2017-07-04 16:49:07] pos_logger.DEBUG: checking QuickCommerce\Adapter\OC2\Service\Oc2SettingsService [] []
[2017-07-04 16:49:07] pos_logger.DEBUG: class found [] []
[2017-07-04 16:49:08] pos_logger.DEBUG: checking QuickCommerce\Adapter\OC2\Service\Oc2OrderService [] []
[2017-07-04 16:49:08] pos_logger.DEBUG: class found [] []
[2017-07-04 16:49:20] pos_logger.DEBUG: checking QuickCommerce\Adapter\OC2\Service\Oc2ReferenceDataService [] []
[2017-07-04 16:49:20] pos_logger.DEBUG: class found [] []
[2017-07-04 16:49:20] pos_logger.DEBUG: checking QuickCommerce\Adapter\OC2\Service\Oc2SettingsService [] []
[2017-07-04 16:49:20] pos_logger.DEBUG: class found [] []
[2017-07-04 16:49:20] pos_logger.DEBUG: checking QuickCommerce\Adapter\OC2\Service\Oc2OrderService [] []
[2017-07-04 16:49:20] pos_logger.DEBUG: class found [] []
[2017-07-04 16:49:33] pos_logger.DEBUG: checking QuickCommerce\Adapter\OC2\Service\Oc2ReferenceDataService [] []
[2017-07-04 16:49:33] pos_logger.DEBUG: class found [] []
[2017-07-04 16:49:33] pos_logger.DEBUG: checking QuickCommerce\Adapter\OC2\Service\Oc2SettingsService [] []
[2017-07-04 16:49:33] pos_logger.DEBUG: class found [] []
[2017-07-04 16:49:34] pos_logger.DEBUG: checking QuickCommerce\Adapter\OC2\Service\Oc2OrderService [] []
[2017-07-04 16:49:34] pos_logger.DEBUG: class found [] []
[2017-07-04 16:51:00] pos_logger.DEBUG: checking QuickCommerce\Adapter\OC2\Service\Oc2ReferenceDataService [] []
[2017-07-04 16:51:00] pos_logger.DEBUG: class found [] []
[2017-07-04 16:51:00] pos_logger.DEBUG: checking QuickCommerce\Adapter\OC2\Service\Oc2SettingsService [] []
[2017-07-04 16:51:00] pos_logger.DEBUG: class found [] []
[2017-07-04 16:51:01] pos_logger.DEBUG: checking QuickCommerce\Adapter\OC2\Service\Oc2OrderService [] []
[2017-07-04 16:51:01] pos_logger.DEBUG: class found [] []
[2017-07-04 16:51:13] pos_logger.DEBUG: checking QuickCommerce\Adapter\OC2\Service\Oc2ReferenceDataService [] []
[2017-07-04 16:51:13] pos_logger.DEBUG: class found [] []
[2017-07-04 16:51:13] pos_logger.DEBUG: checking QuickCommerce\Adapter\OC2\Service\Oc2SettingsService [] []
[2017-07-04 16:51:13] pos_logger.DEBUG: class found [] []
[2017-07-04 16:51:13] pos_logger.DEBUG: checking QuickCommerce\Adapter\OC2\Service\Oc2OrderService [] []
[2017-07-04 16:51:13] pos_logger.DEBUG: class found [] []
[2017-07-04 16:51:37] pos_logger.DEBUG: checking QuickCommerce\Adapter\OC2\Service\Oc2ReferenceDataService [] []
[2017-07-04 16:51:37] pos_logger.DEBUG: class found [] []
[2017-07-04 16:51:37] pos_logger.DEBUG: checking QuickCommerce\Adapter\OC2\Service\Oc2SettingsService [] []
[2017-07-04 16:51:37] pos_logger.DEBUG: class found [] []
[2017-07-04 16:51:38] pos_logger.DEBUG: checking QuickCommerce\Adapter\OC2\Service\Oc2OrderService [] []
[2017-07-04 16:51:38] pos_logger.DEBUG: class found [] []
[2017-07-04 16:53:20] pos_logger.DEBUG: checking QuickCommerce\Adapter\OC2\Service\Oc2ReferenceDataService [] []
[2017-07-04 16:53:20] pos_logger.DEBUG: class found [] []
[2017-07-04 16:53:20] pos_logger.DEBUG: checking QuickCommerce\Adapter\OC2\Service\Oc2SettingsService [] []
[2017-07-04 16:53:20] pos_logger.DEBUG: class found [] []
[2017-07-04 16:53:21] pos_logger.DEBUG: checking QuickCommerce\Adapter\OC2\Service\Oc2OrderService [] []
[2017-07-04 16:53:21] pos_logger.DEBUG: class found [] []
[2017-07-04 17:05:53] pos_logger.DEBUG: checking QuickCommerce\Adapter\OC2\Service\Oc2ReferenceDataService [] []
[2017-07-04 17:05:53] pos_logger.DEBUG: class found [] []
[2017-07-04 17:05:53] pos_logger.DEBUG: checking QuickCommerce\Adapter\OC2\Service\Oc2SettingsService [] []
[2017-07-04 17:05:53] pos_logger.DEBUG: class found [] []
[2017-07-04 17:05:54] pos_logger.DEBUG: checking QuickCommerce\Adapter\OC2\Service\Oc2OrderService [] []
[2017-07-04 17:05:54] pos_logger.DEBUG: class found [] []
[2017-07-04 17:14:20] pos_logger.DEBUG: checking QuickCommerce\Adapter\OC2\Service\Oc2ReferenceDataService [] []
[2017-07-04 17:14:20] pos_logger.DEBUG: class found [] []
[2017-07-04 17:14:20] pos_logger.DEBUG: checking QuickCommerce\Adapter\OC2\Service\Oc2SettingsService [] []
[2017-07-04 17:14:20] pos_logger.DEBUG: class found [] []
[2017-07-04 17:14:21] pos_logger.DEBUG: checking QuickCommerce\Adapter\OC2\Service\Oc2OrderService [] []
[2017-07-04 17:14:21] pos_logger.DEBUG: class found [] []
[2017-07-04 18:02:27] pos_logger.DEBUG: checking QuickCommerce\Adapter\OC2\Service\Oc2ReferenceDataService [] []
[2017-07-04 18:02:27] pos_logger.DEBUG: class found [] []
[2017-07-04 18:02:27] pos_logger.DEBUG: checking QuickCommerce\Adapter\OC2\Service\Oc2SettingsService [] []
[2017-07-04 18:02:27] pos_logger.DEBUG: class found [] []
