[2017-07-19 00:23:54] pos_logger.DEBUG: checking QuickCommerce\Adapter\OC2\Service\Oc2ReferenceDataService [] []
[2017-07-19 00:23:54] pos_logger.DEBUG: class found [] []
[2017-07-19 00:23:54] pos_logger.DEBUG: checking QuickCommerce\Adapter\OC2\Service\Oc2SettingsService [] []
[2017-07-19 00:23:54] pos_logger.DEBUG: class found [] []
[2017-07-19 00:58:19] pos_logger.DEBUG: checking QuickCommerce\Adapter\OC2\Service\Oc2ReferenceDataService [] []
[2017-07-19 00:58:19] pos_logger.DEBUG: class found [] []
[2017-07-19 00:58:19] pos_logger.DEBUG: checking QuickCommerce\Adapter\OC2\Service\Oc2SettingsService [] []
[2017-07-19 00:58:19] pos_logger.DEBUG: class found [] []
[2017-07-19 00:58:38] pos_logger.DEBUG: checking QuickCommerce\Adapter\OC2\Service\Oc2OrderService [] []
[2017-07-19 00:58:38] pos_logger.DEBUG: class found [] []
[2017-07-19 01:11:37] pos_logger.DEBUG: checking QuickCommerce\Adapter\OC2\Service\Oc2ReferenceDataService [] []
[2017-07-19 01:11:37] pos_logger.DEBUG: class found [] []
[2017-07-19 01:11:37] pos_logger.DEBUG: checking QuickCommerce\Adapter\OC2\Service\Oc2SettingsService [] []
[2017-07-19 01:11:37] pos_logger.DEBUG: class found [] []
[2017-07-19 01:11:44] pos_logger.DEBUG: checking QuickCommerce\Adapter\OC2\Service\Oc2OrderService [] []
[2017-07-19 01:11:44] pos_logger.DEBUG: class found [] []
[2017-07-19 01:11:56] pos_logger.DEBUG: checking QuickCommerce\Adapter\OC2\Service\Oc2ReferenceDataService [] []
[2017-07-19 01:11:56] pos_logger.DEBUG: class found [] []
[2017-07-19 01:11:56] pos_logger.DEBUG: checking QuickCommerce\Adapter\OC2\Service\Oc2SettingsService [] []
[2017-07-19 01:11:56] pos_logger.DEBUG: class found [] []
[2017-07-19 01:11:57] pos_logger.DEBUG: checking QuickCommerce\Adapter\OC2\Service\Oc2OrderService [] []
[2017-07-19 01:11:57] pos_logger.DEBUG: class found [] []
[2017-07-19 01:33:16] pos_logger.DEBUG: checking QuickCommerce\Adapter\OC2\Service\Oc2ReferenceDataService [] []
[2017-07-19 01:33:16] pos_logger.DEBUG: class found [] []
[2017-07-19 01:33:16] pos_logger.DEBUG: checking QuickCommerce\Adapter\OC2\Service\Oc2SettingsService [] []
[2017-07-19 01:33:16] pos_logger.DEBUG: class found [] []
[2017-07-19 01:33:28] pos_logger.DEBUG: checking QuickCommerce\Adapter\OC2\Service\Oc2ReferenceDataService [] []
[2017-07-19 01:33:28] pos_logger.DEBUG: class found [] []
[2017-07-19 01:33:28] pos_logger.DEBUG: checking QuickCommerce\Adapter\OC2\Service\Oc2SettingsService [] []
[2017-07-19 01:33:28] pos_logger.DEBUG: class found [] []
[2017-07-19 01:33:34] pos_logger.DEBUG: checking QuickCommerce\Adapter\OC2\Service\Oc2OrderService [] []
[2017-07-19 01:33:34] pos_logger.DEBUG: class found [] []
[2017-07-19 02:00:02] pos_logger.DEBUG: checking QuickCommerce\Adapter\OC2\Service\Oc2ReferenceDataService [] []
[2017-07-19 02:00:02] pos_logger.DEBUG: class found [] []
[2017-07-19 02:00:02] pos_logger.DEBUG: checking QuickCommerce\Adapter\OC2\Service\Oc2SettingsService [] []
[2017-07-19 02:00:02] pos_logger.DEBUG: class found [] []
[2017-07-19 02:08:19] pos_logger.DEBUG: checking QuickCommerce\Adapter\OC2\Service\Oc2ReferenceDataService [] []
[2017-07-19 02:08:19] pos_logger.DEBUG: class found [] []
[2017-07-19 02:08:20] pos_logger.DEBUG: checking QuickCommerce\Adapter\OC2\Service\Oc2SettingsService [] []
[2017-07-19 02:08:20] pos_logger.DEBUG: class found [] []
[2017-07-19 02:08:21] pos_logger.DEBUG: checking QuickCommerce\Adapter\OC2\Service\Oc2OrderService [] []
[2017-07-19 02:08:21] pos_logger.DEBUG: class found [] []
[2017-07-19 02:20:22] pos_logger.DEBUG: checking QuickCommerce\Adapter\OC2\Service\Oc2ReferenceDataService [] []
[2017-07-19 02:20:22] pos_logger.DEBUG: class found [] []
[2017-07-19 02:20:22] pos_logger.DEBUG: checking QuickCommerce\Adapter\OC2\Service\Oc2SettingsService [] []
[2017-07-19 02:20:22] pos_logger.DEBUG: class found [] []
[2017-07-19 02:20:27] pos_logger.DEBUG: checking QuickCommerce\Adapter\OC2\Service\Oc2ReferenceDataService [] []
[2017-07-19 02:20:27] pos_logger.DEBUG: class found [] []
[2017-07-19 02:20:27] pos_logger.DEBUG: checking QuickCommerce\Adapter\OC2\Service\Oc2SettingsService [] []
[2017-07-19 02:20:27] pos_logger.DEBUG: class found [] []
[2017-07-19 02:20:28] pos_logger.DEBUG: checking QuickCommerce\Adapter\OC2\Service\Oc2OrderService [] []
[2017-07-19 02:20:28] pos_logger.DEBUG: class found [] []
[2017-07-19 02:23:11] pos_logger.DEBUG: checking QuickCommerce\Adapter\OC2\Service\Oc2ReferenceDataService [] []
[2017-07-19 02:23:11] pos_logger.DEBUG: class found [] []
[2017-07-19 02:23:11] pos_logger.DEBUG: checking QuickCommerce\Adapter\OC2\Service\Oc2SettingsService [] []
[2017-07-19 02:23:11] pos_logger.DEBUG: class found [] []
[2017-07-19 02:23:12] pos_logger.DEBUG: checking QuickCommerce\Adapter\OC2\Service\Oc2OrderService [] []
[2017-07-19 02:23:12] pos_logger.DEBUG: class found [] []
[2017-07-19 02:23:15] pos_logger.DEBUG: checking QuickCommerce\Adapter\OC2\Service\Oc2ReferenceDataService [] []
[2017-07-19 02:23:15] pos_logger.DEBUG: class found [] []
[2017-07-19 02:23:15] pos_logger.DEBUG: checking QuickCommerce\Adapter\OC2\Service\Oc2SettingsService [] []
[2017-07-19 02:23:15] pos_logger.DEBUG: class found [] []
[2017-07-19 02:23:17] pos_logger.DEBUG: checking QuickCommerce\Adapter\OC2\Service\Oc2OrderService [] []
[2017-07-19 02:23:17] pos_logger.DEBUG: class found [] []
[2017-07-19 02:44:29] pos_logger.DEBUG: checking QuickCommerce\Adapter\OC2\Service\Oc2ReferenceDataService [] []
[2017-07-19 02:44:29] pos_logger.DEBUG: class found [] []
[2017-07-19 02:44:29] pos_logger.DEBUG: checking QuickCommerce\Adapter\OC2\Service\Oc2SettingsService [] []
[2017-07-19 02:44:29] pos_logger.DEBUG: class found [] []
[2017-07-19 02:44:30] pos_logger.DEBUG: checking QuickCommerce\Adapter\OC2\Service\Oc2OrderService [] []
[2017-07-19 02:44:30] pos_logger.DEBUG: class found [] []
[2017-07-19 02:46:58] pos_logger.DEBUG: checking QuickCommerce\Adapter\OC2\Service\Oc2OrderService [] []
[2017-07-19 02:46:58] pos_logger.DEBUG: class found [] []
[2017-07-19 02:46:58] pos_logger.DEBUG: checking QuickCommerce\Adapter\OC2\Service\Oc2OrderService [] []
[2017-07-19 02:46:58] pos_logger.DEBUG: class found [] []
[2017-07-19 02:48:25] pos_logger.DEBUG: checking QuickCommerce\Adapter\OC2\Service\Oc2OrderService [] []
[2017-07-19 02:48:25] pos_logger.DEBUG: class found [] []
[2017-07-19 02:48:25] pos_logger.DEBUG: checking QuickCommerce\Adapter\OC2\Service\Oc2OrderService [] []
[2017-07-19 02:48:25] pos_logger.DEBUG: class found [] []
[2017-07-19 02:48:48] pos_logger.DEBUG: checking QuickCommerce\Adapter\OC2\Service\Oc2OrderService [] []
[2017-07-19 02:48:48] pos_logger.DEBUG: class found [] []
[2017-07-19 02:48:48] pos_logger.DEBUG: checking QuickCommerce\Adapter\OC2\Service\Oc2OrderService [] []
[2017-07-19 02:48:48] pos_logger.DEBUG: class found [] []
[2017-07-19 02:50:19] pos_logger.DEBUG: checking QuickCommerce\Adapter\OC2\Service\Oc2OrderService [] []
[2017-07-19 02:50:19] pos_logger.DEBUG: class found [] []
[2017-07-19 02:50:19] pos_logger.DEBUG: updating quantity with change 0 for productId  and productOptionValueIds Array ( )  [] []
[2017-07-19 02:50:20] pos_logger.DEBUG: checking QuickCommerce\Adapter\OC2\Service\Oc2OrderService [] []
[2017-07-19 02:50:20] pos_logger.DEBUG: class found [] []
[2017-07-19 03:06:25] pos_logger.DEBUG: checking QuickCommerce\Adapter\OC2\Service\Oc2ReferenceDataService [] []
[2017-07-19 03:06:25] pos_logger.DEBUG: class found [] []
[2017-07-19 03:06:25] pos_logger.DEBUG: checking QuickCommerce\Adapter\OC2\Service\Oc2SettingsService [] []
[2017-07-19 03:06:25] pos_logger.DEBUG: class found [] []
[2017-07-19 03:06:25] pos_logger.DEBUG: checking QuickCommerce\Adapter\OC2\Service\Oc2OrderService [] []
[2017-07-19 03:06:25] pos_logger.DEBUG: class found [] []
[2017-07-19 03:06:50] pos_logger.DEBUG: checking QuickCommerce\Adapter\OC2\Service\Oc2OrderService [] []
[2017-07-19 03:06:50] pos_logger.DEBUG: class found [] []
[2017-07-19 03:06:50] pos_logger.DEBUG: checking QuickCommerce\Adapter\OC2\Service\Oc2OrderService [] []
[2017-07-19 03:06:50] pos_logger.DEBUG: class found [] []
[2017-07-19 03:07:02] pos_logger.DEBUG: checking QuickCommerce\Adapter\OC2\Service\Oc2OrderService [] []
[2017-07-19 03:07:02] pos_logger.DEBUG: class found [] []
[2017-07-19 03:07:03] pos_logger.DEBUG: checking QuickCommerce\Adapter\OC2\Service\Oc2OrderService [] []
[2017-07-19 03:07:03] pos_logger.DEBUG: class found [] []
[2017-07-19 03:08:51] pos_logger.DEBUG: checking QuickCommerce\Adapter\OC2\Service\Oc2ReferenceDataService [] []
[2017-07-19 03:08:51] pos_logger.DEBUG: class found [] []
[2017-07-19 03:08:51] pos_logger.DEBUG: checking QuickCommerce\Adapter\OC2\Service\Oc2SettingsService [] []
[2017-07-19 03:08:51] pos_logger.DEBUG: class found [] []
[2017-07-19 03:08:53] pos_logger.DEBUG: checking QuickCommerce\Adapter\OC2\Service\Oc2ReferenceDataService [] []
[2017-07-19 03:08:53] pos_logger.DEBUG: class found [] []
[2017-07-19 03:08:54] pos_logger.DEBUG: checking QuickCommerce\Adapter\OC2\Service\Oc2SettingsService [] []
[2017-07-19 03:08:54] pos_logger.DEBUG: class found [] []
[2017-07-19 03:08:54] pos_logger.DEBUG: checking QuickCommerce\Adapter\OC2\Service\Oc2OrderService [] []
[2017-07-19 03:08:54] pos_logger.DEBUG: class found [] []
[2017-07-19 03:10:26] pos_logger.DEBUG: checking QuickCommerce\Adapter\OC2\Service\Oc2ReferenceDataService [] []
[2017-07-19 03:10:26] pos_logger.DEBUG: class found [] []
[2017-07-19 03:10:26] pos_logger.DEBUG: checking QuickCommerce\Adapter\OC2\Service\Oc2SettingsService [] []
[2017-07-19 03:10:26] pos_logger.DEBUG: class found [] []
[2017-07-19 03:10:37] pos_logger.DEBUG: checking QuickCommerce\Adapter\OC2\Service\Oc2ReferenceDataService [] []
[2017-07-19 03:10:37] pos_logger.DEBUG: class found [] []
[2017-07-19 03:10:37] pos_logger.DEBUG: checking QuickCommerce\Adapter\OC2\Service\Oc2SettingsService [] []
[2017-07-19 03:10:37] pos_logger.DEBUG: class found [] []
[2017-07-19 03:10:38] pos_logger.DEBUG: checking QuickCommerce\Adapter\OC2\Service\Oc2OrderService [] []
[2017-07-19 03:10:38] pos_logger.DEBUG: class found [] []
[2017-07-19 03:22:02] pos_logger.DEBUG: checking QuickCommerce\Adapter\OC2\Service\Oc2ReferenceDataService [] []
[2017-07-19 03:22:02] pos_logger.DEBUG: class found [] []
[2017-07-19 03:22:02] pos_logger.DEBUG: checking QuickCommerce\Adapter\OC2\Service\Oc2SettingsService [] []
[2017-07-19 03:22:02] pos_logger.DEBUG: class found [] []
[2017-07-19 03:22:03] pos_logger.DEBUG: checking QuickCommerce\Adapter\OC2\Service\Oc2OrderService [] []
[2017-07-19 03:22:03] pos_logger.DEBUG: class found [] []
[2017-07-19 04:04:19] pos_logger.DEBUG: checking QuickCommerce\Adapter\OC2\Service\Oc2ReferenceDataService [] []
[2017-07-19 04:04:19] pos_logger.DEBUG: class found [] []
[2017-07-19 04:04:19] pos_logger.DEBUG: checking QuickCommerce\Adapter\OC2\Service\Oc2SettingsService [] []
[2017-07-19 04:04:19] pos_logger.DEBUG: class found [] []
[2017-07-19 04:04:23] pos_logger.DEBUG: checking QuickCommerce\Adapter\OC2\Service\Oc2ReferenceDataService [] []
[2017-07-19 04:04:23] pos_logger.DEBUG: class found [] []
[2017-07-19 04:04:23] pos_logger.DEBUG: checking QuickCommerce\Adapter\OC2\Service\Oc2SettingsService [] []
[2017-07-19 04:04:23] pos_logger.DEBUG: class found [] []
[2017-07-19 04:04:25] pos_logger.DEBUG: checking QuickCommerce\Adapter\OC2\Service\Oc2OrderService [] []
[2017-07-19 04:04:25] pos_logger.DEBUG: class found [] []
[2017-07-19 04:05:03] pos_logger.DEBUG: checking QuickCommerce\Adapter\OC2\Service\Oc2ReferenceDataService [] []
[2017-07-19 04:05:03] pos_logger.DEBUG: class found [] []
[2017-07-19 04:05:03] pos_logger.DEBUG: checking QuickCommerce\Adapter\OC2\Service\Oc2SettingsService [] []
[2017-07-19 04:05:03] pos_logger.DEBUG: class found [] []
[2017-07-19 04:05:04] pos_logger.DEBUG: checking QuickCommerce\Adapter\OC2\Service\Oc2OrderService [] []
[2017-07-19 04:05:04] pos_logger.DEBUG: class found [] []
[2017-07-19 04:05:19] pos_logger.DEBUG: checking QuickCommerce\Adapter\OC2\Service\Oc2OrderService [] []
[2017-07-19 04:05:19] pos_logger.DEBUG: class found [] []
[2017-07-19 04:16:13] pos_logger.DEBUG: checking QuickCommerce\Adapter\OC2\Service\Oc2ReferenceDataService [] []
[2017-07-19 04:16:13] pos_logger.DEBUG: class found [] []
[2017-07-19 04:16:13] pos_logger.DEBUG: checking QuickCommerce\Adapter\OC2\Service\Oc2SettingsService [] []
[2017-07-19 04:16:13] pos_logger.DEBUG: class found [] []
[2017-07-19 04:16:15] pos_logger.DEBUG: checking QuickCommerce\Adapter\OC2\Service\Oc2ReferenceDataService [] []
[2017-07-19 04:16:15] pos_logger.DEBUG: class found [] []
[2017-07-19 04:16:15] pos_logger.DEBUG: checking QuickCommerce\Adapter\OC2\Service\Oc2SettingsService [] []
[2017-07-19 04:16:15] pos_logger.DEBUG: class found [] []
[2017-07-19 04:16:16] pos_logger.DEBUG: checking QuickCommerce\Adapter\OC2\Service\Oc2OrderService [] []
[2017-07-19 04:16:16] pos_logger.DEBUG: class found [] []
[2017-07-19 04:53:50] pos_logger.DEBUG: checking QuickCommerce\Adapter\OC2\Service\Oc2ReferenceDataService [] []
[2017-07-19 04:53:50] pos_logger.DEBUG: class found [] []
[2017-07-19 04:53:50] pos_logger.DEBUG: checking QuickCommerce\Adapter\OC2\Service\Oc2SettingsService [] []
[2017-07-19 04:53:50] pos_logger.DEBUG: class found [] []
[2017-07-19 04:53:51] pos_logger.DEBUG: checking QuickCommerce\Adapter\OC2\Service\Oc2OrderService [] []
[2017-07-19 04:53:51] pos_logger.DEBUG: class found [] []
[2017-07-19 05:05:48] pos_logger.DEBUG: checking QuickCommerce\Adapter\OC2\Service\Oc2ReferenceDataService [] []
[2017-07-19 05:05:48] pos_logger.DEBUG: class found [] []
[2017-07-19 05:05:48] pos_logger.DEBUG: checking QuickCommerce\Adapter\OC2\Service\Oc2SettingsService [] []
[2017-07-19 05:05:48] pos_logger.DEBUG: class found [] []
[2017-07-19 05:05:48] pos_logger.DEBUG: checking QuickCommerce\Adapter\OC2\Service\Oc2OrderService [] []
[2017-07-19 05:05:48] pos_logger.DEBUG: class found [] []
[2017-07-19 06:29:49] pos_logger.DEBUG: checking QuickCommerce\Adapter\OC2\Service\Oc2ReferenceDataService [] []
[2017-07-19 06:29:49] pos_logger.DEBUG: class found [] []
[2017-07-19 06:29:49] pos_logger.DEBUG: checking QuickCommerce\Adapter\OC2\Service\Oc2SettingsService [] []
[2017-07-19 06:29:49] pos_logger.DEBUG: class found [] []
[2017-07-19 06:29:50] pos_logger.DEBUG: checking QuickCommerce\Adapter\OC2\Service\Oc2OrderService [] []
[2017-07-19 06:29:50] pos_logger.DEBUG: class found [] []
[2017-07-19 08:38:04] pos_logger.DEBUG: checking QuickCommerce\Adapter\OC2\Service\Oc2ReferenceDataService [] []
[2017-07-19 08:38:04] pos_logger.DEBUG: class found [] []
[2017-07-19 08:38:04] pos_logger.DEBUG: checking QuickCommerce\Adapter\OC2\Service\Oc2SettingsService [] []
[2017-07-19 08:38:04] pos_logger.DEBUG: class found [] []
[2017-07-19 08:38:05] pos_logger.DEBUG: checking QuickCommerce\Adapter\OC2\Service\Oc2OrderService [] []
[2017-07-19 08:38:05] pos_logger.DEBUG: class found [] []
[2017-07-19 09:57:23] pos_logger.DEBUG: checking QuickCommerce\Adapter\OC2\Service\Oc2ReferenceDataService [] []
[2017-07-19 09:57:23] pos_logger.DEBUG: class found [] []
[2017-07-19 09:57:23] pos_logger.DEBUG: checking QuickCommerce\Adapter\OC2\Service\Oc2SettingsService [] []
[2017-07-19 09:57:23] pos_logger.DEBUG: class found [] []
[2017-07-19 09:57:23] pos_logger.DEBUG: checking QuickCommerce\Adapter\OC2\Service\Oc2OrderService [] []
[2017-07-19 09:57:23] pos_logger.DEBUG: class found [] []
[2017-07-19 13:20:58] pos_logger.DEBUG: checking QuickCommerce\Adapter\OC2\Service\Oc2ReferenceDataService [] []
[2017-07-19 13:20:58] pos_logger.DEBUG: class found [] []
[2017-07-19 13:20:58] pos_logger.DEBUG: checking QuickCommerce\Adapter\OC2\Service\Oc2SettingsService [] []
[2017-07-19 13:20:58] pos_logger.DEBUG: class found [] []
[2017-07-19 13:21:04] pos_logger.DEBUG: checking QuickCommerce\Adapter\OC2\Service\Oc2OrderService [] []
[2017-07-19 13:21:04] pos_logger.DEBUG: class found [] []
[2017-07-19 13:22:10] pos_logger.DEBUG: checking QuickCommerce\Adapter\OC2\Service\Oc2OrderService [] []
[2017-07-19 13:22:10] pos_logger.DEBUG: class found [] []
[2017-07-19 13:22:11] pos_logger.DEBUG: checking QuickCommerce\Adapter\OC2\Service\Oc2OrderService [] []
[2017-07-19 13:22:11] pos_logger.DEBUG: class found [] []
[2017-07-19 13:22:21] pos_logger.DEBUG: checking QuickCommerce\Adapter\OC2\Service\Oc2OrderService [] []
[2017-07-19 13:22:21] pos_logger.DEBUG: class found [] []
[2017-07-19 13:22:22] pos_logger.DEBUG: checking QuickCommerce\Adapter\OC2\Service\Oc2OrderService [] []
[2017-07-19 13:22:22] pos_logger.DEBUG: class found [] []
[2017-07-19 13:55:06] pos_logger.DEBUG: checking QuickCommerce\Adapter\OC2\Service\Oc2ReferenceDataService [] []
[2017-07-19 13:55:06] pos_logger.DEBUG: class found [] []
[2017-07-19 13:55:06] pos_logger.DEBUG: checking QuickCommerce\Adapter\OC2\Service\Oc2SettingsService [] []
[2017-07-19 13:55:06] pos_logger.DEBUG: class found [] []
[2017-07-19 13:55:07] pos_logger.DEBUG: checking QuickCommerce\Adapter\OC2\Service\Oc2OrderService [] []
[2017-07-19 13:55:07] pos_logger.DEBUG: class found [] []
[2017-07-19 13:58:50] pos_logger.DEBUG: checking QuickCommerce\Adapter\OC2\Service\Oc2OrderService [] []
[2017-07-19 13:58:50] pos_logger.DEBUG: class found [] []
[2017-07-19 14:30:41] pos_logger.DEBUG: checking QuickCommerce\Adapter\OC2\Service\Oc2ReferenceDataService [] []
[2017-07-19 14:30:41] pos_logger.DEBUG: class found [] []
[2017-07-19 14:30:42] pos_logger.DEBUG: checking QuickCommerce\Adapter\OC2\Service\Oc2SettingsService [] []
[2017-07-19 14:30:42] pos_logger.DEBUG: class found [] []
[2017-07-19 14:30:42] pos_logger.DEBUG: checking QuickCommerce\Adapter\OC2\Service\Oc2OrderService [] []
[2017-07-19 14:30:42] pos_logger.DEBUG: class found [] []
[2017-07-19 14:36:03] pos_logger.DEBUG: checking QuickCommerce\Adapter\OC2\Service\Oc2ReferenceDataService [] []
[2017-07-19 14:36:03] pos_logger.DEBUG: class found [] []
[2017-07-19 14:36:03] pos_logger.DEBUG: checking QuickCommerce\Adapter\OC2\Service\Oc2SettingsService [] []
[2017-07-19 14:36:03] pos_logger.DEBUG: class found [] []
[2017-07-19 14:36:07] pos_logger.DEBUG: checking QuickCommerce\Adapter\OC2\Service\Oc2ReferenceDataService [] []
[2017-07-19 14:36:07] pos_logger.DEBUG: class found [] []
[2017-07-19 14:36:07] pos_logger.DEBUG: checking QuickCommerce\Adapter\OC2\Service\Oc2SettingsService [] []
[2017-07-19 14:36:07] pos_logger.DEBUG: class found [] []
[2017-07-19 14:36:12] pos_logger.DEBUG: checking QuickCommerce\Adapter\OC2\Service\Oc2OrderService [] []
[2017-07-19 14:36:12] pos_logger.DEBUG: class found [] []
[2017-07-19 14:49:16] pos_logger.DEBUG: checking QuickCommerce\Adapter\OC2\Service\Oc2ReferenceDataService [] []
[2017-07-19 14:49:16] pos_logger.DEBUG: class found [] []
[2017-07-19 14:49:16] pos_logger.DEBUG: checking QuickCommerce\Adapter\OC2\Service\Oc2SettingsService [] []
[2017-07-19 14:49:16] pos_logger.DEBUG: class found [] []
[2017-07-19 14:49:17] pos_logger.DEBUG: checking QuickCommerce\Adapter\OC2\Service\Oc2OrderService [] []
[2017-07-19 14:49:17] pos_logger.DEBUG: class found [] []
[2017-07-19 14:49:51] pos_logger.DEBUG: checking QuickCommerce\Adapter\OC2\Service\Oc2OrderService [] []
[2017-07-19 14:49:51] pos_logger.DEBUG: class found [] []
[2017-07-19 14:49:52] pos_logger.DEBUG: checking QuickCommerce\Adapter\OC2\Service\Oc2OrderService [] []
[2017-07-19 14:49:52] pos_logger.DEBUG: class found [] []
[2017-07-19 14:50:05] pos_logger.DEBUG: checking QuickCommerce\Adapter\OC2\Service\Oc2OrderService [] []
[2017-07-19 14:50:05] pos_logger.DEBUG: class found [] []
[2017-07-19 14:50:05] pos_logger.DEBUG: updating quantity with change 1 for productId  and productOptionValueIds Array ( )  [] []
[2017-07-19 14:50:06] pos_logger.DEBUG: checking QuickCommerce\Adapter\OC2\Service\Oc2OrderService [] []
[2017-07-19 14:50:06] pos_logger.DEBUG: class found [] []
[2017-07-19 14:57:59] pos_logger.DEBUG: checking QuickCommerce\Adapter\OC2\Service\Oc2OrderService [] []
[2017-07-19 14:57:59] pos_logger.DEBUG: class found [] []
[2017-07-19 14:57:59] pos_logger.DEBUG: checking QuickCommerce\Adapter\OC2\Service\Oc2OrderService [] []
[2017-07-19 14:57:59] pos_logger.DEBUG: class found [] []
[2017-07-19 14:58:06] pos_logger.DEBUG: checking QuickCommerce\Adapter\OC2\Service\Oc2OrderService [] []
[2017-07-19 14:58:06] pos_logger.DEBUG: class found [] []
[2017-07-19 14:58:07] pos_logger.DEBUG: checking QuickCommerce\Adapter\OC2\Service\Oc2OrderService [] []
[2017-07-19 14:58:07] pos_logger.DEBUG: class found [] []
[2017-07-19 15:20:24] pos_logger.DEBUG: checking QuickCommerce\Adapter\OC2\Service\Oc2ReferenceDataService [] []
[2017-07-19 15:20:24] pos_logger.DEBUG: class found [] []
[2017-07-19 15:20:24] pos_logger.DEBUG: checking QuickCommerce\Adapter\OC2\Service\Oc2SettingsService [] []
[2017-07-19 15:20:24] pos_logger.DEBUG: class found [] []
[2017-07-19 15:20:25] pos_logger.DEBUG: checking QuickCommerce\Adapter\OC2\Service\Oc2OrderService [] []
[2017-07-19 15:20:25] pos_logger.DEBUG: class found [] []
[2017-07-19 16:00:33] pos_logger.DEBUG: checking QuickCommerce\Adapter\OC2\Service\Oc2ReferenceDataService [] []
[2017-07-19 16:00:33] pos_logger.DEBUG: class found [] []
[2017-07-19 16:00:34] pos_logger.DEBUG: checking QuickCommerce\Adapter\OC2\Service\Oc2SettingsService [] []
[2017-07-19 16:00:34] pos_logger.DEBUG: class found [] []
[2017-07-19 16:00:35] pos_logger.DEBUG: checking QuickCommerce\Adapter\OC2\Service\Oc2ReferenceDataService [] []
[2017-07-19 16:00:35] pos_logger.DEBUG: class found [] []
[2017-07-19 16:00:35] pos_logger.DEBUG: checking QuickCommerce\Adapter\OC2\Service\Oc2SettingsService [] []
[2017-07-19 16:00:35] pos_logger.DEBUG: class found [] []
[2017-07-19 16:00:35] pos_logger.DEBUG: checking QuickCommerce\Adapter\OC2\Service\Oc2OrderService [] []
[2017-07-19 16:00:35] pos_logger.DEBUG: class found [] []
[2017-07-19 16:04:52] pos_logger.DEBUG: checking QuickCommerce\Adapter\OC2\Service\Oc2ReferenceDataService [] []
[2017-07-19 16:04:52] pos_logger.DEBUG: class found [] []
[2017-07-19 16:04:52] pos_logger.DEBUG: checking QuickCommerce\Adapter\OC2\Service\Oc2SettingsService [] []
[2017-07-19 16:04:52] pos_logger.DEBUG: class found [] []
[2017-07-19 16:04:53] pos_logger.DEBUG: checking QuickCommerce\Adapter\OC2\Service\Oc2OrderService [] []
[2017-07-19 16:04:53] pos_logger.DEBUG: class found [] []
[2017-07-19 16:08:48] pos_logger.DEBUG: checking QuickCommerce\Adapter\OC2\Service\Oc2OrderService [] []
[2017-07-19 16:08:48] pos_logger.DEBUG: class found [] []
[2017-07-19 16:08:48] pos_logger.DEBUG: checking QuickCommerce\Adapter\OC2\Service\Oc2OrderService [] []
[2017-07-19 16:08:48] pos_logger.DEBUG: class found [] []
[2017-07-19 16:09:54] pos_logger.DEBUG: checking QuickCommerce\Adapter\OC2\Service\Oc2ReferenceDataService [] []
[2017-07-19 16:09:54] pos_logger.DEBUG: class found [] []
[2017-07-19 16:09:54] pos_logger.DEBUG: checking QuickCommerce\Adapter\OC2\Service\Oc2SettingsService [] []
[2017-07-19 16:09:54] pos_logger.DEBUG: class found [] []
[2017-07-19 16:09:55] pos_logger.DEBUG: checking QuickCommerce\Adapter\OC2\Service\Oc2OrderService [] []
[2017-07-19 16:09:55] pos_logger.DEBUG: class found [] []
[2017-07-19 16:10:40] pos_logger.DEBUG: checking QuickCommerce\Adapter\OC2\Service\Oc2ReferenceDataService [] []
[2017-07-19 16:10:40] pos_logger.DEBUG: class found [] []
[2017-07-19 16:10:40] pos_logger.DEBUG: checking QuickCommerce\Adapter\OC2\Service\Oc2SettingsService [] []
[2017-07-19 16:10:40] pos_logger.DEBUG: class found [] []
[2017-07-19 16:10:41] pos_logger.DEBUG: checking QuickCommerce\Adapter\OC2\Service\Oc2OrderService [] []
[2017-07-19 16:10:41] pos_logger.DEBUG: class found [] []
[2017-07-19 16:12:07] pos_logger.DEBUG: checking QuickCommerce\Adapter\OC2\Service\Oc2ReferenceDataService [] []
[2017-07-19 16:12:07] pos_logger.DEBUG: class found [] []
[2017-07-19 16:12:07] pos_logger.DEBUG: checking QuickCommerce\Adapter\OC2\Service\Oc2SettingsService [] []
[2017-07-19 16:12:07] pos_logger.DEBUG: class found [] []
[2017-07-19 16:12:08] pos_logger.DEBUG: checking QuickCommerce\Adapter\OC2\Service\Oc2OrderService [] []
[2017-07-19 16:12:08] pos_logger.DEBUG: class found [] []
[2017-07-19 16:12:22] pos_logger.DEBUG: checking QuickCommerce\Adapter\OC2\Service\Oc2ReferenceDataService [] []
[2017-07-19 16:12:22] pos_logger.DEBUG: class found [] []
[2017-07-19 16:12:22] pos_logger.DEBUG: checking QuickCommerce\Adapter\OC2\Service\Oc2SettingsService [] []
[2017-07-19 16:12:22] pos_logger.DEBUG: class found [] []
[2017-07-19 16:12:30] pos_logger.DEBUG: checking QuickCommerce\Adapter\OC2\Service\Oc2ReferenceDataService [] []
[2017-07-19 16:12:30] pos_logger.DEBUG: class found [] []
[2017-07-19 16:12:30] pos_logger.DEBUG: checking QuickCommerce\Adapter\OC2\Service\Oc2SettingsService [] []
[2017-07-19 16:12:30] pos_logger.DEBUG: class found [] []
[2017-07-19 16:12:30] pos_logger.DEBUG: checking QuickCommerce\Adapter\OC2\Service\Oc2OrderService [] []
[2017-07-19 16:12:30] pos_logger.DEBUG: class found [] []
[2017-07-19 16:12:33] pos_logger.DEBUG: checking QuickCommerce\Adapter\OC2\Service\Oc2ReferenceDataService [] []
[2017-07-19 16:12:33] pos_logger.DEBUG: class found [] []
[2017-07-19 16:12:33] pos_logger.DEBUG: checking QuickCommerce\Adapter\OC2\Service\Oc2SettingsService [] []
[2017-07-19 16:12:33] pos_logger.DEBUG: class found [] []
[2017-07-19 16:13:14] pos_logger.DEBUG: checking QuickCommerce\Adapter\OC2\Service\Oc2ReferenceDataService [] []
[2017-07-19 16:13:14] pos_logger.DEBUG: class found [] []
[2017-07-19 16:13:14] pos_logger.DEBUG: checking QuickCommerce\Adapter\OC2\Service\Oc2SettingsService [] []
[2017-07-19 16:13:14] pos_logger.DEBUG: class found [] []
[2017-07-19 16:13:15] pos_logger.DEBUG: checking QuickCommerce\Adapter\OC2\Service\Oc2OrderService [] []
[2017-07-19 16:13:15] pos_logger.DEBUG: class found [] []
[2017-07-19 16:38:35] pos_logger.DEBUG: checking QuickCommerce\Adapter\OC2\Service\Oc2ReferenceDataService [] []
[2017-07-19 16:38:35] pos_logger.DEBUG: class found [] []
[2017-07-19 16:38:36] pos_logger.DEBUG: checking QuickCommerce\Adapter\OC2\Service\Oc2SettingsService [] []
[2017-07-19 16:38:36] pos_logger.DEBUG: class found [] []
[2017-07-19 16:39:23] pos_logger.DEBUG: checking QuickCommerce\Adapter\OC2\Service\Oc2ReferenceDataService [] []
[2017-07-19 16:39:23] pos_logger.DEBUG: class found [] []
[2017-07-19 16:39:23] pos_logger.DEBUG: checking QuickCommerce\Adapter\OC2\Service\Oc2SettingsService [] []
[2017-07-19 16:39:23] pos_logger.DEBUG: class found [] []
[2017-07-19 16:39:27] pos_logger.DEBUG: checking QuickCommerce\Adapter\OC2\Service\Oc2OrderService [] []
[2017-07-19 16:39:27] pos_logger.DEBUG: class found [] []
[2017-07-19 16:41:17] pos_logger.DEBUG: checking QuickCommerce\Adapter\OC2\Service\Oc2ReferenceDataService [] []
[2017-07-19 16:41:17] pos_logger.DEBUG: class found [] []
[2017-07-19 16:41:18] pos_logger.DEBUG: checking QuickCommerce\Adapter\OC2\Service\Oc2SettingsService [] []
[2017-07-19 16:41:18] pos_logger.DEBUG: class found [] []
[2017-07-19 16:54:44] pos_logger.DEBUG: checking QuickCommerce\Adapter\OC2\Service\Oc2ReferenceDataService [] []
[2017-07-19 16:54:44] pos_logger.DEBUG: class found [] []
[2017-07-19 16:54:44] pos_logger.DEBUG: checking QuickCommerce\Adapter\OC2\Service\Oc2SettingsService [] []
[2017-07-19 16:54:44] pos_logger.DEBUG: class found [] []
[2017-07-19 16:54:44] pos_logger.DEBUG: checking QuickCommerce\Adapter\OC2\Service\Oc2OrderService [] []
[2017-07-19 16:54:44] pos_logger.DEBUG: class found [] []
[2017-07-19 17:25:41] pos_logger.DEBUG: checking QuickCommerce\Adapter\OC2\Service\Oc2OrderService [] []
[2017-07-19 17:25:41] pos_logger.DEBUG: class found [] []
[2017-07-19 17:25:42] pos_logger.DEBUG: checking QuickCommerce\Adapter\OC2\Service\Oc2OrderService [] []
[2017-07-19 17:25:42] pos_logger.DEBUG: class found [] []
[2017-07-19 17:28:53] pos_logger.DEBUG: checking QuickCommerce\Adapter\OC2\Service\Oc2ReferenceDataService [] []
[2017-07-19 17:28:53] pos_logger.DEBUG: class found [] []
[2017-07-19 17:28:53] pos_logger.DEBUG: checking QuickCommerce\Adapter\OC2\Service\Oc2SettingsService [] []
[2017-07-19 17:28:53] pos_logger.DEBUG: class found [] []
[2017-07-19 17:28:54] pos_logger.DEBUG: checking QuickCommerce\Adapter\OC2\Service\Oc2OrderService [] []
[2017-07-19 17:28:54] pos_logger.DEBUG: class found [] []
[2017-07-19 17:29:08] pos_logger.DEBUG: checking QuickCommerce\Adapter\OC2\Service\Oc2OrderService [] []
[2017-07-19 17:29:08] pos_logger.DEBUG: class found [] []
[2017-07-19 17:29:08] pos_logger.DEBUG: checking QuickCommerce\Adapter\OC2\Service\Oc2OrderService [] []
[2017-07-19 17:29:08] pos_logger.DEBUG: class found [] []
[2017-07-19 17:29:13] pos_logger.DEBUG: checking QuickCommerce\Adapter\OC2\Service\Oc2OrderService [] []
[2017-07-19 17:29:13] pos_logger.DEBUG: class found [] []
[2017-07-19 17:29:13] pos_logger.DEBUG: updating quantity with change 1 for productId  and productOptionValueIds Array ( )  [] []
[2017-07-19 17:29:14] pos_logger.DEBUG: checking QuickCommerce\Adapter\OC2\Service\Oc2OrderService [] []
[2017-07-19 17:29:14] pos_logger.DEBUG: class found [] []
[2017-07-19 17:36:08] pos_logger.DEBUG: checking QuickCommerce\Adapter\OC2\Service\Oc2ReferenceDataService [] []
[2017-07-19 17:36:08] pos_logger.DEBUG: class found [] []
[2017-07-19 17:36:08] pos_logger.DEBUG: checking QuickCommerce\Adapter\OC2\Service\Oc2SettingsService [] []
[2017-07-19 17:36:08] pos_logger.DEBUG: class found [] []
[2017-07-19 17:36:08] pos_logger.DEBUG: checking QuickCommerce\Adapter\OC2\Service\Oc2OrderService [] []
[2017-07-19 17:36:08] pos_logger.DEBUG: class found [] []
[2017-07-19 17:36:23] pos_logger.DEBUG: checking QuickCommerce\Adapter\OC2\Service\Oc2ReferenceDataService [] []
[2017-07-19 17:36:23] pos_logger.DEBUG: class found [] []
[2017-07-19 17:36:23] pos_logger.DEBUG: checking QuickCommerce\Adapter\OC2\Service\Oc2SettingsService [] []
[2017-07-19 17:36:23] pos_logger.DEBUG: class found [] []
[2017-07-19 17:36:25] pos_logger.DEBUG: checking QuickCommerce\Adapter\OC2\Service\Oc2OrderService [] []
[2017-07-19 17:36:25] pos_logger.DEBUG: class found [] []
[2017-07-19 17:58:58] pos_logger.DEBUG: checking QuickCommerce\Adapter\OC2\Service\Oc2ReferenceDataService [] []
[2017-07-19 17:58:58] pos_logger.DEBUG: class found [] []
[2017-07-19 17:58:59] pos_logger.DEBUG: checking QuickCommerce\Adapter\OC2\Service\Oc2SettingsService [] []
[2017-07-19 17:58:59] pos_logger.DEBUG: class found [] []
[2017-07-19 17:58:59] pos_logger.DEBUG: checking QuickCommerce\Adapter\OC2\Service\Oc2OrderService [] []
[2017-07-19 17:58:59] pos_logger.DEBUG: class found [] []
[2017-07-19 18:01:43] pos_logger.DEBUG: checking QuickCommerce\Adapter\OC2\Service\Oc2ReferenceDataService [] []
[2017-07-19 18:01:43] pos_logger.DEBUG: class found [] []
[2017-07-19 18:01:43] pos_logger.DEBUG: checking QuickCommerce\Adapter\OC2\Service\Oc2SettingsService [] []
[2017-07-19 18:01:43] pos_logger.DEBUG: class found [] []
[2017-07-19 18:01:44] pos_logger.DEBUG: checking QuickCommerce\Adapter\OC2\Service\Oc2OrderService [] []
[2017-07-19 18:01:44] pos_logger.DEBUG: class found [] []
[2017-07-19 18:01:46] pos_logger.DEBUG: checking QuickCommerce\Adapter\OC2\Service\Oc2ReferenceDataService [] []
[2017-07-19 18:01:46] pos_logger.DEBUG: class found [] []
[2017-07-19 18:01:46] pos_logger.DEBUG: checking QuickCommerce\Adapter\OC2\Service\Oc2SettingsService [] []
[2017-07-19 18:01:46] pos_logger.DEBUG: class found [] []
[2017-07-19 18:01:46] pos_logger.DEBUG: checking QuickCommerce\Adapter\OC2\Service\Oc2OrderService [] []
[2017-07-19 18:01:46] pos_logger.DEBUG: class found [] []
[2017-07-19 18:08:40] pos_logger.DEBUG: checking QuickCommerce\Adapter\OC2\Service\Oc2ReferenceDataService [] []
[2017-07-19 18:08:40] pos_logger.DEBUG: class found [] []
[2017-07-19 18:08:40] pos_logger.DEBUG: checking QuickCommerce\Adapter\OC2\Service\Oc2SettingsService [] []
[2017-07-19 18:08:40] pos_logger.DEBUG: class found [] []
[2017-07-19 18:08:40] pos_logger.DEBUG: checking QuickCommerce\Adapter\OC2\Service\Oc2OrderService [] []
[2017-07-19 18:08:40] pos_logger.DEBUG: class found [] []
[2017-07-19 18:13:25] pos_logger.DEBUG: checking QuickCommerce\Adapter\OC2\Service\Oc2ReferenceDataService [] []
[2017-07-19 18:13:25] pos_logger.DEBUG: class found [] []
[2017-07-19 18:13:25] pos_logger.DEBUG: checking QuickCommerce\Adapter\OC2\Service\Oc2SettingsService [] []
[2017-07-19 18:13:25] pos_logger.DEBUG: class found [] []
[2017-07-19 18:13:26] pos_logger.DEBUG: checking QuickCommerce\Adapter\OC2\Service\Oc2ReferenceDataService [] []
[2017-07-19 18:13:26] pos_logger.DEBUG: class found [] []
[2017-07-19 18:13:26] pos_logger.DEBUG: checking QuickCommerce\Adapter\OC2\Service\Oc2SettingsService [] []
[2017-07-19 18:13:26] pos_logger.DEBUG: class found [] []
[2017-07-19 18:13:27] pos_logger.DEBUG: checking QuickCommerce\Adapter\OC2\Service\Oc2OrderService [] []
[2017-07-19 18:13:27] pos_logger.DEBUG: class found [] []
[2017-07-19 18:16:06] pos_logger.DEBUG: checking QuickCommerce\Adapter\OC2\Service\Oc2ReferenceDataService [] []
[2017-07-19 18:16:06] pos_logger.DEBUG: class found [] []
[2017-07-19 18:16:06] pos_logger.DEBUG: checking QuickCommerce\Adapter\OC2\Service\Oc2SettingsService [] []
[2017-07-19 18:16:06] pos_logger.DEBUG: class found [] []
[2017-07-19 18:16:10] pos_logger.DEBUG: checking QuickCommerce\Adapter\OC2\Service\Oc2ReferenceDataService [] []
[2017-07-19 18:16:10] pos_logger.DEBUG: class found [] []
[2017-07-19 18:16:10] pos_logger.DEBUG: checking QuickCommerce\Adapter\OC2\Service\Oc2SettingsService [] []
[2017-07-19 18:16:10] pos_logger.DEBUG: class found [] []
[2017-07-19 18:16:11] pos_logger.DEBUG: checking QuickCommerce\Adapter\OC2\Service\Oc2OrderService [] []
[2017-07-19 18:16:11] pos_logger.DEBUG: class found [] []
[2017-07-19 18:21:16] pos_logger.DEBUG: checking QuickCommerce\Adapter\OC2\Service\Oc2OrderService [] []
[2017-07-19 18:21:16] pos_logger.DEBUG: class found [] []
[2017-07-19 18:21:35] pos_logger.DEBUG: checking QuickCommerce\Adapter\OC2\Service\Oc2OrderService [] []
[2017-07-19 18:21:35] pos_logger.DEBUG: class found [] []
[2017-07-19 18:21:36] pos_logger.DEBUG: checking QuickCommerce\Adapter\OC2\Service\Oc2OrderService [] []
[2017-07-19 18:21:36] pos_logger.DEBUG: class found [] []
[2017-07-19 18:22:49] pos_logger.DEBUG: checking QuickCommerce\Adapter\OC2\Service\Oc2OrderService [] []
[2017-07-19 18:22:49] pos_logger.DEBUG: class found [] []
[2017-07-19 18:22:50] pos_logger.DEBUG: checking QuickCommerce\Adapter\OC2\Service\Oc2OrderService [] []
[2017-07-19 18:22:50] pos_logger.DEBUG: class found [] []
[2017-07-19 18:23:02] pos_logger.DEBUG: checking QuickCommerce\Adapter\OC2\Service\Oc2OrderService [] []
[2017-07-19 18:23:02] pos_logger.DEBUG: class found [] []
[2017-07-19 18:23:02] pos_logger.DEBUG: checking QuickCommerce\Adapter\OC2\Service\Oc2OrderService [] []
[2017-07-19 18:23:02] pos_logger.DEBUG: class found [] []
[2017-07-19 18:38:54] pos_logger.DEBUG: checking QuickCommerce\Adapter\OC2\Service\Oc2ReferenceDataService [] []
[2017-07-19 18:38:54] pos_logger.DEBUG: class found [] []
[2017-07-19 18:38:54] pos_logger.DEBUG: checking QuickCommerce\Adapter\OC2\Service\Oc2SettingsService [] []
[2017-07-19 18:38:54] pos_logger.DEBUG: class found [] []
[2017-07-19 18:38:55] pos_logger.DEBUG: checking QuickCommerce\Adapter\OC2\Service\Oc2OrderService [] []
[2017-07-19 18:38:55] pos_logger.DEBUG: class found [] []
[2017-07-19 19:06:46] pos_logger.DEBUG: checking QuickCommerce\Adapter\OC2\Service\Oc2ReferenceDataService [] []
[2017-07-19 19:06:46] pos_logger.DEBUG: class found [] []
[2017-07-19 19:06:46] pos_logger.DEBUG: checking QuickCommerce\Adapter\OC2\Service\Oc2SettingsService [] []
[2017-07-19 19:06:46] pos_logger.DEBUG: class found [] []
[2017-07-19 19:06:46] pos_logger.DEBUG: checking QuickCommerce\Adapter\OC2\Service\Oc2OrderService [] []
[2017-07-19 19:06:46] pos_logger.DEBUG: class found [] []
[2017-07-19 19:08:26] pos_logger.DEBUG: checking QuickCommerce\Adapter\OC2\Service\Oc2ReferenceDataService [] []
[2017-07-19 19:08:26] pos_logger.DEBUG: class found [] []
[2017-07-19 19:08:26] pos_logger.DEBUG: checking QuickCommerce\Adapter\OC2\Service\Oc2SettingsService [] []
[2017-07-19 19:08:26] pos_logger.DEBUG: class found [] []
[2017-07-19 19:08:26] pos_logger.DEBUG: checking QuickCommerce\Adapter\OC2\Service\Oc2OrderService [] []
[2017-07-19 19:08:26] pos_logger.DEBUG: class found [] []
[2017-07-19 19:09:37] pos_logger.DEBUG: checking QuickCommerce\Adapter\OC2\Service\Oc2ReferenceDataService [] []
[2017-07-19 19:09:37] pos_logger.DEBUG: class found [] []
[2017-07-19 19:09:37] pos_logger.DEBUG: checking QuickCommerce\Adapter\OC2\Service\Oc2SettingsService [] []
[2017-07-19 19:09:37] pos_logger.DEBUG: class found [] []
[2017-07-19 19:09:40] pos_logger.DEBUG: checking QuickCommerce\Adapter\OC2\Service\Oc2ReferenceDataService [] []
[2017-07-19 19:09:40] pos_logger.DEBUG: class found [] []
[2017-07-19 19:09:40] pos_logger.DEBUG: checking QuickCommerce\Adapter\OC2\Service\Oc2SettingsService [] []
[2017-07-19 19:09:40] pos_logger.DEBUG: class found [] []
[2017-07-19 19:09:41] pos_logger.DEBUG: checking QuickCommerce\Adapter\OC2\Service\Oc2OrderService [] []
[2017-07-19 19:09:41] pos_logger.DEBUG: class found [] []
[2017-07-19 19:11:17] pos_logger.DEBUG: checking QuickCommerce\Adapter\OC2\Service\Oc2ReferenceDataService [] []
[2017-07-19 19:11:17] pos_logger.DEBUG: class found [] []
[2017-07-19 19:11:17] pos_logger.DEBUG: checking QuickCommerce\Adapter\OC2\Service\Oc2SettingsService [] []
[2017-07-19 19:11:17] pos_logger.DEBUG: class found [] []
[2017-07-19 19:11:19] pos_logger.DEBUG: checking QuickCommerce\Adapter\OC2\Service\Oc2OrderService [] []
[2017-07-19 19:11:19] pos_logger.DEBUG: class found [] []
[2017-07-19 19:12:08] pos_logger.DEBUG: checking QuickCommerce\Adapter\OC2\Service\Oc2ReferenceDataService [] []
[2017-07-19 19:12:08] pos_logger.DEBUG: class found [] []
[2017-07-19 19:12:09] pos_logger.DEBUG: checking QuickCommerce\Adapter\OC2\Service\Oc2SettingsService [] []
[2017-07-19 19:12:09] pos_logger.DEBUG: class found [] []
[2017-07-19 19:12:09] pos_logger.DEBUG: checking QuickCommerce\Adapter\OC2\Service\Oc2OrderService [] []
[2017-07-19 19:12:09] pos_logger.DEBUG: class found [] []
[2017-07-19 19:24:03] pos_logger.DEBUG: checking QuickCommerce\Adapter\OC2\Service\Oc2ReferenceDataService [] []
[2017-07-19 19:24:03] pos_logger.DEBUG: class found [] []
[2017-07-19 19:24:03] pos_logger.DEBUG: checking QuickCommerce\Adapter\OC2\Service\Oc2SettingsService [] []
[2017-07-19 19:24:03] pos_logger.DEBUG: class found [] []
[2017-07-19 19:24:05] pos_logger.DEBUG: checking QuickCommerce\Adapter\OC2\Service\Oc2OrderService [] []
[2017-07-19 19:24:05] pos_logger.DEBUG: class found [] []
[2017-07-19 19:29:09] pos_logger.DEBUG: checking QuickCommerce\Adapter\OC2\Service\Oc2OrderService [] []
[2017-07-19 19:29:09] pos_logger.DEBUG: class found [] []
[2017-07-19 19:29:09] pos_logger.DEBUG: checking QuickCommerce\Adapter\OC2\Service\Oc2OrderService [] []
[2017-07-19 19:29:09] pos_logger.DEBUG: class found [] []
[2017-07-19 19:29:11] pos_logger.DEBUG: checking QuickCommerce\Adapter\OC2\Service\Oc2OrderService [] []
[2017-07-19 19:29:11] pos_logger.DEBUG: class found [] []
[2017-07-19 19:29:11] pos_logger.DEBUG: updating quantity with change 1 for productId  and productOptionValueIds Array ( )  [] []
[2017-07-19 19:29:12] pos_logger.DEBUG: checking QuickCommerce\Adapter\OC2\Service\Oc2OrderService [] []
[2017-07-19 19:29:12] pos_logger.DEBUG: class found [] []
[2017-07-19 19:29:15] pos_logger.DEBUG: checking QuickCommerce\Adapter\OC2\Service\Oc2OrderService [] []
[2017-07-19 19:29:15] pos_logger.DEBUG: class found [] []
[2017-07-19 19:29:15] pos_logger.DEBUG: checking QuickCommerce\Adapter\OC2\Service\Oc2OrderService [] []
[2017-07-19 19:29:15] pos_logger.DEBUG: class found [] []
[2017-07-19 19:29:22] pos_logger.DEBUG: checking QuickCommerce\Adapter\OC2\Service\Oc2OrderService [] []
[2017-07-19 19:29:22] pos_logger.DEBUG: class found [] []
[2017-07-19 19:29:23] pos_logger.DEBUG: checking QuickCommerce\Adapter\OC2\Service\Oc2OrderService [] []
[2017-07-19 19:29:23] pos_logger.DEBUG: class found [] []
[2017-07-19 19:38:56] pos_logger.DEBUG: checking QuickCommerce\Adapter\OC2\Service\Oc2ReferenceDataService [] []
[2017-07-19 19:38:56] pos_logger.DEBUG: class found [] []
[2017-07-19 19:38:56] pos_logger.DEBUG: checking QuickCommerce\Adapter\OC2\Service\Oc2SettingsService [] []
[2017-07-19 19:38:56] pos_logger.DEBUG: class found [] []
[2017-07-19 19:38:56] pos_logger.DEBUG: checking QuickCommerce\Adapter\OC2\Service\Oc2OrderService [] []
[2017-07-19 19:38:56] pos_logger.DEBUG: class found [] []
[2017-07-19 19:43:03] pos_logger.DEBUG: checking QuickCommerce\Adapter\OC2\Service\Oc2ReferenceDataService [] []
[2017-07-19 19:43:03] pos_logger.DEBUG: class found [] []
[2017-07-19 19:43:03] pos_logger.DEBUG: checking QuickCommerce\Adapter\OC2\Service\Oc2SettingsService [] []
[2017-07-19 19:43:03] pos_logger.DEBUG: class found [] []
[2017-07-19 19:43:05] pos_logger.DEBUG: checking QuickCommerce\Adapter\OC2\Service\Oc2ReferenceDataService [] []
[2017-07-19 19:43:05] pos_logger.DEBUG: class found [] []
[2017-07-19 19:43:05] pos_logger.DEBUG: checking QuickCommerce\Adapter\OC2\Service\Oc2SettingsService [] []
[2017-07-19 19:43:05] pos_logger.DEBUG: class found [] []
[2017-07-19 19:43:05] pos_logger.DEBUG: checking QuickCommerce\Adapter\OC2\Service\Oc2OrderService [] []
[2017-07-19 19:43:05] pos_logger.DEBUG: class found [] []
[2017-07-19 19:58:58] pos_logger.DEBUG: checking QuickCommerce\Adapter\OC2\Service\Oc2ReferenceDataService [] []
[2017-07-19 19:58:58] pos_logger.DEBUG: class found [] []
[2017-07-19 19:58:58] pos_logger.DEBUG: checking QuickCommerce\Adapter\OC2\Service\Oc2SettingsService [] []
[2017-07-19 19:58:58] pos_logger.DEBUG: class found [] []
[2017-07-19 20:02:53] pos_logger.DEBUG: checking QuickCommerce\Adapter\OC2\Service\Oc2ReferenceDataService [] []
[2017-07-19 20:02:53] pos_logger.DEBUG: class found [] []
[2017-07-19 20:02:53] pos_logger.DEBUG: checking QuickCommerce\Adapter\OC2\Service\Oc2SettingsService [] []
[2017-07-19 20:02:53] pos_logger.DEBUG: class found [] []
[2017-07-19 20:02:54] pos_logger.DEBUG: checking QuickCommerce\Adapter\OC2\Service\Oc2OrderService [] []
[2017-07-19 20:02:54] pos_logger.DEBUG: class found [] []
[2017-07-19 20:09:09] pos_logger.DEBUG: checking QuickCommerce\Adapter\OC2\Service\Oc2ReferenceDataService [] []
[2017-07-19 20:09:09] pos_logger.DEBUG: class found [] []
[2017-07-19 20:09:09] pos_logger.DEBUG: checking QuickCommerce\Adapter\OC2\Service\Oc2SettingsService [] []
[2017-07-19 20:09:09] pos_logger.DEBUG: class found [] []
[2017-07-19 20:09:10] pos_logger.DEBUG: checking QuickCommerce\Adapter\OC2\Service\Oc2OrderService [] []
[2017-07-19 20:09:10] pos_logger.DEBUG: class found [] []
[2017-07-19 20:15:17] pos_logger.DEBUG: checking QuickCommerce\Adapter\OC2\Service\Oc2ReferenceDataService [] []
[2017-07-19 20:15:17] pos_logger.DEBUG: class found [] []
[2017-07-19 20:15:17] pos_logger.DEBUG: checking QuickCommerce\Adapter\OC2\Service\Oc2SettingsService [] []
[2017-07-19 20:15:17] pos_logger.DEBUG: class found [] []
[2017-07-19 20:15:18] pos_logger.DEBUG: checking QuickCommerce\Adapter\OC2\Service\Oc2OrderService [] []
[2017-07-19 20:15:18] pos_logger.DEBUG: class found [] []
[2017-07-19 22:48:20] pos_logger.DEBUG: checking QuickCommerce\Adapter\OC2\Service\Oc2ReferenceDataService [] []
[2017-07-19 22:48:20] pos_logger.DEBUG: class found [] []
[2017-07-19 22:48:20] pos_logger.DEBUG: checking QuickCommerce\Adapter\OC2\Service\Oc2SettingsService [] []
[2017-07-19 22:48:20] pos_logger.DEBUG: class found [] []
[2017-07-19 22:48:22] pos_logger.DEBUG: checking QuickCommerce\Adapter\OC2\Service\Oc2ReferenceDataService [] []
[2017-07-19 22:48:22] pos_logger.DEBUG: class found [] []
[2017-07-19 22:48:22] pos_logger.DEBUG: checking QuickCommerce\Adapter\OC2\Service\Oc2SettingsService [] []
[2017-07-19 22:48:22] pos_logger.DEBUG: class found [] []
[2017-07-19 22:48:22] pos_logger.DEBUG: checking QuickCommerce\Adapter\OC2\Service\Oc2OrderService [] []
[2017-07-19 22:48:22] pos_logger.DEBUG: class found [] []
[2017-07-19 22:58:50] pos_logger.DEBUG: checking QuickCommerce\Adapter\OC2\Service\Oc2ReferenceDataService [] []
[2017-07-19 22:58:50] pos_logger.DEBUG: class found [] []
[2017-07-19 22:58:50] pos_logger.DEBUG: checking QuickCommerce\Adapter\OC2\Service\Oc2SettingsService [] []
[2017-07-19 22:58:50] pos_logger.DEBUG: class found [] []
[2017-07-19 22:58:50] pos_logger.DEBUG: checking QuickCommerce\Adapter\OC2\Service\Oc2OrderService [] []
[2017-07-19 22:58:50] pos_logger.DEBUG: class found [] []
