[2017-09-10 00:12:39] pos_logger.DEBUG: checking QuickCommerce\Adapter\OC2\Service\Oc2ReferenceDataService [] []
[2017-09-10 00:12:39] pos_logger.DEBUG: class found [] []
[2017-09-10 00:12:39] pos_logger.DEBUG: checking QuickCommerce\Adapter\OC2\Service\Oc2SettingsService [] []
[2017-09-10 00:12:39] pos_logger.DEBUG: class found [] []
[2017-09-10 00:12:40] pos_logger.DEBUG: checking QuickCommerce\Adapter\OC2\Service\Oc2OrderService [] []
[2017-09-10 00:12:40] pos_logger.DEBUG: class found [] []
[2017-09-10 00:12:41] pos_logger.DEBUG: checking QuickCommerce\Adapter\OC2\Service\Oc2OrderService [] []
[2017-09-10 00:12:41] pos_logger.DEBUG: class found [] []
[2017-09-10 00:12:41] pos_logger.DEBUG: checking QuickCommerce\Adapter\OC2\Service\Oc2OrderService [] []
[2017-09-10 00:12:41] pos_logger.DEBUG: checking QuickCommerce\Adapter\OC2\Service\Oc2OrderService [] []
[2017-09-10 00:12:41] pos_logger.DEBUG: class found [] []
[2017-09-10 00:12:41] pos_logger.DEBUG: class found [] []
[2017-09-10 00:12:42] pos_logger.DEBUG: checking QuickCommerce\Adapter\OC2\Service\Oc2OrderService [] []
[2017-09-10 00:12:42] pos_logger.DEBUG: class found [] []
[2017-09-10 00:12:42] pos_logger.DEBUG: checking QuickCommerce\Adapter\OC2\Service\Oc2OrderService [] []
[2017-09-10 00:12:42] pos_logger.DEBUG: class found [] []
[2017-09-10 00:12:42] pos_logger.DEBUG: checking QuickCommerce\Adapter\OC2\Service\Oc2OrderService [] []
[2017-09-10 00:12:42] pos_logger.DEBUG: class found [] []
[2017-09-10 00:13:10] pos_logger.DEBUG: checking QuickCommerce\Adapter\OC2\Service\Oc2ReferenceDataService [] []
[2017-09-10 00:13:10] pos_logger.DEBUG: class found [] []
[2017-09-10 00:13:10] pos_logger.DEBUG: checking QuickCommerce\Adapter\OC2\Service\Oc2SettingsService [] []
[2017-09-10 00:13:10] pos_logger.DEBUG: class found [] []
[2017-09-10 00:13:11] pos_logger.DEBUG: checking QuickCommerce\Adapter\OC2\Service\Oc2OrderService [] []
[2017-09-10 00:13:11] pos_logger.DEBUG: class found [] []
[2017-09-10 00:13:12] pos_logger.DEBUG: checking QuickCommerce\Adapter\OC2\Service\Oc2OrderService [] []
[2017-09-10 00:13:12] pos_logger.DEBUG: checking QuickCommerce\Adapter\OC2\Service\Oc2OrderService [] []
[2017-09-10 00:13:12] pos_logger.DEBUG: class found [] []
[2017-09-10 00:13:12] pos_logger.DEBUG: class found [] []
[2017-09-10 00:13:12] pos_logger.DEBUG: checking QuickCommerce\Adapter\OC2\Service\Oc2OrderService [] []
[2017-09-10 00:13:12] pos_logger.DEBUG: class found [] []
[2017-09-10 00:13:14] pos_logger.DEBUG: checking QuickCommerce\Adapter\OC2\Service\Oc2OrderService [] []
[2017-09-10 00:13:14] pos_logger.DEBUG: class found [] []
[2017-09-10 00:13:14] pos_logger.DEBUG: checking QuickCommerce\Adapter\OC2\Service\Oc2OrderService [] []
[2017-09-10 00:13:14] pos_logger.DEBUG: class found [] []
[2017-09-10 00:13:14] pos_logger.DEBUG: checking QuickCommerce\Adapter\OC2\Service\Oc2OrderService [] []
[2017-09-10 00:13:14] pos_logger.DEBUG: class found [] []
[2017-09-10 00:14:46] pos_logger.DEBUG: checking QuickCommerce\Adapter\OC2\Service\Oc2ReferenceDataService [] []
[2017-09-10 00:14:46] pos_logger.DEBUG: class found [] []
[2017-09-10 00:14:46] pos_logger.DEBUG: checking QuickCommerce\Adapter\OC2\Service\Oc2SettingsService [] []
[2017-09-10 00:14:46] pos_logger.DEBUG: class found [] []
[2017-09-10 00:14:47] pos_logger.DEBUG: checking QuickCommerce\Adapter\OC2\Service\Oc2OrderService [] []
[2017-09-10 00:14:47] pos_logger.DEBUG: class found [] []
[2017-09-10 00:14:48] pos_logger.DEBUG: checking QuickCommerce\Adapter\OC2\Service\Oc2OrderService [] []
[2017-09-10 00:14:48] pos_logger.DEBUG: checking QuickCommerce\Adapter\OC2\Service\Oc2OrderService [] []
[2017-09-10 00:14:48] pos_logger.DEBUG: class found [] []
[2017-09-10 00:14:48] pos_logger.DEBUG: class found [] []
[2017-09-10 00:14:48] pos_logger.DEBUG: checking QuickCommerce\Adapter\OC2\Service\Oc2OrderService [] []
[2017-09-10 00:14:48] pos_logger.DEBUG: class found [] []
[2017-09-10 00:14:50] pos_logger.DEBUG: checking QuickCommerce\Adapter\OC2\Service\Oc2OrderService [] []
[2017-09-10 00:14:50] pos_logger.DEBUG: class found [] []
[2017-09-10 00:14:50] pos_logger.DEBUG: checking QuickCommerce\Adapter\OC2\Service\Oc2OrderService [] []
[2017-09-10 00:14:50] pos_logger.DEBUG: class found [] []
[2017-09-10 00:14:50] pos_logger.DEBUG: checking QuickCommerce\Adapter\OC2\Service\Oc2OrderService [] []
[2017-09-10 00:14:50] pos_logger.DEBUG: class found [] []
[2017-09-10 00:16:44] pos_logger.DEBUG: checking QuickCommerce\Adapter\OC2\Service\Oc2ReferenceDataService [] []
[2017-09-10 00:16:44] pos_logger.DEBUG: class found [] []
[2017-09-10 00:16:44] pos_logger.DEBUG: checking QuickCommerce\Adapter\OC2\Service\Oc2SettingsService [] []
[2017-09-10 00:16:44] pos_logger.DEBUG: class found [] []
[2017-09-10 00:16:45] pos_logger.DEBUG: checking QuickCommerce\Adapter\OC2\Service\Oc2OrderService [] []
[2017-09-10 00:16:45] pos_logger.DEBUG: class found [] []
[2017-09-10 00:16:46] pos_logger.DEBUG: checking QuickCommerce\Adapter\OC2\Service\Oc2OrderService [] []
[2017-09-10 00:16:46] pos_logger.DEBUG: class found [] []
[2017-09-10 00:16:46] pos_logger.DEBUG: checking QuickCommerce\Adapter\OC2\Service\Oc2OrderService [] []
[2017-09-10 00:16:46] pos_logger.DEBUG: class found [] []
[2017-09-10 00:16:46] pos_logger.DEBUG: checking QuickCommerce\Adapter\OC2\Service\Oc2OrderService [] []
[2017-09-10 00:16:46] pos_logger.DEBUG: class found [] []
[2017-09-10 00:16:48] pos_logger.DEBUG: checking QuickCommerce\Adapter\OC2\Service\Oc2OrderService [] []
[2017-09-10 00:16:48] pos_logger.DEBUG: class found [] []
[2017-09-10 00:16:48] pos_logger.DEBUG: checking QuickCommerce\Adapter\OC2\Service\Oc2OrderService [] []
[2017-09-10 00:16:48] pos_logger.DEBUG: class found [] []
[2017-09-10 00:16:48] pos_logger.DEBUG: checking QuickCommerce\Adapter\OC2\Service\Oc2OrderService [] []
[2017-09-10 00:16:48] pos_logger.DEBUG: class found [] []
[2017-09-10 00:16:53] pos_logger.DEBUG: checking QuickCommerce\Adapter\OC2\Service\Oc2OrderService [] []
[2017-09-10 00:16:53] pos_logger.DEBUG: checking QuickCommerce\Adapter\OC2\Service\Oc2OrderService [] []
[2017-09-10 00:16:53] pos_logger.DEBUG: class found [] []
[2017-09-10 00:16:53] pos_logger.DEBUG: class found [] []
[2017-09-10 00:16:53] pos_logger.DEBUG: checking QuickCommerce\Adapter\OC2\Service\Oc2OrderService [] []
[2017-09-10 00:16:53] pos_logger.DEBUG: class found [] []
[2017-09-10 00:16:53] pos_logger.DEBUG: checking QuickCommerce\Adapter\OC2\Service\Oc2CustomerService [] []
[2017-09-10 00:16:53] pos_logger.DEBUG: class found [] []
[2017-09-10 00:16:53] pos_logger.DEBUG: checking QuickCommerce\Adapter\OC2\Service\Oc2CustomerService [] []
[2017-09-10 00:16:53] pos_logger.DEBUG: class found [] []
[2017-09-10 00:16:53] pos_logger.DEBUG: checking QuickCommerce\Adapter\OC2\Service\Oc2CustomerService [] []
[2017-09-10 00:16:53] pos_logger.DEBUG: class found [] []
[2017-09-10 00:16:53] pos_logger.DEBUG: QuickCommerce\Model\View\PosCustomerDetails Object (     [customer:protected] => QuickCommerce\Model\Core\Customer\PosCustomer Object         (             [customerId:protected] => 1             [customerGroupId:protected] => 1             [firstname:protected] => ACE             [lastname:protected] => Cashier             [email:protected] => lucaslopatka@gmail.com             [telephone:protected] => 666-666-6666             [fax:protected] =>              [password:protected] => 91c725418eae5f87b72dea4f8475b0133ddf9963             [salt:protected] => 06b0cf3bb             [newsletter:protected] =>              [addressId:protected] => 715             [status:protected] => 1             [approved:protected] => 1             [safe:protected] => 1             [token:protected] =>              [dateAdded:protected] => DateTime Object                 (                     [date] => 2017-06-21 18:31:46.000000                     [timezone_type] => 3                     [timezone] => MST                 )          )      [addresses:protected] => Array         (             [0] => QuickCommerce\Model\Core\Address\PosAddress Object                 (                     [addressId:protected] => 715                     [customerId:protected] => 1                     [firstname:protected] => ACE                     [lastname:protected] => Cashier                     [company:protected] =>                      [address1:protected] => 10055 80 Ave NW                     [address2:protected] =>                      [city:protected] => Edmonton                     [postcode:protected] => T6E 1T4                     [countryId:protected] => 38                     [zoneId:protected] => 602                 )          )  )  [] []
[2017-09-10 00:16:53] pos_logger.DEBUG: QuickCommerce\Model\View\PosCustomerDetails Object (     [customer:protected] => QuickCommerce\Model\Core\Customer\PosCustomer Object         (             [customerId:protected] => 1             [customerGroupId:protected] => 1             [firstname:protected] => ACE             [lastname:protected] => Cashier             [email:protected] => lucaslopatka@gmail.com             [telephone:protected] => 666-666-6666             [fax:protected] =>              [password:protected] => 91c725418eae5f87b72dea4f8475b0133ddf9963             [salt:protected] => 06b0cf3bb             [newsletter:protected] =>              [addressId:protected] => 715             [status:protected] => 1             [approved:protected] => 1             [safe:protected] => 1             [token:protected] =>              [dateAdded:protected] => DateTime Object                 (                     [date] => 2017-06-21 18:31:46.000000                     [timezone_type] => 3                     [timezone] => MST                 )          )      [addresses:protected] => Array         (             [0] => QuickCommerce\Model\Core\Address\PosAddress Object                 (                     [addressId:protected] => 715                     [customerId:protected] => 1                     [firstname:protected] => ACE                     [lastname:protected] => Cashier                     [company:protected] =>                      [address1:protected] => 10055 80 Ave NW                     [address2:protected] =>                      [city:protected] => Edmonton                     [postcode:protected] => T6E 1T4                     [countryId:protected] => 38                     [zoneId:protected] => 602                 )          )  )  [] []
[2017-09-10 00:16:53] pos_logger.DEBUG: QuickCommerce\Model\View\PosCustomerDetails Object (     [customer:protected] => QuickCommerce\Model\Core\Customer\PosCustomer Object         (             [customerId:protected] => 1             [customerGroupId:protected] => 1             [firstname:protected] => ACE             [lastname:protected] => Cashier             [email:protected] => lucaslopatka@gmail.com             [telephone:protected] => 666-666-6666             [fax:protected] =>              [password:protected] => 91c725418eae5f87b72dea4f8475b0133ddf9963             [salt:protected] => 06b0cf3bb             [newsletter:protected] =>              [addressId:protected] => 715             [status:protected] => 1             [approved:protected] => 1             [safe:protected] => 1             [token:protected] =>              [dateAdded:protected] => DateTime Object                 (                     [date] => 2017-06-21 18:31:46.000000                     [timezone_type] => 3                     [timezone] => MST                 )          )      [addresses:protected] => Array         (             [0] => QuickCommerce\Model\Core\Address\PosAddress Object                 (                     [addressId:protected] => 715                     [customerId:protected] => 1                     [firstname:protected] => ACE                     [lastname:protected] => Cashier                     [company:protected] =>                      [address1:protected] => 10055 80 Ave NW                     [address2:protected] =>                      [city:protected] => Edmonton                     [postcode:protected] => T6E 1T4                     [countryId:protected] => 38                     [zoneId:protected] => 602                 )          )  )  [] []
[2017-09-10 00:16:54] pos_logger.DEBUG: checking QuickCommerce\Adapter\OC2\Service\Oc2OrderService [] []
[2017-09-10 00:16:54] pos_logger.DEBUG: class found [] []
[2017-09-10 00:16:54] pos_logger.DEBUG: checking QuickCommerce\Adapter\OC2\Service\Oc2OrderService [] []
[2017-09-10 00:16:54] pos_logger.DEBUG: class found [] []
[2017-09-10 00:16:54] pos_logger.DEBUG: checking QuickCommerce\Adapter\OC2\Service\Oc2OrderService [] []
[2017-09-10 00:16:54] pos_logger.DEBUG: class found [] []
[2017-09-10 00:41:54] pos_logger.DEBUG: checking QuickCommerce\Adapter\OC2\Service\Oc2ReferenceDataService [] []
[2017-09-10 00:41:54] pos_logger.DEBUG: class found [] []
[2017-09-10 00:41:54] pos_logger.DEBUG: checking QuickCommerce\Adapter\OC2\Service\Oc2SettingsService [] []
[2017-09-10 00:41:54] pos_logger.DEBUG: class found [] []
[2017-09-10 00:41:55] pos_logger.DEBUG: checking QuickCommerce\Adapter\OC2\Service\Oc2OrderService [] []
[2017-09-10 00:41:55] pos_logger.DEBUG: class found [] []
[2017-09-10 00:41:56] pos_logger.DEBUG: checking QuickCommerce\Adapter\OC2\Service\Oc2OrderService [] []
[2017-09-10 00:41:56] pos_logger.DEBUG: class found [] []
[2017-09-10 00:41:56] pos_logger.DEBUG: checking QuickCommerce\Adapter\OC2\Service\Oc2OrderService [] []
[2017-09-10 00:41:56] pos_logger.DEBUG: class found [] []
[2017-09-10 00:41:56] pos_logger.DEBUG: checking QuickCommerce\Adapter\OC2\Service\Oc2OrderService [] []
[2017-09-10 00:41:56] pos_logger.DEBUG: class found [] []
[2017-09-10 00:41:57] pos_logger.DEBUG: checking QuickCommerce\Adapter\OC2\Service\Oc2OrderService [] []
[2017-09-10 00:41:57] pos_logger.DEBUG: class found [] []
[2017-09-10 00:41:57] pos_logger.DEBUG: checking QuickCommerce\Adapter\OC2\Service\Oc2OrderService [] []
[2017-09-10 00:41:57] pos_logger.DEBUG: checking QuickCommerce\Adapter\OC2\Service\Oc2OrderService [] []
[2017-09-10 00:41:57] pos_logger.DEBUG: class found [] []
[2017-09-10 00:41:57] pos_logger.DEBUG: class found [] []
[2017-09-10 00:58:57] pos_logger.DEBUG: checking QuickCommerce\Adapter\OC2\Service\Oc2ReferenceDataService [] []
[2017-09-10 00:58:57] pos_logger.DEBUG: class found [] []
[2017-09-10 00:58:57] pos_logger.DEBUG: checking QuickCommerce\Adapter\OC2\Service\Oc2SettingsService [] []
[2017-09-10 00:58:57] pos_logger.DEBUG: class found [] []
[2017-09-10 00:58:58] pos_logger.DEBUG: checking QuickCommerce\Adapter\OC2\Service\Oc2OrderService [] []
[2017-09-10 00:58:58] pos_logger.DEBUG: class found [] []
[2017-09-10 00:58:59] pos_logger.DEBUG: checking QuickCommerce\Adapter\OC2\Service\Oc2OrderService [] []
[2017-09-10 00:58:59] pos_logger.DEBUG: checking QuickCommerce\Adapter\OC2\Service\Oc2OrderService [] []
[2017-09-10 00:58:59] pos_logger.DEBUG: checking QuickCommerce\Adapter\OC2\Service\Oc2OrderService [] []
[2017-09-10 00:58:59] pos_logger.DEBUG: class found [] []
[2017-09-10 00:58:59] pos_logger.DEBUG: class found [] []
[2017-09-10 00:58:59] pos_logger.DEBUG: class found [] []
[2017-09-10 00:59:00] pos_logger.DEBUG: checking QuickCommerce\Adapter\OC2\Service\Oc2OrderService [] []
[2017-09-10 00:59:00] pos_logger.DEBUG: class found [] []
[2017-09-10 00:59:00] pos_logger.DEBUG: checking QuickCommerce\Adapter\OC2\Service\Oc2OrderService [] []
[2017-09-10 00:59:00] pos_logger.DEBUG: class found [] []
[2017-09-10 00:59:00] pos_logger.DEBUG: checking QuickCommerce\Adapter\OC2\Service\Oc2OrderService [] []
[2017-09-10 00:59:00] pos_logger.DEBUG: class found [] []
[2017-09-10 01:03:04] pos_logger.DEBUG: checking QuickCommerce\Adapter\OC2\Service\Oc2ReferenceDataService [] []
[2017-09-10 01:03:04] pos_logger.DEBUG: class found [] []
[2017-09-10 01:03:04] pos_logger.DEBUG: checking QuickCommerce\Adapter\OC2\Service\Oc2SettingsService [] []
[2017-09-10 01:03:04] pos_logger.DEBUG: class found [] []
[2017-09-10 01:03:05] pos_logger.DEBUG: checking QuickCommerce\Adapter\OC2\Service\Oc2OrderService [] []
[2017-09-10 01:03:05] pos_logger.DEBUG: class found [] []
[2017-09-10 01:03:06] pos_logger.DEBUG: checking QuickCommerce\Adapter\OC2\Service\Oc2OrderService [] []
[2017-09-10 01:03:06] pos_logger.DEBUG: checking QuickCommerce\Adapter\OC2\Service\Oc2OrderService [] []
[2017-09-10 01:03:06] pos_logger.DEBUG: checking QuickCommerce\Adapter\OC2\Service\Oc2OrderService [] []
[2017-09-10 01:03:06] pos_logger.DEBUG: class found [] []
[2017-09-10 01:03:06] pos_logger.DEBUG: class found [] []
[2017-09-10 01:03:06] pos_logger.DEBUG: class found [] []
[2017-09-10 01:03:08] pos_logger.DEBUG: checking QuickCommerce\Adapter\OC2\Service\Oc2OrderService [] []
[2017-09-10 01:03:08] pos_logger.DEBUG: class found [] []
[2017-09-10 01:03:08] pos_logger.DEBUG: checking QuickCommerce\Adapter\OC2\Service\Oc2OrderService [] []
[2017-09-10 01:03:08] pos_logger.DEBUG: class found [] []
[2017-09-10 01:03:08] pos_logger.DEBUG: checking QuickCommerce\Adapter\OC2\Service\Oc2OrderService [] []
[2017-09-10 01:03:08] pos_logger.DEBUG: class found [] []
[2017-09-10 01:23:09] pos_logger.DEBUG: checking QuickCommerce\Adapter\OC2\Service\Oc2ReferenceDataService [] []
[2017-09-10 01:23:09] pos_logger.DEBUG: class found [] []
[2017-09-10 01:23:10] pos_logger.DEBUG: checking QuickCommerce\Adapter\OC2\Service\Oc2SettingsService [] []
[2017-09-10 01:23:10] pos_logger.DEBUG: class found [] []
[2017-09-10 01:23:10] pos_logger.DEBUG: checking QuickCommerce\Adapter\OC2\Service\Oc2OrderService [] []
[2017-09-10 01:23:11] pos_logger.DEBUG: class found [] []
[2017-09-10 01:24:05] pos_logger.DEBUG: checking QuickCommerce\Adapter\OC2\Service\Oc2ReferenceDataService [] []
[2017-09-10 01:24:05] pos_logger.DEBUG: class found [] []
[2017-09-10 01:24:05] pos_logger.DEBUG: checking QuickCommerce\Adapter\OC2\Service\Oc2SettingsService [] []
[2017-09-10 01:24:05] pos_logger.DEBUG: class found [] []
[2017-09-10 01:24:06] pos_logger.DEBUG: checking QuickCommerce\Adapter\OC2\Service\Oc2OrderService [] []
[2017-09-10 01:24:06] pos_logger.DEBUG: class found [] []
[2017-09-10 01:24:07] pos_logger.DEBUG: checking QuickCommerce\Adapter\OC2\Service\Oc2OrderService [] []
[2017-09-10 01:24:07] pos_logger.DEBUG: checking QuickCommerce\Adapter\OC2\Service\Oc2OrderService [] []
[2017-09-10 01:24:07] pos_logger.DEBUG: checking QuickCommerce\Adapter\OC2\Service\Oc2OrderService [] []
[2017-09-10 01:24:07] pos_logger.DEBUG: class found [] []
[2017-09-10 01:24:07] pos_logger.DEBUG: class found [] []
[2017-09-10 01:24:07] pos_logger.DEBUG: class found [] []
[2017-09-10 01:24:08] pos_logger.DEBUG: checking QuickCommerce\Adapter\OC2\Service\Oc2OrderService [] []
[2017-09-10 01:24:08] pos_logger.DEBUG: class found [] []
[2017-09-10 01:24:08] pos_logger.DEBUG: checking QuickCommerce\Adapter\OC2\Service\Oc2OrderService [] []
[2017-09-10 01:24:08] pos_logger.DEBUG: class found [] []
[2017-09-10 01:24:08] pos_logger.DEBUG: checking QuickCommerce\Adapter\OC2\Service\Oc2OrderService [] []
[2017-09-10 01:24:08] pos_logger.DEBUG: class found [] []
[2017-09-10 18:41:27] pos_logger.DEBUG: checking QuickCommerce\Adapter\OC2\Service\Oc2ReferenceDataService [] []
[2017-09-10 18:41:27] pos_logger.DEBUG: class found [] []
[2017-09-10 18:41:28] pos_logger.DEBUG: checking QuickCommerce\Adapter\OC2\Service\Oc2SettingsService [] []
[2017-09-10 18:41:28] pos_logger.DEBUG: class found [] []
[2017-09-10 18:41:28] pos_logger.DEBUG: checking QuickCommerce\Adapter\OC2\Service\Oc2OrderService [] []
[2017-09-10 18:41:28] pos_logger.DEBUG: class found [] []
[2017-09-10 18:41:50] pos_logger.DEBUG: checking QuickCommerce\Adapter\OC2\Service\Oc2ReferenceDataService [] []
[2017-09-10 18:41:50] pos_logger.DEBUG: class found [] []
[2017-09-10 18:41:51] pos_logger.DEBUG: checking QuickCommerce\Adapter\OC2\Service\Oc2SettingsService [] []
[2017-09-10 18:41:51] pos_logger.DEBUG: class found [] []
[2017-09-10 18:41:51] pos_logger.DEBUG: checking QuickCommerce\Adapter\OC2\Service\Oc2OrderService [] []
[2017-09-10 18:41:51] pos_logger.DEBUG: class found [] []
[2017-09-10 18:42:14] pos_logger.DEBUG: checking QuickCommerce\Adapter\OC2\Service\Oc2ReferenceDataService [] []
[2017-09-10 18:42:14] pos_logger.DEBUG: class found [] []
[2017-09-10 18:42:14] pos_logger.DEBUG: checking QuickCommerce\Adapter\OC2\Service\Oc2SettingsService [] []
[2017-09-10 18:42:14] pos_logger.DEBUG: class found [] []
[2017-09-10 18:42:15] pos_logger.DEBUG: checking QuickCommerce\Adapter\OC2\Service\Oc2OrderService [] []
[2017-09-10 18:42:15] pos_logger.DEBUG: class found [] []
[2017-09-10 18:46:30] pos_logger.DEBUG: checking QuickCommerce\Adapter\OC2\Service\Oc2OrderService [] []
[2017-09-10 18:46:30] pos_logger.DEBUG: checking QuickCommerce\Adapter\OC2\Service\Oc2OrderService [] []
[2017-09-10 18:46:30] pos_logger.DEBUG: checking QuickCommerce\Adapter\OC2\Service\Oc2OrderService [] []
[2017-09-10 18:46:30] pos_logger.DEBUG: class found [] []
[2017-09-10 18:46:30] pos_logger.DEBUG: class found [] []
[2017-09-10 18:46:30] pos_logger.DEBUG: class found [] []
[2017-09-10 18:46:31] pos_logger.DEBUG: checking QuickCommerce\Adapter\OC2\Service\Oc2CustomerService [] []
[2017-09-10 18:46:31] pos_logger.DEBUG: class found [] []
[2017-09-10 18:46:31] pos_logger.DEBUG: checking QuickCommerce\Adapter\OC2\Service\Oc2CustomerService [] []
[2017-09-10 18:46:31] pos_logger.DEBUG: class found [] []
[2017-09-10 18:46:31] pos_logger.DEBUG: checking QuickCommerce\Adapter\OC2\Service\Oc2CustomerService [] []
[2017-09-10 18:46:31] pos_logger.DEBUG: class found [] []
[2017-09-10 18:46:31] pos_logger.DEBUG: QuickCommerce\Model\View\PosCustomerDetails Object (     [customer:protected] => QuickCommerce\Model\Core\Customer\PosCustomer Object         (             [customerId:protected] => 1             [customerGroupId:protected] => 1             [firstname:protected] => ACE             [lastname:protected] => Cashier             [email:protected] => lucaslopatka@gmail.com             [telephone:protected] => 666-666-6666             [fax:protected] =>              [password:protected] => 91c725418eae5f87b72dea4f8475b0133ddf9963             [salt:protected] => 06b0cf3bb             [newsletter:protected] =>              [addressId:protected] => 715             [status:protected] => 1             [approved:protected] => 1             [safe:protected] => 1             [token:protected] =>              [dateAdded:protected] => DateTime Object                 (                     [date] => 2017-06-21 18:31:46.000000                     [timezone_type] => 3                     [timezone] => MST                 )          )      [addresses:protected] => Array         (             [0] => QuickCommerce\Model\Core\Address\PosAddress Object                 (                     [addressId:protected] => 715                     [customerId:protected] => 1                     [firstname:protected] => ACE                     [lastname:protected] => Cashier                     [company:protected] =>                      [address1:protected] => 10055 80 Ave NW                     [address2:protected] =>                      [city:protected] => Edmonton                     [postcode:protected] => T6E 1T4                     [countryId:protected] => 38                     [zoneId:protected] => 602                 )          )  )  [] []
[2017-09-10 18:46:31] pos_logger.DEBUG: QuickCommerce\Model\View\PosCustomerDetails Object (     [customer:protected] => QuickCommerce\Model\Core\Customer\PosCustomer Object         (             [customerId:protected] => 1             [customerGroupId:protected] => 1             [firstname:protected] => ACE             [lastname:protected] => Cashier             [email:protected] => lucaslopatka@gmail.com             [telephone:protected] => 666-666-6666             [fax:protected] =>              [password:protected] => 91c725418eae5f87b72dea4f8475b0133ddf9963             [salt:protected] => 06b0cf3bb             [newsletter:protected] =>              [addressId:protected] => 715             [status:protected] => 1             [approved:protected] => 1             [safe:protected] => 1             [token:protected] =>              [dateAdded:protected] => DateTime Object                 (                     [date] => 2017-06-21 18:31:46.000000                     [timezone_type] => 3                     [timezone] => MST                 )          )      [addresses:protected] => Array         (             [0] => QuickCommerce\Model\Core\Address\PosAddress Object                 (                     [addressId:protected] => 715                     [customerId:protected] => 1                     [firstname:protected] => ACE                     [lastname:protected] => Cashier                     [company:protected] =>                      [address1:protected] => 10055 80 Ave NW                     [address2:protected] =>                      [city:protected] => Edmonton                     [postcode:protected] => T6E 1T4                     [countryId:protected] => 38                     [zoneId:protected] => 602                 )          )  )  [] []
[2017-09-10 18:46:31] pos_logger.DEBUG: QuickCommerce\Model\View\PosCustomerDetails Object (     [customer:protected] => QuickCommerce\Model\Core\Customer\PosCustomer Object         (             [customerId:protected] => 1             [customerGroupId:protected] => 1             [firstname:protected] => ACE             [lastname:protected] => Cashier             [email:protected] => lucaslopatka@gmail.com             [telephone:protected] => 666-666-6666             [fax:protected] =>              [password:protected] => 91c725418eae5f87b72dea4f8475b0133ddf9963             [salt:protected] => 06b0cf3bb             [newsletter:protected] =>              [addressId:protected] => 715             [status:protected] => 1             [approved:protected] => 1             [safe:protected] => 1             [token:protected] =>              [dateAdded:protected] => DateTime Object                 (                     [date] => 2017-06-21 18:31:46.000000                     [timezone_type] => 3                     [timezone] => MST                 )          )      [addresses:protected] => Array         (             [0] => QuickCommerce\Model\Core\Address\PosAddress Object                 (                     [addressId:protected] => 715                     [customerId:protected] => 1                     [firstname:protected] => ACE                     [lastname:protected] => Cashier                     [company:protected] =>                      [address1:protected] => 10055 80 Ave NW                     [address2:protected] =>                      [city:protected] => Edmonton                     [postcode:protected] => T6E 1T4                     [countryId:protected] => 38                     [zoneId:protected] => 602                 )          )  )  [] []
[2017-09-10 18:46:31] pos_logger.DEBUG: checking QuickCommerce\Adapter\OC2\Service\Oc2OrderService [] []
[2017-09-10 18:46:31] pos_logger.DEBUG: class found [] []
[2017-09-10 18:46:31] pos_logger.DEBUG: checking QuickCommerce\Adapter\OC2\Service\Oc2OrderService [] []
[2017-09-10 18:46:31] pos_logger.DEBUG: class found [] []
[2017-09-10 18:46:31] pos_logger.DEBUG: checking QuickCommerce\Adapter\OC2\Service\Oc2OrderService [] []
[2017-09-10 18:46:31] pos_logger.DEBUG: class found [] []
[2017-09-10 18:47:00] pos_logger.DEBUG: checking QuickCommerce\Adapter\OC2\Service\Oc2OrderService [] []
[2017-09-10 18:47:00] pos_logger.DEBUG: checking QuickCommerce\Adapter\OC2\Service\Oc2OrderService [] []
[2017-09-10 18:47:00] pos_logger.DEBUG: class found [] []
[2017-09-10 18:47:00] pos_logger.DEBUG: checking QuickCommerce\Adapter\OC2\Service\Oc2OrderService [] []
[2017-09-10 18:47:00] pos_logger.DEBUG: class found [] []
[2017-09-10 18:47:00] pos_logger.DEBUG: class found [] []
[2017-09-10 18:47:00] pos_logger.DEBUG: checking QuickCommerce\Adapter\OC2\Service\Oc2CustomerService [] []
[2017-09-10 18:47:00] pos_logger.DEBUG: checking QuickCommerce\Adapter\OC2\Service\Oc2CustomerService [] []
[2017-09-10 18:47:00] pos_logger.DEBUG: class found [] []
[2017-09-10 18:47:00] pos_logger.DEBUG: checking QuickCommerce\Adapter\OC2\Service\Oc2CustomerService [] []
[2017-09-10 18:47:00] pos_logger.DEBUG: class found [] []
[2017-09-10 18:47:00] pos_logger.DEBUG: class found [] []
[2017-09-10 18:47:00] pos_logger.DEBUG: QuickCommerce\Model\View\PosCustomerDetails Object (     [customer:protected] => QuickCommerce\Model\Core\Customer\PosCustomer Object         (             [customerId:protected] => 1             [customerGroupId:protected] => 1             [firstname:protected] => ACE             [lastname:protected] => Cashier             [email:protected] => lucaslopatka@gmail.com             [telephone:protected] => 666-666-6666             [fax:protected] =>              [password:protected] => 91c725418eae5f87b72dea4f8475b0133ddf9963             [salt:protected] => 06b0cf3bb             [newsletter:protected] =>              [addressId:protected] => 715             [status:protected] => 1             [approved:protected] => 1             [safe:protected] => 1             [token:protected] =>              [dateAdded:protected] => DateTime Object                 (                     [date] => 2017-06-21 18:31:46.000000                     [timezone_type] => 3                     [timezone] => MST                 )          )      [addresses:protected] => Array         (             [0] => QuickCommerce\Model\Core\Address\PosAddress Object                 (                     [addressId:protected] => 715                     [customerId:protected] => 1                     [firstname:protected] => ACE                     [lastname:protected] => Cashier                     [company:protected] =>                      [address1:protected] => 10055 80 Ave NW                     [address2:protected] =>                      [city:protected] => Edmonton                     [postcode:protected] => T6E 1T4                     [countryId:protected] => 38                     [zoneId:protected] => 602                 )          )  )  [] []
[2017-09-10 18:47:00] pos_logger.DEBUG: QuickCommerce\Model\View\PosCustomerDetails Object (     [customer:protected] => QuickCommerce\Model\Core\Customer\PosCustomer Object         (             [customerId:protected] => 1             [customerGroupId:protected] => 1             [firstname:protected] => ACE             [lastname:protected] => Cashier             [email:protected] => lucaslopatka@gmail.com             [telephone:protected] => 666-666-6666             [fax:protected] =>              [password:protected] => 91c725418eae5f87b72dea4f8475b0133ddf9963             [salt:protected] => 06b0cf3bb             [newsletter:protected] =>              [addressId:protected] => 715             [status:protected] => 1             [approved:protected] => 1             [safe:protected] => 1             [token:protected] =>              [dateAdded:protected] => DateTime Object                 (                     [date] => 2017-06-21 18:31:46.000000                     [timezone_type] => 3                     [timezone] => MST                 )          )      [addresses:protected] => Array         (             [0] => QuickCommerce\Model\Core\Address\PosAddress Object                 (                     [addressId:protected] => 715                     [customerId:protected] => 1                     [firstname:protected] => ACE                     [lastname:protected] => Cashier                     [company:protected] =>                      [address1:protected] => 10055 80 Ave NW                     [address2:protected] =>                      [city:protected] => Edmonton                     [postcode:protected] => T6E 1T4                     [countryId:protected] => 38                     [zoneId:protected] => 602                 )          )  )  [] []
[2017-09-10 18:47:00] pos_logger.DEBUG: QuickCommerce\Model\View\PosCustomerDetails Object (     [customer:protected] => QuickCommerce\Model\Core\Customer\PosCustomer Object         (             [customerId:protected] => 1             [customerGroupId:protected] => 1             [firstname:protected] => ACE             [lastname:protected] => Cashier             [email:protected] => lucaslopatka@gmail.com             [telephone:protected] => 666-666-6666             [fax:protected] =>              [password:protected] => 91c725418eae5f87b72dea4f8475b0133ddf9963             [salt:protected] => 06b0cf3bb             [newsletter:protected] =>              [addressId:protected] => 715             [status:protected] => 1             [approved:protected] => 1             [safe:protected] => 1             [token:protected] =>              [dateAdded:protected] => DateTime Object                 (                     [date] => 2017-06-21 18:31:46.000000                     [timezone_type] => 3                     [timezone] => MST                 )          )      [addresses:protected] => Array         (             [0] => QuickCommerce\Model\Core\Address\PosAddress Object                 (                     [addressId:protected] => 715                     [customerId:protected] => 1                     [firstname:protected] => ACE                     [lastname:protected] => Cashier                     [company:protected] =>                      [address1:protected] => 10055 80 Ave NW                     [address2:protected] =>                      [city:protected] => Edmonton                     [postcode:protected] => T6E 1T4                     [countryId:protected] => 38                     [zoneId:protected] => 602                 )          )  )  [] []
[2017-09-10 18:47:01] pos_logger.DEBUG: checking QuickCommerce\Adapter\OC2\Service\Oc2OrderService [] []
[2017-09-10 18:47:01] pos_logger.DEBUG: class found [] []
[2017-09-10 18:47:01] pos_logger.DEBUG: checking QuickCommerce\Adapter\OC2\Service\Oc2OrderService [] []
[2017-09-10 18:47:01] pos_logger.DEBUG: class found [] []
[2017-09-10 18:47:02] pos_logger.DEBUG: checking QuickCommerce\Adapter\OC2\Service\Oc2OrderService [] []
[2017-09-10 18:47:02] pos_logger.DEBUG: class found [] []
[2017-09-10 18:47:18] pos_logger.DEBUG: checking QuickCommerce\Adapter\OC2\Service\Oc2ReferenceDataService [] []
[2017-09-10 18:47:18] pos_logger.DEBUG: class found [] []
[2017-09-10 18:47:18] pos_logger.DEBUG: checking QuickCommerce\Adapter\OC2\Service\Oc2SettingsService [] []
[2017-09-10 18:47:18] pos_logger.DEBUG: class found [] []
[2017-09-10 18:47:19] pos_logger.DEBUG: checking QuickCommerce\Adapter\OC2\Service\Oc2OrderService [] []
[2017-09-10 18:47:19] pos_logger.DEBUG: class found [] []
[2017-09-10 18:47:24] pos_logger.DEBUG: checking QuickCommerce\Adapter\OC2\Service\Oc2OrderService [] []
[2017-09-10 18:47:24] pos_logger.DEBUG: class found [] []
[2017-09-10 18:47:24] pos_logger.DEBUG: checking QuickCommerce\Adapter\OC2\Service\Oc2OrderService [] []
[2017-09-10 18:47:24] pos_logger.DEBUG: class found [] []
[2017-09-10 18:47:24] pos_logger.DEBUG: checking QuickCommerce\Adapter\OC2\Service\Oc2OrderService [] []
[2017-09-10 18:47:24] pos_logger.DEBUG: class found [] []
[2017-09-10 18:47:24] pos_logger.DEBUG: checking QuickCommerce\Adapter\OC2\Service\Oc2CustomerService [] []
[2017-09-10 18:47:24] pos_logger.DEBUG: class found [] []
[2017-09-10 18:47:24] pos_logger.DEBUG: checking QuickCommerce\Adapter\OC2\Service\Oc2CustomerService [] []
[2017-09-10 18:47:24] pos_logger.DEBUG: class found [] []
[2017-09-10 18:47:24] pos_logger.DEBUG: checking QuickCommerce\Adapter\OC2\Service\Oc2CustomerService [] []
[2017-09-10 18:47:24] pos_logger.DEBUG: class found [] []
[2017-09-10 18:47:24] pos_logger.DEBUG: QuickCommerce\Model\View\PosCustomerDetails Object (     [customer:protected] => QuickCommerce\Model\Core\Customer\PosCustomer Object         (             [customerId:protected] => 1             [customerGroupId:protected] => 1             [firstname:protected] => ACE             [lastname:protected] => Cashier             [email:protected] => lucaslopatka@gmail.com             [telephone:protected] => 666-666-6666             [fax:protected] =>              [password:protected] => 91c725418eae5f87b72dea4f8475b0133ddf9963             [salt:protected] => 06b0cf3bb             [newsletter:protected] =>              [addressId:protected] => 715             [status:protected] => 1             [approved:protected] => 1             [safe:protected] => 1             [token:protected] =>              [dateAdded:protected] => DateTime Object                 (                     [date] => 2017-06-21 18:31:46.000000                     [timezone_type] => 3                     [timezone] => MST                 )          )      [addresses:protected] => Array         (             [0] => QuickCommerce\Model\Core\Address\PosAddress Object                 (                     [addressId:protected] => 715                     [customerId:protected] => 1                     [firstname:protected] => ACE                     [lastname:protected] => Cashier                     [company:protected] =>                      [address1:protected] => 10055 80 Ave NW                     [address2:protected] =>                      [city:protected] => Edmonton                     [postcode:protected] => T6E 1T4                     [countryId:protected] => 38                     [zoneId:protected] => 602                 )          )  )  [] []
[2017-09-10 18:47:24] pos_logger.DEBUG: QuickCommerce\Model\View\PosCustomerDetails Object (     [customer:protected] => QuickCommerce\Model\Core\Customer\PosCustomer Object         (             [customerId:protected] => 1             [customerGroupId:protected] => 1             [firstname:protected] => ACE             [lastname:protected] => Cashier             [email:protected] => lucaslopatka@gmail.com             [telephone:protected] => 666-666-6666             [fax:protected] =>              [password:protected] => 91c725418eae5f87b72dea4f8475b0133ddf9963             [salt:protected] => 06b0cf3bb             [newsletter:protected] =>              [addressId:protected] => 715             [status:protected] => 1             [approved:protected] => 1             [safe:protected] => 1             [token:protected] =>              [dateAdded:protected] => DateTime Object                 (                     [date] => 2017-06-21 18:31:46.000000                     [timezone_type] => 3                     [timezone] => MST                 )          )      [addresses:protected] => Array         (             [0] => QuickCommerce\Model\Core\Address\PosAddress Object                 (                     [addressId:protected] => 715                     [customerId:protected] => 1                     [firstname:protected] => ACE                     [lastname:protected] => Cashier                     [company:protected] =>                      [address1:protected] => 10055 80 Ave NW                     [address2:protected] =>                      [city:protected] => Edmonton                     [postcode:protected] => T6E 1T4                     [countryId:protected] => 38                     [zoneId:protected] => 602                 )          )  )  [] []
[2017-09-10 18:47:24] pos_logger.DEBUG: QuickCommerce\Model\View\PosCustomerDetails Object (     [customer:protected] => QuickCommerce\Model\Core\Customer\PosCustomer Object         (             [customerId:protected] => 1             [customerGroupId:protected] => 1             [firstname:protected] => ACE             [lastname:protected] => Cashier             [email:protected] => lucaslopatka@gmail.com             [telephone:protected] => 666-666-6666             [fax:protected] =>              [password:protected] => 91c725418eae5f87b72dea4f8475b0133ddf9963             [salt:protected] => 06b0cf3bb             [newsletter:protected] =>              [addressId:protected] => 715             [status:protected] => 1             [approved:protected] => 1             [safe:protected] => 1             [token:protected] =>              [dateAdded:protected] => DateTime Object                 (                     [date] => 2017-06-21 18:31:46.000000                     [timezone_type] => 3                     [timezone] => MST                 )          )      [addresses:protected] => Array         (             [0] => QuickCommerce\Model\Core\Address\PosAddress Object                 (                     [addressId:protected] => 715                     [customerId:protected] => 1                     [firstname:protected] => ACE                     [lastname:protected] => Cashier                     [company:protected] =>                      [address1:protected] => 10055 80 Ave NW                     [address2:protected] =>                      [city:protected] => Edmonton                     [postcode:protected] => T6E 1T4                     [countryId:protected] => 38                     [zoneId:protected] => 602                 )          )  )  [] []
[2017-09-10 18:47:25] pos_logger.DEBUG: checking QuickCommerce\Adapter\OC2\Service\Oc2OrderService [] []
[2017-09-10 18:47:25] pos_logger.DEBUG: class found [] []
[2017-09-10 18:47:25] pos_logger.DEBUG: checking QuickCommerce\Adapter\OC2\Service\Oc2OrderService [] []
[2017-09-10 18:47:25] pos_logger.DEBUG: class found [] []
[2017-09-10 18:47:25] pos_logger.DEBUG: checking QuickCommerce\Adapter\OC2\Service\Oc2OrderService [] []
[2017-09-10 18:47:25] pos_logger.DEBUG: class found [] []
[2017-09-10 18:51:01] pos_logger.DEBUG: checking QuickCommerce\Adapter\OC2\Service\Oc2OrderService [] []
[2017-09-10 18:51:01] pos_logger.DEBUG: class found [] []
[2017-09-10 18:51:01] pos_logger.DEBUG: checking QuickCommerce\Adapter\OC2\Service\Oc2OrderService [] []
[2017-09-10 18:51:01] pos_logger.DEBUG: class found [] []
[2017-09-10 18:51:01] pos_logger.DEBUG: checking QuickCommerce\Adapter\OC2\Service\Oc2OrderService [] []
[2017-09-10 18:51:01] pos_logger.DEBUG: class found [] []
[2017-09-10 18:51:01] pos_logger.DEBUG: checking QuickCommerce\Adapter\OC2\Service\Oc2CustomerService [] []
[2017-09-10 18:51:01] pos_logger.DEBUG: class found [] []
[2017-09-10 18:51:01] pos_logger.DEBUG: checking QuickCommerce\Adapter\OC2\Service\Oc2CustomerService [] []
[2017-09-10 18:51:01] pos_logger.DEBUG: class found [] []
[2017-09-10 18:51:01] pos_logger.DEBUG: checking QuickCommerce\Adapter\OC2\Service\Oc2CustomerService [] []
[2017-09-10 18:51:01] pos_logger.DEBUG: class found [] []
[2017-09-10 18:51:01] pos_logger.DEBUG: QuickCommerce\Model\View\PosCustomerDetails Object (     [customer:protected] => QuickCommerce\Model\Core\Customer\PosCustomer Object         (             [customerId:protected] => 2             [customerGroupId:protected] => 1             [firstname:protected] => Steve             [lastname:protected] => Johnson             [email:protected] => test@testcompany.com             [telephone:protected] => 555-888-2244             [fax:protected] =>              [password:protected] => 4baf9eab8e62c73ee95b7306ba2b1fd91d40f81b             [salt:protected] => a09e7609a             [newsletter:protected] =>              [addressId:protected] => 714             [status:protected] => 1             [approved:protected] => 1             [safe:protected] => 1             [token:protected] =>              [dateAdded:protected] => DateTime Object                 (                     [date] => 2017-06-25 14:46:13.000000                     [timezone_type] => 3                     [timezone] => MST                 )          )      [addresses:protected] => Array         (             [0] => QuickCommerce\Model\Core\Address\PosAddress Object                 (                     [addressId:protected] => 714                     [customerId:protected] => 2                     [firstname:protected] => Steve                     [lastname:protected] => Johnson                     [company:protected] =>                      [address1:protected] => 123 Some Street NW                     [address2:protected] => More Info 2                     [city:protected] => Edmonton                     [postcode:protected] => T5T 1T1                     [countryId:protected] => 38                     [zoneId:protected] => 602                 )          )  )  [] []
[2017-09-10 18:51:01] pos_logger.DEBUG: QuickCommerce\Model\View\PosCustomerDetails Object (     [customer:protected] => QuickCommerce\Model\Core\Customer\PosCustomer Object         (             [customerId:protected] => 2             [customerGroupId:protected] => 1             [firstname:protected] => Steve             [lastname:protected] => Johnson             [email:protected] => test@testcompany.com             [telephone:protected] => 555-888-2244             [fax:protected] =>              [password:protected] => 4baf9eab8e62c73ee95b7306ba2b1fd91d40f81b             [salt:protected] => a09e7609a             [newsletter:protected] =>              [addressId:protected] => 714             [status:protected] => 1             [approved:protected] => 1             [safe:protected] => 1             [token:protected] =>              [dateAdded:protected] => DateTime Object                 (                     [date] => 2017-06-25 14:46:13.000000                     [timezone_type] => 3                     [timezone] => MST                 )          )      [addresses:protected] => Array         (             [0] => QuickCommerce\Model\Core\Address\PosAddress Object                 (                     [addressId:protected] => 714                     [customerId:protected] => 2                     [firstname:protected] => Steve                     [lastname:protected] => Johnson                     [company:protected] =>                      [address1:protected] => 123 Some Street NW                     [address2:protected] => More Info 2                     [city:protected] => Edmonton                     [postcode:protected] => T5T 1T1                     [countryId:protected] => 38                     [zoneId:protected] => 602                 )          )  )  [] []
[2017-09-10 18:51:01] pos_logger.DEBUG: QuickCommerce\Model\View\PosCustomerDetails Object (     [customer:protected] => QuickCommerce\Model\Core\Customer\PosCustomer Object         (             [customerId:protected] => 2             [customerGroupId:protected] => 1             [firstname:protected] => Steve             [lastname:protected] => Johnson             [email:protected] => test@testcompany.com             [telephone:protected] => 555-888-2244             [fax:protected] =>              [password:protected] => 4baf9eab8e62c73ee95b7306ba2b1fd91d40f81b             [salt:protected] => a09e7609a             [newsletter:protected] =>              [addressId:protected] => 714             [status:protected] => 1             [approved:protected] => 1             [safe:protected] => 1             [token:protected] =>              [dateAdded:protected] => DateTime Object                 (                     [date] => 2017-06-25 14:46:13.000000                     [timezone_type] => 3                     [timezone] => MST                 )          )      [addresses:protected] => Array         (             [0] => QuickCommerce\Model\Core\Address\PosAddress Object                 (                     [addressId:protected] => 714                     [customerId:protected] => 2                     [firstname:protected] => Steve                     [lastname:protected] => Johnson                     [company:protected] =>                      [address1:protected] => 123 Some Street NW                     [address2:protected] => More Info 2                     [city:protected] => Edmonton                     [postcode:protected] => T5T 1T1                     [countryId:protected] => 38                     [zoneId:protected] => 602                 )          )  )  [] []
[2017-09-10 18:51:02] pos_logger.DEBUG: checking QuickCommerce\Adapter\OC2\Service\Oc2OrderService [] []
[2017-09-10 18:51:02] pos_logger.DEBUG: class found [] []
[2017-09-10 18:51:02] pos_logger.DEBUG: checking QuickCommerce\Adapter\OC2\Service\Oc2OrderService [] []
[2017-09-10 18:51:02] pos_logger.DEBUG: class found [] []
[2017-09-10 18:51:02] pos_logger.DEBUG: checking QuickCommerce\Adapter\OC2\Service\Oc2OrderService [] []
[2017-09-10 18:51:02] pos_logger.DEBUG: class found [] []
[2017-09-10 18:52:13] pos_logger.DEBUG: checking QuickCommerce\Adapter\OC2\Service\Oc2OrderService [] []
[2017-09-10 18:52:13] pos_logger.DEBUG: checking QuickCommerce\Adapter\OC2\Service\Oc2OrderService [] []
[2017-09-10 18:52:13] pos_logger.DEBUG: class found [] []
[2017-09-10 18:52:13] pos_logger.DEBUG: class found [] []
[2017-09-10 18:52:13] pos_logger.DEBUG: checking QuickCommerce\Adapter\OC2\Service\Oc2CustomerService [] []
[2017-09-10 18:52:13] pos_logger.DEBUG: class found [] []
[2017-09-10 18:52:13] pos_logger.DEBUG: QuickCommerce\Model\View\PosCustomerDetails Object (     [customer:protected] => QuickCommerce\Model\Core\Customer\PosCustomer Object         (             [customerId:protected] => 2             [customerGroupId:protected] => 1             [firstname:protected] => Steve             [lastname:protected] => Johnson             [email:protected] => test@testcompany.com             [telephone:protected] => 555-888-2244             [fax:protected] =>              [password:protected] => 4baf9eab8e62c73ee95b7306ba2b1fd91d40f81b             [salt:protected] => a09e7609a             [newsletter:protected] =>              [addressId:protected] => 714             [status:protected] => 1             [approved:protected] => 1             [safe:protected] => 1             [token:protected] =>              [dateAdded:protected] => DateTime Object                 (                     [date] => 2017-06-25 14:46:13.000000                     [timezone_type] => 3                     [timezone] => MST                 )          )      [addresses:protected] => Array         (             [0] => QuickCommerce\Model\Core\Address\PosAddress Object                 (                     [addressId:protected] => 714                     [customerId:protected] => 2                     [firstname:protected] => Steve                     [lastname:protected] => Johnson                     [company:protected] =>                      [address1:protected] => 123 Some Street NW                     [address2:protected] => More Info 2                     [city:protected] => Edmonton                     [postcode:protected] => T5T 1T1                     [countryId:protected] => 38                     [zoneId:protected] => 602                 )          )  )  [] []
[2017-09-10 18:52:14] pos_logger.DEBUG: checking QuickCommerce\Adapter\OC2\Service\Oc2OrderService [] []
[2017-09-10 18:52:14] pos_logger.DEBUG: class found [] []
[2017-09-10 18:52:14] pos_logger.DEBUG: checking QuickCommerce\Adapter\OC2\Service\Oc2OrderService [] []
[2017-09-10 18:52:14] pos_logger.DEBUG: class found [] []
[2017-09-10 20:50:45] pos_logger.DEBUG: checking QuickCommerce\Adapter\OC2\Service\Oc2ReferenceDataService [] []
[2017-09-10 20:50:45] pos_logger.DEBUG: class found [] []
[2017-09-10 20:50:45] pos_logger.DEBUG: checking QuickCommerce\Adapter\OC2\Service\Oc2SettingsService [] []
[2017-09-10 20:50:45] pos_logger.DEBUG: class found [] []
[2017-09-10 20:50:47] pos_logger.DEBUG: checking QuickCommerce\Adapter\OC2\Service\Oc2OrderService [] []
[2017-09-10 20:50:47] pos_logger.DEBUG: class found [] []
[2017-09-10 20:50:47] pos_logger.DEBUG: checking QuickCommerce\Adapter\OC2\Service\Oc2OrderService [] []
[2017-09-10 20:50:47] pos_logger.DEBUG: class found [] []
[2017-09-10 20:50:48] pos_logger.DEBUG: checking QuickCommerce\Adapter\OC2\Service\Oc2OrderService [] []
[2017-09-10 20:50:48] pos_logger.DEBUG: class found [] []
[2017-09-10 20:50:48] pos_logger.DEBUG: checking QuickCommerce\Adapter\OC2\Service\Oc2OrderService [] []
[2017-09-10 20:50:48] pos_logger.DEBUG: class found [] []
[2017-09-10 20:50:48] pos_logger.DEBUG: checking QuickCommerce\Adapter\OC2\Service\Oc2OrderService [] []
[2017-09-10 20:50:48] pos_logger.DEBUG: class found [] []
[2017-09-10 20:50:49] pos_logger.DEBUG: checking QuickCommerce\Adapter\OC2\Service\Oc2OrderService [] []
[2017-09-10 20:50:49] pos_logger.DEBUG: class found [] []
[2017-09-10 20:50:49] pos_logger.DEBUG: checking QuickCommerce\Adapter\OC2\Service\Oc2OrderService [] []
[2017-09-10 20:50:49] pos_logger.DEBUG: class found [] []
[2017-09-10 20:50:55] pos_logger.DEBUG: checking QuickCommerce\Adapter\OC2\Service\Oc2OrderService [] []
[2017-09-10 20:50:55] pos_logger.DEBUG: class found [] []
[2017-09-10 20:50:55] pos_logger.DEBUG: checking QuickCommerce\Adapter\OC2\Service\Oc2OrderService [] []
[2017-09-10 20:50:55] pos_logger.DEBUG: class found [] []
[2017-09-10 20:50:55] pos_logger.DEBUG: checking QuickCommerce\Adapter\OC2\Service\Oc2CustomerService [] []
[2017-09-10 20:50:55] pos_logger.DEBUG: class found [] []
[2017-09-10 20:50:55] pos_logger.DEBUG: QuickCommerce\Model\View\PosCustomerDetails Object (     [customer:protected] => QuickCommerce\Model\Core\Customer\PosCustomer Object         (             [customerId:protected] => 1             [customerGroupId:protected] => 1             [firstname:protected] => ACE             [lastname:protected] => Cashier             [email:protected] => lucaslopatka@gmail.com             [telephone:protected] => 666-666-6666             [fax:protected] =>              [password:protected] => 91c725418eae5f87b72dea4f8475b0133ddf9963             [salt:protected] => 06b0cf3bb             [newsletter:protected] =>              [addressId:protected] => 715             [status:protected] => 1             [approved:protected] => 1             [safe:protected] => 1             [token:protected] =>              [dateAdded:protected] => DateTime Object                 (                     [date] => 2017-06-21 18:31:46.000000                     [timezone_type] => 3                     [timezone] => MST                 )          )      [addresses:protected] => Array         (             [0] => QuickCommerce\Model\Core\Address\PosAddress Object                 (                     [addressId:protected] => 715                     [customerId:protected] => 1                     [firstname:protected] => ACE                     [lastname:protected] => Cashier                     [company:protected] =>                      [address1:protected] => 10055 80 Ave NW                     [address2:protected] =>                      [city:protected] => Edmonton                     [postcode:protected] => T6E 1T4                     [countryId:protected] => 38                     [zoneId:protected] => 602                 )          )  )  [] []
[2017-09-10 20:50:55] pos_logger.DEBUG: checking QuickCommerce\Adapter\OC2\Service\Oc2OrderService [] []
[2017-09-10 20:50:55] pos_logger.DEBUG: class found [] []
[2017-09-10 20:50:55] pos_logger.DEBUG: checking QuickCommerce\Adapter\OC2\Service\Oc2CustomerService [] []
[2017-09-10 20:50:55] pos_logger.DEBUG: class found [] []
[2017-09-10 20:50:55] pos_logger.DEBUG: QuickCommerce\Model\View\PosCustomerDetails Object (     [customer:protected] => QuickCommerce\Model\Core\Customer\PosCustomer Object         (             [customerId:protected] => 1             [customerGroupId:protected] => 1             [firstname:protected] => ACE             [lastname:protected] => Cashier             [email:protected] => lucaslopatka@gmail.com             [telephone:protected] => 666-666-6666             [fax:protected] =>              [password:protected] => 91c725418eae5f87b72dea4f8475b0133ddf9963             [salt:protected] => 06b0cf3bb             [newsletter:protected] =>              [addressId:protected] => 715             [status:protected] => 1             [approved:protected] => 1             [safe:protected] => 1             [token:protected] =>              [dateAdded:protected] => DateTime Object                 (                     [date] => 2017-06-21 18:31:46.000000                     [timezone_type] => 3                     [timezone] => MST                 )          )      [addresses:protected] => Array         (             [0] => QuickCommerce\Model\Core\Address\PosAddress Object                 (                     [addressId:protected] => 715                     [customerId:protected] => 1                     [firstname:protected] => ACE                     [lastname:protected] => Cashier                     [company:protected] =>                      [address1:protected] => 10055 80 Ave NW                     [address2:protected] =>                      [city:protected] => Edmonton                     [postcode:protected] => T6E 1T4                     [countryId:protected] => 38                     [zoneId:protected] => 602                 )          )  )  [] []
[2017-09-10 20:50:56] pos_logger.DEBUG: checking QuickCommerce\Adapter\OC2\Service\Oc2OrderService [] []
[2017-09-10 20:50:56] pos_logger.DEBUG: class found [] []
[2017-09-10 20:50:56] pos_logger.DEBUG: checking QuickCommerce\Adapter\OC2\Service\Oc2OrderService [] []
[2017-09-10 20:50:56] pos_logger.DEBUG: class found [] []
[2017-09-10 20:50:56] pos_logger.DEBUG: checking QuickCommerce\Adapter\OC2\Service\Oc2OrderService [] []
[2017-09-10 20:50:56] pos_logger.DEBUG: class found [] []
[2017-09-10 20:51:51] pos_logger.DEBUG: checking QuickCommerce\Adapter\OC2\Service\Oc2ReferenceDataService [] []
[2017-09-10 20:51:51] pos_logger.DEBUG: class found [] []
[2017-09-10 20:51:51] pos_logger.DEBUG: checking QuickCommerce\Adapter\OC2\Service\Oc2SettingsService [] []
[2017-09-10 20:51:51] pos_logger.DEBUG: class found [] []
[2017-09-10 20:51:52] pos_logger.DEBUG: checking QuickCommerce\Adapter\OC2\Service\Oc2OrderService [] []
[2017-09-10 20:51:52] pos_logger.DEBUG: class found [] []
[2017-09-10 20:51:53] pos_logger.DEBUG: checking QuickCommerce\Adapter\OC2\Service\Oc2OrderService [] []
[2017-09-10 20:51:53] pos_logger.DEBUG: class found [] []
[2017-09-10 20:51:53] pos_logger.DEBUG: checking QuickCommerce\Adapter\OC2\Service\Oc2OrderService [] []
[2017-09-10 20:51:53] pos_logger.DEBUG: checking QuickCommerce\Adapter\OC2\Service\Oc2OrderService [] []
[2017-09-10 20:51:53] pos_logger.DEBUG: class found [] []
[2017-09-10 20:51:53] pos_logger.DEBUG: class found [] []
[2017-09-10 20:51:54] pos_logger.DEBUG: checking QuickCommerce\Adapter\OC2\Service\Oc2OrderService [] []
[2017-09-10 20:51:54] pos_logger.DEBUG: class found [] []
[2017-09-10 20:51:54] pos_logger.DEBUG: checking QuickCommerce\Adapter\OC2\Service\Oc2OrderService [] []
[2017-09-10 20:51:54] pos_logger.DEBUG: class found [] []
[2017-09-10 20:51:54] pos_logger.DEBUG: checking QuickCommerce\Adapter\OC2\Service\Oc2OrderService [] []
[2017-09-10 20:51:54] pos_logger.DEBUG: class found [] []
[2017-09-10 20:52:13] pos_logger.DEBUG: checking QuickCommerce\Adapter\OC2\Service\Oc2OrderService [] []
[2017-09-10 20:52:13] pos_logger.DEBUG: class found [] []
[2017-09-10 20:52:14] pos_logger.DEBUG: checking QuickCommerce\Adapter\OC2\Service\Oc2CustomerService [] []
[2017-09-10 20:52:14] pos_logger.DEBUG: class found [] []
[2017-09-10 20:52:14] pos_logger.DEBUG: QuickCommerce\Model\View\PosCustomerDetails Object (     [customer:protected] => QuickCommerce\Model\Core\Customer\PosCustomer Object         (             [customerId:protected] => 1             [customerGroupId:protected] => 1             [firstname:protected] => ACE             [lastname:protected] => Cashier             [email:protected] => lucaslopatka@gmail.com             [telephone:protected] => 666-666-6666             [fax:protected] =>              [password:protected] => 91c725418eae5f87b72dea4f8475b0133ddf9963             [salt:protected] => 06b0cf3bb             [newsletter:protected] =>              [addressId:protected] => 715             [status:protected] => 1             [approved:protected] => 1             [safe:protected] => 1             [token:protected] =>              [dateAdded:protected] => DateTime Object                 (                     [date] => 2017-06-21 18:31:46.000000                     [timezone_type] => 3                     [timezone] => MST                 )          )      [addresses:protected] => Array         (             [0] => QuickCommerce\Model\Core\Address\PosAddress Object                 (                     [addressId:protected] => 715                     [customerId:protected] => 1                     [firstname:protected] => ACE                     [lastname:protected] => Cashier                     [company:protected] =>                      [address1:protected] => 10055 80 Ave NW                     [address2:protected] =>                      [city:protected] => Edmonton                     [postcode:protected] => T6E 1T4                     [countryId:protected] => 38                     [zoneId:protected] => 602                 )          )  )  [] []
[2017-09-10 20:52:15] pos_logger.DEBUG: checking QuickCommerce\Adapter\OC2\Service\Oc2OrderService [] []
[2017-09-10 20:52:15] pos_logger.DEBUG: class found [] []
[2017-09-10 20:52:15] pos_logger.DEBUG: checking QuickCommerce\Adapter\OC2\Service\Oc2OrderService [] []
[2017-09-10 20:52:15] pos_logger.DEBUG: class found [] []
[2017-09-10 20:52:15] pos_logger.DEBUG: checking QuickCommerce\Adapter\OC2\Service\Oc2CustomerService [] []
[2017-09-10 20:52:15] pos_logger.DEBUG: class found [] []
[2017-09-10 20:52:15] pos_logger.DEBUG: checking QuickCommerce\Adapter\OC2\Service\Oc2OrderService [] []
[2017-09-10 20:52:15] pos_logger.DEBUG: checking QuickCommerce\Adapter\OC2\Service\Oc2CustomerService [] []
[2017-09-10 20:52:15] pos_logger.DEBUG: class found [] []
[2017-09-10 20:52:15] pos_logger.DEBUG: class found [] []
[2017-09-10 20:52:15] pos_logger.DEBUG: QuickCommerce\Model\View\PosCustomerDetails Object (     [customer:protected] => QuickCommerce\Model\Core\Customer\PosCustomer Object         (             [customerId:protected] => 1             [customerGroupId:protected] => 1             [firstname:protected] => ACE             [lastname:protected] => Cashier             [email:protected] => lucaslopatka@gmail.com             [telephone:protected] => 666-666-6666             [fax:protected] =>              [password:protected] => 91c725418eae5f87b72dea4f8475b0133ddf9963             [salt:protected] => 06b0cf3bb             [newsletter:protected] =>              [addressId:protected] => 715             [status:protected] => 1             [approved:protected] => 1             [safe:protected] => 1             [token:protected] =>              [dateAdded:protected] => DateTime Object                 (                     [date] => 2017-06-21 18:31:46.000000                     [timezone_type] => 3                     [timezone] => MST                 )          )      [addresses:protected] => Array         (             [0] => QuickCommerce\Model\Core\Address\PosAddress Object                 (                     [addressId:protected] => 715                     [customerId:protected] => 1                     [firstname:protected] => ACE                     [lastname:protected] => Cashier                     [company:protected] =>                      [address1:protected] => 10055 80 Ave NW                     [address2:protected] =>                      [city:protected] => Edmonton                     [postcode:protected] => T6E 1T4                     [countryId:protected] => 38                     [zoneId:protected] => 602                 )          )  )  [] []
[2017-09-10 20:52:15] pos_logger.DEBUG: QuickCommerce\Model\View\PosCustomerDetails Object (     [customer:protected] => QuickCommerce\Model\Core\Customer\PosCustomer Object         (             [customerId:protected] => 1             [customerGroupId:protected] => 1             [firstname:protected] => ACE             [lastname:protected] => Cashier             [email:protected] => lucaslopatka@gmail.com             [telephone:protected] => 666-666-6666             [fax:protected] =>              [password:protected] => 91c725418eae5f87b72dea4f8475b0133ddf9963             [salt:protected] => 06b0cf3bb             [newsletter:protected] =>              [addressId:protected] => 715             [status:protected] => 1             [approved:protected] => 1             [safe:protected] => 1             [token:protected] =>              [dateAdded:protected] => DateTime Object                 (                     [date] => 2017-06-21 18:31:46.000000                     [timezone_type] => 3                     [timezone] => MST                 )          )      [addresses:protected] => Array         (             [0] => QuickCommerce\Model\Core\Address\PosAddress Object                 (                     [addressId:protected] => 715                     [customerId:protected] => 1                     [firstname:protected] => ACE                     [lastname:protected] => Cashier                     [company:protected] =>                      [address1:protected] => 10055 80 Ave NW                     [address2:protected] =>                      [city:protected] => Edmonton                     [postcode:protected] => T6E 1T4                     [countryId:protected] => 38                     [zoneId:protected] => 602                 )          )  )  [] []
[2017-09-10 20:52:16] pos_logger.DEBUG: checking QuickCommerce\Adapter\OC2\Service\Oc2OrderService [] []
[2017-09-10 20:52:16] pos_logger.DEBUG: class found [] []
[2017-09-10 20:52:16] pos_logger.DEBUG: checking QuickCommerce\Adapter\OC2\Service\Oc2OrderService [] []
[2017-09-10 20:52:16] pos_logger.DEBUG: class found [] []
[2017-09-10 20:52:24] pos_logger.DEBUG: checking QuickCommerce\Adapter\OC2\Service\Oc2OrderService [] []
[2017-09-10 20:52:24] pos_logger.DEBUG: class found [] []
[2017-09-10 20:52:24] pos_logger.DEBUG: checking QuickCommerce\Adapter\OC2\Service\Oc2OrderService [] []
[2017-09-10 20:52:24] pos_logger.DEBUG: class found [] []
[2017-09-10 20:52:24] pos_logger.DEBUG: checking QuickCommerce\Adapter\OC2\Service\Oc2CustomerService [] []
[2017-09-10 20:52:24] pos_logger.DEBUG: class found [] []
[2017-09-10 20:52:24] pos_logger.DEBUG: QuickCommerce\Model\View\PosCustomerDetails Object (     [customer:protected] => QuickCommerce\Model\Core\Customer\PosCustomer Object         (             [customerId:protected] => 1             [customerGroupId:protected] => 1             [firstname:protected] => ACE             [lastname:protected] => Cashier             [email:protected] => lucaslopatka@gmail.com             [telephone:protected] => 666-666-6666             [fax:protected] =>              [password:protected] => 91c725418eae5f87b72dea4f8475b0133ddf9963             [salt:protected] => 06b0cf3bb             [newsletter:protected] =>              [addressId:protected] => 715             [status:protected] => 1             [approved:protected] => 1             [safe:protected] => 1             [token:protected] =>              [dateAdded:protected] => DateTime Object                 (                     [date] => 2017-06-21 18:31:46.000000                     [timezone_type] => 3                     [timezone] => MST                 )          )      [addresses:protected] => Array         (             [0] => QuickCommerce\Model\Core\Address\PosAddress Object                 (                     [addressId:protected] => 715                     [customerId:protected] => 1                     [firstname:protected] => ACE                     [lastname:protected] => Cashier                     [company:protected] =>                      [address1:protected] => 10055 80 Ave NW                     [address2:protected] =>                      [city:protected] => Edmonton                     [postcode:protected] => T6E 1T4                     [countryId:protected] => 38                     [zoneId:protected] => 602                 )          )  )  [] []
[2017-09-10 20:52:25] pos_logger.DEBUG: checking QuickCommerce\Adapter\OC2\Service\Oc2OrderService [] []
[2017-09-10 20:52:25] pos_logger.DEBUG: class found [] []
[2017-09-10 20:52:25] pos_logger.DEBUG: checking QuickCommerce\Adapter\OC2\Service\Oc2CustomerService [] []
[2017-09-10 20:52:25] pos_logger.DEBUG: class found [] []
[2017-09-10 20:52:25] pos_logger.DEBUG: QuickCommerce\Model\View\PosCustomerDetails Object (     [customer:protected] => QuickCommerce\Model\Core\Customer\PosCustomer Object         (             [customerId:protected] => 1             [customerGroupId:protected] => 1             [firstname:protected] => ACE             [lastname:protected] => Cashier             [email:protected] => lucaslopatka@gmail.com             [telephone:protected] => 666-666-6666             [fax:protected] =>              [password:protected] => 91c725418eae5f87b72dea4f8475b0133ddf9963             [salt:protected] => 06b0cf3bb             [newsletter:protected] =>              [addressId:protected] => 715             [status:protected] => 1             [approved:protected] => 1             [safe:protected] => 1             [token:protected] =>              [dateAdded:protected] => DateTime Object                 (                     [date] => 2017-06-21 18:31:46.000000                     [timezone_type] => 3                     [timezone] => MST                 )          )      [addresses:protected] => Array         (             [0] => QuickCommerce\Model\Core\Address\PosAddress Object                 (                     [addressId:protected] => 715                     [customerId:protected] => 1                     [firstname:protected] => ACE                     [lastname:protected] => Cashier                     [company:protected] =>                      [address1:protected] => 10055 80 Ave NW                     [address2:protected] =>                      [city:protected] => Edmonton                     [postcode:protected] => T6E 1T4                     [countryId:protected] => 38                     [zoneId:protected] => 602                 )          )  )  [] []
[2017-09-10 20:52:25] pos_logger.DEBUG: checking QuickCommerce\Adapter\OC2\Service\Oc2OrderService [] []
[2017-09-10 20:52:25] pos_logger.DEBUG: class found [] []
[2017-09-10 20:52:25] pos_logger.DEBUG: checking QuickCommerce\Adapter\OC2\Service\Oc2OrderService [] []
[2017-09-10 20:52:25] pos_logger.DEBUG: class found [] []
[2017-09-10 20:52:26] pos_logger.DEBUG: checking QuickCommerce\Adapter\OC2\Service\Oc2OrderService [] []
[2017-09-10 20:52:26] pos_logger.DEBUG: class found [] []
[2017-09-10 20:52:27] pos_logger.DEBUG: checking QuickCommerce\Adapter\OC2\Service\Oc2OrderService [] []
[2017-09-10 20:52:27] pos_logger.DEBUG: class found [] []
[2017-09-10 20:52:27] pos_logger.DEBUG: checking QuickCommerce\Adapter\OC2\Service\Oc2CustomerService [] []
[2017-09-10 20:52:27] pos_logger.DEBUG: class found [] []
[2017-09-10 20:52:27] pos_logger.DEBUG: QuickCommerce\Model\View\PosCustomerDetails Object (     [customer:protected] => QuickCommerce\Model\Core\Customer\PosCustomer Object         (             [customerId:protected] => 1             [customerGroupId:protected] => 1             [firstname:protected] => ACE             [lastname:protected] => Cashier             [email:protected] => lucaslopatka@gmail.com             [telephone:protected] => 666-666-6666             [fax:protected] =>              [password:protected] => 91c725418eae5f87b72dea4f8475b0133ddf9963             [salt:protected] => 06b0cf3bb             [newsletter:protected] =>              [addressId:protected] => 715             [status:protected] => 1             [approved:protected] => 1             [safe:protected] => 1             [token:protected] =>              [dateAdded:protected] => DateTime Object                 (                     [date] => 2017-06-21 18:31:46.000000                     [timezone_type] => 3                     [timezone] => MST                 )          )      [addresses:protected] => Array         (             [0] => QuickCommerce\Model\Core\Address\PosAddress Object                 (                     [addressId:protected] => 715                     [customerId:protected] => 1                     [firstname:protected] => ACE                     [lastname:protected] => Cashier                     [company:protected] =>                      [address1:protected] => 10055 80 Ave NW                     [address2:protected] =>                      [city:protected] => Edmonton                     [postcode:protected] => T6E 1T4                     [countryId:protected] => 38                     [zoneId:protected] => 602                 )          )  )  [] []
[2017-09-10 20:52:28] pos_logger.DEBUG: checking QuickCommerce\Adapter\OC2\Service\Oc2OrderService [] []
[2017-09-10 20:52:28] pos_logger.DEBUG: class found [] []
[2017-09-10 20:52:32] pos_logger.DEBUG: checking QuickCommerce\Adapter\OC2\Service\Oc2OrderService [] []
[2017-09-10 20:52:32] pos_logger.DEBUG: class found [] []
[2017-09-10 20:52:32] pos_logger.DEBUG: updating quantity with change 1 for productId  and productOptionValueIds Array (     [0] => 541     [1] => 538     [2] => 547 )  [] []
[2017-09-10 20:52:33] pos_logger.DEBUG: checking QuickCommerce\Adapter\OC2\Service\Oc2OrderService [] []
[2017-09-10 20:52:33] pos_logger.DEBUG: class found [] []
[2017-09-10 20:58:14] pos_logger.DEBUG: checking QuickCommerce\Adapter\OC2\Service\Oc2OrderService [] []
[2017-09-10 20:58:14] pos_logger.DEBUG: class found [] []
[2017-09-10 20:58:14] pos_logger.DEBUG: checking QuickCommerce\Adapter\OC2\Service\Oc2OrderService [] []
[2017-09-10 20:58:14] pos_logger.DEBUG: class found [] []
[2017-09-10 20:58:15] pos_logger.DEBUG: An order cannot be created using give data QuickCommerce\Model\View\PosOrderAction Object (     [action:protected] =>      [orderProductId:protected] =>      [orderProduct:protected] =>      [productId:protected] =>      [orderOptions:protected] => Array         (         )      [orderTaxRates:protected] => Array         (         )      [defaultSettings:protected] => Array         (         )      [quantityBefore:protected] =>      [quantityAfter:protected] =>      [shipping:protected] =>  )  [] []
[2017-09-10 20:58:15] pos_logger.DEBUG: #0 C:\wwwroot\quickcommerce-pos\vendor\quickcommerce\src\Adapter\Opencart2x\Service\Oc2OrderService.php(113): QuickCommerce\API\Exception\APIException::orderCannotBeCreated(Object(QuickCommerce\Model\View\PosOrderAction)) #1 C:\wwwroot\quickcommerce-pos\vendor\quickcommerce\src\Adapter\Opencart2x\Service\Oc2OrderService.php(140): QuickCommerce\Adapter\OC2\Service\Oc2OrderService->createOrder(Object(Doctrine\ORM\EntityManager), Object(QuickCommerce\Model\View\PosOrderAction)) #2 C:\wwwroot\quickcommerce-pos\vendor\quickcommerce\src\API\Service\AbstractOrderService.php(55): QuickCommerce\Adapter\OC2\Service\Oc2OrderService->modifyOrder('0', Object(QuickCommerce\Model\View\PosOrderAction)) #3 C:\wwwroot\quickcommerce-pos\vendor\quickcommerce\src\API\Application.php(221): QuickCommerce\API\Service\AbstractOrderService->patch(Array, '0', NULL) #4 C:\wwwroot\quickcommerce-pos\upload\qcapi\index.php(138): QuickCommerce\API\Application->partialUpdate('order', Array, '0') #5 [internal function]: Closure->{closure}(Object(Slim\Http\Request), Object(Slim\Http\Response), Array) #6 C:\wwwroot\quickcommerce-pos\vendor\slim\slim\Slim\Handlers\Strategies\RequestResponse.php(41): call_user_func(Object(Closure), Object(Slim\Http\Request), Object(Slim\Http\Response), Array) #7 C:\wwwroot\quickcommerce-pos\vendor\slim\slim\Slim\Route.php(344): Slim\Handlers\Strategies\RequestResponse->__invoke(Object(Closure), Object(Slim\Http\Request), Object(Slim\Http\Response), Array) #8 C:\wwwroot\quickcommerce-pos\vendor\slim\slim\Slim\MiddlewareAwareTrait.php(122): Slim\Route->__invoke(Object(Slim\Http\Request), Object(Slim\Http\Response)) #9 C:\wwwroot\quickcommerce-pos\vendor\slim\slim\Slim\Route.php(316): Slim\Route->callMiddlewareStack(Object(Slim\Http\Request), Object(Slim\Http\Response)) #10 C:\wwwroot\quickcommerce-pos\vendor\slim\slim\Slim\App.php(476): Slim\Route->run(Object(Slim\Http\Request), Object(Slim\Http\Response)) #11 C:\wwwroot\quickcommerce-pos\vendor\slim\slim\Slim\MiddlewareAwareTrait.php(122): Slim\App->__invoke(Object(Slim\Http\Request), Object(Slim\Http\Response)) #12 C:\wwwroot\quickcommerce-pos\vendor\slim\slim\Slim\App.php(370): Slim\App->callMiddlewareStack(Object(Slim\Http\Request), Object(Slim\Http\Response)) #13 C:\wwwroot\quickcommerce-pos\vendor\slim\slim\Slim\App.php(295): Slim\App->process(Object(Slim\Http\Request), Object(Slim\Http\Response)) #14 C:\wwwroot\quickcommerce-pos\upload\qcapi\index.php(229): Slim\App->run() #15 {main} [] []
[2017-09-10 20:58:15] pos_logger.DEBUG: checking QuickCommerce\Adapter\OC2\Service\Oc2OrderService [] []
[2017-09-10 20:58:15] pos_logger.DEBUG: class found [] []
[2017-09-10 20:58:25] pos_logger.DEBUG: checking QuickCommerce\Adapter\OC2\Service\Oc2OrderService [] []
[2017-09-10 20:58:25] pos_logger.DEBUG: class found [] []
[2017-09-10 20:58:31] pos_logger.DEBUG: checking QuickCommerce\Adapter\OC2\Service\Oc2OrderService [] []
[2017-09-10 20:58:31] pos_logger.DEBUG: class found [] []
[2017-09-10 20:58:32] pos_logger.DEBUG: checking QuickCommerce\Adapter\OC2\Service\Oc2OrderService [] []
[2017-09-10 20:58:32] pos_logger.DEBUG: class found [] []
[2017-09-10 20:58:42] pos_logger.DEBUG: checking QuickCommerce\Adapter\OC2\Service\Oc2OrderService [] []
[2017-09-10 20:58:42] pos_logger.DEBUG: class found [] []
[2017-09-10 20:58:43] pos_logger.DEBUG: checking QuickCommerce\Adapter\OC2\Service\Oc2OrderService [] []
[2017-09-10 20:58:43] pos_logger.DEBUG: class found [] []
[2017-09-10 20:58:43] pos_logger.DEBUG: An order cannot be created using give data QuickCommerce\Model\View\PosOrderAction Object (     [action:protected] =>      [orderProductId:protected] =>      [orderProduct:protected] =>      [productId:protected] =>      [orderOptions:protected] => Array         (         )      [orderTaxRates:protected] => Array         (         )      [defaultSettings:protected] => Array         (         )      [quantityBefore:protected] =>      [quantityAfter:protected] =>      [shipping:protected] =>  )  [] []
[2017-09-10 20:58:43] pos_logger.DEBUG: #0 C:\wwwroot\quickcommerce-pos\vendor\quickcommerce\src\Adapter\Opencart2x\Service\Oc2OrderService.php(113): QuickCommerce\API\Exception\APIException::orderCannotBeCreated(Object(QuickCommerce\Model\View\PosOrderAction)) #1 C:\wwwroot\quickcommerce-pos\vendor\quickcommerce\src\Adapter\Opencart2x\Service\Oc2OrderService.php(140): QuickCommerce\Adapter\OC2\Service\Oc2OrderService->createOrder(Object(Doctrine\ORM\EntityManager), Object(QuickCommerce\Model\View\PosOrderAction)) #2 C:\wwwroot\quickcommerce-pos\vendor\quickcommerce\src\API\Service\AbstractOrderService.php(55): QuickCommerce\Adapter\OC2\Service\Oc2OrderService->modifyOrder('0', Object(QuickCommerce\Model\View\PosOrderAction)) #3 C:\wwwroot\quickcommerce-pos\vendor\quickcommerce\src\API\Application.php(221): QuickCommerce\API\Service\AbstractOrderService->patch(Array, '0', NULL) #4 C:\wwwroot\quickcommerce-pos\upload\qcapi\index.php(138): QuickCommerce\API\Application->partialUpdate('order', Array, '0') #5 [internal function]: Closure->{closure}(Object(Slim\Http\Request), Object(Slim\Http\Response), Array) #6 C:\wwwroot\quickcommerce-pos\vendor\slim\slim\Slim\Handlers\Strategies\RequestResponse.php(41): call_user_func(Object(Closure), Object(Slim\Http\Request), Object(Slim\Http\Response), Array) #7 C:\wwwroot\quickcommerce-pos\vendor\slim\slim\Slim\Route.php(344): Slim\Handlers\Strategies\RequestResponse->__invoke(Object(Closure), Object(Slim\Http\Request), Object(Slim\Http\Response), Array) #8 C:\wwwroot\quickcommerce-pos\vendor\slim\slim\Slim\MiddlewareAwareTrait.php(122): Slim\Route->__invoke(Object(Slim\Http\Request), Object(Slim\Http\Response)) #9 C:\wwwroot\quickcommerce-pos\vendor\slim\slim\Slim\Route.php(316): Slim\Route->callMiddlewareStack(Object(Slim\Http\Request), Object(Slim\Http\Response)) #10 C:\wwwroot\quickcommerce-pos\vendor\slim\slim\Slim\App.php(476): Slim\Route->run(Object(Slim\Http\Request), Object(Slim\Http\Response)) #11 C:\wwwroot\quickcommerce-pos\vendor\slim\slim\Slim\MiddlewareAwareTrait.php(122): Slim\App->__invoke(Object(Slim\Http\Request), Object(Slim\Http\Response)) #12 C:\wwwroot\quickcommerce-pos\vendor\slim\slim\Slim\App.php(370): Slim\App->callMiddlewareStack(Object(Slim\Http\Request), Object(Slim\Http\Response)) #13 C:\wwwroot\quickcommerce-pos\vendor\slim\slim\Slim\App.php(295): Slim\App->process(Object(Slim\Http\Request), Object(Slim\Http\Response)) #14 C:\wwwroot\quickcommerce-pos\upload\qcapi\index.php(229): Slim\App->run() #15 {main} [] []
[2017-09-10 20:58:43] pos_logger.DEBUG: checking QuickCommerce\Adapter\OC2\Service\Oc2OrderService [] []
[2017-09-10 20:58:43] pos_logger.DEBUG: class found [] []
