[2017-07-25 00:00:39] pos_logger.DEBUG: checking QuickCommerce\Adapter\OC2\Service\Oc2ReferenceDataService [] []
[2017-07-25 00:00:39] pos_logger.DEBUG: class found [] []
[2017-07-25 00:00:39] pos_logger.DEBUG: checking QuickCommerce\Adapter\OC2\Service\Oc2SettingsService [] []
[2017-07-25 00:00:39] pos_logger.DEBUG: class found [] []
[2017-07-25 00:00:42] pos_logger.DEBUG: checking QuickCommerce\Adapter\OC2\Service\Oc2OrderService [] []
[2017-07-25 00:00:42] pos_logger.DEBUG: class found [] []
[2017-07-25 00:00:48] pos_logger.DEBUG: checking QuickCommerce\Adapter\OC2\Service\Oc2ReferenceDataService [] []
[2017-07-25 00:00:48] pos_logger.DEBUG: class found [] []
[2017-07-25 00:00:48] pos_logger.DEBUG: checking QuickCommerce\Adapter\OC2\Service\Oc2SettingsService [] []
[2017-07-25 00:00:48] pos_logger.DEBUG: class found [] []
[2017-07-25 00:00:49] pos_logger.DEBUG: checking QuickCommerce\Adapter\OC2\Service\Oc2OrderService [] []
[2017-07-25 00:00:49] pos_logger.DEBUG: class found [] []
[2017-07-25 00:00:54] pos_logger.DEBUG: checking QuickCommerce\Adapter\OC2\Service\Oc2ReferenceDataService [] []
[2017-07-25 00:00:54] pos_logger.DEBUG: class found [] []
[2017-07-25 00:00:54] pos_logger.DEBUG: checking QuickCommerce\Adapter\OC2\Service\Oc2SettingsService [] []
[2017-07-25 00:00:54] pos_logger.DEBUG: class found [] []
[2017-07-25 00:00:54] pos_logger.DEBUG: checking QuickCommerce\Adapter\OC2\Service\Oc2OrderService [] []
[2017-07-25 00:00:54] pos_logger.DEBUG: class found [] []
[2017-07-25 00:01:05] pos_logger.DEBUG: checking QuickCommerce\Adapter\OC2\Service\Oc2ReferenceDataService [] []
[2017-07-25 00:01:05] pos_logger.DEBUG: class found [] []
[2017-07-25 00:01:05] pos_logger.DEBUG: checking QuickCommerce\Adapter\OC2\Service\Oc2SettingsService [] []
[2017-07-25 00:01:05] pos_logger.DEBUG: class found [] []
[2017-07-25 00:01:06] pos_logger.DEBUG: checking QuickCommerce\Adapter\OC2\Service\Oc2OrderService [] []
[2017-07-25 00:01:06] pos_logger.DEBUG: class found [] []
[2017-07-25 00:01:59] pos_logger.DEBUG: checking QuickCommerce\Adapter\OC2\Service\Oc2ReferenceDataService [] []
[2017-07-25 00:01:59] pos_logger.DEBUG: class found [] []
[2017-07-25 00:01:59] pos_logger.DEBUG: checking QuickCommerce\Adapter\OC2\Service\Oc2SettingsService [] []
[2017-07-25 00:01:59] pos_logger.DEBUG: class found [] []
[2017-07-25 00:02:00] pos_logger.DEBUG: checking QuickCommerce\Adapter\OC2\Service\Oc2OrderService [] []
[2017-07-25 00:02:00] pos_logger.DEBUG: class found [] []
[2017-07-25 00:03:27] pos_logger.DEBUG: checking QuickCommerce\Adapter\OC2\Service\Oc2ReferenceDataService [] []
[2017-07-25 00:03:27] pos_logger.DEBUG: class found [] []
[2017-07-25 00:03:27] pos_logger.DEBUG: checking QuickCommerce\Adapter\OC2\Service\Oc2SettingsService [] []
[2017-07-25 00:03:27] pos_logger.DEBUG: class found [] []
[2017-07-25 00:03:28] pos_logger.DEBUG: checking QuickCommerce\Adapter\OC2\Service\Oc2OrderService [] []
[2017-07-25 00:03:28] pos_logger.DEBUG: class found [] []
[2017-07-25 00:03:43] pos_logger.DEBUG: checking QuickCommerce\Adapter\OC2\Service\Oc2ReferenceDataService [] []
[2017-07-25 00:03:43] pos_logger.DEBUG: class found [] []
[2017-07-25 00:03:43] pos_logger.DEBUG: checking QuickCommerce\Adapter\OC2\Service\Oc2SettingsService [] []
[2017-07-25 00:03:43] pos_logger.DEBUG: class found [] []
[2017-07-25 00:03:43] pos_logger.DEBUG: checking QuickCommerce\Adapter\OC2\Service\Oc2OrderService [] []
[2017-07-25 00:03:43] pos_logger.DEBUG: class found [] []
[2017-07-25 00:04:46] pos_logger.DEBUG: checking QuickCommerce\Adapter\OC2\Service\Oc2OrderService [] []
[2017-07-25 00:04:46] pos_logger.DEBUG: class found [] []
[2017-07-25 00:04:46] pos_logger.DEBUG: checking QuickCommerce\Adapter\OC2\Service\Oc2OrderService [] []
[2017-07-25 00:04:46] pos_logger.DEBUG: class found [] []
[2017-07-25 00:07:33] pos_logger.DEBUG: checking QuickCommerce\Adapter\OC2\Service\Oc2ReferenceDataService [] []
[2017-07-25 00:07:33] pos_logger.DEBUG: class found [] []
[2017-07-25 00:07:33] pos_logger.DEBUG: checking QuickCommerce\Adapter\OC2\Service\Oc2SettingsService [] []
[2017-07-25 00:07:33] pos_logger.DEBUG: class found [] []
[2017-07-25 00:07:33] pos_logger.DEBUG: checking QuickCommerce\Adapter\OC2\Service\Oc2OrderService [] []
[2017-07-25 00:07:33] pos_logger.DEBUG: class found [] []
[2017-07-25 00:11:21] pos_logger.DEBUG: checking QuickCommerce\Adapter\OC2\Service\Oc2ReferenceDataService [] []
[2017-07-25 00:11:21] pos_logger.DEBUG: class found [] []
[2017-07-25 00:11:21] pos_logger.DEBUG: checking QuickCommerce\Adapter\OC2\Service\Oc2SettingsService [] []
[2017-07-25 00:11:21] pos_logger.DEBUG: class found [] []
[2017-07-25 00:11:23] pos_logger.DEBUG: checking QuickCommerce\Adapter\OC2\Service\Oc2ReferenceDataService [] []
[2017-07-25 00:11:23] pos_logger.DEBUG: class found [] []
[2017-07-25 00:11:23] pos_logger.DEBUG: checking QuickCommerce\Adapter\OC2\Service\Oc2SettingsService [] []
[2017-07-25 00:11:23] pos_logger.DEBUG: class found [] []
[2017-07-25 00:11:23] pos_logger.DEBUG: checking QuickCommerce\Adapter\OC2\Service\Oc2OrderService [] []
[2017-07-25 00:11:23] pos_logger.DEBUG: class found [] []
[2017-07-25 00:14:16] pos_logger.DEBUG: checking QuickCommerce\Adapter\OC2\Service\Oc2ReferenceDataService [] []
[2017-07-25 00:14:16] pos_logger.DEBUG: class found [] []
[2017-07-25 00:14:16] pos_logger.DEBUG: checking QuickCommerce\Adapter\OC2\Service\Oc2SettingsService [] []
[2017-07-25 00:14:16] pos_logger.DEBUG: class found [] []
[2017-07-25 00:14:16] pos_logger.DEBUG: checking QuickCommerce\Adapter\OC2\Service\Oc2OrderService [] []
[2017-07-25 00:14:16] pos_logger.DEBUG: class found [] []
[2017-07-25 00:16:51] pos_logger.DEBUG: checking QuickCommerce\Adapter\OC2\Service\Oc2ReferenceDataService [] []
[2017-07-25 00:16:51] pos_logger.DEBUG: class found [] []
[2017-07-25 00:16:51] pos_logger.DEBUG: checking QuickCommerce\Adapter\OC2\Service\Oc2SettingsService [] []
[2017-07-25 00:16:51] pos_logger.DEBUG: class found [] []
[2017-07-25 00:16:51] pos_logger.DEBUG: checking QuickCommerce\Adapter\OC2\Service\Oc2OrderService [] []
[2017-07-25 00:16:51] pos_logger.DEBUG: class found [] []
[2017-07-25 00:40:46] pos_logger.DEBUG: checking QuickCommerce\Adapter\OC2\Service\Oc2ReferenceDataService [] []
[2017-07-25 00:40:46] pos_logger.DEBUG: class found [] []
[2017-07-25 00:40:46] pos_logger.DEBUG: checking QuickCommerce\Adapter\OC2\Service\Oc2SettingsService [] []
[2017-07-25 00:40:46] pos_logger.DEBUG: class found [] []
[2017-07-25 00:40:50] pos_logger.DEBUG: checking QuickCommerce\Adapter\OC2\Service\Oc2OrderService [] []
[2017-07-25 00:40:50] pos_logger.DEBUG: class found [] []
[2017-07-25 00:51:38] pos_logger.DEBUG: checking QuickCommerce\Adapter\OC2\Service\Oc2ReferenceDataService [] []
[2017-07-25 00:51:38] pos_logger.DEBUG: class found [] []
[2017-07-25 00:51:38] pos_logger.DEBUG: checking QuickCommerce\Adapter\OC2\Service\Oc2SettingsService [] []
[2017-07-25 00:51:38] pos_logger.DEBUG: class found [] []
[2017-07-25 00:51:38] pos_logger.DEBUG: checking QuickCommerce\Adapter\OC2\Service\Oc2OrderService [] []
[2017-07-25 00:51:38] pos_logger.DEBUG: class found [] []
[2017-07-25 00:57:37] pos_logger.DEBUG: checking QuickCommerce\Adapter\OC2\Service\Oc2ReferenceDataService [] []
[2017-07-25 00:57:37] pos_logger.DEBUG: class found [] []
[2017-07-25 00:57:37] pos_logger.DEBUG: checking QuickCommerce\Adapter\OC2\Service\Oc2SettingsService [] []
[2017-07-25 00:57:37] pos_logger.DEBUG: class found [] []
[2017-07-25 00:57:39] pos_logger.DEBUG: checking QuickCommerce\Adapter\OC2\Service\Oc2OrderService [] []
[2017-07-25 00:57:39] pos_logger.DEBUG: class found [] []
[2017-07-25 01:38:56] pos_logger.DEBUG: checking QuickCommerce\Adapter\OC2\Service\Oc2ReferenceDataService [] []
[2017-07-25 01:38:56] pos_logger.DEBUG: class found [] []
[2017-07-25 01:38:56] pos_logger.DEBUG: checking QuickCommerce\Adapter\OC2\Service\Oc2SettingsService [] []
[2017-07-25 01:38:56] pos_logger.DEBUG: class found [] []
[2017-07-25 01:38:59] pos_logger.DEBUG: checking QuickCommerce\Adapter\OC2\Service\Oc2OrderService [] []
[2017-07-25 01:38:59] pos_logger.DEBUG: class found [] []
[2017-07-25 01:40:46] pos_logger.DEBUG: checking QuickCommerce\Adapter\OC2\Service\Oc2ReferenceDataService [] []
[2017-07-25 01:40:46] pos_logger.DEBUG: class found [] []
[2017-07-25 01:40:46] pos_logger.DEBUG: checking QuickCommerce\Adapter\OC2\Service\Oc2SettingsService [] []
[2017-07-25 01:40:46] pos_logger.DEBUG: class found [] []
[2017-07-25 01:40:46] pos_logger.DEBUG: checking QuickCommerce\Adapter\OC2\Service\Oc2OrderService [] []
[2017-07-25 01:40:46] pos_logger.DEBUG: class found [] []
[2017-07-25 01:50:53] pos_logger.DEBUG: checking QuickCommerce\Adapter\OC2\Service\Oc2ReferenceDataService [] []
[2017-07-25 01:50:53] pos_logger.DEBUG: class found [] []
[2017-07-25 01:50:53] pos_logger.DEBUG: checking QuickCommerce\Adapter\OC2\Service\Oc2SettingsService [] []
[2017-07-25 01:50:53] pos_logger.DEBUG: class found [] []
[2017-07-25 01:50:53] pos_logger.DEBUG: checking QuickCommerce\Adapter\OC2\Service\Oc2OrderService [] []
[2017-07-25 01:50:53] pos_logger.DEBUG: class found [] []
[2017-07-25 01:52:57] pos_logger.DEBUG: checking QuickCommerce\Adapter\OC2\Service\Oc2ReferenceDataService [] []
[2017-07-25 01:52:57] pos_logger.DEBUG: class found [] []
[2017-07-25 01:52:57] pos_logger.DEBUG: checking QuickCommerce\Adapter\OC2\Service\Oc2SettingsService [] []
[2017-07-25 01:52:57] pos_logger.DEBUG: class found [] []
[2017-07-25 01:52:58] pos_logger.DEBUG: checking QuickCommerce\Adapter\OC2\Service\Oc2OrderService [] []
[2017-07-25 01:52:58] pos_logger.DEBUG: class found [] []
[2017-07-25 01:54:12] pos_logger.DEBUG: checking QuickCommerce\Adapter\OC2\Service\Oc2ReferenceDataService [] []
[2017-07-25 01:54:12] pos_logger.DEBUG: class found [] []
[2017-07-25 01:54:12] pos_logger.DEBUG: checking QuickCommerce\Adapter\OC2\Service\Oc2SettingsService [] []
[2017-07-25 01:54:12] pos_logger.DEBUG: class found [] []
[2017-07-25 01:54:21] pos_logger.DEBUG: checking QuickCommerce\Adapter\OC2\Service\Oc2ReferenceDataService [] []
[2017-07-25 01:54:21] pos_logger.DEBUG: class found [] []
[2017-07-25 01:54:21] pos_logger.DEBUG: checking QuickCommerce\Adapter\OC2\Service\Oc2SettingsService [] []
[2017-07-25 01:54:21] pos_logger.DEBUG: class found [] []
[2017-07-25 01:54:22] pos_logger.DEBUG: checking QuickCommerce\Adapter\OC2\Service\Oc2OrderService [] []
[2017-07-25 01:54:22] pos_logger.DEBUG: class found [] []
[2017-07-25 02:02:55] pos_logger.DEBUG: checking QuickCommerce\Adapter\OC2\Service\Oc2ReferenceDataService [] []
[2017-07-25 02:02:55] pos_logger.DEBUG: class found [] []
[2017-07-25 02:02:55] pos_logger.DEBUG: checking QuickCommerce\Adapter\OC2\Service\Oc2SettingsService [] []
[2017-07-25 02:02:55] pos_logger.DEBUG: class found [] []
[2017-07-25 02:02:56] pos_logger.DEBUG: checking QuickCommerce\Adapter\OC2\Service\Oc2OrderService [] []
[2017-07-25 02:02:56] pos_logger.DEBUG: class found [] []
[2017-07-25 02:05:48] pos_logger.DEBUG: checking QuickCommerce\Adapter\OC2\Service\Oc2ReferenceDataService [] []
[2017-07-25 02:05:48] pos_logger.DEBUG: class found [] []
[2017-07-25 02:05:48] pos_logger.DEBUG: checking QuickCommerce\Adapter\OC2\Service\Oc2SettingsService [] []
[2017-07-25 02:05:48] pos_logger.DEBUG: class found [] []
[2017-07-25 02:05:49] pos_logger.DEBUG: checking QuickCommerce\Adapter\OC2\Service\Oc2OrderService [] []
[2017-07-25 02:05:49] pos_logger.DEBUG: class found [] []
[2017-07-25 02:08:17] pos_logger.DEBUG: checking QuickCommerce\Adapter\OC2\Service\Oc2ReferenceDataService [] []
[2017-07-25 02:08:17] pos_logger.DEBUG: class found [] []
[2017-07-25 02:08:18] pos_logger.DEBUG: checking QuickCommerce\Adapter\OC2\Service\Oc2SettingsService [] []
[2017-07-25 02:08:18] pos_logger.DEBUG: class found [] []
[2017-07-25 02:08:18] pos_logger.DEBUG: checking QuickCommerce\Adapter\OC2\Service\Oc2OrderService [] []
[2017-07-25 02:08:18] pos_logger.DEBUG: class found [] []
[2017-07-25 02:09:35] pos_logger.DEBUG: checking QuickCommerce\Adapter\OC2\Service\Oc2ReferenceDataService [] []
[2017-07-25 02:09:35] pos_logger.DEBUG: class found [] []
[2017-07-25 02:09:36] pos_logger.DEBUG: checking QuickCommerce\Adapter\OC2\Service\Oc2SettingsService [] []
[2017-07-25 02:09:36] pos_logger.DEBUG: class found [] []
[2017-07-25 02:09:36] pos_logger.DEBUG: checking QuickCommerce\Adapter\OC2\Service\Oc2OrderService [] []
[2017-07-25 02:09:36] pos_logger.DEBUG: class found [] []
[2017-07-25 02:11:25] pos_logger.DEBUG: checking QuickCommerce\Adapter\OC2\Service\Oc2ReferenceDataService [] []
[2017-07-25 02:11:25] pos_logger.DEBUG: class found [] []
[2017-07-25 02:11:25] pos_logger.DEBUG: checking QuickCommerce\Adapter\OC2\Service\Oc2SettingsService [] []
[2017-07-25 02:11:25] pos_logger.DEBUG: class found [] []
[2017-07-25 02:11:26] pos_logger.DEBUG: checking QuickCommerce\Adapter\OC2\Service\Oc2OrderService [] []
[2017-07-25 02:11:26] pos_logger.DEBUG: class found [] []
[2017-07-25 02:11:49] pos_logger.DEBUG: checking QuickCommerce\Adapter\OC2\Service\Oc2ReferenceDataService [] []
[2017-07-25 02:11:49] pos_logger.DEBUG: class found [] []
[2017-07-25 02:11:49] pos_logger.DEBUG: checking QuickCommerce\Adapter\OC2\Service\Oc2SettingsService [] []
[2017-07-25 02:11:49] pos_logger.DEBUG: class found [] []
[2017-07-25 02:11:56] pos_logger.DEBUG: checking QuickCommerce\Adapter\OC2\Service\Oc2OrderService [] []
[2017-07-25 02:11:56] pos_logger.DEBUG: class found [] []
[2017-07-25 02:13:58] pos_logger.DEBUG: checking QuickCommerce\Adapter\OC2\Service\Oc2OrderService [] []
[2017-07-25 02:13:58] pos_logger.DEBUG: class found [] []
[2017-07-25 02:13:59] pos_logger.DEBUG: checking QuickCommerce\Adapter\OC2\Service\Oc2OrderService [] []
[2017-07-25 02:13:59] pos_logger.DEBUG: class found [] []
[2017-07-25 02:42:11] pos_logger.DEBUG: checking QuickCommerce\Adapter\OC2\Service\Oc2ReferenceDataService [] []
[2017-07-25 02:42:11] pos_logger.DEBUG: class found [] []
[2017-07-25 02:42:11] pos_logger.DEBUG: checking QuickCommerce\Adapter\OC2\Service\Oc2SettingsService [] []
[2017-07-25 02:42:11] pos_logger.DEBUG: class found [] []
[2017-07-25 02:42:12] pos_logger.DEBUG: checking QuickCommerce\Adapter\OC2\Service\Oc2OrderService [] []
[2017-07-25 02:42:12] pos_logger.DEBUG: class found [] []
[2017-07-25 02:42:27] pos_logger.DEBUG: checking QuickCommerce\Adapter\OC2\Service\Oc2ReferenceDataService [] []
[2017-07-25 02:42:27] pos_logger.DEBUG: class found [] []
[2017-07-25 02:42:27] pos_logger.DEBUG: checking QuickCommerce\Adapter\OC2\Service\Oc2SettingsService [] []
[2017-07-25 02:42:27] pos_logger.DEBUG: class found [] []
[2017-07-25 02:42:28] pos_logger.DEBUG: checking QuickCommerce\Adapter\OC2\Service\Oc2OrderService [] []
[2017-07-25 02:42:28] pos_logger.DEBUG: class found [] []
[2017-07-25 02:43:27] pos_logger.DEBUG: checking QuickCommerce\Adapter\OC2\Service\Oc2ReferenceDataService [] []
[2017-07-25 02:43:27] pos_logger.DEBUG: class found [] []
[2017-07-25 02:43:27] pos_logger.DEBUG: checking QuickCommerce\Adapter\OC2\Service\Oc2SettingsService [] []
[2017-07-25 02:43:27] pos_logger.DEBUG: class found [] []
[2017-07-25 02:43:28] pos_logger.DEBUG: checking QuickCommerce\Adapter\OC2\Service\Oc2OrderService [] []
[2017-07-25 02:43:28] pos_logger.DEBUG: class found [] []
[2017-07-25 02:45:26] pos_logger.DEBUG: checking QuickCommerce\Adapter\OC2\Service\Oc2ReferenceDataService [] []
[2017-07-25 02:45:26] pos_logger.DEBUG: class found [] []
[2017-07-25 02:45:26] pos_logger.DEBUG: checking QuickCommerce\Adapter\OC2\Service\Oc2SettingsService [] []
[2017-07-25 02:45:26] pos_logger.DEBUG: class found [] []
[2017-07-25 02:45:27] pos_logger.DEBUG: checking QuickCommerce\Adapter\OC2\Service\Oc2OrderService [] []
[2017-07-25 02:45:27] pos_logger.DEBUG: class found [] []
[2017-07-25 02:47:34] pos_logger.DEBUG: checking QuickCommerce\Adapter\OC2\Service\Oc2ReferenceDataService [] []
[2017-07-25 02:47:34] pos_logger.DEBUG: class found [] []
[2017-07-25 02:47:34] pos_logger.DEBUG: checking QuickCommerce\Adapter\OC2\Service\Oc2SettingsService [] []
[2017-07-25 02:47:34] pos_logger.DEBUG: class found [] []
[2017-07-25 02:47:35] pos_logger.DEBUG: checking QuickCommerce\Adapter\OC2\Service\Oc2OrderService [] []
[2017-07-25 02:47:35] pos_logger.DEBUG: class found [] []
[2017-07-25 02:48:04] pos_logger.DEBUG: checking QuickCommerce\Adapter\OC2\Service\Oc2ReferenceDataService [] []
[2017-07-25 02:48:04] pos_logger.DEBUG: class found [] []
[2017-07-25 02:48:04] pos_logger.DEBUG: checking QuickCommerce\Adapter\OC2\Service\Oc2SettingsService [] []
[2017-07-25 02:48:04] pos_logger.DEBUG: class found [] []
[2017-07-25 02:48:05] pos_logger.DEBUG: checking QuickCommerce\Adapter\OC2\Service\Oc2OrderService [] []
[2017-07-25 02:48:05] pos_logger.DEBUG: class found [] []
[2017-07-25 02:48:26] pos_logger.DEBUG: checking QuickCommerce\Adapter\OC2\Service\Oc2ReferenceDataService [] []
[2017-07-25 02:48:26] pos_logger.DEBUG: class found [] []
[2017-07-25 02:48:26] pos_logger.DEBUG: checking QuickCommerce\Adapter\OC2\Service\Oc2SettingsService [] []
[2017-07-25 02:48:26] pos_logger.DEBUG: class found [] []
[2017-07-25 02:48:27] pos_logger.DEBUG: checking QuickCommerce\Adapter\OC2\Service\Oc2OrderService [] []
[2017-07-25 02:48:27] pos_logger.DEBUG: class found [] []
[2017-07-25 02:49:46] pos_logger.DEBUG: checking QuickCommerce\Adapter\OC2\Service\Oc2ReferenceDataService [] []
[2017-07-25 02:49:46] pos_logger.DEBUG: class found [] []
[2017-07-25 02:49:46] pos_logger.DEBUG: checking QuickCommerce\Adapter\OC2\Service\Oc2SettingsService [] []
[2017-07-25 02:49:46] pos_logger.DEBUG: class found [] []
[2017-07-25 02:49:46] pos_logger.DEBUG: checking QuickCommerce\Adapter\OC2\Service\Oc2OrderService [] []
[2017-07-25 02:49:46] pos_logger.DEBUG: class found [] []
[2017-07-25 02:52:41] pos_logger.DEBUG: checking QuickCommerce\Adapter\OC2\Service\Oc2ReferenceDataService [] []
[2017-07-25 02:52:41] pos_logger.DEBUG: class found [] []
[2017-07-25 02:52:41] pos_logger.DEBUG: checking QuickCommerce\Adapter\OC2\Service\Oc2SettingsService [] []
[2017-07-25 02:52:41] pos_logger.DEBUG: class found [] []
[2017-07-25 02:52:41] pos_logger.DEBUG: checking QuickCommerce\Adapter\OC2\Service\Oc2OrderService [] []
[2017-07-25 02:52:41] pos_logger.DEBUG: class found [] []
[2017-07-25 02:52:53] pos_logger.DEBUG: checking QuickCommerce\Adapter\OC2\Service\Oc2ReferenceDataService [] []
[2017-07-25 02:52:53] pos_logger.DEBUG: class found [] []
[2017-07-25 02:52:53] pos_logger.DEBUG: checking QuickCommerce\Adapter\OC2\Service\Oc2SettingsService [] []
[2017-07-25 02:52:53] pos_logger.DEBUG: class found [] []
[2017-07-25 02:52:54] pos_logger.DEBUG: checking QuickCommerce\Adapter\OC2\Service\Oc2OrderService [] []
[2017-07-25 02:52:54] pos_logger.DEBUG: class found [] []
[2017-07-25 02:55:37] pos_logger.DEBUG: checking QuickCommerce\Adapter\OC2\Service\Oc2ReferenceDataService [] []
[2017-07-25 02:55:37] pos_logger.DEBUG: class found [] []
[2017-07-25 02:55:37] pos_logger.DEBUG: checking QuickCommerce\Adapter\OC2\Service\Oc2SettingsService [] []
[2017-07-25 02:55:37] pos_logger.DEBUG: class found [] []
[2017-07-25 02:55:37] pos_logger.DEBUG: checking QuickCommerce\Adapter\OC2\Service\Oc2OrderService [] []
[2017-07-25 02:55:37] pos_logger.DEBUG: class found [] []
[2017-07-25 02:56:28] pos_logger.DEBUG: checking QuickCommerce\Adapter\OC2\Service\Oc2ReferenceDataService [] []
[2017-07-25 02:56:28] pos_logger.DEBUG: class found [] []
[2017-07-25 02:56:28] pos_logger.DEBUG: checking QuickCommerce\Adapter\OC2\Service\Oc2SettingsService [] []
[2017-07-25 02:56:28] pos_logger.DEBUG: class found [] []
[2017-07-25 02:56:29] pos_logger.DEBUG: checking QuickCommerce\Adapter\OC2\Service\Oc2OrderService [] []
[2017-07-25 02:56:29] pos_logger.DEBUG: class found [] []
[2017-07-25 02:56:48] pos_logger.DEBUG: checking QuickCommerce\Adapter\OC2\Service\Oc2ReferenceDataService [] []
[2017-07-25 02:56:48] pos_logger.DEBUG: class found [] []
[2017-07-25 02:56:48] pos_logger.DEBUG: checking QuickCommerce\Adapter\OC2\Service\Oc2SettingsService [] []
[2017-07-25 02:56:48] pos_logger.DEBUG: class found [] []
[2017-07-25 02:56:49] pos_logger.DEBUG: checking QuickCommerce\Adapter\OC2\Service\Oc2OrderService [] []
[2017-07-25 02:56:49] pos_logger.DEBUG: class found [] []
[2017-07-25 02:57:53] pos_logger.DEBUG: checking QuickCommerce\Adapter\OC2\Service\Oc2ReferenceDataService [] []
[2017-07-25 02:57:53] pos_logger.DEBUG: class found [] []
[2017-07-25 02:57:53] pos_logger.DEBUG: checking QuickCommerce\Adapter\OC2\Service\Oc2SettingsService [] []
[2017-07-25 02:57:53] pos_logger.DEBUG: class found [] []
[2017-07-25 02:57:55] pos_logger.DEBUG: checking QuickCommerce\Adapter\OC2\Service\Oc2OrderService [] []
[2017-07-25 02:57:55] pos_logger.DEBUG: class found [] []
[2017-07-25 02:58:34] pos_logger.DEBUG: checking QuickCommerce\Adapter\OC2\Service\Oc2ReferenceDataService [] []
[2017-07-25 02:58:34] pos_logger.DEBUG: class found [] []
[2017-07-25 02:58:34] pos_logger.DEBUG: checking QuickCommerce\Adapter\OC2\Service\Oc2SettingsService [] []
[2017-07-25 02:58:34] pos_logger.DEBUG: class found [] []
[2017-07-25 02:58:46] pos_logger.DEBUG: checking QuickCommerce\Adapter\OC2\Service\Oc2OrderService [] []
[2017-07-25 02:58:46] pos_logger.DEBUG: class found [] []
[2017-07-25 03:00:26] pos_logger.DEBUG: checking QuickCommerce\Adapter\OC2\Service\Oc2ReferenceDataService [] []
[2017-07-25 03:00:26] pos_logger.DEBUG: class found [] []
[2017-07-25 03:00:27] pos_logger.DEBUG: checking QuickCommerce\Adapter\OC2\Service\Oc2SettingsService [] []
[2017-07-25 03:00:27] pos_logger.DEBUG: class found [] []
[2017-07-25 03:00:28] pos_logger.DEBUG: checking QuickCommerce\Adapter\OC2\Service\Oc2OrderService [] []
[2017-07-25 03:00:28] pos_logger.DEBUG: class found [] []
[2017-07-25 03:02:46] pos_logger.DEBUG: checking QuickCommerce\Adapter\OC2\Service\Oc2ReferenceDataService [] []
[2017-07-25 03:02:46] pos_logger.DEBUG: class found [] []
[2017-07-25 03:02:46] pos_logger.DEBUG: checking QuickCommerce\Adapter\OC2\Service\Oc2SettingsService [] []
[2017-07-25 03:02:46] pos_logger.DEBUG: class found [] []
[2017-07-25 03:02:48] pos_logger.DEBUG: checking QuickCommerce\Adapter\OC2\Service\Oc2OrderService [] []
[2017-07-25 03:02:48] pos_logger.DEBUG: class found [] []
[2017-07-25 03:03:22] pos_logger.DEBUG: checking QuickCommerce\Adapter\OC2\Service\Oc2ReferenceDataService [] []
[2017-07-25 03:03:22] pos_logger.DEBUG: class found [] []
[2017-07-25 03:03:23] pos_logger.DEBUG: checking QuickCommerce\Adapter\OC2\Service\Oc2SettingsService [] []
[2017-07-25 03:03:23] pos_logger.DEBUG: class found [] []
[2017-07-25 03:03:25] pos_logger.DEBUG: checking QuickCommerce\Adapter\OC2\Service\Oc2OrderService [] []
[2017-07-25 03:03:25] pos_logger.DEBUG: class found [] []
[2017-07-25 03:04:09] pos_logger.DEBUG: checking QuickCommerce\Adapter\OC2\Service\Oc2ReferenceDataService [] []
[2017-07-25 03:04:09] pos_logger.DEBUG: class found [] []
[2017-07-25 03:04:09] pos_logger.DEBUG: checking QuickCommerce\Adapter\OC2\Service\Oc2SettingsService [] []
[2017-07-25 03:04:09] pos_logger.DEBUG: class found [] []
[2017-07-25 03:04:11] pos_logger.DEBUG: checking QuickCommerce\Adapter\OC2\Service\Oc2OrderService [] []
[2017-07-25 03:04:11] pos_logger.DEBUG: class found [] []
[2017-07-25 03:05:01] pos_logger.DEBUG: checking QuickCommerce\Adapter\OC2\Service\Oc2ReferenceDataService [] []
[2017-07-25 03:05:01] pos_logger.DEBUG: class found [] []
[2017-07-25 03:05:01] pos_logger.DEBUG: checking QuickCommerce\Adapter\OC2\Service\Oc2SettingsService [] []
[2017-07-25 03:05:01] pos_logger.DEBUG: class found [] []
[2017-07-25 03:05:02] pos_logger.DEBUG: checking QuickCommerce\Adapter\OC2\Service\Oc2OrderService [] []
[2017-07-25 03:05:02] pos_logger.DEBUG: class found [] []
[2017-07-25 03:06:10] pos_logger.DEBUG: checking QuickCommerce\Adapter\OC2\Service\Oc2ReferenceDataService [] []
[2017-07-25 03:06:10] pos_logger.DEBUG: class found [] []
[2017-07-25 03:06:10] pos_logger.DEBUG: checking QuickCommerce\Adapter\OC2\Service\Oc2SettingsService [] []
[2017-07-25 03:06:10] pos_logger.DEBUG: class found [] []
[2017-07-25 03:06:11] pos_logger.DEBUG: checking QuickCommerce\Adapter\OC2\Service\Oc2OrderService [] []
[2017-07-25 03:06:11] pos_logger.DEBUG: class found [] []
[2017-07-25 03:09:50] pos_logger.DEBUG: checking QuickCommerce\Adapter\OC2\Service\Oc2ReferenceDataService [] []
[2017-07-25 03:09:50] pos_logger.DEBUG: class found [] []
[2017-07-25 03:09:50] pos_logger.DEBUG: checking QuickCommerce\Adapter\OC2\Service\Oc2SettingsService [] []
[2017-07-25 03:09:50] pos_logger.DEBUG: class found [] []
[2017-07-25 03:09:50] pos_logger.DEBUG: checking QuickCommerce\Adapter\OC2\Service\Oc2OrderService [] []
[2017-07-25 03:09:50] pos_logger.DEBUG: class found [] []
[2017-07-25 03:10:50] pos_logger.DEBUG: checking QuickCommerce\Adapter\OC2\Service\Oc2ReferenceDataService [] []
[2017-07-25 03:10:50] pos_logger.DEBUG: class found [] []
[2017-07-25 03:10:50] pos_logger.DEBUG: checking QuickCommerce\Adapter\OC2\Service\Oc2SettingsService [] []
[2017-07-25 03:10:51] pos_logger.DEBUG: class found [] []
[2017-07-25 03:10:51] pos_logger.DEBUG: checking QuickCommerce\Adapter\OC2\Service\Oc2OrderService [] []
[2017-07-25 03:10:51] pos_logger.DEBUG: class found [] []
[2017-07-25 03:11:04] pos_logger.DEBUG: checking QuickCommerce\Adapter\OC2\Service\Oc2ReferenceDataService [] []
[2017-07-25 03:11:04] pos_logger.DEBUG: class found [] []
[2017-07-25 03:11:05] pos_logger.DEBUG: checking QuickCommerce\Adapter\OC2\Service\Oc2SettingsService [] []
[2017-07-25 03:11:05] pos_logger.DEBUG: class found [] []
[2017-07-25 03:11:05] pos_logger.DEBUG: checking QuickCommerce\Adapter\OC2\Service\Oc2OrderService [] []
[2017-07-25 03:11:05] pos_logger.DEBUG: class found [] []
[2017-07-25 03:13:16] pos_logger.DEBUG: checking QuickCommerce\Adapter\OC2\Service\Oc2ReferenceDataService [] []
[2017-07-25 03:13:16] pos_logger.DEBUG: class found [] []
[2017-07-25 03:13:16] pos_logger.DEBUG: checking QuickCommerce\Adapter\OC2\Service\Oc2SettingsService [] []
[2017-07-25 03:13:16] pos_logger.DEBUG: class found [] []
[2017-07-25 03:13:17] pos_logger.DEBUG: checking QuickCommerce\Adapter\OC2\Service\Oc2OrderService [] []
[2017-07-25 03:13:17] pos_logger.DEBUG: class found [] []
[2017-07-25 03:15:30] pos_logger.DEBUG: checking QuickCommerce\Adapter\OC2\Service\Oc2ReferenceDataService [] []
[2017-07-25 03:15:30] pos_logger.DEBUG: class found [] []
[2017-07-25 03:15:30] pos_logger.DEBUG: checking QuickCommerce\Adapter\OC2\Service\Oc2SettingsService [] []
[2017-07-25 03:15:30] pos_logger.DEBUG: class found [] []
[2017-07-25 03:15:31] pos_logger.DEBUG: checking QuickCommerce\Adapter\OC2\Service\Oc2OrderService [] []
[2017-07-25 03:15:31] pos_logger.DEBUG: class found [] []
[2017-07-25 03:17:43] pos_logger.DEBUG: checking QuickCommerce\Adapter\OC2\Service\Oc2ReferenceDataService [] []
[2017-07-25 03:17:43] pos_logger.DEBUG: class found [] []
[2017-07-25 03:17:43] pos_logger.DEBUG: checking QuickCommerce\Adapter\OC2\Service\Oc2SettingsService [] []
[2017-07-25 03:17:43] pos_logger.DEBUG: class found [] []
[2017-07-25 03:17:44] pos_logger.DEBUG: checking QuickCommerce\Adapter\OC2\Service\Oc2OrderService [] []
[2017-07-25 03:17:44] pos_logger.DEBUG: class found [] []
[2017-07-25 03:18:51] pos_logger.DEBUG: checking QuickCommerce\Adapter\OC2\Service\Oc2ReferenceDataService [] []
[2017-07-25 03:18:51] pos_logger.DEBUG: class found [] []
[2017-07-25 03:18:51] pos_logger.DEBUG: checking QuickCommerce\Adapter\OC2\Service\Oc2SettingsService [] []
[2017-07-25 03:18:51] pos_logger.DEBUG: class found [] []
[2017-07-25 03:18:52] pos_logger.DEBUG: checking QuickCommerce\Adapter\OC2\Service\Oc2OrderService [] []
[2017-07-25 03:18:52] pos_logger.DEBUG: class found [] []
[2017-07-25 03:19:49] pos_logger.DEBUG: checking QuickCommerce\Adapter\OC2\Service\Oc2OrderService [] []
[2017-07-25 03:19:49] pos_logger.DEBUG: class found [] []
[2017-07-25 03:19:49] pos_logger.DEBUG: checking QuickCommerce\Adapter\OC2\Service\Oc2OrderService [] []
[2017-07-25 03:19:49] pos_logger.DEBUG: class found [] []
[2017-07-25 03:21:57] pos_logger.DEBUG: checking QuickCommerce\Adapter\OC2\Service\Oc2ReferenceDataService [] []
[2017-07-25 03:21:57] pos_logger.DEBUG: class found [] []
[2017-07-25 03:21:57] pos_logger.DEBUG: checking QuickCommerce\Adapter\OC2\Service\Oc2SettingsService [] []
[2017-07-25 03:21:57] pos_logger.DEBUG: class found [] []
[2017-07-25 03:21:58] pos_logger.DEBUG: checking QuickCommerce\Adapter\OC2\Service\Oc2OrderService [] []
[2017-07-25 03:21:58] pos_logger.DEBUG: class found [] []
[2017-07-25 03:22:01] pos_logger.DEBUG: checking QuickCommerce\Adapter\OC2\Service\Oc2ReferenceDataService [] []
[2017-07-25 03:22:01] pos_logger.DEBUG: class found [] []
[2017-07-25 03:22:01] pos_logger.DEBUG: checking QuickCommerce\Adapter\OC2\Service\Oc2SettingsService [] []
[2017-07-25 03:22:01] pos_logger.DEBUG: class found [] []
[2017-07-25 03:22:01] pos_logger.DEBUG: checking QuickCommerce\Adapter\OC2\Service\Oc2OrderService [] []
[2017-07-25 03:22:01] pos_logger.DEBUG: class found [] []
[2017-07-25 03:22:20] pos_logger.DEBUG: checking QuickCommerce\Adapter\OC2\Service\Oc2ReferenceDataService [] []
[2017-07-25 03:22:20] pos_logger.DEBUG: class found [] []
[2017-07-25 03:22:20] pos_logger.DEBUG: checking QuickCommerce\Adapter\OC2\Service\Oc2SettingsService [] []
[2017-07-25 03:22:20] pos_logger.DEBUG: class found [] []
[2017-07-25 03:22:21] pos_logger.DEBUG: checking QuickCommerce\Adapter\OC2\Service\Oc2OrderService [] []
[2017-07-25 03:22:21] pos_logger.DEBUG: class found [] []
[2017-07-25 03:22:30] pos_logger.DEBUG: checking QuickCommerce\Adapter\OC2\Service\Oc2ReferenceDataService [] []
[2017-07-25 03:22:30] pos_logger.DEBUG: class found [] []
[2017-07-25 03:22:30] pos_logger.DEBUG: checking QuickCommerce\Adapter\OC2\Service\Oc2SettingsService [] []
[2017-07-25 03:22:30] pos_logger.DEBUG: class found [] []
[2017-07-25 03:22:30] pos_logger.DEBUG: checking QuickCommerce\Adapter\OC2\Service\Oc2OrderService [] []
[2017-07-25 03:22:30] pos_logger.DEBUG: class found [] []
[2017-07-25 03:23:02] pos_logger.DEBUG: checking QuickCommerce\Adapter\OC2\Service\Oc2ReferenceDataService [] []
[2017-07-25 03:23:02] pos_logger.DEBUG: class found [] []
[2017-07-25 03:23:02] pos_logger.DEBUG: checking QuickCommerce\Adapter\OC2\Service\Oc2SettingsService [] []
[2017-07-25 03:23:02] pos_logger.DEBUG: class found [] []
[2017-07-25 03:23:05] pos_logger.DEBUG: checking QuickCommerce\Adapter\OC2\Service\Oc2OrderService [] []
[2017-07-25 03:23:05] pos_logger.DEBUG: class found [] []
[2017-07-25 03:23:20] pos_logger.DEBUG: checking QuickCommerce\Adapter\OC2\Service\Oc2ReferenceDataService [] []
[2017-07-25 03:23:20] pos_logger.DEBUG: class found [] []
[2017-07-25 03:23:20] pos_logger.DEBUG: checking QuickCommerce\Adapter\OC2\Service\Oc2SettingsService [] []
[2017-07-25 03:23:20] pos_logger.DEBUG: class found [] []
[2017-07-25 03:23:23] pos_logger.DEBUG: checking QuickCommerce\Adapter\OC2\Service\Oc2OrderService [] []
[2017-07-25 03:23:23] pos_logger.DEBUG: class found [] []
[2017-07-25 03:24:00] pos_logger.DEBUG: checking QuickCommerce\Adapter\OC2\Service\Oc2ReferenceDataService [] []
[2017-07-25 03:24:00] pos_logger.DEBUG: class found [] []
[2017-07-25 03:24:01] pos_logger.DEBUG: checking QuickCommerce\Adapter\OC2\Service\Oc2SettingsService [] []
[2017-07-25 03:24:01] pos_logger.DEBUG: class found [] []
[2017-07-25 03:24:03] pos_logger.DEBUG: checking QuickCommerce\Adapter\OC2\Service\Oc2OrderService [] []
[2017-07-25 03:24:03] pos_logger.DEBUG: class found [] []
[2017-07-25 03:24:33] pos_logger.DEBUG: checking QuickCommerce\Adapter\OC2\Service\Oc2ReferenceDataService [] []
[2017-07-25 03:24:33] pos_logger.DEBUG: class found [] []
[2017-07-25 03:24:33] pos_logger.DEBUG: checking QuickCommerce\Adapter\OC2\Service\Oc2SettingsService [] []
[2017-07-25 03:24:33] pos_logger.DEBUG: class found [] []
[2017-07-25 03:24:37] pos_logger.DEBUG: checking QuickCommerce\Adapter\OC2\Service\Oc2OrderService [] []
[2017-07-25 03:24:37] pos_logger.DEBUG: class found [] []
[2017-07-25 03:24:58] pos_logger.DEBUG: checking QuickCommerce\Adapter\OC2\Service\Oc2OrderService [] []
[2017-07-25 03:24:58] pos_logger.DEBUG: class found [] []
[2017-07-25 03:24:59] pos_logger.DEBUG: checking QuickCommerce\Adapter\OC2\Service\Oc2OrderService [] []
[2017-07-25 03:24:59] pos_logger.DEBUG: class found [] []
[2017-07-25 03:26:00] pos_logger.DEBUG: checking QuickCommerce\Adapter\OC2\Service\Oc2ReferenceDataService [] []
[2017-07-25 03:26:00] pos_logger.DEBUG: class found [] []
[2017-07-25 03:26:00] pos_logger.DEBUG: checking QuickCommerce\Adapter\OC2\Service\Oc2SettingsService [] []
[2017-07-25 03:26:00] pos_logger.DEBUG: class found [] []
[2017-07-25 03:26:01] pos_logger.DEBUG: checking QuickCommerce\Adapter\OC2\Service\Oc2OrderService [] []
[2017-07-25 03:26:01] pos_logger.DEBUG: class found [] []
[2017-07-25 03:37:10] pos_logger.DEBUG: checking QuickCommerce\Adapter\OC2\Service\Oc2ReferenceDataService [] []
[2017-07-25 03:37:10] pos_logger.DEBUG: class found [] []
[2017-07-25 03:37:10] pos_logger.DEBUG: checking QuickCommerce\Adapter\OC2\Service\Oc2SettingsService [] []
[2017-07-25 03:37:10] pos_logger.DEBUG: class found [] []
[2017-07-25 04:30:35] pos_logger.DEBUG: checking QuickCommerce\Adapter\OC2\Service\Oc2ReferenceDataService [] []
[2017-07-25 04:30:35] pos_logger.DEBUG: class found [] []
[2017-07-25 04:30:35] pos_logger.DEBUG: checking QuickCommerce\Adapter\OC2\Service\Oc2SettingsService [] []
[2017-07-25 04:30:35] pos_logger.DEBUG: class found [] []
[2017-07-25 04:30:35] pos_logger.DEBUG: checking QuickCommerce\Adapter\OC2\Service\Oc2OrderService [] []
[2017-07-25 04:30:35] pos_logger.DEBUG: class found [] []
[2017-07-25 04:32:37] pos_logger.DEBUG: checking QuickCommerce\Adapter\OC2\Service\Oc2ReferenceDataService [] []
[2017-07-25 04:32:37] pos_logger.DEBUG: class found [] []
[2017-07-25 04:32:37] pos_logger.DEBUG: checking QuickCommerce\Adapter\OC2\Service\Oc2SettingsService [] []
[2017-07-25 04:32:37] pos_logger.DEBUG: class found [] []
[2017-07-25 04:32:37] pos_logger.DEBUG: checking QuickCommerce\Adapter\OC2\Service\Oc2OrderService [] []
[2017-07-25 04:32:37] pos_logger.DEBUG: class found [] []
[2017-07-25 04:36:30] pos_logger.DEBUG: checking QuickCommerce\Adapter\OC2\Service\Oc2ReferenceDataService [] []
[2017-07-25 04:36:30] pos_logger.DEBUG: class found [] []
[2017-07-25 04:36:30] pos_logger.DEBUG: checking QuickCommerce\Adapter\OC2\Service\Oc2SettingsService [] []
[2017-07-25 04:36:30] pos_logger.DEBUG: class found [] []
[2017-07-25 04:36:30] pos_logger.DEBUG: checking QuickCommerce\Adapter\OC2\Service\Oc2OrderService [] []
[2017-07-25 04:36:30] pos_logger.DEBUG: class found [] []
[2017-07-25 04:36:57] pos_logger.DEBUG: checking QuickCommerce\Adapter\OC2\Service\Oc2ReferenceDataService [] []
[2017-07-25 04:36:57] pos_logger.DEBUG: class found [] []
[2017-07-25 04:36:57] pos_logger.DEBUG: checking QuickCommerce\Adapter\OC2\Service\Oc2SettingsService [] []
[2017-07-25 04:36:57] pos_logger.DEBUG: class found [] []
[2017-07-25 04:36:58] pos_logger.DEBUG: checking QuickCommerce\Adapter\OC2\Service\Oc2OrderService [] []
[2017-07-25 04:36:58] pos_logger.DEBUG: class found [] []
[2017-07-25 04:37:26] pos_logger.DEBUG: checking QuickCommerce\Adapter\OC2\Service\Oc2ReferenceDataService [] []
[2017-07-25 04:37:26] pos_logger.DEBUG: class found [] []
[2017-07-25 04:37:26] pos_logger.DEBUG: checking QuickCommerce\Adapter\OC2\Service\Oc2SettingsService [] []
[2017-07-25 04:37:26] pos_logger.DEBUG: class found [] []
[2017-07-25 04:37:26] pos_logger.DEBUG: checking QuickCommerce\Adapter\OC2\Service\Oc2OrderService [] []
[2017-07-25 04:37:26] pos_logger.DEBUG: class found [] []
[2017-07-25 04:38:55] pos_logger.DEBUG: checking QuickCommerce\Adapter\OC2\Service\Oc2ReferenceDataService [] []
[2017-07-25 04:38:56] pos_logger.DEBUG: class found [] []
[2017-07-25 04:38:56] pos_logger.DEBUG: checking QuickCommerce\Adapter\OC2\Service\Oc2SettingsService [] []
[2017-07-25 04:38:56] pos_logger.DEBUG: class found [] []
[2017-07-25 04:38:56] pos_logger.DEBUG: checking QuickCommerce\Adapter\OC2\Service\Oc2OrderService [] []
[2017-07-25 04:38:56] pos_logger.DEBUG: class found [] []
[2017-07-25 04:39:50] pos_logger.DEBUG: checking QuickCommerce\Adapter\OC2\Service\Oc2ReferenceDataService [] []
[2017-07-25 04:39:50] pos_logger.DEBUG: class found [] []
[2017-07-25 04:39:51] pos_logger.DEBUG: checking QuickCommerce\Adapter\OC2\Service\Oc2SettingsService [] []
[2017-07-25 04:39:51] pos_logger.DEBUG: class found [] []
[2017-07-25 04:39:51] pos_logger.DEBUG: checking QuickCommerce\Adapter\OC2\Service\Oc2OrderService [] []
[2017-07-25 04:39:51] pos_logger.DEBUG: class found [] []
[2017-07-25 04:43:44] pos_logger.DEBUG: checking QuickCommerce\Adapter\OC2\Service\Oc2ReferenceDataService [] []
[2017-07-25 04:43:44] pos_logger.DEBUG: class found [] []
[2017-07-25 04:43:44] pos_logger.DEBUG: checking QuickCommerce\Adapter\OC2\Service\Oc2SettingsService [] []
[2017-07-25 04:43:44] pos_logger.DEBUG: class found [] []
[2017-07-25 04:43:44] pos_logger.DEBUG: checking QuickCommerce\Adapter\OC2\Service\Oc2OrderService [] []
[2017-07-25 04:43:44] pos_logger.DEBUG: class found [] []
[2017-07-25 04:43:59] pos_logger.DEBUG: checking QuickCommerce\Adapter\OC2\Service\Oc2ReferenceDataService [] []
[2017-07-25 04:43:59] pos_logger.DEBUG: class found [] []
[2017-07-25 04:44:00] pos_logger.DEBUG: checking QuickCommerce\Adapter\OC2\Service\Oc2SettingsService [] []
[2017-07-25 04:44:00] pos_logger.DEBUG: class found [] []
[2017-07-25 04:44:00] pos_logger.DEBUG: checking QuickCommerce\Adapter\OC2\Service\Oc2OrderService [] []
[2017-07-25 04:44:00] pos_logger.DEBUG: class found [] []
[2017-07-25 04:44:07] pos_logger.DEBUG: checking QuickCommerce\Adapter\OC2\Service\Oc2ReferenceDataService [] []
[2017-07-25 04:44:07] pos_logger.DEBUG: class found [] []
[2017-07-25 04:44:07] pos_logger.DEBUG: checking QuickCommerce\Adapter\OC2\Service\Oc2SettingsService [] []
[2017-07-25 04:44:07] pos_logger.DEBUG: class found [] []
[2017-07-25 04:44:07] pos_logger.DEBUG: checking QuickCommerce\Adapter\OC2\Service\Oc2OrderService [] []
[2017-07-25 04:44:07] pos_logger.DEBUG: class found [] []
[2017-07-25 04:46:28] pos_logger.DEBUG: checking QuickCommerce\Adapter\OC2\Service\Oc2ReferenceDataService [] []
[2017-07-25 04:46:28] pos_logger.DEBUG: class found [] []
[2017-07-25 04:46:28] pos_logger.DEBUG: checking QuickCommerce\Adapter\OC2\Service\Oc2SettingsService [] []
[2017-07-25 04:46:28] pos_logger.DEBUG: class found [] []
[2017-07-25 04:46:29] pos_logger.DEBUG: checking QuickCommerce\Adapter\OC2\Service\Oc2OrderService [] []
[2017-07-25 04:46:29] pos_logger.DEBUG: class found [] []
[2017-07-25 04:47:02] pos_logger.DEBUG: checking QuickCommerce\Adapter\OC2\Service\Oc2ReferenceDataService [] []
[2017-07-25 04:47:02] pos_logger.DEBUG: class found [] []
[2017-07-25 04:47:02] pos_logger.DEBUG: checking QuickCommerce\Adapter\OC2\Service\Oc2SettingsService [] []
[2017-07-25 04:47:02] pos_logger.DEBUG: class found [] []
[2017-07-25 04:47:02] pos_logger.DEBUG: checking QuickCommerce\Adapter\OC2\Service\Oc2OrderService [] []
[2017-07-25 04:47:02] pos_logger.DEBUG: class found [] []
[2017-07-25 04:48:27] pos_logger.DEBUG: checking QuickCommerce\Adapter\OC2\Service\Oc2ReferenceDataService [] []
[2017-07-25 04:48:27] pos_logger.DEBUG: class found [] []
[2017-07-25 04:48:27] pos_logger.DEBUG: checking QuickCommerce\Adapter\OC2\Service\Oc2SettingsService [] []
[2017-07-25 04:48:27] pos_logger.DEBUG: class found [] []
[2017-07-25 04:48:27] pos_logger.DEBUG: checking QuickCommerce\Adapter\OC2\Service\Oc2OrderService [] []
[2017-07-25 04:48:27] pos_logger.DEBUG: class found [] []
[2017-07-25 04:53:43] pos_logger.DEBUG: checking QuickCommerce\Adapter\OC2\Service\Oc2ReferenceDataService [] []
[2017-07-25 04:53:43] pos_logger.DEBUG: class found [] []
[2017-07-25 04:53:43] pos_logger.DEBUG: checking QuickCommerce\Adapter\OC2\Service\Oc2SettingsService [] []
[2017-07-25 04:53:43] pos_logger.DEBUG: class found [] []
[2017-07-25 04:53:44] pos_logger.DEBUG: checking QuickCommerce\Adapter\OC2\Service\Oc2OrderService [] []
[2017-07-25 04:53:44] pos_logger.DEBUG: class found [] []
[2017-07-25 04:54:42] pos_logger.DEBUG: checking QuickCommerce\Adapter\OC2\Service\Oc2ReferenceDataService [] []
[2017-07-25 04:54:42] pos_logger.DEBUG: class found [] []
[2017-07-25 04:54:42] pos_logger.DEBUG: checking QuickCommerce\Adapter\OC2\Service\Oc2SettingsService [] []
[2017-07-25 04:54:42] pos_logger.DEBUG: class found [] []
[2017-07-25 04:54:42] pos_logger.DEBUG: checking QuickCommerce\Adapter\OC2\Service\Oc2OrderService [] []
[2017-07-25 04:54:42] pos_logger.DEBUG: class found [] []
[2017-07-25 04:57:45] pos_logger.DEBUG: checking QuickCommerce\Adapter\OC2\Service\Oc2ReferenceDataService [] []
[2017-07-25 04:57:45] pos_logger.DEBUG: class found [] []
[2017-07-25 04:57:45] pos_logger.DEBUG: checking QuickCommerce\Adapter\OC2\Service\Oc2SettingsService [] []
[2017-07-25 04:57:45] pos_logger.DEBUG: class found [] []
[2017-07-25 04:57:45] pos_logger.DEBUG: checking QuickCommerce\Adapter\OC2\Service\Oc2OrderService [] []
[2017-07-25 04:57:45] pos_logger.DEBUG: class found [] []
[2017-07-25 04:59:25] pos_logger.DEBUG: checking QuickCommerce\Adapter\OC2\Service\Oc2ReferenceDataService [] []
[2017-07-25 04:59:25] pos_logger.DEBUG: class found [] []
[2017-07-25 04:59:25] pos_logger.DEBUG: checking QuickCommerce\Adapter\OC2\Service\Oc2SettingsService [] []
[2017-07-25 04:59:25] pos_logger.DEBUG: class found [] []
[2017-07-25 04:59:26] pos_logger.DEBUG: checking QuickCommerce\Adapter\OC2\Service\Oc2OrderService [] []
[2017-07-25 04:59:26] pos_logger.DEBUG: class found [] []
[2017-07-25 05:00:12] pos_logger.DEBUG: checking QuickCommerce\Adapter\OC2\Service\Oc2ReferenceDataService [] []
[2017-07-25 05:00:12] pos_logger.DEBUG: class found [] []
[2017-07-25 05:00:12] pos_logger.DEBUG: checking QuickCommerce\Adapter\OC2\Service\Oc2SettingsService [] []
[2017-07-25 05:00:12] pos_logger.DEBUG: class found [] []
[2017-07-25 05:00:13] pos_logger.DEBUG: checking QuickCommerce\Adapter\OC2\Service\Oc2OrderService [] []
[2017-07-25 05:00:13] pos_logger.DEBUG: class found [] []
[2017-07-25 05:02:37] pos_logger.DEBUG: checking QuickCommerce\Adapter\OC2\Service\Oc2ReferenceDataService [] []
[2017-07-25 05:02:37] pos_logger.DEBUG: class found [] []
[2017-07-25 05:02:37] pos_logger.DEBUG: checking QuickCommerce\Adapter\OC2\Service\Oc2SettingsService [] []
[2017-07-25 05:02:37] pos_logger.DEBUG: class found [] []
[2017-07-25 05:02:37] pos_logger.DEBUG: checking QuickCommerce\Adapter\OC2\Service\Oc2OrderService [] []
[2017-07-25 05:02:37] pos_logger.DEBUG: class found [] []
[2017-07-25 05:03:43] pos_logger.DEBUG: checking QuickCommerce\Adapter\OC2\Service\Oc2ReferenceDataService [] []
[2017-07-25 05:03:43] pos_logger.DEBUG: class found [] []
[2017-07-25 05:03:43] pos_logger.DEBUG: checking QuickCommerce\Adapter\OC2\Service\Oc2SettingsService [] []
[2017-07-25 05:03:43] pos_logger.DEBUG: class found [] []
[2017-07-25 05:03:44] pos_logger.DEBUG: checking QuickCommerce\Adapter\OC2\Service\Oc2OrderService [] []
[2017-07-25 05:03:44] pos_logger.DEBUG: class found [] []
[2017-07-25 05:05:35] pos_logger.DEBUG: checking QuickCommerce\Adapter\OC2\Service\Oc2ReferenceDataService [] []
[2017-07-25 05:05:35] pos_logger.DEBUG: class found [] []
[2017-07-25 05:05:35] pos_logger.DEBUG: checking QuickCommerce\Adapter\OC2\Service\Oc2SettingsService [] []
[2017-07-25 05:05:35] pos_logger.DEBUG: class found [] []
[2017-07-25 05:05:35] pos_logger.DEBUG: checking QuickCommerce\Adapter\OC2\Service\Oc2OrderService [] []
[2017-07-25 05:05:35] pos_logger.DEBUG: class found [] []
[2017-07-25 05:06:20] pos_logger.DEBUG: checking QuickCommerce\Adapter\OC2\Service\Oc2ReferenceDataService [] []
[2017-07-25 05:06:20] pos_logger.DEBUG: class found [] []
[2017-07-25 05:06:20] pos_logger.DEBUG: checking QuickCommerce\Adapter\OC2\Service\Oc2SettingsService [] []
[2017-07-25 05:06:20] pos_logger.DEBUG: class found [] []
[2017-07-25 05:06:21] pos_logger.DEBUG: checking QuickCommerce\Adapter\OC2\Service\Oc2OrderService [] []
[2017-07-25 05:06:21] pos_logger.DEBUG: class found [] []
[2017-07-25 05:06:52] pos_logger.DEBUG: checking QuickCommerce\Adapter\OC2\Service\Oc2ReferenceDataService [] []
[2017-07-25 05:06:52] pos_logger.DEBUG: class found [] []
[2017-07-25 05:06:52] pos_logger.DEBUG: checking QuickCommerce\Adapter\OC2\Service\Oc2SettingsService [] []
[2017-07-25 05:06:52] pos_logger.DEBUG: class found [] []
[2017-07-25 05:06:55] pos_logger.DEBUG: checking QuickCommerce\Adapter\OC2\Service\Oc2OrderService [] []
[2017-07-25 05:06:55] pos_logger.DEBUG: class found [] []
[2017-07-25 05:07:31] pos_logger.DEBUG: checking QuickCommerce\Adapter\OC2\Service\Oc2ReferenceDataService [] []
[2017-07-25 05:07:31] pos_logger.DEBUG: class found [] []
[2017-07-25 05:07:31] pos_logger.DEBUG: checking QuickCommerce\Adapter\OC2\Service\Oc2SettingsService [] []
[2017-07-25 05:07:31] pos_logger.DEBUG: class found [] []
[2017-07-25 05:07:32] pos_logger.DEBUG: checking QuickCommerce\Adapter\OC2\Service\Oc2OrderService [] []
[2017-07-25 05:07:32] pos_logger.DEBUG: class found [] []
[2017-07-25 05:08:51] pos_logger.DEBUG: checking QuickCommerce\Adapter\OC2\Service\Oc2ReferenceDataService [] []
[2017-07-25 05:08:51] pos_logger.DEBUG: class found [] []
[2017-07-25 05:08:51] pos_logger.DEBUG: checking QuickCommerce\Adapter\OC2\Service\Oc2SettingsService [] []
[2017-07-25 05:08:51] pos_logger.DEBUG: class found [] []
[2017-07-25 05:08:53] pos_logger.DEBUG: checking QuickCommerce\Adapter\OC2\Service\Oc2OrderService [] []
[2017-07-25 05:08:53] pos_logger.DEBUG: class found [] []
[2017-07-25 05:09:23] pos_logger.DEBUG: checking QuickCommerce\Adapter\OC2\Service\Oc2ReferenceDataService [] []
[2017-07-25 05:09:23] pos_logger.DEBUG: class found [] []
[2017-07-25 05:09:23] pos_logger.DEBUG: checking QuickCommerce\Adapter\OC2\Service\Oc2SettingsService [] []
[2017-07-25 05:09:23] pos_logger.DEBUG: class found [] []
[2017-07-25 05:09:24] pos_logger.DEBUG: checking QuickCommerce\Adapter\OC2\Service\Oc2OrderService [] []
[2017-07-25 05:09:24] pos_logger.DEBUG: class found [] []
[2017-07-25 05:12:49] pos_logger.DEBUG: checking QuickCommerce\Adapter\OC2\Service\Oc2ReferenceDataService [] []
[2017-07-25 05:12:49] pos_logger.DEBUG: class found [] []
[2017-07-25 05:12:49] pos_logger.DEBUG: checking QuickCommerce\Adapter\OC2\Service\Oc2SettingsService [] []
[2017-07-25 05:12:49] pos_logger.DEBUG: class found [] []
[2017-07-25 05:12:49] pos_logger.DEBUG: checking QuickCommerce\Adapter\OC2\Service\Oc2OrderService [] []
[2017-07-25 05:12:49] pos_logger.DEBUG: class found [] []
[2017-07-25 05:14:10] pos_logger.DEBUG: checking QuickCommerce\Adapter\OC2\Service\Oc2ReferenceDataService [] []
[2017-07-25 05:14:10] pos_logger.DEBUG: class found [] []
[2017-07-25 05:14:10] pos_logger.DEBUG: checking QuickCommerce\Adapter\OC2\Service\Oc2SettingsService [] []
[2017-07-25 05:14:10] pos_logger.DEBUG: class found [] []
[2017-07-25 05:14:11] pos_logger.DEBUG: checking QuickCommerce\Adapter\OC2\Service\Oc2OrderService [] []
[2017-07-25 05:14:11] pos_logger.DEBUG: class found [] []
[2017-07-25 05:14:52] pos_logger.DEBUG: checking QuickCommerce\Adapter\OC2\Service\Oc2ReferenceDataService [] []
[2017-07-25 05:14:52] pos_logger.DEBUG: class found [] []
[2017-07-25 05:14:52] pos_logger.DEBUG: checking QuickCommerce\Adapter\OC2\Service\Oc2SettingsService [] []
[2017-07-25 05:14:52] pos_logger.DEBUG: class found [] []
[2017-07-25 05:14:54] pos_logger.DEBUG: checking QuickCommerce\Adapter\OC2\Service\Oc2OrderService [] []
[2017-07-25 05:14:54] pos_logger.DEBUG: class found [] []
[2017-07-25 05:15:16] pos_logger.DEBUG: checking QuickCommerce\Adapter\OC2\Service\Oc2OrderService [] []
[2017-07-25 05:15:16] pos_logger.DEBUG: class found [] []
[2017-07-25 05:15:17] pos_logger.DEBUG: checking QuickCommerce\Adapter\OC2\Service\Oc2OrderService [] []
[2017-07-25 05:15:17] pos_logger.DEBUG: class found [] []
[2017-07-25 05:35:25] pos_logger.DEBUG: checking QuickCommerce\Adapter\OC2\Service\Oc2ReferenceDataService [] []
[2017-07-25 05:35:25] pos_logger.DEBUG: class found [] []
[2017-07-25 05:35:26] pos_logger.DEBUG: checking QuickCommerce\Adapter\OC2\Service\Oc2SettingsService [] []
[2017-07-25 05:35:26] pos_logger.DEBUG: class found [] []
[2017-07-25 05:35:27] pos_logger.DEBUG: checking QuickCommerce\Adapter\OC2\Service\Oc2ReferenceDataService [] []
[2017-07-25 05:35:27] pos_logger.DEBUG: class found [] []
[2017-07-25 05:35:27] pos_logger.DEBUG: checking QuickCommerce\Adapter\OC2\Service\Oc2SettingsService [] []
[2017-07-25 05:35:27] pos_logger.DEBUG: class found [] []
[2017-07-25 05:35:27] pos_logger.DEBUG: checking QuickCommerce\Adapter\OC2\Service\Oc2OrderService [] []
[2017-07-25 05:35:27] pos_logger.DEBUG: class found [] []
[2017-07-25 05:47:54] pos_logger.DEBUG: checking QuickCommerce\Adapter\OC2\Service\Oc2ReferenceDataService [] []
[2017-07-25 05:47:54] pos_logger.DEBUG: class found [] []
[2017-07-25 05:47:54] pos_logger.DEBUG: checking QuickCommerce\Adapter\OC2\Service\Oc2SettingsService [] []
[2017-07-25 05:47:54] pos_logger.DEBUG: class found [] []
[2017-07-25 05:47:57] pos_logger.DEBUG: checking QuickCommerce\Adapter\OC2\Service\Oc2ReferenceDataService [] []
[2017-07-25 05:47:57] pos_logger.DEBUG: class found [] []
[2017-07-25 05:47:57] pos_logger.DEBUG: checking QuickCommerce\Adapter\OC2\Service\Oc2SettingsService [] []
[2017-07-25 05:47:57] pos_logger.DEBUG: class found [] []
[2017-07-25 05:47:58] pos_logger.DEBUG: checking QuickCommerce\Adapter\OC2\Service\Oc2OrderService [] []
[2017-07-25 05:47:58] pos_logger.DEBUG: class found [] []
[2017-07-25 06:10:15] pos_logger.DEBUG: checking QuickCommerce\Adapter\OC2\Service\Oc2ReferenceDataService [] []
[2017-07-25 06:10:15] pos_logger.DEBUG: class found [] []
[2017-07-25 06:10:15] pos_logger.DEBUG: checking QuickCommerce\Adapter\OC2\Service\Oc2SettingsService [] []
[2017-07-25 06:10:15] pos_logger.DEBUG: class found [] []
[2017-07-25 06:10:17] pos_logger.DEBUG: checking QuickCommerce\Adapter\OC2\Service\Oc2ReferenceDataService [] []
[2017-07-25 06:10:17] pos_logger.DEBUG: class found [] []
[2017-07-25 06:10:17] pos_logger.DEBUG: checking QuickCommerce\Adapter\OC2\Service\Oc2SettingsService [] []
[2017-07-25 06:10:17] pos_logger.DEBUG: class found [] []
[2017-07-25 06:10:17] pos_logger.DEBUG: checking QuickCommerce\Adapter\OC2\Service\Oc2OrderService [] []
[2017-07-25 06:10:17] pos_logger.DEBUG: class found [] []
[2017-07-25 06:10:39] pos_logger.DEBUG: checking QuickCommerce\Adapter\OC2\Service\Oc2ReferenceDataService [] []
[2017-07-25 06:10:39] pos_logger.DEBUG: class found [] []
[2017-07-25 06:10:40] pos_logger.DEBUG: checking QuickCommerce\Adapter\OC2\Service\Oc2SettingsService [] []
[2017-07-25 06:10:40] pos_logger.DEBUG: class found [] []
[2017-07-25 06:10:40] pos_logger.DEBUG: checking QuickCommerce\Adapter\OC2\Service\Oc2OrderService [] []
[2017-07-25 06:10:40] pos_logger.DEBUG: class found [] []
[2017-07-25 06:43:10] pos_logger.DEBUG: checking QuickCommerce\Adapter\OC2\Service\Oc2ReferenceDataService [] []
[2017-07-25 06:43:10] pos_logger.DEBUG: class found [] []
[2017-07-25 06:43:10] pos_logger.DEBUG: checking QuickCommerce\Adapter\OC2\Service\Oc2SettingsService [] []
[2017-07-25 06:43:10] pos_logger.DEBUG: class found [] []
[2017-07-25 06:43:11] pos_logger.DEBUG: checking QuickCommerce\Adapter\OC2\Service\Oc2OrderService [] []
[2017-07-25 06:43:11] pos_logger.DEBUG: class found [] []
[2017-07-25 13:57:11] pos_logger.DEBUG: checking QuickCommerce\Adapter\OC2\Service\Oc2OrderService [] []
[2017-07-25 13:57:11] pos_logger.DEBUG: class found [] []
[2017-07-25 14:22:32] pos_logger.DEBUG: checking QuickCommerce\Adapter\OC2\Service\Oc2OrderService [] []
[2017-07-25 14:22:32] pos_logger.DEBUG: class found [] []
[2017-07-25 15:05:46] pos_logger.DEBUG: checking QuickCommerce\Adapter\OC2\Service\Oc2ReferenceDataService [] []
[2017-07-25 15:05:46] pos_logger.DEBUG: class found [] []
[2017-07-25 15:05:46] pos_logger.DEBUG: checking QuickCommerce\Adapter\OC2\Service\Oc2SettingsService [] []
[2017-07-25 15:05:46] pos_logger.DEBUG: class found [] []
[2017-07-25 15:05:46] pos_logger.DEBUG: checking QuickCommerce\Adapter\OC2\Service\Oc2OrderService [] []
[2017-07-25 15:05:46] pos_logger.DEBUG: class found [] []
[2017-07-25 15:06:28] pos_logger.DEBUG: checking QuickCommerce\Adapter\OC2\Service\Oc2ReferenceDataService [] []
[2017-07-25 15:06:28] pos_logger.DEBUG: class found [] []
[2017-07-25 15:06:28] pos_logger.DEBUG: checking QuickCommerce\Adapter\OC2\Service\Oc2SettingsService [] []
[2017-07-25 15:06:28] pos_logger.DEBUG: class found [] []
[2017-07-25 15:06:28] pos_logger.DEBUG: checking QuickCommerce\Adapter\OC2\Service\Oc2OrderService [] []
[2017-07-25 15:06:28] pos_logger.DEBUG: class found [] []
[2017-07-25 15:06:48] pos_logger.DEBUG: checking QuickCommerce\Adapter\OC2\Service\Oc2ReferenceDataService [] []
[2017-07-25 15:06:48] pos_logger.DEBUG: class found [] []
[2017-07-25 15:06:48] pos_logger.DEBUG: checking QuickCommerce\Adapter\OC2\Service\Oc2SettingsService [] []
[2017-07-25 15:06:48] pos_logger.DEBUG: class found [] []
[2017-07-25 15:06:48] pos_logger.DEBUG: checking QuickCommerce\Adapter\OC2\Service\Oc2OrderService [] []
[2017-07-25 15:06:48] pos_logger.DEBUG: class found [] []
[2017-07-25 15:07:22] pos_logger.DEBUG: checking QuickCommerce\Adapter\OC2\Service\Oc2ReferenceDataService [] []
[2017-07-25 15:07:22] pos_logger.DEBUG: class found [] []
[2017-07-25 15:07:22] pos_logger.DEBUG: checking QuickCommerce\Adapter\OC2\Service\Oc2SettingsService [] []
[2017-07-25 15:07:22] pos_logger.DEBUG: class found [] []
[2017-07-25 15:07:23] pos_logger.DEBUG: checking QuickCommerce\Adapter\OC2\Service\Oc2OrderService [] []
[2017-07-25 15:07:23] pos_logger.DEBUG: class found [] []
[2017-07-25 15:08:14] pos_logger.DEBUG: checking QuickCommerce\Adapter\OC2\Service\Oc2ReferenceDataService [] []
[2017-07-25 15:08:14] pos_logger.DEBUG: class found [] []
[2017-07-25 15:08:14] pos_logger.DEBUG: checking QuickCommerce\Adapter\OC2\Service\Oc2SettingsService [] []
[2017-07-25 15:08:14] pos_logger.DEBUG: class found [] []
[2017-07-25 15:08:15] pos_logger.DEBUG: checking QuickCommerce\Adapter\OC2\Service\Oc2OrderService [] []
[2017-07-25 15:08:15] pos_logger.DEBUG: class found [] []
[2017-07-25 15:10:02] pos_logger.DEBUG: checking QuickCommerce\Adapter\OC2\Service\Oc2ReferenceDataService [] []
[2017-07-25 15:10:02] pos_logger.DEBUG: class found [] []
[2017-07-25 15:10:02] pos_logger.DEBUG: checking QuickCommerce\Adapter\OC2\Service\Oc2SettingsService [] []
[2017-07-25 15:10:02] pos_logger.DEBUG: class found [] []
[2017-07-25 15:10:03] pos_logger.DEBUG: checking QuickCommerce\Adapter\OC2\Service\Oc2OrderService [] []
[2017-07-25 15:10:03] pos_logger.DEBUG: class found [] []
[2017-07-25 15:15:07] pos_logger.DEBUG: checking QuickCommerce\Adapter\OC2\Service\Oc2ReferenceDataService [] []
[2017-07-25 15:15:07] pos_logger.DEBUG: class found [] []
[2017-07-25 15:15:07] pos_logger.DEBUG: checking QuickCommerce\Adapter\OC2\Service\Oc2SettingsService [] []
[2017-07-25 15:15:07] pos_logger.DEBUG: class found [] []
[2017-07-25 15:15:07] pos_logger.DEBUG: checking QuickCommerce\Adapter\OC2\Service\Oc2OrderService [] []
[2017-07-25 15:15:07] pos_logger.DEBUG: class found [] []
[2017-07-25 15:15:09] pos_logger.DEBUG: checking QuickCommerce\Adapter\OC2\Service\Oc2ReferenceDataService [] []
[2017-07-25 15:15:09] pos_logger.DEBUG: class found [] []
[2017-07-25 15:15:09] pos_logger.DEBUG: checking QuickCommerce\Adapter\OC2\Service\Oc2SettingsService [] []
[2017-07-25 15:15:09] pos_logger.DEBUG: class found [] []
[2017-07-25 15:15:10] pos_logger.DEBUG: checking QuickCommerce\Adapter\OC2\Service\Oc2OrderService [] []
[2017-07-25 15:15:10] pos_logger.DEBUG: class found [] []
[2017-07-25 15:20:03] pos_logger.DEBUG: checking QuickCommerce\Adapter\OC2\Service\Oc2OrderService [] []
[2017-07-25 15:20:03] pos_logger.DEBUG: class found [] []
[2017-07-25 15:20:03] pos_logger.DEBUG: checking QuickCommerce\Adapter\OC2\Service\Oc2OrderService [] []
[2017-07-25 15:20:03] pos_logger.DEBUG: class found [] []
[2017-07-25 15:24:28] pos_logger.DEBUG: checking QuickCommerce\Adapter\OC2\Service\Oc2ReferenceDataService [] []
[2017-07-25 15:24:28] pos_logger.DEBUG: class found [] []
[2017-07-25 15:24:28] pos_logger.DEBUG: checking QuickCommerce\Adapter\OC2\Service\Oc2SettingsService [] []
[2017-07-25 15:24:28] pos_logger.DEBUG: class found [] []
[2017-07-25 15:24:29] pos_logger.DEBUG: checking QuickCommerce\Adapter\OC2\Service\Oc2OrderService [] []
[2017-07-25 15:24:29] pos_logger.DEBUG: class found [] []
[2017-07-25 15:25:39] pos_logger.DEBUG: checking QuickCommerce\Adapter\OC2\Service\Oc2ReferenceDataService [] []
[2017-07-25 15:25:39] pos_logger.DEBUG: class found [] []
[2017-07-25 15:25:39] pos_logger.DEBUG: checking QuickCommerce\Adapter\OC2\Service\Oc2SettingsService [] []
[2017-07-25 15:25:39] pos_logger.DEBUG: class found [] []
[2017-07-25 15:25:40] pos_logger.DEBUG: checking QuickCommerce\Adapter\OC2\Service\Oc2OrderService [] []
[2017-07-25 15:25:40] pos_logger.DEBUG: class found [] []
[2017-07-25 15:26:39] pos_logger.DEBUG: checking QuickCommerce\Adapter\OC2\Service\Oc2ReferenceDataService [] []
[2017-07-25 15:26:39] pos_logger.DEBUG: class found [] []
[2017-07-25 15:26:39] pos_logger.DEBUG: checking QuickCommerce\Adapter\OC2\Service\Oc2SettingsService [] []
[2017-07-25 15:26:39] pos_logger.DEBUG: class found [] []
[2017-07-25 15:26:39] pos_logger.DEBUG: checking QuickCommerce\Adapter\OC2\Service\Oc2OrderService [] []
[2017-07-25 15:26:39] pos_logger.DEBUG: class found [] []
[2017-07-25 15:27:05] pos_logger.DEBUG: checking QuickCommerce\Adapter\OC2\Service\Oc2ReferenceDataService [] []
[2017-07-25 15:27:05] pos_logger.DEBUG: class found [] []
[2017-07-25 15:27:05] pos_logger.DEBUG: checking QuickCommerce\Adapter\OC2\Service\Oc2SettingsService [] []
[2017-07-25 15:27:05] pos_logger.DEBUG: class found [] []
[2017-07-25 15:27:05] pos_logger.DEBUG: checking QuickCommerce\Adapter\OC2\Service\Oc2OrderService [] []
[2017-07-25 15:27:05] pos_logger.DEBUG: class found [] []
[2017-07-25 15:28:02] pos_logger.DEBUG: checking QuickCommerce\Adapter\OC2\Service\Oc2ReferenceDataService [] []
[2017-07-25 15:28:02] pos_logger.DEBUG: class found [] []
[2017-07-25 15:28:02] pos_logger.DEBUG: checking QuickCommerce\Adapter\OC2\Service\Oc2SettingsService [] []
[2017-07-25 15:28:02] pos_logger.DEBUG: class found [] []
[2017-07-25 15:28:02] pos_logger.DEBUG: checking QuickCommerce\Adapter\OC2\Service\Oc2OrderService [] []
[2017-07-25 15:28:02] pos_logger.DEBUG: class found [] []
[2017-07-25 15:28:46] pos_logger.DEBUG: checking QuickCommerce\Adapter\OC2\Service\Oc2ReferenceDataService [] []
[2017-07-25 15:28:46] pos_logger.DEBUG: class found [] []
[2017-07-25 15:28:46] pos_logger.DEBUG: checking QuickCommerce\Adapter\OC2\Service\Oc2SettingsService [] []
[2017-07-25 15:28:46] pos_logger.DEBUG: class found [] []
[2017-07-25 15:28:46] pos_logger.DEBUG: checking QuickCommerce\Adapter\OC2\Service\Oc2OrderService [] []
[2017-07-25 15:28:46] pos_logger.DEBUG: class found [] []
[2017-07-25 15:29:59] pos_logger.DEBUG: checking QuickCommerce\Adapter\OC2\Service\Oc2ReferenceDataService [] []
[2017-07-25 15:29:59] pos_logger.DEBUG: class found [] []
[2017-07-25 15:30:00] pos_logger.DEBUG: checking QuickCommerce\Adapter\OC2\Service\Oc2SettingsService [] []
[2017-07-25 15:30:00] pos_logger.DEBUG: class found [] []
[2017-07-25 15:30:00] pos_logger.DEBUG: checking QuickCommerce\Adapter\OC2\Service\Oc2OrderService [] []
[2017-07-25 15:30:00] pos_logger.DEBUG: class found [] []
[2017-07-25 15:31:58] pos_logger.DEBUG: checking QuickCommerce\Adapter\OC2\Service\Oc2ReferenceDataService [] []
[2017-07-25 15:31:58] pos_logger.DEBUG: class found [] []
[2017-07-25 15:31:58] pos_logger.DEBUG: checking QuickCommerce\Adapter\OC2\Service\Oc2SettingsService [] []
[2017-07-25 15:31:58] pos_logger.DEBUG: class found [] []
[2017-07-25 15:31:59] pos_logger.DEBUG: checking QuickCommerce\Adapter\OC2\Service\Oc2OrderService [] []
[2017-07-25 15:31:59] pos_logger.DEBUG: class found [] []
[2017-07-25 15:32:36] pos_logger.DEBUG: checking QuickCommerce\Adapter\OC2\Service\Oc2ReferenceDataService [] []
[2017-07-25 15:32:36] pos_logger.DEBUG: class found [] []
[2017-07-25 15:32:36] pos_logger.DEBUG: checking QuickCommerce\Adapter\OC2\Service\Oc2SettingsService [] []
[2017-07-25 15:32:36] pos_logger.DEBUG: class found [] []
[2017-07-25 15:32:37] pos_logger.DEBUG: checking QuickCommerce\Adapter\OC2\Service\Oc2OrderService [] []
[2017-07-25 15:32:37] pos_logger.DEBUG: class found [] []
[2017-07-25 15:37:58] pos_logger.DEBUG: checking QuickCommerce\Adapter\OC2\Service\Oc2ReferenceDataService [] []
[2017-07-25 15:37:58] pos_logger.DEBUG: class found [] []
[2017-07-25 15:37:58] pos_logger.DEBUG: checking QuickCommerce\Adapter\OC2\Service\Oc2SettingsService [] []
[2017-07-25 15:37:58] pos_logger.DEBUG: class found [] []
[2017-07-25 15:37:58] pos_logger.DEBUG: checking QuickCommerce\Adapter\OC2\Service\Oc2OrderService [] []
[2017-07-25 15:37:58] pos_logger.DEBUG: class found [] []
[2017-07-25 15:41:29] pos_logger.DEBUG: checking QuickCommerce\Adapter\OC2\Service\Oc2ReferenceDataService [] []
[2017-07-25 15:41:29] pos_logger.DEBUG: class found [] []
[2017-07-25 15:41:29] pos_logger.DEBUG: checking QuickCommerce\Adapter\OC2\Service\Oc2SettingsService [] []
[2017-07-25 15:41:29] pos_logger.DEBUG: class found [] []
[2017-07-25 15:41:30] pos_logger.DEBUG: checking QuickCommerce\Adapter\OC2\Service\Oc2OrderService [] []
[2017-07-25 15:41:30] pos_logger.DEBUG: class found [] []
[2017-07-25 15:42:36] pos_logger.DEBUG: checking QuickCommerce\Adapter\OC2\Service\Oc2OrderService [] []
[2017-07-25 15:42:36] pos_logger.DEBUG: class found [] []
[2017-07-25 15:42:36] pos_logger.DEBUG: An exception occurred while executing 'INSERT INTO oc2_order_product (order_id, product_id, name, model, quantity, price, total, tax, reward) VALUES (?, ?, ?, ?, ?, ?, ?, ?, ?)' with params ["4397", null, "Coffee", null, 1, "0.0000", "0.0000", "0.0000", 0]:  Column 'product_id' cannot be null [] []
[2017-07-25 15:42:36] pos_logger.DEBUG: #0 /home/acecoffee/quickcommerce/vendor/doctrine/dbal/lib/Doctrine/DBAL/DBALException.php(128): Doctrine\DBAL\Driver\AbstractMySQLDriver->convertException('An exception oc...', Object(Doctrine\DBAL\Driver\Mysqli\MysqliException)) #1 /home/acecoffee/quickcommerce/vendor/doctrine/dbal/lib/Doctrine/DBAL/Statement.php(177): Doctrine\DBAL\DBALException::driverExceptionDuringQuery(Object(Doctrine\DBAL\Driver\Mysqli\Driver), Object(Doctrine\DBAL\Driver\Mysqli\MysqliException), 'INSERT INTO oc2...', Array) #2 /home/acecoffee/quickcommerce/vendor/doctrine/orm/lib/Doctrine/ORM/Persisters/Entity/BasicEntityPersister.php(281): Doctrine\DBAL\Statement->execute() #3 /home/acecoffee/quickcommerce/vendor/doctrine/orm/lib/Doctrine/ORM/UnitOfWork.php(1014): Doctrine\ORM\Persisters\Entity\BasicEntityPersister->executeInserts() #4 /home/acecoffee/quickcommerce/vendor/doctrine/orm/lib/Doctrine/ORM/UnitOfWork.php(378): Doctrine\ORM\UnitOfWork->executeInserts(Object(Doctrine\ORM\Mapping\ClassMetadata)) #5 /home/acecoffee/quickcommerce/vendor/doctrine/orm/lib/Doctrine/ORM/EntityManager.php(356): Doctrine\ORM\UnitOfWork->commit(NULL) #6 /home/acecoffee/quickcommerce/vendor/quickcommerce/src/Adapter/Opencart2x/Service/Oc2OrderService.php(393): Doctrine\ORM\EntityManager->flush() #7 /home/acecoffee/quickcommerce/vendor/quickcommerce/src/Adapter/Opencart2x/Service/Oc2OrderService.php(457): QuickCommerce\Adapter\OC2\Service\Oc2OrderService->addProduct(Object(Doctrine\ORM\EntityManager), '4397', Object(QuickCommerce\Model\View\PosOrderAction)) #8 /home/acecoffee/quickcommerce/vendor/quickcommerce/src/Adapter/Opencart2x/Service/Oc2OrderService.php(115): QuickCommerce\Adapter\OC2\Service\Oc2OrderService->updateOrder(Object(Doctrine\ORM\EntityManager), '4397', Object(QuickCommerce\Model\View\PosOrderAction)) #9 /home/acecoffee/quickcommerce/vendor/quickcommerce/src/API/Service/AbstractOrderService.php(55): QuickCommerce\Adapter\OC2\Service\Oc2OrderService->modifyOrder('4397', Object(QuickCommerce\Model\View\PosOrderAction)) #10 /home/acecoffee/quickcommerce/vendor/quickcommerce/src/API/Application.php(221): QuickCommerce\API\Service\AbstractOrderService->patch(Array, '4397', NULL) #11 /home/acecoffee/quickcommerce/upload/qcapi/index.php(138): QuickCommerce\API\Application->partialUpdate('order', Array, '4397') #12 [internal function]: Closure->{closure}(Object(Slim\Http\Request), Object(Slim\Http\Response), Array) #13 /home/acecoffee/quickcommerce/vendor/slim/slim/Slim/Handlers/Strategies/RequestResponse.php(41): call_user_func(Object(Closure), Object(Slim\Http\Request), Object(Slim\Http\Response), Array) #14 /home/acecoffee/quickcommerce/vendor/slim/slim/Slim/Route.php(344): Slim\Handlers\Strategies\RequestResponse->__invoke(Object(Closure), Object(Slim\Http\Request), Object(Slim\Http\Response), Array) #15 /home/acecoffee/quickcommerce/vendor/slim/slim/Slim/MiddlewareAwareTrait.php(122): Slim\Route->__invoke(Object(Slim\Http\Request), Object(Slim\Http\Response)) #16 /home/acecoffee/quickcommerce/vendor/slim/slim/Slim/Route.php(316): Slim\Route->callMiddlewareStack(Object(Slim\Http\Request), Object(Slim\Http\Response)) #17 /home/acecoffee/quickcommerce/vendor/slim/slim/Slim/App.php(476): Slim\Route->run(Object(Slim\Http\Request), Object(Slim\Http\Response)) #18 /home/acecoffee/quickcommerce/vendor/slim/slim/Slim/MiddlewareAwareTrait.php(122): Slim\App->__invoke(Object(Slim\Http\Request), Object(Slim\Http\Response)) #19 /home/acecoffee/quickcommerce/vendor/slim/slim/Slim/App.php(370): Slim\App->callMiddlewareStack(Object(Slim\Http\Request), Object(Slim\Http\Response)) #20 /home/acecoffee/quickcommerce/vendor/slim/slim/Slim/App.php(295): Slim\App->process(Object(Slim\Http\Request), Object(Slim\Http\Response)) #21 /home/acecoffee/quickcommerce/upload/qcapi/index.php(229): Slim\App->run() #22 {main} [] []
[2017-07-25 15:42:37] pos_logger.DEBUG: checking QuickCommerce\Adapter\OC2\Service\Oc2OrderService [] []
[2017-07-25 15:42:37] pos_logger.DEBUG: class found [] []
[2017-07-25 15:42:39] pos_logger.DEBUG: checking QuickCommerce\Adapter\OC2\Service\Oc2OrderService [] []
[2017-07-25 15:42:39] pos_logger.DEBUG: class found [] []
[2017-07-25 15:42:39] pos_logger.DEBUG: updating quantity with change 0 for productId  and productOptionValueIds Array ( )  [] []
[2017-07-25 15:42:39] pos_logger.DEBUG: checking QuickCommerce\Adapter\OC2\Service\Oc2OrderService [] []
[2017-07-25 15:42:39] pos_logger.DEBUG: class found [] []
[2017-07-25 15:47:42] pos_logger.DEBUG: checking QuickCommerce\Adapter\OC2\Service\Oc2ReferenceDataService [] []
[2017-07-25 15:47:42] pos_logger.DEBUG: class found [] []
[2017-07-25 15:47:42] pos_logger.DEBUG: checking QuickCommerce\Adapter\OC2\Service\Oc2SettingsService [] []
[2017-07-25 15:47:42] pos_logger.DEBUG: class found [] []
[2017-07-25 15:47:43] pos_logger.DEBUG: checking QuickCommerce\Adapter\OC2\Service\Oc2OrderService [] []
[2017-07-25 15:47:43] pos_logger.DEBUG: class found [] []
[2017-07-25 15:50:48] pos_logger.DEBUG: checking QuickCommerce\Adapter\OC2\Service\Oc2ReferenceDataService [] []
[2017-07-25 15:50:48] pos_logger.DEBUG: class found [] []
[2017-07-25 15:50:48] pos_logger.DEBUG: checking QuickCommerce\Adapter\OC2\Service\Oc2SettingsService [] []
[2017-07-25 15:50:48] pos_logger.DEBUG: class found [] []
[2017-07-25 15:50:48] pos_logger.DEBUG: checking QuickCommerce\Adapter\OC2\Service\Oc2OrderService [] []
[2017-07-25 15:50:48] pos_logger.DEBUG: class found [] []
[2017-07-25 16:26:28] pos_logger.DEBUG: checking QuickCommerce\Adapter\OC2\Service\Oc2ReferenceDataService [] []
[2017-07-25 16:26:28] pos_logger.DEBUG: class found [] []
[2017-07-25 16:26:28] pos_logger.DEBUG: checking QuickCommerce\Adapter\OC2\Service\Oc2SettingsService [] []
[2017-07-25 16:26:28] pos_logger.DEBUG: class found [] []
[2017-07-25 16:26:29] pos_logger.DEBUG: checking QuickCommerce\Adapter\OC2\Service\Oc2OrderService [] []
[2017-07-25 16:26:29] pos_logger.DEBUG: class found [] []
[2017-07-25 16:29:36] pos_logger.DEBUG: checking QuickCommerce\Adapter\OC2\Service\Oc2ReferenceDataService [] []
[2017-07-25 16:29:36] pos_logger.DEBUG: class found [] []
[2017-07-25 16:29:36] pos_logger.DEBUG: checking QuickCommerce\Adapter\OC2\Service\Oc2SettingsService [] []
[2017-07-25 16:29:36] pos_logger.DEBUG: class found [] []
[2017-07-25 16:29:37] pos_logger.DEBUG: checking QuickCommerce\Adapter\OC2\Service\Oc2OrderService [] []
[2017-07-25 16:29:37] pos_logger.DEBUG: class found [] []
[2017-07-25 16:29:44] pos_logger.DEBUG: checking QuickCommerce\Adapter\OC2\Service\Oc2OrderService [] []
[2017-07-25 16:29:44] pos_logger.DEBUG: class found [] []
[2017-07-25 17:46:48] pos_logger.DEBUG: checking QuickCommerce\Adapter\OC2\Service\Oc2ReferenceDataService [] []
[2017-07-25 17:46:48] pos_logger.DEBUG: class found [] []
[2017-07-25 17:46:49] pos_logger.DEBUG: checking QuickCommerce\Adapter\OC2\Service\Oc2SettingsService [] []
[2017-07-25 17:46:49] pos_logger.DEBUG: class found [] []
[2017-07-25 17:46:49] pos_logger.DEBUG: checking QuickCommerce\Adapter\OC2\Service\Oc2OrderService [] []
[2017-07-25 17:46:49] pos_logger.DEBUG: class found [] []
[2017-07-25 17:47:51] pos_logger.DEBUG: checking QuickCommerce\Adapter\OC2\Service\Oc2ReferenceDataService [] []
[2017-07-25 17:47:51] pos_logger.DEBUG: class found [] []
[2017-07-25 17:47:51] pos_logger.DEBUG: checking QuickCommerce\Adapter\OC2\Service\Oc2SettingsService [] []
[2017-07-25 17:47:51] pos_logger.DEBUG: class found [] []
[2017-07-25 17:47:52] pos_logger.DEBUG: checking QuickCommerce\Adapter\OC2\Service\Oc2OrderService [] []
[2017-07-25 17:47:52] pos_logger.DEBUG: class found [] []
[2017-07-25 17:50:37] pos_logger.DEBUG: checking QuickCommerce\Adapter\OC2\Service\Oc2ReferenceDataService [] []
[2017-07-25 17:50:37] pos_logger.DEBUG: class found [] []
[2017-07-25 17:50:37] pos_logger.DEBUG: checking QuickCommerce\Adapter\OC2\Service\Oc2SettingsService [] []
[2017-07-25 17:50:37] pos_logger.DEBUG: class found [] []
[2017-07-25 17:50:38] pos_logger.DEBUG: checking QuickCommerce\Adapter\OC2\Service\Oc2OrderService [] []
[2017-07-25 17:50:38] pos_logger.DEBUG: class found [] []
[2017-07-25 17:51:03] pos_logger.DEBUG: checking QuickCommerce\Adapter\OC2\Service\Oc2ReferenceDataService [] []
[2017-07-25 17:51:03] pos_logger.DEBUG: class found [] []
[2017-07-25 17:51:03] pos_logger.DEBUG: checking QuickCommerce\Adapter\OC2\Service\Oc2SettingsService [] []
[2017-07-25 17:51:03] pos_logger.DEBUG: class found [] []
[2017-07-25 17:51:03] pos_logger.DEBUG: checking QuickCommerce\Adapter\OC2\Service\Oc2OrderService [] []
[2017-07-25 17:51:03] pos_logger.DEBUG: class found [] []
[2017-07-25 17:51:40] pos_logger.DEBUG: checking QuickCommerce\Adapter\OC2\Service\Oc2ReferenceDataService [] []
[2017-07-25 17:51:40] pos_logger.DEBUG: class found [] []
[2017-07-25 17:51:40] pos_logger.DEBUG: checking QuickCommerce\Adapter\OC2\Service\Oc2SettingsService [] []
[2017-07-25 17:51:40] pos_logger.DEBUG: class found [] []
[2017-07-25 17:51:40] pos_logger.DEBUG: checking QuickCommerce\Adapter\OC2\Service\Oc2OrderService [] []
[2017-07-25 17:51:40] pos_logger.DEBUG: class found [] []
[2017-07-25 17:54:40] pos_logger.DEBUG: checking QuickCommerce\Adapter\OC2\Service\Oc2ReferenceDataService [] []
[2017-07-25 17:54:40] pos_logger.DEBUG: class found [] []
[2017-07-25 17:54:40] pos_logger.DEBUG: checking QuickCommerce\Adapter\OC2\Service\Oc2SettingsService [] []
[2017-07-25 17:54:40] pos_logger.DEBUG: class found [] []
[2017-07-25 17:54:40] pos_logger.DEBUG: checking QuickCommerce\Adapter\OC2\Service\Oc2OrderService [] []
[2017-07-25 17:54:40] pos_logger.DEBUG: class found [] []
[2017-07-25 18:05:09] pos_logger.DEBUG: checking QuickCommerce\Adapter\OC2\Service\Oc2ReferenceDataService [] []
[2017-07-25 18:05:09] pos_logger.DEBUG: class found [] []
[2017-07-25 18:05:09] pos_logger.DEBUG: checking QuickCommerce\Adapter\OC2\Service\Oc2SettingsService [] []
[2017-07-25 18:05:09] pos_logger.DEBUG: class found [] []
[2017-07-25 18:05:11] pos_logger.DEBUG: checking QuickCommerce\Adapter\OC2\Service\Oc2OrderService [] []
[2017-07-25 18:05:11] pos_logger.DEBUG: class found [] []
[2017-07-25 18:18:13] pos_logger.DEBUG: checking QuickCommerce\Adapter\OC2\Service\Oc2ReferenceDataService [] []
[2017-07-25 18:18:13] pos_logger.DEBUG: class found [] []
[2017-07-25 18:18:13] pos_logger.DEBUG: checking QuickCommerce\Adapter\OC2\Service\Oc2SettingsService [] []
[2017-07-25 18:18:13] pos_logger.DEBUG: class found [] []
[2017-07-25 18:18:15] pos_logger.DEBUG: checking QuickCommerce\Adapter\OC2\Service\Oc2ReferenceDataService [] []
[2017-07-25 18:18:15] pos_logger.DEBUG: class found [] []
[2017-07-25 18:18:16] pos_logger.DEBUG: checking QuickCommerce\Adapter\OC2\Service\Oc2SettingsService [] []
[2017-07-25 18:18:16] pos_logger.DEBUG: class found [] []
[2017-07-25 18:18:23] pos_logger.DEBUG: checking QuickCommerce\Adapter\OC2\Service\Oc2OrderService [] []
[2017-07-25 18:18:23] pos_logger.DEBUG: class found [] []
[2017-07-25 18:20:46] pos_logger.DEBUG: checking QuickCommerce\Adapter\OC2\Service\Oc2ReferenceDataService [] []
[2017-07-25 18:20:46] pos_logger.DEBUG: class found [] []
[2017-07-25 18:20:47] pos_logger.DEBUG: checking QuickCommerce\Adapter\OC2\Service\Oc2SettingsService [] []
[2017-07-25 18:20:47] pos_logger.DEBUG: class found [] []
[2017-07-25 18:20:47] pos_logger.DEBUG: checking QuickCommerce\Adapter\OC2\Service\Oc2OrderService [] []
[2017-07-25 18:20:47] pos_logger.DEBUG: class found [] []
[2017-07-25 18:22:31] pos_logger.DEBUG: checking QuickCommerce\Adapter\OC2\Service\Oc2ReferenceDataService [] []
[2017-07-25 18:22:31] pos_logger.DEBUG: class found [] []
[2017-07-25 18:22:31] pos_logger.DEBUG: checking QuickCommerce\Adapter\OC2\Service\Oc2SettingsService [] []
[2017-07-25 18:22:31] pos_logger.DEBUG: class found [] []
[2017-07-25 18:22:34] pos_logger.DEBUG: checking QuickCommerce\Adapter\OC2\Service\Oc2OrderService [] []
[2017-07-25 18:22:34] pos_logger.DEBUG: class found [] []
[2017-07-25 18:23:02] pos_logger.DEBUG: checking QuickCommerce\Adapter\OC2\Service\Oc2ReferenceDataService [] []
[2017-07-25 18:23:02] pos_logger.DEBUG: class found [] []
[2017-07-25 18:23:02] pos_logger.DEBUG: checking QuickCommerce\Adapter\OC2\Service\Oc2SettingsService [] []
[2017-07-25 18:23:02] pos_logger.DEBUG: class found [] []
[2017-07-25 18:23:02] pos_logger.DEBUG: checking QuickCommerce\Adapter\OC2\Service\Oc2OrderService [] []
[2017-07-25 18:23:02] pos_logger.DEBUG: class found [] []
[2017-07-25 18:50:28] pos_logger.DEBUG: checking QuickCommerce\Adapter\OC2\Service\Oc2ReferenceDataService [] []
[2017-07-25 18:50:28] pos_logger.DEBUG: class found [] []
[2017-07-25 18:50:29] pos_logger.DEBUG: checking QuickCommerce\Adapter\OC2\Service\Oc2SettingsService [] []
[2017-07-25 18:50:29] pos_logger.DEBUG: class found [] []
[2017-07-25 18:50:29] pos_logger.DEBUG: checking QuickCommerce\Adapter\OC2\Service\Oc2OrderService [] []
[2017-07-25 18:50:29] pos_logger.DEBUG: class found [] []
[2017-07-25 18:51:13] pos_logger.DEBUG: checking QuickCommerce\Adapter\OC2\Service\Oc2ReferenceDataService [] []
[2017-07-25 18:51:13] pos_logger.DEBUG: class found [] []
[2017-07-25 18:51:13] pos_logger.DEBUG: checking QuickCommerce\Adapter\OC2\Service\Oc2SettingsService [] []
[2017-07-25 18:51:13] pos_logger.DEBUG: class found [] []
[2017-07-25 18:51:14] pos_logger.DEBUG: checking QuickCommerce\Adapter\OC2\Service\Oc2OrderService [] []
[2017-07-25 18:51:14] pos_logger.DEBUG: class found [] []
[2017-07-25 18:52:23] pos_logger.DEBUG: checking QuickCommerce\Adapter\OC2\Service\Oc2ReferenceDataService [] []
[2017-07-25 18:52:23] pos_logger.DEBUG: class found [] []
[2017-07-25 18:52:23] pos_logger.DEBUG: checking QuickCommerce\Adapter\OC2\Service\Oc2SettingsService [] []
[2017-07-25 18:52:23] pos_logger.DEBUG: class found [] []
[2017-07-25 18:52:24] pos_logger.DEBUG: checking QuickCommerce\Adapter\OC2\Service\Oc2OrderService [] []
[2017-07-25 18:52:24] pos_logger.DEBUG: class found [] []
[2017-07-25 19:18:55] pos_logger.DEBUG: checking QuickCommerce\Adapter\OC2\Service\Oc2ReferenceDataService [] []
[2017-07-25 19:18:55] pos_logger.DEBUG: class found [] []
[2017-07-25 19:18:55] pos_logger.DEBUG: checking QuickCommerce\Adapter\OC2\Service\Oc2SettingsService [] []
[2017-07-25 19:18:55] pos_logger.DEBUG: class found [] []
[2017-07-25 19:18:56] pos_logger.DEBUG: checking QuickCommerce\Adapter\OC2\Service\Oc2OrderService [] []
[2017-07-25 19:18:56] pos_logger.DEBUG: class found [] []
[2017-07-25 19:19:45] pos_logger.DEBUG: checking QuickCommerce\Adapter\OC2\Service\Oc2ReferenceDataService [] []
[2017-07-25 19:19:45] pos_logger.DEBUG: class found [] []
[2017-07-25 19:19:46] pos_logger.DEBUG: checking QuickCommerce\Adapter\OC2\Service\Oc2SettingsService [] []
[2017-07-25 19:19:46] pos_logger.DEBUG: class found [] []
[2017-07-25 19:19:47] pos_logger.DEBUG: checking QuickCommerce\Adapter\OC2\Service\Oc2OrderService [] []
[2017-07-25 19:19:47] pos_logger.DEBUG: class found [] []
[2017-07-25 19:38:29] pos_logger.DEBUG: checking QuickCommerce\Adapter\OC2\Service\Oc2ReferenceDataService [] []
[2017-07-25 19:38:29] pos_logger.DEBUG: class found [] []
[2017-07-25 19:38:29] pos_logger.DEBUG: checking QuickCommerce\Adapter\OC2\Service\Oc2SettingsService [] []
[2017-07-25 19:38:29] pos_logger.DEBUG: class found [] []
[2017-07-25 19:38:30] pos_logger.DEBUG: checking QuickCommerce\Adapter\OC2\Service\Oc2OrderService [] []
[2017-07-25 19:38:30] pos_logger.DEBUG: class found [] []
[2017-07-25 19:39:05] pos_logger.DEBUG: checking QuickCommerce\Adapter\OC2\Service\Oc2ReferenceDataService [] []
[2017-07-25 19:39:05] pos_logger.DEBUG: class found [] []
[2017-07-25 19:39:05] pos_logger.DEBUG: checking QuickCommerce\Adapter\OC2\Service\Oc2SettingsService [] []
[2017-07-25 19:39:05] pos_logger.DEBUG: class found [] []
[2017-07-25 19:39:06] pos_logger.DEBUG: checking QuickCommerce\Adapter\OC2\Service\Oc2OrderService [] []
[2017-07-25 19:39:06] pos_logger.DEBUG: class found [] []
[2017-07-25 20:33:30] pos_logger.DEBUG: checking QuickCommerce\Adapter\OC2\Service\Oc2ReferenceDataService [] []
[2017-07-25 20:33:30] pos_logger.DEBUG: class found [] []
[2017-07-25 20:33:30] pos_logger.DEBUG: checking QuickCommerce\Adapter\OC2\Service\Oc2SettingsService [] []
[2017-07-25 20:33:30] pos_logger.DEBUG: class found [] []
[2017-07-25 20:33:31] pos_logger.DEBUG: checking QuickCommerce\Adapter\OC2\Service\Oc2OrderService [] []
[2017-07-25 20:33:31] pos_logger.DEBUG: class found [] []
[2017-07-25 21:52:14] pos_logger.DEBUG: checking QuickCommerce\Adapter\OC2\Service\Oc2ReferenceDataService [] []
[2017-07-25 21:52:14] pos_logger.DEBUG: class found [] []
[2017-07-25 21:52:14] pos_logger.DEBUG: checking QuickCommerce\Adapter\OC2\Service\Oc2SettingsService [] []
[2017-07-25 21:52:14] pos_logger.DEBUG: class found [] []
[2017-07-25 21:52:14] pos_logger.DEBUG: checking QuickCommerce\Adapter\OC2\Service\Oc2OrderService [] []
[2017-07-25 21:52:14] pos_logger.DEBUG: class found [] []
[2017-07-25 22:35:36] pos_logger.DEBUG: checking QuickCommerce\Adapter\OC2\Service\Oc2ReferenceDataService [] []
[2017-07-25 22:35:36] pos_logger.DEBUG: class found [] []
[2017-07-25 22:35:37] pos_logger.DEBUG: checking QuickCommerce\Adapter\OC2\Service\Oc2SettingsService [] []
[2017-07-25 22:35:37] pos_logger.DEBUG: class found [] []
[2017-07-25 22:35:37] pos_logger.DEBUG: checking QuickCommerce\Adapter\OC2\Service\Oc2OrderService [] []
[2017-07-25 22:35:37] pos_logger.DEBUG: class found [] []
[2017-07-25 22:36:41] pos_logger.DEBUG: checking QuickCommerce\Adapter\OC2\Service\Oc2OrderService [] []
[2017-07-25 22:36:41] pos_logger.DEBUG: class found [] []
[2017-07-25 22:36:41] pos_logger.DEBUG: checking QuickCommerce\Adapter\OC2\Service\Oc2OrderService [] []
[2017-07-25 22:36:41] pos_logger.DEBUG: class found [] []
[2017-07-25 22:37:12] pos_logger.DEBUG: checking QuickCommerce\Adapter\OC2\Service\Oc2OrderService [] []
[2017-07-25 22:37:12] pos_logger.DEBUG: class found [] []
[2017-07-25 22:37:12] pos_logger.DEBUG: updating quantity with change 0 for productId  and productOptionValueIds Array ( )  [] []
[2017-07-25 22:37:12] pos_logger.DEBUG: checking QuickCommerce\Adapter\OC2\Service\Oc2OrderService [] []
[2017-07-25 22:37:12] pos_logger.DEBUG: class found [] []
[2017-07-25 22:49:27] pos_logger.DEBUG: checking QuickCommerce\Adapter\OC2\Service\Oc2ReferenceDataService [] []
[2017-07-25 22:49:27] pos_logger.DEBUG: class found [] []
[2017-07-25 22:49:27] pos_logger.DEBUG: checking QuickCommerce\Adapter\OC2\Service\Oc2SettingsService [] []
[2017-07-25 22:49:27] pos_logger.DEBUG: class found [] []
[2017-07-25 22:49:29] pos_logger.DEBUG: checking QuickCommerce\Adapter\OC2\Service\Oc2OrderService [] []
[2017-07-25 22:49:29] pos_logger.DEBUG: class found [] []
[2017-07-25 23:32:30] pos_logger.DEBUG: checking QuickCommerce\Adapter\OC2\Service\Oc2ReferenceDataService [] []
[2017-07-25 23:32:30] pos_logger.DEBUG: class found [] []
[2017-07-25 23:32:31] pos_logger.DEBUG: checking QuickCommerce\Adapter\OC2\Service\Oc2SettingsService [] []
[2017-07-25 23:32:31] pos_logger.DEBUG: class found [] []
[2017-07-25 23:32:33] pos_logger.DEBUG: checking QuickCommerce\Adapter\OC2\Service\Oc2ReferenceDataService [] []
[2017-07-25 23:32:33] pos_logger.DEBUG: class found [] []
[2017-07-25 23:32:33] pos_logger.DEBUG: checking QuickCommerce\Adapter\OC2\Service\Oc2SettingsService [] []
[2017-07-25 23:32:33] pos_logger.DEBUG: class found [] []
[2017-07-25 23:32:34] pos_logger.DEBUG: checking QuickCommerce\Adapter\OC2\Service\Oc2OrderService [] []
[2017-07-25 23:32:34] pos_logger.DEBUG: class found [] []
