[2017-07-05 00:05:56] pos_logger.DEBUG: checking QuickCommerce\Adapter\OC2\Service\Oc2OrderService [] []
[2017-07-05 00:05:56] pos_logger.DEBUG: class found [] []
[2017-07-05 00:05:57] pos_logger.DEBUG: checking QuickCommerce\Adapter\OC2\Service\Oc2OrderService [] []
[2017-07-05 00:05:57] pos_logger.DEBUG: class found [] []
[2017-07-05 00:05:59] pos_logger.DEBUG: checking QuickCommerce\Adapter\OC2\Service\Oc2OrderService [] []
[2017-07-05 00:05:59] pos_logger.DEBUG: class found [] []
[2017-07-05 00:06:00] pos_logger.DEBUG: checking QuickCommerce\Adapter\OC2\Service\Oc2OrderService [] []
[2017-07-05 00:06:00] pos_logger.DEBUG: class found [] []
[2017-07-05 00:06:02] pos_logger.DEBUG: checking QuickCommerce\Adapter\OC2\Service\Oc2OrderService [] []
[2017-07-05 00:06:02] pos_logger.DEBUG: class found [] []
[2017-07-05 00:06:02] pos_logger.DEBUG: checking QuickCommerce\Adapter\OC2\Service\Oc2OrderService [] []
[2017-07-05 00:06:02] pos_logger.DEBUG: class found [] []
[2017-07-05 00:06:05] pos_logger.DEBUG: checking QuickCommerce\Adapter\OC2\Service\Oc2OrderService [] []
[2017-07-05 00:06:05] pos_logger.DEBUG: class found [] []
[2017-07-05 00:06:05] pos_logger.DEBUG: updating quantity with change 1 for productId  and productOptionValueIds Array ( )  [] []
[2017-07-05 00:06:06] pos_logger.DEBUG: checking QuickCommerce\Adapter\OC2\Service\Oc2OrderService [] []
[2017-07-05 00:06:06] pos_logger.DEBUG: class found [] []
[2017-07-05 12:48:01] pos_logger.DEBUG: checking QuickCommerce\Adapter\OC2\Service\Oc2OrderService [] []
[2017-07-05 12:48:01] pos_logger.DEBUG: class found [] []
[2017-07-05 12:48:02] pos_logger.DEBUG: checking QuickCommerce\Adapter\OC2\Service\Oc2OrderService [] []
[2017-07-05 12:48:02] pos_logger.DEBUG: class found [] []
[2017-07-05 12:48:02] pos_logger.DEBUG: An order cannot be created using give data QuickCommerce\Model\View\PosOrderAction Object (     [action:protected] =>      [orderProductId:protected] =>      [orderProduct:protected] =>      [productId:protected] =>      [orderOptions:protected] => Array         (         )      [orderTaxRates:protected] => Array         (         )      [defaultSettings:protected] => Array         (         )      [quantityBefore:protected] =>      [quantityAfter:protected] =>      [shipping:protected] =>  )  [] []
[2017-07-05 12:48:02] pos_logger.DEBUG: #0 /home/acecoffee/quickcommerce/vendor/quickcommerce/src/Adapter/Opencart2x/Service/Oc2OrderService.php(154): QuickCommerce\API\Exception\APIException::orderCannotBeCreated(Object(QuickCommerce\Model\View\PosOrderAction)) #1 /home/acecoffee/quickcommerce/vendor/quickcommerce/src/Adapter/Opencart2x/Service/Oc2OrderService.php(113): QuickCommerce\Adapter\OC2\Service\Oc2OrderService->createOrder(Object(Doctrine\ORM\EntityManager), Object(QuickCommerce\Model\View\PosOrderAction)) #2 /home/acecoffee/quickcommerce/vendor/quickcommerce/src/API/Service/AbstractOrderService.php(55): QuickCommerce\Adapter\OC2\Service\Oc2OrderService->modifyOrder('0', Object(QuickCommerce\Model\View\PosOrderAction)) #3 /home/acecoffee/quickcommerce/vendor/quickcommerce/src/API/Application.php(221): QuickCommerce\API\Service\AbstractOrderService->patch(Array, '0', NULL) #4 /home/acecoffee/quickcommerce/upload/qcapi/index.php(123): QuickCommerce\API\Application->partialUpdate('order', Array, '0') #5 [internal function]: Closure->{closure}(Object(Slim\Http\Request), Object(Slim\Http\Response), Array) #6 /home/acecoffee/quickcommerce/vendor/slim/slim/Slim/Handlers/Strategies/RequestResponse.php(41): call_user_func(Object(Closure), Object(Slim\Http\Request), Object(Slim\Http\Response), Array) #7 /home/acecoffee/quickcommerce/vendor/slim/slim/Slim/Route.php(344): Slim\Handlers\Strategies\RequestResponse->__invoke(Object(Closure), Object(Slim\Http\Request), Object(Slim\Http\Response), Array) #8 /home/acecoffee/quickcommerce/vendor/slim/slim/Slim/MiddlewareAwareTrait.php(122): Slim\Route->__invoke(Object(Slim\Http\Request), Object(Slim\Http\Response)) #9 /home/acecoffee/quickcommerce/vendor/slim/slim/Slim/Route.php(316): Slim\Route->callMiddlewareStack(Object(Slim\Http\Request), Object(Slim\Http\Response)) #10 /home/acecoffee/quickcommerce/vendor/slim/slim/Slim/App.php(476): Slim\Route->run(Object(Slim\Http\Request), Object(Slim\Http\Response)) #11 /home/acecoffee/quickcommerce/vendor/slim/slim/Slim/MiddlewareAwareTrait.php(122): Slim\App->__invoke(Object(Slim\Http\Request), Object(Slim\Http\Response)) #12 /home/acecoffee/quickcommerce/vendor/slim/slim/Slim/App.php(370): Slim\App->callMiddlewareStack(Object(Slim\Http\Request), Object(Slim\Http\Response)) #13 /home/acecoffee/quickcommerce/vendor/slim/slim/Slim/App.php(295): Slim\App->process(Object(Slim\Http\Request), Object(Slim\Http\Response)) #14 /home/acecoffee/quickcommerce/upload/qcapi/index.php(214): Slim\App->run() #15 {main} [] []
[2017-07-05 12:48:02] pos_logger.DEBUG: checking QuickCommerce\Adapter\OC2\Service\Oc2OrderService [] []
[2017-07-05 12:48:02] pos_logger.DEBUG: class found [] []
[2017-07-05 12:48:02] pos_logger.DEBUG: checking QuickCommerce\Adapter\OC2\Service\Oc2OrderService [] []
[2017-07-05 12:48:02] pos_logger.DEBUG: class found [] []
[2017-07-05 18:04:17] pos_logger.DEBUG: checking QuickCommerce\Adapter\OC2\Service\Oc2ReferenceDataService [] []
[2017-07-05 18:04:17] pos_logger.DEBUG: class found [] []
[2017-07-05 18:04:17] pos_logger.DEBUG: checking QuickCommerce\Adapter\OC2\Service\Oc2SettingsService [] []
[2017-07-05 18:04:17] pos_logger.DEBUG: class found [] []
[2017-07-05 18:04:18] pos_logger.DEBUG: checking QuickCommerce\Adapter\OC2\Service\Oc2OrderService [] []
[2017-07-05 18:04:18] pos_logger.DEBUG: class found [] []
[2017-07-05 18:04:34] pos_logger.DEBUG: checking QuickCommerce\Adapter\OC2\Service\Oc2OrderService [] []
[2017-07-05 18:04:34] pos_logger.DEBUG: class found [] []
[2017-07-05 18:04:35] pos_logger.DEBUG: checking QuickCommerce\Adapter\OC2\Service\Oc2OrderService [] []
[2017-07-05 18:04:35] pos_logger.DEBUG: class found [] []
[2017-07-05 18:04:46] pos_logger.DEBUG: checking QuickCommerce\Adapter\OC2\Service\Oc2OrderService [] []
[2017-07-05 18:04:46] pos_logger.DEBUG: class found [] []
[2017-07-05 18:04:46] pos_logger.DEBUG: checking QuickCommerce\Adapter\OC2\Service\Oc2OrderService [] []
[2017-07-05 18:04:46] pos_logger.DEBUG: class found [] []
[2017-07-05 18:04:50] pos_logger.DEBUG: checking QuickCommerce\Adapter\OC2\Service\Oc2OrderService [] []
[2017-07-05 18:04:50] pos_logger.DEBUG: class found [] []
[2017-07-05 18:04:50] pos_logger.DEBUG: updating quantity with change 0 for productId  and productOptionValueIds Array ( )  [] []
[2017-07-05 18:04:50] pos_logger.DEBUG: checking QuickCommerce\Adapter\OC2\Service\Oc2OrderService [] []
[2017-07-05 18:04:50] pos_logger.DEBUG: class found [] []
[2017-07-05 18:04:51] pos_logger.DEBUG: checking QuickCommerce\Adapter\OC2\Service\Oc2OrderService [] []
[2017-07-05 18:04:51] pos_logger.DEBUG: class found [] []
[2017-07-05 18:04:51] pos_logger.DEBUG: updating quantity with change 0 for productId  and productOptionValueIds Array ( )  [] []
[2017-07-05 18:04:52] pos_logger.DEBUG: checking QuickCommerce\Adapter\OC2\Service\Oc2OrderService [] []
[2017-07-05 18:04:52] pos_logger.DEBUG: class found [] []
